[0.113s] DEBUG:colcon:Command line arguments: ['/usr/bin/colcon', 'list', '-p', '--base-paths', '/home/tal/TB3_PC_WS']
[0.113s] DEBUG:colcon:Parsed command line arguments: Namespace(log_base=None, log_level=None, verb_name='list', build_base='build', ignore_user_meta=False, metas=['./colcon.meta'], base_paths=['/home/tal/TB3_PC_WS'], packages_ignore=None, packages_ignore_regex=None, paths=None, packages_up_to=None, packages_up_to_regex=None, packages_above=None, packages_above_and_dependencies=None, packages_above_depth=None, packages_select_by_dep=None, packages_skip_by_dep=None, packages_skip_up_to=None, packages_select_build_failed=False, packages_skip_build_finished=False, packages_select_test_failures=False, packages_skip_test_passed=False, packages_select=None, packages_skip=None, packages_select_regex=None, packages_skip_regex=None, packages_start=None, packages_end=None, allow_overriding=[], topological_order=False, names_only=False, paths_only=True, topological_graph=False, topological_graph_dot=False, topological_graph_density=False, topological_graph_legend=False, topological_graph_dot_cluster=False, topological_graph_dot_include_skipped=False, verb_parser=<colcon_defaults.argument_parser.defaults.DefaultArgumentsDecorator object at 0x7a956cef0e20>, verb_extension=<colcon_package_information.verb.list.ListVerb object at 0x7a956cef0190>, main=<bound method ListVerb.main of <colcon_package_information.verb.list.ListVerb object at 0x7a956cef0190>>)
[0.501s] Level 1:colcon.colcon_core.package_discovery:discover_packages(colcon_meta) check parameters
[0.501s] Level 1:colcon.colcon_core.package_discovery:discover_packages(recursive) check parameters
[0.501s] Level 1:colcon.colcon_core.package_discovery:discover_packages(ignore) check parameters
[0.501s] Level 1:colcon.colcon_core.package_discovery:discover_packages(path) check parameters
[0.501s] Level 1:colcon.colcon_core.package_discovery:discover_packages(recursive) discover
[0.501s] INFO:colcon.colcon_core.package_discovery:Crawling recursively for packages in '/home/tal/TB3_PC_WS'
[0.501s] Level 1:colcon.colcon_core.package_identification:_identify(/home/tal/TB3_PC_WS) by extensions ['ignore', 'ignore_ament_install']
[0.501s] Level 1:colcon.colcon_core.package_identification:_identify(/home/tal/TB3_PC_WS) by extension 'ignore'
[0.501s] Level 1:colcon.colcon_core.package_identification:_identify(/home/tal/TB3_PC_WS) by extension 'ignore_ament_install'
[0.501s] Level 1:colcon.colcon_core.package_identification:_identify(/home/tal/TB3_PC_WS) by extensions ['colcon_pkg']
[0.501s] Level 1:colcon.colcon_core.package_identification:_identify(/home/tal/TB3_PC_WS) by extension 'colcon_pkg'
[0.501s] Level 1:colcon.colcon_core.package_identification:_identify(/home/tal/TB3_PC_WS) by extensions ['colcon_meta']
[0.501s] Level 1:colcon.colcon_core.package_identification:_identify(/home/tal/TB3_PC_WS) by extension 'colcon_meta'
[0.501s] Level 1:colcon.colcon_core.package_identification:_identify(/home/tal/TB3_PC_WS) by extensions ['ros']
[0.501s] Level 1:colcon.colcon_core.package_identification:_identify(/home/tal/TB3_PC_WS) by extension 'ros'
[0.509s] Level 1:colcon.colcon_core.package_identification:_identify(/home/tal/TB3_PC_WS) by extensions ['cmake', 'python']
[0.509s] Level 1:colcon.colcon_core.package_identification:_identify(/home/tal/TB3_PC_WS) by extension 'cmake'
[0.509s] Level 1:colcon.colcon_core.package_identification:_identify(/home/tal/TB3_PC_WS) by extension 'python'
[0.509s] Level 1:colcon.colcon_core.package_identification:_identify(/home/tal/TB3_PC_WS) by extensions ['python_setup_py']
[0.509s] Level 1:colcon.colcon_core.package_identification:_identify(/home/tal/TB3_PC_WS) by extension 'python_setup_py'
[0.509s] Level 1:colcon.colcon_core.package_identification:_identify(/home/tal/TB3_PC_WS/build) by extensions ['ignore', 'ignore_ament_install']
[0.509s] Level 1:colcon.colcon_core.package_identification:_identify(/home/tal/TB3_PC_WS/build) by extension 'ignore'
[0.509s] Level 1:colcon.colcon_core.package_identification:_identify(/home/tal/TB3_PC_WS/build) ignored
[0.509s] Level 1:colcon.colcon_core.package_identification:_identify(/home/tal/TB3_PC_WS/install) by extensions ['ignore', 'ignore_ament_install']
[0.509s] Level 1:colcon.colcon_core.package_identification:_identify(/home/tal/TB3_PC_WS/install) by extension 'ignore'
[0.509s] Level 1:colcon.colcon_core.package_identification:_identify(/home/tal/TB3_PC_WS/install) ignored
[0.509s] Level 1:colcon.colcon_core.package_identification:_identify(/home/tal/TB3_PC_WS/log) by extensions ['ignore', 'ignore_ament_install']
[0.509s] Level 1:colcon.colcon_core.package_identification:_identify(/home/tal/TB3_PC_WS/log) by extension 'ignore'
[0.509s] Level 1:colcon.colcon_core.package_identification:_identify(/home/tal/TB3_PC_WS/log) ignored
[0.509s] Level 1:colcon.colcon_core.package_identification:_identify(/home/tal/TB3_PC_WS/src) by extensions ['ignore', 'ignore_ament_install']
[0.510s] Level 1:colcon.colcon_core.package_identification:_identify(/home/tal/TB3_PC_WS/src) by extension 'ignore'
[0.510s] Level 1:colcon.colcon_core.package_identification:_identify(/home/tal/TB3_PC_WS/src) by extension 'ignore_ament_install'
[0.510s] Level 1:colcon.colcon_core.package_identification:_identify(/home/tal/TB3_PC_WS/src) by extensions ['colcon_pkg']
[0.510s] Level 1:colcon.colcon_core.package_identification:_identify(/home/tal/TB3_PC_WS/src) by extension 'colcon_pkg'
[0.510s] Level 1:colcon.colcon_core.package_identification:_identify(/home/tal/TB3_PC_WS/src) by extensions ['colcon_meta']
[0.510s] Level 1:colcon.colcon_core.package_identification:_identify(/home/tal/TB3_PC_WS/src) by extension 'colcon_meta'
[0.510s] Level 1:colcon.colcon_core.package_identification:_identify(/home/tal/TB3_PC_WS/src) by extensions ['ros']
[0.510s] Level 1:colcon.colcon_core.package_identification:_identify(/home/tal/TB3_PC_WS/src) by extension 'ros'
[0.510s] Level 1:colcon.colcon_core.package_identification:_identify(/home/tal/TB3_PC_WS/src) by extensions ['cmake', 'python']
[0.510s] Level 1:colcon.colcon_core.package_identification:_identify(/home/tal/TB3_PC_WS/src) by extension 'cmake'
[0.510s] Level 1:colcon.colcon_core.package_identification:_identify(/home/tal/TB3_PC_WS/src) by extension 'python'
[0.510s] Level 1:colcon.colcon_core.package_identification:_identify(/home/tal/TB3_PC_WS/src) by extensions ['python_setup_py']
[0.510s] Level 1:colcon.colcon_core.package_identification:_identify(/home/tal/TB3_PC_WS/src) by extension 'python_setup_py'
[0.510s] Level 1:colcon.colcon_core.package_identification:_identify(/home/tal/TB3_PC_WS/src/image_transport_plugins) by extensions ['ignore', 'ignore_ament_install']
[0.510s] Level 1:colcon.colcon_core.package_identification:_identify(/home/tal/TB3_PC_WS/src/image_transport_plugins) by extension 'ignore'
[0.510s] Level 1:colcon.colcon_core.package_identification:_identify(/home/tal/TB3_PC_WS/src/image_transport_plugins) by extension 'ignore_ament_install'
[0.510s] Level 1:colcon.colcon_core.package_identification:_identify(/home/tal/TB3_PC_WS/src/image_transport_plugins) by extensions ['colcon_pkg']
[0.510s] Level 1:colcon.colcon_core.package_identification:_identify(/home/tal/TB3_PC_WS/src/image_transport_plugins) by extension 'colcon_pkg'
[0.510s] Level 1:colcon.colcon_core.package_identification:_identify(/home/tal/TB3_PC_WS/src/image_transport_plugins) by extensions ['colcon_meta']
[0.510s] Level 1:colcon.colcon_core.package_identification:_identify(/home/tal/TB3_PC_WS/src/image_transport_plugins) by extension 'colcon_meta'
[0.510s] Level 1:colcon.colcon_core.package_identification:_identify(/home/tal/TB3_PC_WS/src/image_transport_plugins) by extensions ['ros']
[0.510s] Level 1:colcon.colcon_core.package_identification:_identify(/home/tal/TB3_PC_WS/src/image_transport_plugins) by extension 'ros'
[0.510s] Level 1:colcon.colcon_core.package_identification:_identify(/home/tal/TB3_PC_WS/src/image_transport_plugins) by extensions ['cmake', 'python']
[0.510s] Level 1:colcon.colcon_core.package_identification:_identify(/home/tal/TB3_PC_WS/src/image_transport_plugins) by extension 'cmake'
[0.510s] Level 1:colcon.colcon_core.package_identification:_identify(/home/tal/TB3_PC_WS/src/image_transport_plugins) by extension 'python'
[0.510s] Level 1:colcon.colcon_core.package_identification:_identify(/home/tal/TB3_PC_WS/src/image_transport_plugins) by extensions ['python_setup_py']
[0.510s] Level 1:colcon.colcon_core.package_identification:_identify(/home/tal/TB3_PC_WS/src/image_transport_plugins) by extension 'python_setup_py'
[0.510s] Level 1:colcon.colcon_core.package_identification:_identify(/home/tal/TB3_PC_WS/src/image_transport_plugins/compressed_depth_image_transport) by extensions ['ignore', 'ignore_ament_install']
[0.510s] Level 1:colcon.colcon_core.package_identification:_identify(/home/tal/TB3_PC_WS/src/image_transport_plugins/compressed_depth_image_transport) by extension 'ignore'
[0.510s] Level 1:colcon.colcon_core.package_identification:_identify(/home/tal/TB3_PC_WS/src/image_transport_plugins/compressed_depth_image_transport) by extension 'ignore_ament_install'
[0.511s] Level 1:colcon.colcon_core.package_identification:_identify(/home/tal/TB3_PC_WS/src/image_transport_plugins/compressed_depth_image_transport) by extensions ['colcon_pkg']
[0.511s] Level 1:colcon.colcon_core.package_identification:_identify(/home/tal/TB3_PC_WS/src/image_transport_plugins/compressed_depth_image_transport) by extension 'colcon_pkg'
[0.511s] Level 1:colcon.colcon_core.package_identification:_identify(/home/tal/TB3_PC_WS/src/image_transport_plugins/compressed_depth_image_transport) by extensions ['colcon_meta']
[0.511s] Level 1:colcon.colcon_core.package_identification:_identify(/home/tal/TB3_PC_WS/src/image_transport_plugins/compressed_depth_image_transport) by extension 'colcon_meta'
[0.511s] Level 1:colcon.colcon_core.package_identification:_identify(/home/tal/TB3_PC_WS/src/image_transport_plugins/compressed_depth_image_transport) by extensions ['ros']
[0.511s] Level 1:colcon.colcon_core.package_identification:_identify(/home/tal/TB3_PC_WS/src/image_transport_plugins/compressed_depth_image_transport) by extension 'ros'
[0.512s] DEBUG:colcon.colcon_core.package_identification:Package '/home/tal/TB3_PC_WS/src/image_transport_plugins/compressed_depth_image_transport' with type 'ros.ament_cmake' and name 'compressed_depth_image_transport'
[0.512s] Level 1:colcon.colcon_core.package_identification:_identify(/home/tal/TB3_PC_WS/src/image_transport_plugins/compressed_image_transport) by extensions ['ignore', 'ignore_ament_install']
[0.512s] Level 1:colcon.colcon_core.package_identification:_identify(/home/tal/TB3_PC_WS/src/image_transport_plugins/compressed_image_transport) by extension 'ignore'
[0.512s] Level 1:colcon.colcon_core.package_identification:_identify(/home/tal/TB3_PC_WS/src/image_transport_plugins/compressed_image_transport) by extension 'ignore_ament_install'
[0.512s] Level 1:colcon.colcon_core.package_identification:_identify(/home/tal/TB3_PC_WS/src/image_transport_plugins/compressed_image_transport) by extensions ['colcon_pkg']
[0.512s] Level 1:colcon.colcon_core.package_identification:_identify(/home/tal/TB3_PC_WS/src/image_transport_plugins/compressed_image_transport) by extension 'colcon_pkg'
[0.512s] Level 1:colcon.colcon_core.package_identification:_identify(/home/tal/TB3_PC_WS/src/image_transport_plugins/compressed_image_transport) by extensions ['colcon_meta']
[0.512s] Level 1:colcon.colcon_core.package_identification:_identify(/home/tal/TB3_PC_WS/src/image_transport_plugins/compressed_image_transport) by extension 'colcon_meta'
[0.512s] Level 1:colcon.colcon_core.package_identification:_identify(/home/tal/TB3_PC_WS/src/image_transport_plugins/compressed_image_transport) by extensions ['ros']
[0.512s] Level 1:colcon.colcon_core.package_identification:_identify(/home/tal/TB3_PC_WS/src/image_transport_plugins/compressed_image_transport) by extension 'ros'
[0.513s] DEBUG:colcon.colcon_core.package_identification:Package '/home/tal/TB3_PC_WS/src/image_transport_plugins/compressed_image_transport' with type 'ros.ament_cmake' and name 'compressed_image_transport'
[0.513s] Level 1:colcon.colcon_core.package_identification:_identify(/home/tal/TB3_PC_WS/src/image_transport_plugins/image_transport_plugins) by extensions ['ignore', 'ignore_ament_install']
[0.513s] Level 1:colcon.colcon_core.package_identification:_identify(/home/tal/TB3_PC_WS/src/image_transport_plugins/image_transport_plugins) by extension 'ignore'
[0.513s] Level 1:colcon.colcon_core.package_identification:_identify(/home/tal/TB3_PC_WS/src/image_transport_plugins/image_transport_plugins) by extension 'ignore_ament_install'
[0.513s] Level 1:colcon.colcon_core.package_identification:_identify(/home/tal/TB3_PC_WS/src/image_transport_plugins/image_transport_plugins) by extensions ['colcon_pkg']
[0.513s] Level 1:colcon.colcon_core.package_identification:_identify(/home/tal/TB3_PC_WS/src/image_transport_plugins/image_transport_plugins) by extension 'colcon_pkg'
[0.513s] Level 1:colcon.colcon_core.package_identification:_identify(/home/tal/TB3_PC_WS/src/image_transport_plugins/image_transport_plugins) by extensions ['colcon_meta']
[0.513s] Level 1:colcon.colcon_core.package_identification:_identify(/home/tal/TB3_PC_WS/src/image_transport_plugins/image_transport_plugins) by extension 'colcon_meta'
[0.513s] Level 1:colcon.colcon_core.package_identification:_identify(/home/tal/TB3_PC_WS/src/image_transport_plugins/image_transport_plugins) by extensions ['ros']
[0.513s] Level 1:colcon.colcon_core.package_identification:_identify(/home/tal/TB3_PC_WS/src/image_transport_plugins/image_transport_plugins) by extension 'ros'
[0.513s] DEBUG:colcon.colcon_core.package_identification:Package '/home/tal/TB3_PC_WS/src/image_transport_plugins/image_transport_plugins' with type 'ros.ament_cmake' and name 'image_transport_plugins'
[0.513s] Level 1:colcon.colcon_core.package_identification:_identify(/home/tal/TB3_PC_WS/src/image_transport_plugins/theora_image_transport) by extensions ['ignore', 'ignore_ament_install']
[0.514s] Level 1:colcon.colcon_core.package_identification:_identify(/home/tal/TB3_PC_WS/src/image_transport_plugins/theora_image_transport) by extension 'ignore'
[0.514s] Level 1:colcon.colcon_core.package_identification:_identify(/home/tal/TB3_PC_WS/src/image_transport_plugins/theora_image_transport) by extension 'ignore_ament_install'
[0.514s] Level 1:colcon.colcon_core.package_identification:_identify(/home/tal/TB3_PC_WS/src/image_transport_plugins/theora_image_transport) by extensions ['colcon_pkg']
[0.514s] Level 1:colcon.colcon_core.package_identification:_identify(/home/tal/TB3_PC_WS/src/image_transport_plugins/theora_image_transport) by extension 'colcon_pkg'
[0.514s] Level 1:colcon.colcon_core.package_identification:_identify(/home/tal/TB3_PC_WS/src/image_transport_plugins/theora_image_transport) by extensions ['colcon_meta']
[0.514s] Level 1:colcon.colcon_core.package_identification:_identify(/home/tal/TB3_PC_WS/src/image_transport_plugins/theora_image_transport) by extension 'colcon_meta'
[0.514s] Level 1:colcon.colcon_core.package_identification:_identify(/home/tal/TB3_PC_WS/src/image_transport_plugins/theora_image_transport) by extensions ['ros']
[0.514s] Level 1:colcon.colcon_core.package_identification:_identify(/home/tal/TB3_PC_WS/src/image_transport_plugins/theora_image_transport) by extension 'ros'
[0.514s] DEBUG:colcon.colcon_core.package_identification:Package '/home/tal/TB3_PC_WS/src/image_transport_plugins/theora_image_transport' with type 'ros.ament_cmake' and name 'theora_image_transport'
[0.515s] Level 1:colcon.colcon_core.package_identification:_identify(/home/tal/TB3_PC_WS/src/image_transport_tutorials) by extensions ['ignore', 'ignore_ament_install']
[0.515s] Level 1:colcon.colcon_core.package_identification:_identify(/home/tal/TB3_PC_WS/src/image_transport_tutorials) by extension 'ignore'
[0.515s] Level 1:colcon.colcon_core.package_identification:_identify(/home/tal/TB3_PC_WS/src/image_transport_tutorials) by extension 'ignore_ament_install'
[0.515s] Level 1:colcon.colcon_core.package_identification:_identify(/home/tal/TB3_PC_WS/src/image_transport_tutorials) by extensions ['colcon_pkg']
[0.515s] Level 1:colcon.colcon_core.package_identification:_identify(/home/tal/TB3_PC_WS/src/image_transport_tutorials) by extension 'colcon_pkg'
[0.515s] Level 1:colcon.colcon_core.package_identification:_identify(/home/tal/TB3_PC_WS/src/image_transport_tutorials) by extensions ['colcon_meta']
[0.515s] Level 1:colcon.colcon_core.package_identification:_identify(/home/tal/TB3_PC_WS/src/image_transport_tutorials) by extension 'colcon_meta'
[0.515s] Level 1:colcon.colcon_core.package_identification:_identify(/home/tal/TB3_PC_WS/src/image_transport_tutorials) by extensions ['ros']
[0.515s] Level 1:colcon.colcon_core.package_identification:_identify(/home/tal/TB3_PC_WS/src/image_transport_tutorials) by extension 'ros'
[0.515s] DEBUG:colcon.colcon_core.package_identification:Package '/home/tal/TB3_PC_WS/src/image_transport_tutorials' with type 'ros.ament_cmake' and name 'image_transport_tutorials'
[0.515s] Level 1:colcon.colcon_core.package_identification:_identify(/home/tal/TB3_PC_WS/src/tb_run_script) by extensions ['ignore', 'ignore_ament_install']
[0.515s] Level 1:colcon.colcon_core.package_identification:_identify(/home/tal/TB3_PC_WS/src/tb_run_script) by extension 'ignore'
[0.515s] Level 1:colcon.colcon_core.package_identification:_identify(/home/tal/TB3_PC_WS/src/tb_run_script) by extension 'ignore_ament_install'
[0.515s] Level 1:colcon.colcon_core.package_identification:_identify(/home/tal/TB3_PC_WS/src/tb_run_script) by extensions ['colcon_pkg']
[0.515s] Level 1:colcon.colcon_core.package_identification:_identify(/home/tal/TB3_PC_WS/src/tb_run_script) by extension 'colcon_pkg'
[0.515s] Level 1:colcon.colcon_core.package_identification:_identify(/home/tal/TB3_PC_WS/src/tb_run_script) by extensions ['colcon_meta']
[0.515s] Level 1:colcon.colcon_core.package_identification:_identify(/home/tal/TB3_PC_WS/src/tb_run_script) by extension 'colcon_meta'
[0.515s] Level 1:colcon.colcon_core.package_identification:_identify(/home/tal/TB3_PC_WS/src/tb_run_script) by extensions ['ros']
[0.515s] Level 1:colcon.colcon_core.package_identification:_identify(/home/tal/TB3_PC_WS/src/tb_run_script) by extension 'ros'
[0.516s] DEBUG:colcon.colcon_core.package_identification:Package '/home/tal/TB3_PC_WS/src/tb_run_script' with type 'ros.ament_python' and name 'tb_run_script'
[0.516s] Level 1:colcon.colcon_core.package_identification:_identify(/home/tal/TB3_PC_WS/src/turtlebot3_simulations) by extensions ['ignore', 'ignore_ament_install']
[0.516s] Level 1:colcon.colcon_core.package_identification:_identify(/home/tal/TB3_PC_WS/src/turtlebot3_simulations) by extension 'ignore'
[0.516s] Level 1:colcon.colcon_core.package_identification:_identify(/home/tal/TB3_PC_WS/src/turtlebot3_simulations) by extension 'ignore_ament_install'
[0.516s] Level 1:colcon.colcon_core.package_identification:_identify(/home/tal/TB3_PC_WS/src/turtlebot3_simulations) by extensions ['colcon_pkg']
[0.516s] Level 1:colcon.colcon_core.package_identification:_identify(/home/tal/TB3_PC_WS/src/turtlebot3_simulations) by extension 'colcon_pkg'
[0.516s] Level 1:colcon.colcon_core.package_identification:_identify(/home/tal/TB3_PC_WS/src/turtlebot3_simulations) by extensions ['colcon_meta']
[0.516s] Level 1:colcon.colcon_core.package_identification:_identify(/home/tal/TB3_PC_WS/src/turtlebot3_simulations) by extension 'colcon_meta'
[0.516s] Level 1:colcon.colcon_core.package_identification:_identify(/home/tal/TB3_PC_WS/src/turtlebot3_simulations) by extensions ['ros']
[0.516s] Level 1:colcon.colcon_core.package_identification:_identify(/home/tal/TB3_PC_WS/src/turtlebot3_simulations) by extension 'ros'
[0.516s] Level 1:colcon.colcon_core.package_identification:_identify(/home/tal/TB3_PC_WS/src/turtlebot3_simulations) by extensions ['cmake', 'python']
[0.516s] Level 1:colcon.colcon_core.package_identification:_identify(/home/tal/TB3_PC_WS/src/turtlebot3_simulations) by extension 'cmake'
[0.516s] Level 1:colcon.colcon_core.package_identification:_identify(/home/tal/TB3_PC_WS/src/turtlebot3_simulations) by extension 'python'
[0.516s] Level 1:colcon.colcon_core.package_identification:_identify(/home/tal/TB3_PC_WS/src/turtlebot3_simulations) by extensions ['python_setup_py']
[0.516s] Level 1:colcon.colcon_core.package_identification:_identify(/home/tal/TB3_PC_WS/src/turtlebot3_simulations) by extension 'python_setup_py'
[0.516s] Level 1:colcon.colcon_core.package_identification:_identify(/home/tal/TB3_PC_WS/src/turtlebot3_simulations/turtlebot3_fake_node) by extensions ['ignore', 'ignore_ament_install']
[0.516s] Level 1:colcon.colcon_core.package_identification:_identify(/home/tal/TB3_PC_WS/src/turtlebot3_simulations/turtlebot3_fake_node) by extension 'ignore'
[0.516s] Level 1:colcon.colcon_core.package_identification:_identify(/home/tal/TB3_PC_WS/src/turtlebot3_simulations/turtlebot3_fake_node) by extension 'ignore_ament_install'
[0.516s] Level 1:colcon.colcon_core.package_identification:_identify(/home/tal/TB3_PC_WS/src/turtlebot3_simulations/turtlebot3_fake_node) by extensions ['colcon_pkg']
[0.516s] Level 1:colcon.colcon_core.package_identification:_identify(/home/tal/TB3_PC_WS/src/turtlebot3_simulations/turtlebot3_fake_node) by extension 'colcon_pkg'
[0.516s] Level 1:colcon.colcon_core.package_identification:_identify(/home/tal/TB3_PC_WS/src/turtlebot3_simulations/turtlebot3_fake_node) by extensions ['colcon_meta']
[0.517s] Level 1:colcon.colcon_core.package_identification:_identify(/home/tal/TB3_PC_WS/src/turtlebot3_simulations/turtlebot3_fake_node) by extension 'colcon_meta'
[0.517s] Level 1:colcon.colcon_core.package_identification:_identify(/home/tal/TB3_PC_WS/src/turtlebot3_simulations/turtlebot3_fake_node) by extensions ['ros']
[0.517s] Level 1:colcon.colcon_core.package_identification:_identify(/home/tal/TB3_PC_WS/src/turtlebot3_simulations/turtlebot3_fake_node) by extension 'ros'
[0.517s] DEBUG:colcon.colcon_core.package_identification:Package '/home/tal/TB3_PC_WS/src/turtlebot3_simulations/turtlebot3_fake_node' with type 'ros.ament_cmake' and name 'turtlebot3_fake_node'
[0.517s] Level 1:colcon.colcon_core.package_identification:_identify(/home/tal/TB3_PC_WS/src/turtlebot3_simulations/turtlebot3_gazebo) by extensions ['ignore', 'ignore_ament_install']
[0.517s] Level 1:colcon.colcon_core.package_identification:_identify(/home/tal/TB3_PC_WS/src/turtlebot3_simulations/turtlebot3_gazebo) by extension 'ignore'
[0.517s] Level 1:colcon.colcon_core.package_identification:_identify(/home/tal/TB3_PC_WS/src/turtlebot3_simulations/turtlebot3_gazebo) by extension 'ignore_ament_install'
[0.517s] Level 1:colcon.colcon_core.package_identification:_identify(/home/tal/TB3_PC_WS/src/turtlebot3_simulations/turtlebot3_gazebo) by extensions ['colcon_pkg']
[0.517s] Level 1:colcon.colcon_core.package_identification:_identify(/home/tal/TB3_PC_WS/src/turtlebot3_simulations/turtlebot3_gazebo) by extension 'colcon_pkg'
[0.517s] Level 1:colcon.colcon_core.package_identification:_identify(/home/tal/TB3_PC_WS/src/turtlebot3_simulations/turtlebot3_gazebo) by extensions ['colcon_meta']
[0.517s] Level 1:colcon.colcon_core.package_identification:_identify(/home/tal/TB3_PC_WS/src/turtlebot3_simulations/turtlebot3_gazebo) by extension 'colcon_meta'
[0.517s] Level 1:colcon.colcon_core.package_identification:_identify(/home/tal/TB3_PC_WS/src/turtlebot3_simulations/turtlebot3_gazebo) by extensions ['ros']
[0.517s] Level 1:colcon.colcon_core.package_identification:_identify(/home/tal/TB3_PC_WS/src/turtlebot3_simulations/turtlebot3_gazebo) by extension 'ros'
[0.518s] DEBUG:colcon.colcon_core.package_identification:Package '/home/tal/TB3_PC_WS/src/turtlebot3_simulations/turtlebot3_gazebo' with type 'ros.ament_cmake' and name 'turtlebot3_gazebo'
[0.518s] Level 1:colcon.colcon_core.package_identification:_identify(/home/tal/TB3_PC_WS/src/turtlebot3_simulations/turtlebot3_simulations) by extensions ['ignore', 'ignore_ament_install']
[0.518s] Level 1:colcon.colcon_core.package_identification:_identify(/home/tal/TB3_PC_WS/src/turtlebot3_simulations/turtlebot3_simulations) by extension 'ignore'
[0.518s] Level 1:colcon.colcon_core.package_identification:_identify(/home/tal/TB3_PC_WS/src/turtlebot3_simulations/turtlebot3_simulations) by extension 'ignore_ament_install'
[0.518s] Level 1:colcon.colcon_core.package_identification:_identify(/home/tal/TB3_PC_WS/src/turtlebot3_simulations/turtlebot3_simulations) by extensions ['colcon_pkg']
[0.518s] Level 1:colcon.colcon_core.package_identification:_identify(/home/tal/TB3_PC_WS/src/turtlebot3_simulations/turtlebot3_simulations) by extension 'colcon_pkg'
[0.518s] Level 1:colcon.colcon_core.package_identification:_identify(/home/tal/TB3_PC_WS/src/turtlebot3_simulations/turtlebot3_simulations) by extensions ['colcon_meta']
[0.518s] Level 1:colcon.colcon_core.package_identification:_identify(/home/tal/TB3_PC_WS/src/turtlebot3_simulations/turtlebot3_simulations) by extension 'colcon_meta'
[0.518s] Level 1:colcon.colcon_core.package_identification:_identify(/home/tal/TB3_PC_WS/src/turtlebot3_simulations/turtlebot3_simulations) by extensions ['ros']
[0.518s] Level 1:colcon.colcon_core.package_identification:_identify(/home/tal/TB3_PC_WS/src/turtlebot3_simulations/turtlebot3_simulations) by extension 'ros'
[0.519s] DEBUG:colcon.colcon_core.package_identification:Package '/home/tal/TB3_PC_WS/src/turtlebot3_simulations/turtlebot3_simulations' with type 'ros.ament_cmake' and name 'turtlebot3_simulations'
[0.519s] Level 1:colcon.colcon_core.package_identification:_identify(/home/tal/TB3_PC_WS/src/web_video_server) by extensions ['ignore', 'ignore_ament_install']
[0.519s] Level 1:colcon.colcon_core.package_identification:_identify(/home/tal/TB3_PC_WS/src/web_video_server) by extension 'ignore'
[0.519s] Level 1:colcon.colcon_core.package_identification:_identify(/home/tal/TB3_PC_WS/src/web_video_server) by extension 'ignore_ament_install'
[0.519s] Level 1:colcon.colcon_core.package_identification:_identify(/home/tal/TB3_PC_WS/src/web_video_server) by extensions ['colcon_pkg']
[0.519s] Level 1:colcon.colcon_core.package_identification:_identify(/home/tal/TB3_PC_WS/src/web_video_server) by extension 'colcon_pkg'
[0.519s] Level 1:colcon.colcon_core.package_identification:_identify(/home/tal/TB3_PC_WS/src/web_video_server) by extensions ['colcon_meta']
[0.519s] Level 1:colcon.colcon_core.package_identification:_identify(/home/tal/TB3_PC_WS/src/web_video_server) by extension 'colcon_meta'
[0.519s] Level 1:colcon.colcon_core.package_identification:_identify(/home/tal/TB3_PC_WS/src/web_video_server) by extensions ['ros']
[0.519s] Level 1:colcon.colcon_core.package_identification:_identify(/home/tal/TB3_PC_WS/src/web_video_server) by extension 'ros'
[0.520s] DEBUG:colcon.colcon_core.package_identification:Package '/home/tal/TB3_PC_WS/src/web_video_server' with type 'ros.ament_cmake' and name 'web_video_server'
[0.520s] Level 1:colcon.colcon_core.package_discovery:discover_packages(recursive) using defaults
