[0.024s] Invoking command in '/home/tal/TB3_PC_WS/build/theora_image_transport': CMAKE_PREFIX_PATH=${CMAKE_PREFIX_PATH}:/home/tal/turtlebot3_ws/install/tb_run_script:/home/tal/tut2_ws/install/my_robot_controller:/home/tal/tut_ws/install/my_robot_controller:/home/tal/tutorial_ws/install/launch_testing_examples:/home/tal/tutorial_ws/install/examples_rclpy_pointcloud_publisher:/home/tal/tutorial_ws/install/examples_rclpy_minimal_subscriber:/home/tal/tutorial_ws/install/examples_rclpy_minimal_service:/home/tal/tutorial_ws/install/examples_rclpy_minimal_publisher:/home/tal/tutorial_ws/install/examples_rclpy_minimal_client:/home/tal/tutorial_ws/install/examples_rclpy_minimal_action_server:/home/tal/tutorial_ws/install/examples_rclpy_minimal_action_client:/home/tal/tutorial_ws/install/examples_rclpy_guard_conditions:/home/tal/tutorial_ws/install/examples_rclpy_executors:/opt/ros/humble /usr/bin/cmake --build /home/tal/TB3_PC_WS/build/theora_image_transport -- -j6 -l6
[0.143s] [35m[1mConsolidate compiler generated dependencies of target theora_image_transport__rosidl_generator_c[0m
[0.143s] [  2%] Built target theora_image_transport__cpp
[0.143s] [35m[1mConsolidate compiler generated dependencies of target theora_image_transport__rosidl_typesupport_cpp[0m
[0.143s] [  2%] Built target ament_cmake_python_copy_theora_image_transport
[0.143s] [ 10%] Built target theora_image_transport__rosidl_generator_c
[0.149s] [35m[1mConsolidate compiler generated dependencies of target theora_image_transport__rosidl_typesupport_introspection_cpp[0m
[0.150s] [35m[1mConsolidate compiler generated dependencies of target theora_image_transport__rosidl_typesupport_fastrtps_cpp[0m
[0.155s] [ 18%] Built target theora_image_transport__rosidl_typesupport_cpp
[0.158s] [35m[1mConsolidate compiler generated dependencies of target theora_image_transport__rosidl_typesupport_introspection_c[0m
[0.159s] [35m[1mConsolidate compiler generated dependencies of target theora_image_transport__rosidl_typesupport_fastrtps_c[0m
[0.170s] [ 27%] Built target theora_image_transport__rosidl_typesupport_introspection_cpp
[0.170s] [ 35%] Built target theora_image_transport__rosidl_typesupport_fastrtps_cpp
[0.175s] [ 43%] Built target theora_image_transport__rosidl_typesupport_fastrtps_c
[0.176s] [35m[1mConsolidate compiler generated dependencies of target theora_image_transport__rosidl_typesupport_c[0m
[0.177s] [ 51%] Built target theora_image_transport__rosidl_typesupport_introspection_c
[0.239s] [35m[1mConsolidate compiler generated dependencies of target theora_image_transport_component[0m
[0.239s] [35m[1mConsolidate compiler generated dependencies of target ogg_saver[0m
[0.241s] [ 59%] Built target theora_image_transport__rosidl_typesupport_c
[0.248s] [ 70%] Built target theora_image_transport_component
[0.249s] [ 75%] Built target ogg_saver
[0.263s] [ 75%] Built target theora_image_transport
[0.348s] [ 78%] Built target theora_image_transport__py
[0.352s] [35m[1mConsolidate compiler generated dependencies of target theora_image_transport__rosidl_generator_py[0m
[0.377s] [ 83%] Built target theora_image_transport__rosidl_generator_py
[0.386s] [35m[1mConsolidate compiler generated dependencies of target theora_image_transport__rosidl_typesupport_fastrtps_c__pyext[0m
[0.441s] [35m[1mConsolidate compiler generated dependencies of target theora_image_transport__rosidl_typesupport_c__pyext[0m
[0.441s] [35m[1mConsolidate compiler generated dependencies of target theora_image_transport__rosidl_typesupport_introspection_c__pyext[0m
[0.486s] running egg_info
[0.487s] writing theora_image_transport.egg-info/PKG-INFO
[0.487s] writing dependency_links to theora_image_transport.egg-info/dependency_links.txt
[0.488s] writing top-level names to theora_image_transport.egg-info/top_level.txt
[0.491s] [ 89%] Built target theora_image_transport__rosidl_typesupport_introspection_c__pyext
[0.492s] [ 94%] Built target theora_image_transport__rosidl_typesupport_c__pyext
[0.494s] reading manifest file 'theora_image_transport.egg-info/SOURCES.txt'
[0.494s] writing manifest file 'theora_image_transport.egg-info/SOURCES.txt'
[0.546s] [100%] Built target theora_image_transport__rosidl_typesupport_fastrtps_c__pyext
[0.546s] [100%] Built target ament_cmake_python_build_theora_image_transport_egg
[0.819s] Invoked command in '/home/tal/TB3_PC_WS/build/theora_image_transport' returned '0': CMAKE_PREFIX_PATH=${CMAKE_PREFIX_PATH}:/home/tal/turtlebot3_ws/install/tb_run_script:/home/tal/tut2_ws/install/my_robot_controller:/home/tal/tut_ws/install/my_robot_controller:/home/tal/tutorial_ws/install/launch_testing_examples:/home/tal/tutorial_ws/install/examples_rclpy_pointcloud_publisher:/home/tal/tutorial_ws/install/examples_rclpy_minimal_subscriber:/home/tal/tutorial_ws/install/examples_rclpy_minimal_service:/home/tal/tutorial_ws/install/examples_rclpy_minimal_publisher:/home/tal/tutorial_ws/install/examples_rclpy_minimal_client:/home/tal/tutorial_ws/install/examples_rclpy_minimal_action_server:/home/tal/tutorial_ws/install/examples_rclpy_minimal_action_client:/home/tal/tutorial_ws/install/examples_rclpy_guard_conditions:/home/tal/tutorial_ws/install/examples_rclpy_executors:/opt/ros/humble /usr/bin/cmake --build /home/tal/TB3_PC_WS/build/theora_image_transport -- -j6 -l6
[0.913s] Invoking command in '/home/tal/TB3_PC_WS/build/theora_image_transport': CMAKE_PREFIX_PATH=${CMAKE_PREFIX_PATH}:/home/tal/turtlebot3_ws/install/tb_run_script:/home/tal/tut2_ws/install/my_robot_controller:/home/tal/tut_ws/install/my_robot_controller:/home/tal/tutorial_ws/install/launch_testing_examples:/home/tal/tutorial_ws/install/examples_rclpy_pointcloud_publisher:/home/tal/tutorial_ws/install/examples_rclpy_minimal_subscriber:/home/tal/tutorial_ws/install/examples_rclpy_minimal_service:/home/tal/tutorial_ws/install/examples_rclpy_minimal_publisher:/home/tal/tutorial_ws/install/examples_rclpy_minimal_client:/home/tal/tutorial_ws/install/examples_rclpy_minimal_action_server:/home/tal/tutorial_ws/install/examples_rclpy_minimal_action_client:/home/tal/tutorial_ws/install/examples_rclpy_guard_conditions:/home/tal/tutorial_ws/install/examples_rclpy_executors:/opt/ros/humble /usr/bin/cmake --install /home/tal/TB3_PC_WS/build/theora_image_transport
[0.956s] -- Install configuration: ""
[0.956s] -- Installing: /home/tal/TB3_PC_WS/install/theora_image_transport/share/ament_index/resource_index/rosidl_interfaces/theora_image_transport
[0.956s] -- Up-to-date: /home/tal/TB3_PC_WS/install/theora_image_transport/include/theora_image_transport/theora_image_transport
[0.957s] -- Up-to-date: /home/tal/TB3_PC_WS/install/theora_image_transport/include/theora_image_transport/theora_image_transport/msg
[0.957s] -- Installing: /home/tal/TB3_PC_WS/install/theora_image_transport/include/theora_image_transport/theora_image_transport/msg/rosidl_generator_c__visibility_control.h
[0.958s] -- Up-to-date: /home/tal/TB3_PC_WS/install/theora_image_transport/include/theora_image_transport/theora_image_transport/msg/detail
[0.958s] -- Installing: /home/tal/TB3_PC_WS/install/theora_image_transport/include/theora_image_transport/theora_image_transport/msg/detail/packet__type_support.h
[0.958s] -- Installing: /home/tal/TB3_PC_WS/install/theora_image_transport/include/theora_image_transport/theora_image_transport/msg/detail/packet__struct.h
[0.958s] -- Installing: /home/tal/TB3_PC_WS/install/theora_image_transport/include/theora_image_transport/theora_image_transport/msg/detail/packet__functions.h
[0.958s] -- Installing: /home/tal/TB3_PC_WS/install/theora_image_transport/include/theora_image_transport/theora_image_transport/msg/detail/packet__functions.c
[0.958s] -- Installing: /home/tal/TB3_PC_WS/install/theora_image_transport/include/theora_image_transport/theora_image_transport/msg/packet.h
[0.958s] -- Installing: /home/tal/TB3_PC_WS/install/theora_image_transport/share/theora_image_transport/environment/library_path.sh
[0.958s] -- Installing: /home/tal/TB3_PC_WS/install/theora_image_transport/share/theora_image_transport/environment/library_path.dsv
[0.958s] -- Up-to-date: /home/tal/TB3_PC_WS/install/theora_image_transport/lib/libtheora_image_transport__rosidl_generator_c.so
[0.958s] -- Up-to-date: /home/tal/TB3_PC_WS/install/theora_image_transport/include/theora_image_transport/theora_image_transport
[0.959s] -- Up-to-date: /home/tal/TB3_PC_WS/install/theora_image_transport/include/theora_image_transport/theora_image_transport/msg
[0.959s] -- Up-to-date: /home/tal/TB3_PC_WS/install/theora_image_transport/include/theora_image_transport/theora_image_transport/msg/detail
[0.959s] -- Installing: /home/tal/TB3_PC_WS/install/theora_image_transport/include/theora_image_transport/theora_image_transport/msg/detail/packet__rosidl_typesupport_fastrtps_c.h
[0.959s] -- Installing: /home/tal/TB3_PC_WS/install/theora_image_transport/include/theora_image_transport/theora_image_transport/msg/rosidl_typesupport_fastrtps_c__visibility_control.h
[0.959s] -- Up-to-date: /home/tal/TB3_PC_WS/install/theora_image_transport/lib/libtheora_image_transport__rosidl_typesupport_fastrtps_c.so
[0.959s] -- Up-to-date: /home/tal/TB3_PC_WS/install/theora_image_transport/include/theora_image_transport/theora_image_transport
[0.959s] -- Up-to-date: /home/tal/TB3_PC_WS/install/theora_image_transport/include/theora_image_transport/theora_image_transport/msg
[0.959s] -- Installing: /home/tal/TB3_PC_WS/install/theora_image_transport/include/theora_image_transport/theora_image_transport/msg/packet.hpp
[0.959s] -- Up-to-date: /home/tal/TB3_PC_WS/install/theora_image_transport/include/theora_image_transport/theora_image_transport/msg/detail
[0.959s] -- Installing: /home/tal/TB3_PC_WS/install/theora_image_transport/include/theora_image_transport/theora_image_transport/msg/detail/packet__builder.hpp
[0.959s] -- Installing: /home/tal/TB3_PC_WS/install/theora_image_transport/include/theora_image_transport/theora_image_transport/msg/detail/packet__struct.hpp
[0.959s] -- Installing: /home/tal/TB3_PC_WS/install/theora_image_transport/include/theora_image_transport/theora_image_transport/msg/detail/packet__traits.hpp
[0.959s] -- Up-to-date: /home/tal/TB3_PC_WS/install/theora_image_transport/include/theora_image_transport/theora_image_transport
[0.959s] -- Up-to-date: /home/tal/TB3_PC_WS/install/theora_image_transport/include/theora_image_transport/theora_image_transport/msg
[0.959s] -- Installing: /home/tal/TB3_PC_WS/install/theora_image_transport/include/theora_image_transport/theora_image_transport/msg/rosidl_typesupport_fastrtps_cpp__visibility_control.h
[0.959s] -- Up-to-date: /home/tal/TB3_PC_WS/install/theora_image_transport/include/theora_image_transport/theora_image_transport/msg/detail
[0.959s] -- Up-to-date: /home/tal/TB3_PC_WS/install/theora_image_transport/include/theora_image_transport/theora_image_transport/msg/detail/dds_fastrtps
[0.959s] -- Installing: /home/tal/TB3_PC_WS/install/theora_image_transport/include/theora_image_transport/theora_image_transport/msg/detail/packet__rosidl_typesupport_fastrtps_cpp.hpp
[0.959s] -- Up-to-date: /home/tal/TB3_PC_WS/install/theora_image_transport/lib/libtheora_image_transport__rosidl_typesupport_fastrtps_cpp.so
[0.959s] -- Up-to-date: /home/tal/TB3_PC_WS/install/theora_image_transport/include/theora_image_transport/theora_image_transport
[0.959s] -- Up-to-date: /home/tal/TB3_PC_WS/install/theora_image_transport/include/theora_image_transport/theora_image_transport/msg
[0.959s] -- Up-to-date: /home/tal/TB3_PC_WS/install/theora_image_transport/include/theora_image_transport/theora_image_transport/msg/detail
[0.959s] -- Installing: /home/tal/TB3_PC_WS/install/theora_image_transport/include/theora_image_transport/theora_image_transport/msg/detail/packet__type_support.c
[0.960s] -- Installing: /home/tal/TB3_PC_WS/install/theora_image_transport/include/theora_image_transport/theora_image_transport/msg/detail/packet__rosidl_typesupport_introspection_c.h
[0.960s] -- Installing: /home/tal/TB3_PC_WS/install/theora_image_transport/include/theora_image_transport/theora_image_transport/msg/rosidl_typesupport_introspection_c__visibility_control.h
[0.960s] -- Up-to-date: /home/tal/TB3_PC_WS/install/theora_image_transport/lib/libtheora_image_transport__rosidl_typesupport_introspection_c.so
[0.960s] -- Up-to-date: /home/tal/TB3_PC_WS/install/theora_image_transport/lib/libtheora_image_transport__rosidl_typesupport_c.so
[0.960s] -- Up-to-date: /home/tal/TB3_PC_WS/install/theora_image_transport/include/theora_image_transport/theora_image_transport
[0.960s] -- Up-to-date: /home/tal/TB3_PC_WS/install/theora_image_transport/include/theora_image_transport/theora_image_transport/msg
[0.960s] -- Up-to-date: /home/tal/TB3_PC_WS/install/theora_image_transport/include/theora_image_transport/theora_image_transport/msg/detail
[0.960s] -- Installing: /home/tal/TB3_PC_WS/install/theora_image_transport/include/theora_image_transport/theora_image_transport/msg/detail/packet__type_support.cpp
[0.960s] -- Installing: /home/tal/TB3_PC_WS/install/theora_image_transport/include/theora_image_transport/theora_image_transport/msg/detail/packet__rosidl_typesupport_introspection_cpp.hpp
[0.960s] -- Up-to-date: /home/tal/TB3_PC_WS/install/theora_image_transport/lib/libtheora_image_transport__rosidl_typesupport_introspection_cpp.so
[0.960s] -- Up-to-date: /home/tal/TB3_PC_WS/install/theora_image_transport/lib/libtheora_image_transport__rosidl_typesupport_cpp.so
[0.960s] -- Installing: /home/tal/TB3_PC_WS/install/theora_image_transport/share/theora_image_transport/environment/pythonpath.sh
[0.960s] -- Installing: /home/tal/TB3_PC_WS/install/theora_image_transport/share/theora_image_transport/environment/pythonpath.dsv
[0.960s] -- Up-to-date: /home/tal/TB3_PC_WS/install/theora_image_transport/local/lib/python3.10/dist-packages/theora_image_transport-2.5.0-py3.10.egg-info
[0.960s] -- Installing: /home/tal/TB3_PC_WS/install/theora_image_transport/local/lib/python3.10/dist-packages/theora_image_transport-2.5.0-py3.10.egg-info/PKG-INFO
[0.960s] -- Installing: /home/tal/TB3_PC_WS/install/theora_image_transport/local/lib/python3.10/dist-packages/theora_image_transport-2.5.0-py3.10.egg-info/top_level.txt
[0.960s] -- Installing: /home/tal/TB3_PC_WS/install/theora_image_transport/local/lib/python3.10/dist-packages/theora_image_transport-2.5.0-py3.10.egg-info/SOURCES.txt
[0.960s] -- Installing: /home/tal/TB3_PC_WS/install/theora_image_transport/local/lib/python3.10/dist-packages/theora_image_transport-2.5.0-py3.10.egg-info/dependency_links.txt
[0.960s] -- Up-to-date: /home/tal/TB3_PC_WS/install/theora_image_transport/local/lib/python3.10/dist-packages/theora_image_transport
[0.960s] -- Up-to-date: /home/tal/TB3_PC_WS/install/theora_image_transport/local/lib/python3.10/dist-packages/theora_image_transport/_theora_image_transport_s.ep.rosidl_typesupport_introspection_c.c
[0.960s] -- Up-to-date: /home/tal/TB3_PC_WS/install/theora_image_transport/local/lib/python3.10/dist-packages/theora_image_transport/theora_image_transport_s__rosidl_typesupport_fastrtps_c.cpython-310-x86_64-linux-gnu.so
[0.961s] -- Up-to-date: /home/tal/TB3_PC_WS/install/theora_image_transport/local/lib/python3.10/dist-packages/theora_image_transport/theora_image_transport_s__rosidl_typesupport_introspection_c.cpython-310-x86_64-linux-gnu.so
[0.961s] -- Up-to-date: /home/tal/TB3_PC_WS/install/theora_image_transport/local/lib/python3.10/dist-packages/theora_image_transport/msg
[0.961s] -- Up-to-date: /home/tal/TB3_PC_WS/install/theora_image_transport/local/lib/python3.10/dist-packages/theora_image_transport/msg/__init__.py
[0.961s] -- Up-to-date: /home/tal/TB3_PC_WS/install/theora_image_transport/local/lib/python3.10/dist-packages/theora_image_transport/msg/_packet.py
[0.961s] -- Up-to-date: /home/tal/TB3_PC_WS/install/theora_image_transport/local/lib/python3.10/dist-packages/theora_image_transport/msg/_packet_s.c
[0.961s] -- Up-to-date: /home/tal/TB3_PC_WS/install/theora_image_transport/local/lib/python3.10/dist-packages/theora_image_transport/theora_image_transport_s__rosidl_typesupport_c.cpython-310-x86_64-linux-gnu.so
[0.961s] -- Up-to-date: /home/tal/TB3_PC_WS/install/theora_image_transport/local/lib/python3.10/dist-packages/theora_image_transport/_theora_image_transport_s.ep.rosidl_typesupport_fastrtps_c.c
[0.961s] -- Up-to-date: /home/tal/TB3_PC_WS/install/theora_image_transport/local/lib/python3.10/dist-packages/theora_image_transport/libtheora_image_transport__rosidl_generator_py.so
[0.961s] -- Up-to-date: /home/tal/TB3_PC_WS/install/theora_image_transport/local/lib/python3.10/dist-packages/theora_image_transport/_theora_image_transport_s.ep.rosidl_typesupport_c.c
[0.961s] -- Up-to-date: /home/tal/TB3_PC_WS/install/theora_image_transport/local/lib/python3.10/dist-packages/theora_image_transport/__init__.py
[0.975s] Listing '/home/tal/TB3_PC_WS/install/theora_image_transport/local/lib/python3.10/dist-packages/theora_image_transport'...
[0.975s] Listing '/home/tal/TB3_PC_WS/install/theora_image_transport/local/lib/python3.10/dist-packages/theora_image_transport/msg'...
[0.991s] -- Up-to-date: /home/tal/TB3_PC_WS/install/theora_image_transport/local/lib/python3.10/dist-packages/theora_image_transport/theora_image_transport_s__rosidl_typesupport_fastrtps_c.cpython-310-x86_64-linux-gnu.so
[0.991s] -- Up-to-date: /home/tal/TB3_PC_WS/install/theora_image_transport/local/lib/python3.10/dist-packages/theora_image_transport/theora_image_transport_s__rosidl_typesupport_introspection_c.cpython-310-x86_64-linux-gnu.so
[0.991s] -- Up-to-date: /home/tal/TB3_PC_WS/install/theora_image_transport/local/lib/python3.10/dist-packages/theora_image_transport/theora_image_transport_s__rosidl_typesupport_c.cpython-310-x86_64-linux-gnu.so
[0.991s] -- Up-to-date: /home/tal/TB3_PC_WS/install/theora_image_transport/lib/libtheora_image_transport__rosidl_generator_py.so
[0.991s] -- Installing: /home/tal/TB3_PC_WS/install/theora_image_transport/share/theora_image_transport/msg/Packet.idl
[0.991s] -- Installing: /home/tal/TB3_PC_WS/install/theora_image_transport/share/theora_image_transport/msg/Packet.msg
[0.991s] -- Up-to-date: /home/tal/TB3_PC_WS/install/theora_image_transport/lib/libtheora_image_transport_component.so
[0.991s] -- Up-to-date: /home/tal/TB3_PC_WS/install/theora_image_transport/lib/theora_image_transport/ogg_saver
[0.991s] -- Up-to-date: /home/tal/TB3_PC_WS/install/theora_image_transport/include/theora_image_transport
[0.992s] -- Up-to-date: /home/tal/TB3_PC_WS/install/theora_image_transport/include/theora_image_transport/theora_image_transport
[0.992s] -- Installing: /home/tal/TB3_PC_WS/install/theora_image_transport/include/theora_image_transport/theora_image_transport/theora_publisher.h
[0.992s] -- Installing: /home/tal/TB3_PC_WS/install/theora_image_transport/include/theora_image_transport/theora_image_transport/theora_subscriber.h
[0.992s] -- Installing: /home/tal/TB3_PC_WS/install/theora_image_transport/share/theora_image_transport/theora_plugins.xml
[0.992s] -- Installing: /home/tal/TB3_PC_WS/install/theora_image_transport/share/ament_index/resource_index/package_run_dependencies/theora_image_transport
[0.992s] -- Installing: /home/tal/TB3_PC_WS/install/theora_image_transport/share/ament_index/resource_index/parent_prefix_path/theora_image_transport
[0.992s] -- Installing: /home/tal/TB3_PC_WS/install/theora_image_transport/share/theora_image_transport/environment/ament_prefix_path.sh
[0.992s] -- Installing: /home/tal/TB3_PC_WS/install/theora_image_transport/share/theora_image_transport/environment/ament_prefix_path.dsv
[0.992s] -- Installing: /home/tal/TB3_PC_WS/install/theora_image_transport/share/theora_image_transport/environment/path.sh
[0.992s] -- Installing: /home/tal/TB3_PC_WS/install/theora_image_transport/share/theora_image_transport/environment/path.dsv
[0.992s] -- Installing: /home/tal/TB3_PC_WS/install/theora_image_transport/share/theora_image_transport/local_setup.bash
[0.992s] -- Installing: /home/tal/TB3_PC_WS/install/theora_image_transport/share/theora_image_transport/local_setup.sh
[0.992s] -- Installing: /home/tal/TB3_PC_WS/install/theora_image_transport/share/theora_image_transport/local_setup.zsh
[0.992s] -- Installing: /home/tal/TB3_PC_WS/install/theora_image_transport/share/theora_image_transport/local_setup.dsv
[0.992s] -- Installing: /home/tal/TB3_PC_WS/install/theora_image_transport/share/theora_image_transport/package.dsv
[0.992s] -- Installing: /home/tal/TB3_PC_WS/install/theora_image_transport/share/ament_index/resource_index/packages/theora_image_transport
[0.992s] -- Installing: /home/tal/TB3_PC_WS/install/theora_image_transport/share/ament_index/resource_index/image_transport__pluginlib__plugin/theora_image_transport
[0.992s] -- Installing: /home/tal/TB3_PC_WS/install/theora_image_transport/share/theora_image_transport/cmake/export_theora_image_transport__rosidl_generator_cExport.cmake
[0.992s] -- Installing: /home/tal/TB3_PC_WS/install/theora_image_transport/share/theora_image_transport/cmake/export_theora_image_transport__rosidl_generator_cExport-noconfig.cmake
[0.992s] -- Installing: /home/tal/TB3_PC_WS/install/theora_image_transport/share/theora_image_transport/cmake/export_theora_image_transport__rosidl_typesupport_fastrtps_cExport.cmake
[0.992s] -- Installing: /home/tal/TB3_PC_WS/install/theora_image_transport/share/theora_image_transport/cmake/export_theora_image_transport__rosidl_typesupport_fastrtps_cExport-noconfig.cmake
[0.992s] -- Installing: /home/tal/TB3_PC_WS/install/theora_image_transport/share/theora_image_transport/cmake/export_theora_image_transport__rosidl_generator_cppExport.cmake
[0.992s] -- Installing: /home/tal/TB3_PC_WS/install/theora_image_transport/share/theora_image_transport/cmake/export_theora_image_transport__rosidl_typesupport_fastrtps_cppExport.cmake
[0.992s] -- Installing: /home/tal/TB3_PC_WS/install/theora_image_transport/share/theora_image_transport/cmake/export_theora_image_transport__rosidl_typesupport_fastrtps_cppExport-noconfig.cmake
[0.992s] -- Installing: /home/tal/TB3_PC_WS/install/theora_image_transport/share/theora_image_transport/cmake/theora_image_transport__rosidl_typesupport_introspection_cExport.cmake
[0.993s] -- Installing: /home/tal/TB3_PC_WS/install/theora_image_transport/share/theora_image_transport/cmake/theora_image_transport__rosidl_typesupport_introspection_cExport-noconfig.cmake
[0.993s] -- Installing: /home/tal/TB3_PC_WS/install/theora_image_transport/share/theora_image_transport/cmake/theora_image_transport__rosidl_typesupport_cExport.cmake
[0.993s] -- Installing: /home/tal/TB3_PC_WS/install/theora_image_transport/share/theora_image_transport/cmake/theora_image_transport__rosidl_typesupport_cExport-noconfig.cmake
[0.993s] -- Installing: /home/tal/TB3_PC_WS/install/theora_image_transport/share/theora_image_transport/cmake/theora_image_transport__rosidl_typesupport_introspection_cppExport.cmake
[0.993s] -- Installing: /home/tal/TB3_PC_WS/install/theora_image_transport/share/theora_image_transport/cmake/theora_image_transport__rosidl_typesupport_introspection_cppExport-noconfig.cmake
[0.993s] -- Installing: /home/tal/TB3_PC_WS/install/theora_image_transport/share/theora_image_transport/cmake/theora_image_transport__rosidl_typesupport_cppExport.cmake
[0.993s] -- Installing: /home/tal/TB3_PC_WS/install/theora_image_transport/share/theora_image_transport/cmake/theora_image_transport__rosidl_typesupport_cppExport-noconfig.cmake
[0.993s] -- Installing: /home/tal/TB3_PC_WS/install/theora_image_transport/share/theora_image_transport/cmake/export_theora_image_transport__rosidl_generator_pyExport.cmake
[0.994s] -- Installing: /home/tal/TB3_PC_WS/install/theora_image_transport/share/theora_image_transport/cmake/export_theora_image_transport__rosidl_generator_pyExport-noconfig.cmake
[0.994s] -- Installing: /home/tal/TB3_PC_WS/install/theora_image_transport/share/theora_image_transport/cmake/export_theora_image_transport_componentExport.cmake
[0.994s] -- Installing: /home/tal/TB3_PC_WS/install/theora_image_transport/share/theora_image_transport/cmake/export_theora_image_transport_componentExport-noconfig.cmake
[0.994s] -- Installing: /home/tal/TB3_PC_WS/install/theora_image_transport/share/theora_image_transport/cmake/rosidl_cmake-extras.cmake
[0.994s] -- Installing: /home/tal/TB3_PC_WS/install/theora_image_transport/share/theora_image_transport/cmake/ament_cmake_export_dependencies-extras.cmake
[0.994s] -- Installing: /home/tal/TB3_PC_WS/install/theora_image_transport/share/theora_image_transport/cmake/ament_cmake_export_include_directories-extras.cmake
[0.994s] -- Installing: /home/tal/TB3_PC_WS/install/theora_image_transport/share/theora_image_transport/cmake/ament_cmake_export_libraries-extras.cmake
[0.994s] -- Installing: /home/tal/TB3_PC_WS/install/theora_image_transport/share/theora_image_transport/cmake/ament_cmake_export_targets-extras.cmake
[0.994s] -- Installing: /home/tal/TB3_PC_WS/install/theora_image_transport/share/theora_image_transport/cmake/rosidl_cmake_export_typesupport_targets-extras.cmake
[0.995s] -- Installing: /home/tal/TB3_PC_WS/install/theora_image_transport/share/theora_image_transport/cmake/rosidl_cmake_export_typesupport_libraries-extras.cmake
[0.995s] -- Installing: /home/tal/TB3_PC_WS/install/theora_image_transport/share/theora_image_transport/cmake/theora_image_transportConfig.cmake
[0.995s] -- Installing: /home/tal/TB3_PC_WS/install/theora_image_transport/share/theora_image_transport/cmake/theora_image_transportConfig-version.cmake
[0.995s] -- Installing: /home/tal/TB3_PC_WS/install/theora_image_transport/share/theora_image_transport/package.xml
[1.003s] Invoked command in '/home/tal/TB3_PC_WS/build/theora_image_transport' returned '0': CMAKE_PREFIX_PATH=${CMAKE_PREFIX_PATH}:/home/tal/turtlebot3_ws/install/tb_run_script:/home/tal/tut2_ws/install/my_robot_controller:/home/tal/tut_ws/install/my_robot_controller:/home/tal/tutorial_ws/install/launch_testing_examples:/home/tal/tutorial_ws/install/examples_rclpy_pointcloud_publisher:/home/tal/tutorial_ws/install/examples_rclpy_minimal_subscriber:/home/tal/tutorial_ws/install/examples_rclpy_minimal_service:/home/tal/tutorial_ws/install/examples_rclpy_minimal_publisher:/home/tal/tutorial_ws/install/examples_rclpy_minimal_client:/home/tal/tutorial_ws/install/examples_rclpy_minimal_action_server:/home/tal/tutorial_ws/install/examples_rclpy_minimal_action_client:/home/tal/tutorial_ws/install/examples_rclpy_guard_conditions:/home/tal/tutorial_ws/install/examples_rclpy_executors:/opt/ros/humble /usr/bin/cmake --install /home/tal/TB3_PC_WS/build/theora_image_transport
