[0.008s] Invoking command in '/home/tal/TB3_PC_WS/build/turtlebot3_gazebo': CMAKE_PREFIX_PATH=/opt/ros/humble /usr/bin/cmake /home/tal/TB3_PC_WS/src/turtlebot3_simulations-humble-devel/turtlebot3_gazebo -DAMENT_CMAKE_SYMLINK_INSTALL=1 -DCMAKE_INSTALL_PREFIX=/home/tal/TB3_PC_WS/install/turtlebot3_gazebo
[0.037s] -- The C compiler identification is GNU 11.4.0
[0.069s] -- The CXX compiler identification is GNU 11.4.0
[0.073s] -- Detecting C compiler ABI info
[0.111s] -- Detecting C compiler ABI info - done
[0.115s] -- Check for working C compiler: /usr/bin/cc - skipped
[0.115s] -- Detecting C compile features
[0.116s] -- Detecting C compile features - done
[0.117s] -- Detecting CXX compiler ABI info
[0.163s] -- Detecting CXX compiler ABI info - done
[0.167s] -- Check for working CXX compiler: /usr/bin/c++ - skipped
[0.168s] -- Detecting CXX compile features
[0.168s] -- Detecting CXX compile features - done
[0.169s] -- Found ament_cmake: 1.3.10 (/opt/ros/humble/share/ament_cmake/cmake)
[0.257s] -- Found Python3: /usr/bin/python3 (found version "3.10.12") found components: Interpreter 
[0.293s] -- Override CMake install command with custom implementation using symlinks instead of copying resources
[0.310s] [33mCMake Warning (dev) at /usr/share/cmake-3.22/Modules/FindPackageHandleStandardArgs.cmake:438 (message):
[0.310s]   The package name passed to `find_package_handle_standard_args` (PkgConfig)
[0.310s]   does not match the name of the calling package (gazebo).  This can lead to
[0.310s]   problems in calling code that expects `find_package` result variables
[0.310s]   (e.g., `_FOUND`) to follow a certain pattern.
[0.311s] Call Stack (most recent call first):
[0.311s]   /usr/share/cmake-3.22/Modules/FindPkgConfig.cmake:99 (find_package_handle_standard_args)
[0.311s]   /usr/lib/x86_64-linux-gnu/cmake/gazebo/gazebo-config.cmake:72 (include)
[0.311s]   CMakeLists.txt:23 (find_package)
[0.311s] This warning is for project developers.  Use -Wno-dev to suppress it.
[0.311s] [0m
[0.311s] -- Found PkgConfig: /usr/bin/pkg-config (found version "0.29.2") 
[0.313s] -- Checking for module 'bullet>=2.82'
[0.319s] --   Found bullet, version 3.05
[0.372s] -- Found fcl: /usr/include (found suitable version "0.7.0", minimum required is "0.5.0") 
[0.396s] -- Found assimp: /usr/include (found version "5.2.0") 
[0.406s] -- Found DART: /usr/include (Required is at least version "6.6") found components: dart 
[0.506s] -- Found Boost: /usr/lib/x86_64-linux-gnu/cmake/Boost-1.74.0/BoostConfig.cmake (found suitable version "1.74.0", minimum required is "1.40.0") found components: thread system filesystem program_options regex iostreams date_time 
[0.516s] -- Found Protobuf: /usr/lib/x86_64-linux-gnu/libprotobuf.so (found version "3.12.4") 
[0.518s] -- Looking for ignition-math6 -- found version 6.15.1
[0.522s] -- Searching for dependencies of ignition-math6
[0.523s] -- Looking for OGRE...
[0.523s] -- OGRE_PREFIX_WATCH changed.
[0.526s] -- Checking for module 'OGRE'
[0.533s] --   Found OGRE, version 1.9.0
[0.549s] -- Found Ogre Ghadamon (1.9.0)
[0.555s] -- Found OGRE: optimized;/usr/lib/x86_64-linux-gnu/libOgreMain.so;debug;/usr/lib/x86_64-linux-gnu/libOgreMain.so
[0.561s] -- Looking for OGRE_Paging...
[0.565s] -- Found OGRE_Paging: optimized;/usr/lib/x86_64-linux-gnu/libOgrePaging.so;debug;/usr/lib/x86_64-linux-gnu/libOgrePaging.so
[0.565s] -- Looking for OGRE_Terrain...
[0.567s] -- Found OGRE_Terrain: optimized;/usr/lib/x86_64-linux-gnu/libOgreTerrain.so;debug;/usr/lib/x86_64-linux-gnu/libOgreTerrain.so
[0.567s] -- Looking for OGRE_Property...
[0.570s] -- Found OGRE_Property: optimized;/usr/lib/x86_64-linux-gnu/libOgreProperty.so;debug;/usr/lib/x86_64-linux-gnu/libOgreProperty.so
[0.570s] -- Looking for OGRE_RTShaderSystem...
[0.573s] -- Found OGRE_RTShaderSystem: optimized;/usr/lib/x86_64-linux-gnu/libOgreRTShaderSystem.so;debug;/usr/lib/x86_64-linux-gnu/libOgreRTShaderSystem.so
[0.573s] -- Looking for OGRE_Volume...
[0.576s] -- Found OGRE_Volume: optimized;/usr/lib/x86_64-linux-gnu/libOgreVolume.so;debug;/usr/lib/x86_64-linux-gnu/libOgreVolume.so
[0.576s] -- Looking for OGRE_Overlay...
[0.579s] -- Found OGRE_Overlay: optimized;/usr/lib/x86_64-linux-gnu/libOgreOverlay.so;debug;/usr/lib/x86_64-linux-gnu/libOgreOverlay.so
[0.638s] -- Looking for ignition-math6 -- found version 6.15.1
[0.639s] -- Looking for ignition-transport8 -- found version 8.2.1
[0.639s] -- Searching for dependencies of ignition-transport8
[0.649s] -- Found Protobuf: /usr/lib/x86_64-linux-gnu/libprotobuf.so (found suitable version "3.12.4", minimum required is "3") 
[0.655s] -- Config-file not installed for ZeroMQ -- checking for pkg-config
[0.658s] -- Checking for module 'libzmq >= 4'
[0.664s] --   Found libzmq , version 4.3.4
[0.681s] -- Found ZeroMQ: TRUE (Required is at least version "4") 
[0.684s] -- Checking for module 'uuid'
[0.691s] --   Found uuid, version 2.37.2
[0.707s] -- Found UUID: TRUE  
[0.708s] -- Looking for ignition-msgs5 -- found version 5.8.1
[0.708s] -- Searching for dependencies of ignition-msgs5
[0.720s] -- Looking for ignition-math6 -- found version 6.15.1
[0.722s] -- Checking for module 'tinyxml2'
[0.729s] --   Found tinyxml2, version 9.0.0
[0.745s] -- Looking for ignition-msgs5 -- found version 5.8.1
[0.746s] -- Looking for ignition-common3 -- found version 3.14.0
[0.747s] -- Searching for dependencies of ignition-common3
[0.747s] -- Looking for dlfcn.h - found
[0.747s] -- Looking for libdl - found
[0.748s] -- Found DL: TRUE  
[0.754s] -- Found tinyobjloader: /usr/lib/x86_64-linux-gnu/cmake/tinyobjloader/tinyobjloader-config.cmake (found version "2.0.0") 
[0.755s] -- Searching for <ignition-common3> component [graphics]
[0.756s] -- Looking for ignition-common3-graphics -- found version 3.14.0
[0.756s] -- Searching for dependencies of ignition-common3-graphics
[0.756s] -- Looking for ignition-math6 -- found version 6.15.1
[0.758s] -- Looking for ignition-fuel_tools4 -- found version 4.4.0
[0.758s] -- Searching for dependencies of ignition-fuel_tools4
[0.797s] -- Found CURL: /usr/lib/x86_64-linux-gnu/libcurl.so (found version "7.81.0")  
[0.802s] -- Checking for module 'jsoncpp'
[0.808s] --   Found jsoncpp, version 1.9.5
[0.824s] -- Found JSONCPP: TRUE  
[0.827s] -- Checking for module 'libzip'
[0.833s] --   Found libzip, version 1.7.3
[0.849s] -- Found ZIP: TRUE  
[0.849s] -- Looking for ignition-common3 -- found version 3.14.0
[0.849s] -- Looking for ignition-math6 -- found version 6.15.1
[0.849s] -- Looking for ignition-msgs5 -- found version 5.8.1
[0.852s] -- Found gazebo_ros_pkgs: 3.7.0 (/opt/ros/humble/share/gazebo_ros_pkgs/cmake)
[0.853s] -- Found geometry_msgs: 4.2.4 (/opt/ros/humble/share/geometry_msgs/cmake)
[0.869s] -- Found rosidl_generator_c: 3.1.5 (/opt/ros/humble/share/rosidl_generator_c/cmake)
[0.871s] -- Found rosidl_adapter: 3.1.5 (/opt/ros/humble/share/rosidl_adapter/cmake)
[0.876s] -- Found rosidl_generator_cpp: 3.1.5 (/opt/ros/humble/share/rosidl_generator_cpp/cmake)
[0.882s] -- Using all available rosidl_typesupport_c: rosidl_typesupport_fastrtps_c;rosidl_typesupport_introspection_c
[0.891s] -- Using all available rosidl_typesupport_cpp: rosidl_typesupport_fastrtps_cpp;rosidl_typesupport_introspection_cpp
[0.913s] -- Found nav_msgs: 4.2.4 (/opt/ros/humble/share/nav_msgs/cmake)
[0.923s] -- Found rclcpp: 16.0.10 (/opt/ros/humble/share/rclcpp/cmake)
[0.942s] -- Found rmw_implementation_cmake: 6.1.2 (/opt/ros/humble/share/rmw_implementation_cmake/cmake)
[0.943s] -- Found rmw_fastrtps_cpp: 6.2.7 (/opt/ros/humble/share/rmw_fastrtps_cpp/cmake)
[0.990s] -- Found OpenSSL: /usr/lib/x86_64-linux-gnu/libcrypto.so (found version "3.0.2")  
[1.008s] -- Found FastRTPS: /opt/ros/humble/include  
[1.032s] -- Using RMW implementation 'rmw_fastrtps_cpp' as default
[1.037s] -- Found Threads: TRUE  
[1.058s] -- Found sensor_msgs: 4.2.4 (/opt/ros/humble/share/sensor_msgs/cmake)
[1.068s] -- Found tf2: 0.25.8 (/opt/ros/humble/share/tf2/cmake)
[1.114s] -- Configuring done
[1.131s] -- Generating done
[1.132s] -- Build files have been written to: /home/tal/TB3_PC_WS/build/turtlebot3_gazebo
[1.140s] Invoked command in '/home/tal/TB3_PC_WS/build/turtlebot3_gazebo' returned '0': CMAKE_PREFIX_PATH=/opt/ros/humble /usr/bin/cmake /home/tal/TB3_PC_WS/src/turtlebot3_simulations-humble-devel/turtlebot3_gazebo -DAMENT_CMAKE_SYMLINK_INSTALL=1 -DCMAKE_INSTALL_PREFIX=/home/tal/TB3_PC_WS/install/turtlebot3_gazebo
[1.141s] Invoking command in '/home/tal/TB3_PC_WS/build/turtlebot3_gazebo': CMAKE_PREFIX_PATH=/opt/ros/humble /usr/bin/cmake --build /home/tal/TB3_PC_WS/build/turtlebot3_gazebo -- -j16 -l16
[1.171s] [ 50%] [32mBuilding CXX object CMakeFiles/turtlebot3_drive.dir/src/turtlebot3_drive.cpp.o[0m
[1.171s] [ 50%] [32mBuilding CXX object CMakeFiles/obstacle2.dir/models/turtlebot3_dqn_world/obstacle_plugin/obstacle2.cc.o[0m
[1.171s] [ 50%] [32mBuilding CXX object CMakeFiles/obstacle1.dir/models/turtlebot3_dqn_world/obstacle_plugin/obstacle1.cc.o[0m
[1.171s] [ 50%] [32mBuilding CXX object CMakeFiles/obstacles.dir/models/turtlebot3_dqn_world/obstacle_plugin/obstacles.cc.o[0m
[8.679s] [ 62%] [32m[1mLinking CXX shared library libobstacle1.so[0m
[8.723s] [ 75%] [32m[1mLinking CXX shared library libobstacles.so[0m
[8.783s] [ 87%] [32m[1mLinking CXX shared library libobstacle2.so[0m
[8.786s] [100%] [32m[1mLinking CXX executable turtlebot3_drive[0m
[8.838s] [100%] Built target obstacle1
[8.889s] [100%] Built target obstacles
[8.938s] [100%] Built target obstacle2
[9.116s] [100%] Built target turtlebot3_drive
[9.122s] Invoked command in '/home/tal/TB3_PC_WS/build/turtlebot3_gazebo' returned '0': CMAKE_PREFIX_PATH=/opt/ros/humble /usr/bin/cmake --build /home/tal/TB3_PC_WS/build/turtlebot3_gazebo -- -j16 -l16
[9.140s] Invoking command in '/home/tal/TB3_PC_WS/build/turtlebot3_gazebo': CMAKE_PREFIX_PATH=/opt/ros/humble /usr/bin/cmake --install /home/tal/TB3_PC_WS/build/turtlebot3_gazebo
[9.144s] -- Install configuration: ""
[9.145s] -- Execute custom install script
[9.145s] -- Symlinking: /home/tal/TB3_PC_WS/install/turtlebot3_gazebo/lib/turtlebot3_gazebo/turtlebot3_drive
[9.149s] -- Symlinking: /home/tal/TB3_PC_WS/install/turtlebot3_gazebo/share/turtlebot3_gazebo//launch/empty_world.launch.py
[9.156s] -- Symlinking: /home/tal/TB3_PC_WS/install/turtlebot3_gazebo/share/turtlebot3_gazebo//launch/robot_state_publisher.launch.py
[9.167s] -- Symlinking: /home/tal/TB3_PC_WS/install/turtlebot3_gazebo/share/turtlebot3_gazebo//launch/spawn_turtlebot3.launch.py
[9.178s] -- Symlinking: /home/tal/TB3_PC_WS/install/turtlebot3_gazebo/share/turtlebot3_gazebo//launch/turtlebot3_dqn_stage1.launch.py
[9.186s] -- Symlinking: /home/tal/TB3_PC_WS/install/turtlebot3_gazebo/share/turtlebot3_gazebo//launch/turtlebot3_dqn_stage2.launch.py
[9.191s] -- Symlinking: /home/tal/TB3_PC_WS/install/turtlebot3_gazebo/share/turtlebot3_gazebo//launch/turtlebot3_dqn_stage3.launch.py
[9.195s] -- Symlinking: /home/tal/TB3_PC_WS/install/turtlebot3_gazebo/share/turtlebot3_gazebo//launch/turtlebot3_dqn_stage4.launch.py
[9.199s] -- Symlinking: /home/tal/TB3_PC_WS/install/turtlebot3_gazebo/share/turtlebot3_gazebo//launch/turtlebot3_house.launch.py
[9.204s] -- Symlinking: /home/tal/TB3_PC_WS/install/turtlebot3_gazebo/share/turtlebot3_gazebo//launch/turtlebot3_world.launch.py
[9.208s] -- Symlinking: /home/tal/TB3_PC_WS/install/turtlebot3_gazebo/share/turtlebot3_gazebo//models/turtlebot3_burger/model-1_4.sdf
[9.213s] -- Symlinking: /home/tal/TB3_PC_WS/install/turtlebot3_gazebo/share/turtlebot3_gazebo//models/turtlebot3_burger/model.config
[9.218s] -- Symlinking: /home/tal/TB3_PC_WS/install/turtlebot3_gazebo/share/turtlebot3_gazebo//models/turtlebot3_burger/model.sdf
[9.223s] -- Symlinking: /home/tal/TB3_PC_WS/install/turtlebot3_gazebo/share/turtlebot3_gazebo//models/turtlebot3_common/meshes/burger_base.dae
[9.228s] -- Symlinking: /home/tal/TB3_PC_WS/install/turtlebot3_gazebo/share/turtlebot3_gazebo//models/turtlebot3_common/meshes/lds.dae
[9.234s] -- Symlinking: /home/tal/TB3_PC_WS/install/turtlebot3_gazebo/share/turtlebot3_gazebo//models/turtlebot3_common/meshes/r200.dae
[9.243s] -- Symlinking: /home/tal/TB3_PC_WS/install/turtlebot3_gazebo/share/turtlebot3_gazebo//models/turtlebot3_common/meshes/tire.dae
[9.249s] -- Symlinking: /home/tal/TB3_PC_WS/install/turtlebot3_gazebo/share/turtlebot3_gazebo//models/turtlebot3_common/meshes/waffle_base.dae
[9.256s] -- Symlinking: /home/tal/TB3_PC_WS/install/turtlebot3_gazebo/share/turtlebot3_gazebo//models/turtlebot3_common/meshes/waffle_pi_base.dae
[9.266s] -- Symlinking: /home/tal/TB3_PC_WS/install/turtlebot3_gazebo/share/turtlebot3_gazebo//models/turtlebot3_common/model.config
[9.275s] -- Symlinking: /home/tal/TB3_PC_WS/install/turtlebot3_gazebo/share/turtlebot3_gazebo//models/turtlebot3_dqn_world/goal_box/model.config
[9.284s] -- Symlinking: /home/tal/TB3_PC_WS/install/turtlebot3_gazebo/share/turtlebot3_gazebo//models/turtlebot3_dqn_world/goal_box/model.sdf
[9.298s] -- Symlinking: /home/tal/TB3_PC_WS/install/turtlebot3_gazebo/share/turtlebot3_gazebo//models/turtlebot3_dqn_world/inner_walls/model.config
[9.310s] -- Symlinking: /home/tal/TB3_PC_WS/install/turtlebot3_gazebo/share/turtlebot3_gazebo//models/turtlebot3_dqn_world/inner_walls/model.sdf
[9.324s] -- Symlinking: /home/tal/TB3_PC_WS/install/turtlebot3_gazebo/share/turtlebot3_gazebo//models/turtlebot3_dqn_world/model.config
[9.341s] -- Symlinking: /home/tal/TB3_PC_WS/install/turtlebot3_gazebo/share/turtlebot3_gazebo//models/turtlebot3_dqn_world/model.sdf
[9.353s] -- Symlinking: /home/tal/TB3_PC_WS/install/turtlebot3_gazebo/share/turtlebot3_gazebo//models/turtlebot3_dqn_world/obstacle1/model.config
[9.359s] -- Symlinking: /home/tal/TB3_PC_WS/install/turtlebot3_gazebo/share/turtlebot3_gazebo//models/turtlebot3_dqn_world/obstacle1/model.sdf
[9.363s] -- Symlinking: /home/tal/TB3_PC_WS/install/turtlebot3_gazebo/share/turtlebot3_gazebo//models/turtlebot3_dqn_world/obstacle2/model.config
[9.367s] -- Symlinking: /home/tal/TB3_PC_WS/install/turtlebot3_gazebo/share/turtlebot3_gazebo//models/turtlebot3_dqn_world/obstacle2/model.sdf
[9.372s] -- Symlinking: /home/tal/TB3_PC_WS/install/turtlebot3_gazebo/share/turtlebot3_gazebo//models/turtlebot3_dqn_world/obstacle_plugin/CMakeLists.txt
[9.380s] -- Symlinking: /home/tal/TB3_PC_WS/install/turtlebot3_gazebo/share/turtlebot3_gazebo//models/turtlebot3_dqn_world/obstacle_plugin/obstacle1.cc
[9.386s] -- Symlinking: /home/tal/TB3_PC_WS/install/turtlebot3_gazebo/share/turtlebot3_gazebo//models/turtlebot3_dqn_world/obstacle_plugin/obstacle2.cc
[9.400s] -- Symlinking: /home/tal/TB3_PC_WS/install/turtlebot3_gazebo/share/turtlebot3_gazebo//models/turtlebot3_dqn_world/obstacle_plugin/obstacles.cc
[9.410s] -- Symlinking: /home/tal/TB3_PC_WS/install/turtlebot3_gazebo/share/turtlebot3_gazebo//models/turtlebot3_dqn_world/obstacles/model.config
[9.416s] -- Symlinking: /home/tal/TB3_PC_WS/install/turtlebot3_gazebo/share/turtlebot3_gazebo//models/turtlebot3_dqn_world/obstacles/model.sdf
[9.424s] -- Symlinking: /home/tal/TB3_PC_WS/install/turtlebot3_gazebo/share/turtlebot3_gazebo//models/turtlebot3_house/model.config
[9.429s] -- Symlinking: /home/tal/TB3_PC_WS/install/turtlebot3_gazebo/share/turtlebot3_gazebo//models/turtlebot3_house/model.sdf
[9.433s] -- Symlinking: /home/tal/TB3_PC_WS/install/turtlebot3_gazebo/share/turtlebot3_gazebo//models/turtlebot3_waffle/model-1_4.sdf
[9.437s] -- Symlinking: /home/tal/TB3_PC_WS/install/turtlebot3_gazebo/share/turtlebot3_gazebo//models/turtlebot3_waffle/model.config
[9.441s] -- Symlinking: /home/tal/TB3_PC_WS/install/turtlebot3_gazebo/share/turtlebot3_gazebo//models/turtlebot3_waffle/model.sdf
[9.446s] -- Symlinking: /home/tal/TB3_PC_WS/install/turtlebot3_gazebo/share/turtlebot3_gazebo//models/turtlebot3_waffle_pi/model-1_4_.sdf
[9.451s] -- Symlinking: /home/tal/TB3_PC_WS/install/turtlebot3_gazebo/share/turtlebot3_gazebo//models/turtlebot3_waffle_pi/model.config
[9.457s] -- Symlinking: /home/tal/TB3_PC_WS/install/turtlebot3_gazebo/share/turtlebot3_gazebo//models/turtlebot3_waffle_pi/model.sdf
[9.464s] -- Symlinking: /home/tal/TB3_PC_WS/install/turtlebot3_gazebo/share/turtlebot3_gazebo//models/turtlebot3_world/meshes/hexagon.dae
[9.470s] -- Symlinking: /home/tal/TB3_PC_WS/install/turtlebot3_gazebo/share/turtlebot3_gazebo//models/turtlebot3_world/meshes/wall.dae
[9.477s] -- Symlinking: /home/tal/TB3_PC_WS/install/turtlebot3_gazebo/share/turtlebot3_gazebo//models/turtlebot3_world/model-1_4.sdf
[9.482s] -- Symlinking: /home/tal/TB3_PC_WS/install/turtlebot3_gazebo/share/turtlebot3_gazebo//models/turtlebot3_world/model.config
[9.486s] -- Symlinking: /home/tal/TB3_PC_WS/install/turtlebot3_gazebo/share/turtlebot3_gazebo//models/turtlebot3_world/model.sdf
[9.491s] -- Symlinking: /home/tal/TB3_PC_WS/install/turtlebot3_gazebo/share/turtlebot3_gazebo//rviz/tb3_gazebo.rviz
[9.495s] -- Symlinking: /home/tal/TB3_PC_WS/install/turtlebot3_gazebo/share/turtlebot3_gazebo//urdf/common_properties.urdf
[9.499s] -- Symlinking: /home/tal/TB3_PC_WS/install/turtlebot3_gazebo/share/turtlebot3_gazebo//urdf/turtlebot3_burger.urdf
[9.503s] -- Symlinking: /home/tal/TB3_PC_WS/install/turtlebot3_gazebo/share/turtlebot3_gazebo//urdf/turtlebot3_waffle.urdf
[9.507s] -- Symlinking: /home/tal/TB3_PC_WS/install/turtlebot3_gazebo/share/turtlebot3_gazebo//urdf/turtlebot3_waffle_pi.urdf
[9.511s] -- Symlinking: /home/tal/TB3_PC_WS/install/turtlebot3_gazebo/share/turtlebot3_gazebo//worlds/empty_world.world
[9.515s] -- Symlinking: /home/tal/TB3_PC_WS/install/turtlebot3_gazebo/share/turtlebot3_gazebo//worlds/turtlebot3_dqn_stage1.world
[9.519s] -- Symlinking: /home/tal/TB3_PC_WS/install/turtlebot3_gazebo/share/turtlebot3_gazebo//worlds/turtlebot3_dqn_stage2.world
[9.524s] -- Symlinking: /home/tal/TB3_PC_WS/install/turtlebot3_gazebo/share/turtlebot3_gazebo//worlds/turtlebot3_dqn_stage3.world
[9.528s] -- Symlinking: /home/tal/TB3_PC_WS/install/turtlebot3_gazebo/share/turtlebot3_gazebo//worlds/turtlebot3_dqn_stage4.world
[9.534s] -- Symlinking: /home/tal/TB3_PC_WS/install/turtlebot3_gazebo/share/turtlebot3_gazebo//worlds/turtlebot3_house.world
[9.538s] -- Symlinking: /home/tal/TB3_PC_WS/install/turtlebot3_gazebo/share/turtlebot3_gazebo//worlds/turtlebot3_world.world
[9.544s] -- Symlinking: /home/tal/TB3_PC_WS/install/turtlebot3_gazebo/include//turtlebot3_gazebo/turtlebot3_drive.hpp
[9.549s] -- Symlinking: /home/tal/TB3_PC_WS/install/turtlebot3_gazebo/share/ament_index/resource_index/package_run_dependencies/turtlebot3_gazebo
[9.555s] -- Symlinking: /home/tal/TB3_PC_WS/install/turtlebot3_gazebo/share/ament_index/resource_index/parent_prefix_path/turtlebot3_gazebo
[9.561s] -- Symlinking: /home/tal/TB3_PC_WS/install/turtlebot3_gazebo/share/turtlebot3_gazebo/environment/ament_prefix_path.sh
[9.566s] -- Symlinking: /home/tal/TB3_PC_WS/install/turtlebot3_gazebo/share/turtlebot3_gazebo/environment/ament_prefix_path.dsv
[9.573s] -- Symlinking: /home/tal/TB3_PC_WS/install/turtlebot3_gazebo/share/turtlebot3_gazebo/environment/path.sh
[9.581s] -- Symlinking: /home/tal/TB3_PC_WS/install/turtlebot3_gazebo/share/turtlebot3_gazebo/environment/path.dsv
[9.589s] -- Symlinking: /home/tal/TB3_PC_WS/install/turtlebot3_gazebo/share/turtlebot3_gazebo/local_setup.bash
[9.597s] -- Symlinking: /home/tal/TB3_PC_WS/install/turtlebot3_gazebo/share/turtlebot3_gazebo/local_setup.sh
[9.602s] -- Symlinking: /home/tal/TB3_PC_WS/install/turtlebot3_gazebo/share/turtlebot3_gazebo/local_setup.zsh
[9.607s] -- Symlinking: /home/tal/TB3_PC_WS/install/turtlebot3_gazebo/share/turtlebot3_gazebo/local_setup.dsv
[9.616s] -- Symlinking: /home/tal/TB3_PC_WS/install/turtlebot3_gazebo/share/turtlebot3_gazebo/package.dsv
[9.627s] -- Symlinking: /home/tal/TB3_PC_WS/install/turtlebot3_gazebo/share/ament_index/resource_index/packages/turtlebot3_gazebo
[9.637s] -- Symlinking: /home/tal/TB3_PC_WS/install/turtlebot3_gazebo/share/turtlebot3_gazebo/cmake/ament_cmake_export_include_directories-extras.cmake
[9.649s] -- Symlinking: /home/tal/TB3_PC_WS/install/turtlebot3_gazebo/share/turtlebot3_gazebo/cmake/ament_cmake_export_dependencies-extras.cmake
[9.654s] -- Symlinking: /home/tal/TB3_PC_WS/install/turtlebot3_gazebo/share/turtlebot3_gazebo/cmake/turtlebot3_gazeboConfig.cmake
[9.658s] -- Symlinking: /home/tal/TB3_PC_WS/install/turtlebot3_gazebo/share/turtlebot3_gazebo/cmake/turtlebot3_gazeboConfig-version.cmake
[9.662s] -- Symlinking: /home/tal/TB3_PC_WS/install/turtlebot3_gazebo/share/turtlebot3_gazebo/package.xml
[9.667s] Invoked command in '/home/tal/TB3_PC_WS/build/turtlebot3_gazebo' returned '0': CMAKE_PREFIX_PATH=/opt/ros/humble /usr/bin/cmake --install /home/tal/TB3_PC_WS/build/turtlebot3_gazebo
