[0.622s] Invoking command in '/home/tal/TB3_PC_WS/ros2_galactic/src/tb_run_script': PYTHONPATH=/home/tal/TB3_PC_WS/ros2_galactic/build/tb_run_script/prefix_override:/home/tal/.local/lib/python3.8/site-packages/colcon_core/task/python/colcon_distutils_commands:/home/tal/TB3_PC_WS/ros2_galactic/install/tb_run_script/lib/python3.8/site-packages:${PYTHONPATH} /usr/bin/python3 -W ignore:setup.py install is deprecated setup.py egg_info --egg-base ../../build/tb_run_script build --build-base /home/tal/TB3_PC_WS/ros2_galactic/build/tb_run_script/build install --record /home/tal/TB3_PC_WS/ros2_galactic/build/tb_run_script/install.log --single-version-externally-managed install_data
[0.749s] running egg_info
[0.749s] writing ../../build/tb_run_script/tb_run_script.egg-info/PKG-INFO
[0.749s] writing dependency_links to ../../build/tb_run_script/tb_run_script.egg-info/dependency_links.txt
[0.749s] writing entry points to ../../build/tb_run_script/tb_run_script.egg-info/entry_points.txt
[0.750s] writing requirements to ../../build/tb_run_script/tb_run_script.egg-info/requires.txt
[0.750s] writing top-level names to ../../build/tb_run_script/tb_run_script.egg-info/top_level.txt
[0.771s] reading manifest file '../../build/tb_run_script/tb_run_script.egg-info/SOURCES.txt'
[0.771s] writing manifest file '../../build/tb_run_script/tb_run_script.egg-info/SOURCES.txt'
[0.772s] running build
[0.772s] running build_py
[0.772s] running install
[0.772s] running install_lib
[0.773s] running install_data
[0.773s] running install_egg_info
[0.774s] removing '/home/tal/TB3_PC_WS/ros2_galactic/install/tb_run_script/lib/python3.8/site-packages/tb_run_script-0.0.0-py3.8.egg-info' (and everything under it)
[0.774s] Copying ../../build/tb_run_script/tb_run_script.egg-info to /home/tal/TB3_PC_WS/ros2_galactic/install/tb_run_script/lib/python3.8/site-packages/tb_run_script-0.0.0-py3.8.egg-info
[0.775s] running install_scripts
[0.786s] Installing run_script script to /home/tal/TB3_PC_WS/ros2_galactic/install/tb_run_script/lib/tb_run_script
[0.786s] writing list of installed files to '/home/tal/TB3_PC_WS/ros2_galactic/build/tb_run_script/install.log'
[0.802s] Invoked command in '/home/tal/TB3_PC_WS/ros2_galactic/src/tb_run_script' returned '0': PYTHONPATH=/home/tal/TB3_PC_WS/ros2_galactic/build/tb_run_script/prefix_override:/home/tal/.local/lib/python3.8/site-packages/colcon_core/task/python/colcon_distutils_commands:/home/tal/TB3_PC_WS/ros2_galactic/install/tb_run_script/lib/python3.8/site-packages:${PYTHONPATH} /usr/bin/python3 -W ignore:setup.py install is deprecated setup.py egg_info --egg-base ../../build/tb_run_script build --build-base /home/tal/TB3_PC_WS/ros2_galactic/build/tb_run_script/build install --record /home/tal/TB3_PC_WS/ros2_galactic/build/tb_run_script/install.log --single-version-externally-managed install_data
