[0.042s] Invoking command in '/home/tal/TB3_PC_WS/build/theora_image_transport': CMAKE_PREFIX_PATH=${CMAKE_PREFIX_PATH}:/home/tal/tut2_ws/install/my_robot_controller:/home/tal/tut_ws/install/my_robot_controller:/home/tal/tutorial_ws/install/launch_testing_examples:/home/tal/tutorial_ws/install/examples_rclpy_pointcloud_publisher:/home/tal/tutorial_ws/install/examples_rclpy_minimal_subscriber:/home/tal/tutorial_ws/install/examples_rclpy_minimal_service:/home/tal/tutorial_ws/install/examples_rclpy_minimal_publisher:/home/tal/tutorial_ws/install/examples_rclpy_minimal_client:/home/tal/tutorial_ws/install/examples_rclpy_minimal_action_server:/home/tal/tutorial_ws/install/examples_rclpy_minimal_action_client:/home/tal/tutorial_ws/install/examples_rclpy_guard_conditions:/home/tal/tutorial_ws/install/examples_rclpy_executors:/opt/ros/humble /usr/bin/cmake /home/tal/TB3_PC_WS/src/image_transport_plugins/theora_image_transport -DCMAKE_INSTALL_PREFIX=/home/tal/TB3_PC_WS/install/theora_image_transport
[0.138s] -- The C compiler identification is GNU 11.4.0
[0.236s] -- The CXX compiler identification is GNU 11.4.0
[0.236s] -- Detecting C compiler ABI info
[0.398s] -- Detecting C compiler ABI info - done
[0.403s] -- Check for working C compiler: /usr/bin/cc - skipped
[0.403s] -- Detecting C compile features
[0.403s] -- Detecting C compile features - done
[0.405s] -- Detecting CXX compiler ABI info
[0.482s] -- Detecting CXX compiler ABI info - done
[0.488s] -- Check for working CXX compiler: /usr/bin/c++ - skipped
[0.488s] -- Detecting CXX compile features
[0.488s] -- Detecting CXX compile features - done
[0.560s] -- Found ament_cmake: 1.3.9 (/opt/ros/humble/share/ament_cmake/cmake)
[0.806s] -- Found Python3: /usr/bin/python3 (found version "3.10.12") found components: Interpreter 
[0.920s] -- Found image_transport: 3.1.9 (/opt/ros/humble/share/image_transport/cmake)
[1.015s] -- Found rosidl_generator_c: 3.1.5 (/opt/ros/humble/share/rosidl_generator_c/cmake)
[1.015s] -- Found rosidl_adapter: 3.1.5 (/opt/ros/humble/share/rosidl_adapter/cmake)
[1.015s] -- Found rosidl_generator_cpp: 3.1.5 (/opt/ros/humble/share/rosidl_generator_cpp/cmake)
[1.015s] -- Using all available rosidl_typesupport_c: rosidl_typesupport_fastrtps_c;rosidl_typesupport_introspection_c
[1.015s] -- Using all available rosidl_typesupport_cpp: rosidl_typesupport_fastrtps_cpp;rosidl_typesupport_introspection_cpp
[1.067s] -- Found rmw_implementation_cmake: 6.1.2 (/opt/ros/humble/share/rmw_implementation_cmake/cmake)
[1.120s] -- Found rmw_fastrtps_cpp: 6.2.6 (/opt/ros/humble/share/rmw_fastrtps_cpp/cmake)
[1.328s] -- Found OpenSSL: /usr/lib/x86_64-linux-gnu/libcrypto.so (found version "3.0.2")  
[1.331s] -- Found FastRTPS: /opt/ros/humble/include  
[1.398s] -- Using RMW implementation 'rmw_fastrtps_cpp' as default
[1.404s] -- Looking for pthread.h
[1.498s] -- Looking for pthread.h - found
[1.498s] -- Performing Test CMAKE_HAVE_LIBC_PTHREAD
[1.633s] -- Performing Test CMAKE_HAVE_LIBC_PTHREAD - Success
[1.633s] -- Found Threads: TRUE  
[2.118s] -- Found cv_bridge: 3.2.1 (/opt/ros/humble/share/cv_bridge/cmake)
[2.119s] -- Found rosidl_default_generators: 1.2.0 (/opt/ros/humble/share/rosidl_default_generators/cmake)
[2.119s] -- Found OpenCV: /usr (found version "4.5.4") found components: imgproc 
[2.119s] -- Found PkgConfig: /usr/bin/pkg-config (found version "0.29.2") 
[2.119s] -- Checking for module 'ogg'
[2.119s] --   Found ogg, version 1.3.5
[2.204s] -- Checking for module 'theora'
[2.219s] --   Found theora, version 1.1.1
[2.219s] -- Checking for module 'theoraenc'
[2.219s] --   Found theoraenc, version 1.1.1
[2.322s] -- Checking for module 'theoradec'
[2.322s] --   Found theoradec, version 1.1.1
[3.240s] -- Found ament_cmake_cppcheck: 0.12.11 (/opt/ros/humble/share/ament_cmake_cppcheck/cmake)
[3.240s] -- Found ament_cmake_cpplint: 0.12.11 (/opt/ros/humble/share/ament_cmake_cpplint/cmake)
[3.240s] -- Found ament_cmake_uncrustify: 0.12.11 (/opt/ros/humble/share/ament_cmake_uncrustify/cmake)
[3.240s] -- Found ament_cmake_ros: 0.10.0 (/opt/ros/humble/share/ament_cmake_ros/cmake)
[4.593s] -- Using all available rosidl_typesupport_c: rosidl_typesupport_fastrtps_c;rosidl_typesupport_introspection_c
[5.244s] -- Using all available rosidl_typesupport_cpp: rosidl_typesupport_fastrtps_cpp;rosidl_typesupport_introspection_cpp
[5.321s] -- Found PythonInterp: /usr/bin/python3 (found suitable version "3.10.12", minimum required is "3.6") 
[5.321s] -- Found python_cmake_module: 0.10.0 (/opt/ros/humble/share/python_cmake_module/cmake)
[5.425s] -- Found PythonLibs: /usr/lib/x86_64-linux-gnu/libpython3.10.so (found suitable version "3.10.12", minimum required is "3.5") 
[5.425s] -- Using PYTHON_EXECUTABLE: /usr/bin/python3
[5.425s] -- Using PYTHON_INCLUDE_DIRS: /usr/include/python3.10
[5.425s] -- Using PYTHON_LIBRARIES: /usr/lib/x86_64-linux-gnu/libpython3.10.so
[5.637s] -- Found PythonExtra: .so  
[5.865s] -- Found ament_cmake_flake8: 0.12.11 (/opt/ros/humble/share/ament_cmake_flake8/cmake)
[5.865s] -- Found ament_cmake_pep257: 0.12.11 (/opt/ros/humble/share/ament_cmake_pep257/cmake)
[5.865s] -- Configuring done
[6.150s] -- Generating done
[6.150s] -- Build files have been written to: /home/tal/TB3_PC_WS/build/theora_image_transport
[6.254s] Invoked command in '/home/tal/TB3_PC_WS/build/theora_image_transport' returned '0': CMAKE_PREFIX_PATH=${CMAKE_PREFIX_PATH}:/home/tal/tut2_ws/install/my_robot_controller:/home/tal/tut_ws/install/my_robot_controller:/home/tal/tutorial_ws/install/launch_testing_examples:/home/tal/tutorial_ws/install/examples_rclpy_pointcloud_publisher:/home/tal/tutorial_ws/install/examples_rclpy_minimal_subscriber:/home/tal/tutorial_ws/install/examples_rclpy_minimal_service:/home/tal/tutorial_ws/install/examples_rclpy_minimal_publisher:/home/tal/tutorial_ws/install/examples_rclpy_minimal_client:/home/tal/tutorial_ws/install/examples_rclpy_minimal_action_server:/home/tal/tutorial_ws/install/examples_rclpy_minimal_action_client:/home/tal/tutorial_ws/install/examples_rclpy_guard_conditions:/home/tal/tutorial_ws/install/examples_rclpy_executors:/opt/ros/humble /usr/bin/cmake /home/tal/TB3_PC_WS/src/image_transport_plugins/theora_image_transport -DCMAKE_INSTALL_PREFIX=/home/tal/TB3_PC_WS/install/theora_image_transport
[6.255s] Invoking command in '/home/tal/TB3_PC_WS/build/theora_image_transport': CMAKE_PREFIX_PATH=${CMAKE_PREFIX_PATH}:/home/tal/tut2_ws/install/my_robot_controller:/home/tal/tut_ws/install/my_robot_controller:/home/tal/tutorial_ws/install/launch_testing_examples:/home/tal/tutorial_ws/install/examples_rclpy_pointcloud_publisher:/home/tal/tutorial_ws/install/examples_rclpy_minimal_subscriber:/home/tal/tutorial_ws/install/examples_rclpy_minimal_service:/home/tal/tutorial_ws/install/examples_rclpy_minimal_publisher:/home/tal/tutorial_ws/install/examples_rclpy_minimal_client:/home/tal/tutorial_ws/install/examples_rclpy_minimal_action_server:/home/tal/tutorial_ws/install/examples_rclpy_minimal_action_client:/home/tal/tutorial_ws/install/examples_rclpy_guard_conditions:/home/tal/tutorial_ws/install/examples_rclpy_executors:/opt/ros/humble /usr/bin/cmake --build /home/tal/TB3_PC_WS/build/theora_image_transport -- -j6 -l6
[9.721s] [  2%] [34m[1mGenerating C code for ROS interfaces[0m
[9.721s] [  5%] [34m[1mGenerating C++ code for ROS interfaces[0m
[9.721s] [  5%] Built target ament_cmake_python_copy_theora_image_transport
[9.721s] running egg_info
[9.722s] creating theora_image_transport.egg-info
[9.722s] writing theora_image_transport.egg-info/PKG-INFO
[9.722s] writing dependency_links to theora_image_transport.egg-info/dependency_links.txt
[9.729s] writing top-level names to theora_image_transport.egg-info/top_level.txt
[9.729s] writing manifest file 'theora_image_transport.egg-info/SOURCES.txt'
[9.729s] reading manifest file 'theora_image_transport.egg-info/SOURCES.txt'
[9.729s] writing manifest file 'theora_image_transport.egg-info/SOURCES.txt'
[9.729s] [  5%] Built target ament_cmake_python_build_theora_image_transport_egg
[9.729s] [  5%] Built target theora_image_transport__cpp
[9.729s] [  8%] [32mBuilding C object CMakeFiles/theora_image_transport__rosidl_generator_c.dir/rosidl_generator_c/theora_image_transport/msg/detail/packet__functions.c.o[0m
[9.729s] [ 10%] [34m[1mGenerating C++ type support dispatch for ROS interfaces[0m
[9.729s] [ 13%] [34m[1mGenerating C++ type support for eProsima Fast-RTPS[0m
[9.729s] [ 16%] [34m[1mGenerating C++ introspection for ROS interfaces[0m
[9.729s] [ 18%] [32m[1mLinking C shared library libtheora_image_transport__rosidl_generator_c.so[0m
[9.729s] [ 18%] Built target theora_image_transport__rosidl_generator_c
[9.729s] [ 21%] [34m[1mGenerating C type support for eProsima Fast-RTPS[0m
[9.729s] [ 24%] [34m[1mGenerating C introspection for ROS interfaces[0m
[9.729s] [ 27%] [34m[1mGenerating C type support dispatch for ROS interfaces[0m
[9.729s] [ 29%] [32mBuilding CXX object CMakeFiles/theora_image_transport__rosidl_typesupport_cpp.dir/rosidl_typesupport_cpp/theora_image_transport/msg/packet__type_support.cpp.o[0m
[9.729s] [ 32%] [32mBuilding CXX object CMakeFiles/theora_image_transport__rosidl_typesupport_introspection_cpp.dir/rosidl_typesupport_introspection_cpp/theora_image_transport/msg/detail/packet__type_support.cpp.o[0m
[9.730s] [ 35%] [32mBuilding CXX object CMakeFiles/theora_image_transport__rosidl_typesupport_fastrtps_cpp.dir/rosidl_typesupport_fastrtps_cpp/theora_image_transport/msg/detail/dds_fastrtps/packet__type_support.cpp.o[0m
[9.966s] [ 37%] [32m[1mLinking CXX shared library libtheora_image_transport__rosidl_typesupport_cpp.so[0m
[10.136s] [ 40%] [32mBuilding C object CMakeFiles/theora_image_transport__rosidl_typesupport_introspection_c.dir/rosidl_typesupport_introspection_c/theora_image_transport/msg/detail/packet__type_support.c.o[0m
[10.137s] [ 43%] [32mBuilding CXX object CMakeFiles/theora_image_transport__rosidl_typesupport_fastrtps_c.dir/rosidl_typesupport_fastrtps_c/theora_image_transport/msg/detail/packet__type_support_c.cpp.o[0m
[10.240s] [ 43%] Built target theora_image_transport__rosidl_typesupport_cpp
[10.344s] [ 45%] [32mBuilding CXX object CMakeFiles/theora_image_transport__rosidl_typesupport_c.dir/rosidl_typesupport_c/theora_image_transport/msg/packet__type_support.cpp.o[0m
[10.447s] [ 48%] [32m[1mLinking C shared library libtheora_image_transport__rosidl_typesupport_introspection_c.so[0m
[10.447s] [ 51%] [32mBuilding CXX object CMakeFiles/theora_image_transport_component.dir/src/theora_publisher.cpp.o[0m
[10.553s] [ 54%] [32m[1mLinking CXX shared library libtheora_image_transport__rosidl_typesupport_c.so[0m
[10.759s] [ 54%] Built target theora_image_transport__rosidl_typesupport_c
[10.783s] [ 54%] Built target theora_image_transport__rosidl_typesupport_introspection_c
[10.865s] [ 56%] [32mBuilding CXX object CMakeFiles/theora_image_transport_component.dir/src/theora_subscriber.cpp.o[0m
[10.873s] [ 59%] [32mBuilding CXX object CMakeFiles/ogg_saver.dir/src/ogg_saver.cpp.o[0m
[10.890s] [ 62%] [32m[1mLinking CXX shared library libtheora_image_transport__rosidl_typesupport_introspection_cpp.so[0m
[11.692s] [ 62%] Built target theora_image_transport__rosidl_typesupport_introspection_cpp
[11.705s] [ 64%] [32mBuilding CXX object CMakeFiles/theora_image_transport_component.dir/src/manifest.cpp.o[0m
[11.797s] [ 67%] [32m[1mLinking CXX shared library libtheora_image_transport__rosidl_typesupport_fastrtps_c.so[0m
[11.817s] [ 70%] [32m[1mLinking CXX shared library libtheora_image_transport__rosidl_typesupport_fastrtps_cpp.so[0m
[12.214s] [ 70%] Built target theora_image_transport__rosidl_typesupport_fastrtps_c
[12.525s] [ 70%] Built target theora_image_transport__rosidl_typesupport_fastrtps_cpp
[12.837s] [ 70%] Built target theora_image_transport
[12.962s] [ 72%] [34m[1mGenerating Python code for ROS interfaces[0m
[15.151s] [ 72%] Built target theora_image_transport__py
[15.546s] [ 75%] [32mBuilding C object CMakeFiles/theora_image_transport__rosidl_generator_py.dir/rosidl_generator_py/theora_image_transport/msg/_packet_s.c.o[0m
[15.880s] [ 78%] [32m[1mLinking C shared library rosidl_generator_py/theora_image_transport/libtheora_image_transport__rosidl_generator_py.so[0m
[16.097s] [ 78%] Built target theora_image_transport__rosidl_generator_py
[16.413s] [ 81%] [32mBuilding C object CMakeFiles/theora_image_transport__rosidl_typesupport_introspection_c__pyext.dir/rosidl_generator_py/theora_image_transport/_theora_image_transport_s.ep.rosidl_typesupport_introspection_c.c.o[0m
[16.595s] [ 83%] [32mBuilding C object CMakeFiles/theora_image_transport__rosidl_typesupport_fastrtps_c__pyext.dir/rosidl_generator_py/theora_image_transport/_theora_image_transport_s.ep.rosidl_typesupport_fastrtps_c.c.o[0m
[16.713s] [ 86%] [32m[1mLinking C shared library rosidl_generator_py/theora_image_transport/theora_image_transport_s__rosidl_typesupport_introspection_c.cpython-310-x86_64-linux-gnu.so[0m
[16.906s] [ 89%] [32m[1mLinking C shared library rosidl_generator_py/theora_image_transport/theora_image_transport_s__rosidl_typesupport_fastrtps_c.cpython-310-x86_64-linux-gnu.so[0m
[17.109s] [ 89%] Built target theora_image_transport__rosidl_typesupport_introspection_c__pyext
[17.344s] [ 89%] Built target theora_image_transport__rosidl_typesupport_fastrtps_c__pyext
[33.568s] [ 91%] [32m[1mLinking CXX executable ogg_saver[0m
[34.163s] [ 91%] Built target ogg_saver
[34.255s] [ 94%] [32m[1mLinking CXX shared library libtheora_image_transport_component.so[0m
[35.933s] [ 94%] Built target theora_image_transport_component
[36.148s] [ 97%] [32mBuilding C object CMakeFiles/theora_image_transport__rosidl_typesupport_c__pyext.dir/rosidl_generator_py/theora_image_transport/_theora_image_transport_s.ep.rosidl_typesupport_c.c.o[0m
[36.463s] [100%] [32m[1mLinking C shared library rosidl_generator_py/theora_image_transport/theora_image_transport_s__rosidl_typesupport_c.cpython-310-x86_64-linux-gnu.so[0m
[36.780s] [100%] Built target theora_image_transport__rosidl_typesupport_c__pyext
[37.053s] Invoked command in '/home/tal/TB3_PC_WS/build/theora_image_transport' returned '0': CMAKE_PREFIX_PATH=${CMAKE_PREFIX_PATH}:/home/tal/tut2_ws/install/my_robot_controller:/home/tal/tut_ws/install/my_robot_controller:/home/tal/tutorial_ws/install/launch_testing_examples:/home/tal/tutorial_ws/install/examples_rclpy_pointcloud_publisher:/home/tal/tutorial_ws/install/examples_rclpy_minimal_subscriber:/home/tal/tutorial_ws/install/examples_rclpy_minimal_service:/home/tal/tutorial_ws/install/examples_rclpy_minimal_publisher:/home/tal/tutorial_ws/install/examples_rclpy_minimal_client:/home/tal/tutorial_ws/install/examples_rclpy_minimal_action_server:/home/tal/tutorial_ws/install/examples_rclpy_minimal_action_client:/home/tal/tutorial_ws/install/examples_rclpy_guard_conditions:/home/tal/tutorial_ws/install/examples_rclpy_executors:/opt/ros/humble /usr/bin/cmake --build /home/tal/TB3_PC_WS/build/theora_image_transport -- -j6 -l6
[38.713s] Invoking command in '/home/tal/TB3_PC_WS/build/theora_image_transport': CMAKE_PREFIX_PATH=${CMAKE_PREFIX_PATH}:/home/tal/tut2_ws/install/my_robot_controller:/home/tal/tut_ws/install/my_robot_controller:/home/tal/tutorial_ws/install/launch_testing_examples:/home/tal/tutorial_ws/install/examples_rclpy_pointcloud_publisher:/home/tal/tutorial_ws/install/examples_rclpy_minimal_subscriber:/home/tal/tutorial_ws/install/examples_rclpy_minimal_service:/home/tal/tutorial_ws/install/examples_rclpy_minimal_publisher:/home/tal/tutorial_ws/install/examples_rclpy_minimal_client:/home/tal/tutorial_ws/install/examples_rclpy_minimal_action_server:/home/tal/tutorial_ws/install/examples_rclpy_minimal_action_client:/home/tal/tutorial_ws/install/examples_rclpy_guard_conditions:/home/tal/tutorial_ws/install/examples_rclpy_executors:/opt/ros/humble /usr/bin/cmake --install /home/tal/TB3_PC_WS/build/theora_image_transport
[38.723s] -- Install configuration: ""
[38.724s] -- Installing: /home/tal/TB3_PC_WS/install/theora_image_transport/share/ament_index/resource_index/rosidl_interfaces/theora_image_transport
[38.724s] -- Installing: /home/tal/TB3_PC_WS/install/theora_image_transport/include/theora_image_transport/theora_image_transport
[38.724s] -- Installing: /home/tal/TB3_PC_WS/install/theora_image_transport/include/theora_image_transport/theora_image_transport/msg
[38.724s] -- Installing: /home/tal/TB3_PC_WS/install/theora_image_transport/include/theora_image_transport/theora_image_transport/msg/rosidl_generator_c__visibility_control.h
[38.724s] -- Installing: /home/tal/TB3_PC_WS/install/theora_image_transport/include/theora_image_transport/theora_image_transport/msg/detail
[38.724s] -- Installing: /home/tal/TB3_PC_WS/install/theora_image_transport/include/theora_image_transport/theora_image_transport/msg/detail/packet__type_support.h
[38.724s] -- Installing: /home/tal/TB3_PC_WS/install/theora_image_transport/include/theora_image_transport/theora_image_transport/msg/detail/packet__struct.h
[38.724s] -- Installing: /home/tal/TB3_PC_WS/install/theora_image_transport/include/theora_image_transport/theora_image_transport/msg/detail/packet__functions.h
[38.724s] -- Installing: /home/tal/TB3_PC_WS/install/theora_image_transport/include/theora_image_transport/theora_image_transport/msg/detail/packet__functions.c
[38.724s] -- Installing: /home/tal/TB3_PC_WS/install/theora_image_transport/include/theora_image_transport/theora_image_transport/msg/packet.h
[38.724s] -- Installing: /home/tal/TB3_PC_WS/install/theora_image_transport/share/theora_image_transport/environment/library_path.sh
[38.724s] -- Installing: /home/tal/TB3_PC_WS/install/theora_image_transport/share/theora_image_transport/environment/library_path.dsv
[38.724s] -- Installing: /home/tal/TB3_PC_WS/install/theora_image_transport/lib/libtheora_image_transport__rosidl_generator_c.so
[38.724s] -- Set runtime path of "/home/tal/TB3_PC_WS/install/theora_image_transport/lib/libtheora_image_transport__rosidl_generator_c.so" to ""
[38.724s] -- Up-to-date: /home/tal/TB3_PC_WS/install/theora_image_transport/include/theora_image_transport/theora_image_transport
[38.724s] -- Up-to-date: /home/tal/TB3_PC_WS/install/theora_image_transport/include/theora_image_transport/theora_image_transport/msg
[38.724s] -- Up-to-date: /home/tal/TB3_PC_WS/install/theora_image_transport/include/theora_image_transport/theora_image_transport/msg/detail
[38.724s] -- Installing: /home/tal/TB3_PC_WS/install/theora_image_transport/include/theora_image_transport/theora_image_transport/msg/detail/packet__rosidl_typesupport_fastrtps_c.h
[38.724s] -- Installing: /home/tal/TB3_PC_WS/install/theora_image_transport/include/theora_image_transport/theora_image_transport/msg/rosidl_typesupport_fastrtps_c__visibility_control.h
[38.724s] -- Installing: /home/tal/TB3_PC_WS/install/theora_image_transport/lib/libtheora_image_transport__rosidl_typesupport_fastrtps_c.so
[38.724s] -- Set runtime path of "/home/tal/TB3_PC_WS/install/theora_image_transport/lib/libtheora_image_transport__rosidl_typesupport_fastrtps_c.so" to ""
[38.724s] -- Up-to-date: /home/tal/TB3_PC_WS/install/theora_image_transport/include/theora_image_transport/theora_image_transport
[38.724s] -- Up-to-date: /home/tal/TB3_PC_WS/install/theora_image_transport/include/theora_image_transport/theora_image_transport/msg
[38.725s] -- Installing: /home/tal/TB3_PC_WS/install/theora_image_transport/include/theora_image_transport/theora_image_transport/msg/packet.hpp
[38.725s] -- Up-to-date: /home/tal/TB3_PC_WS/install/theora_image_transport/include/theora_image_transport/theora_image_transport/msg/detail
[38.725s] -- Installing: /home/tal/TB3_PC_WS/install/theora_image_transport/include/theora_image_transport/theora_image_transport/msg/detail/packet__builder.hpp
[38.725s] -- Installing: /home/tal/TB3_PC_WS/install/theora_image_transport/include/theora_image_transport/theora_image_transport/msg/detail/packet__struct.hpp
[38.725s] -- Installing: /home/tal/TB3_PC_WS/install/theora_image_transport/include/theora_image_transport/theora_image_transport/msg/detail/packet__traits.hpp
[38.725s] -- Up-to-date: /home/tal/TB3_PC_WS/install/theora_image_transport/include/theora_image_transport/theora_image_transport
[38.725s] -- Up-to-date: /home/tal/TB3_PC_WS/install/theora_image_transport/include/theora_image_transport/theora_image_transport/msg
[38.725s] -- Installing: /home/tal/TB3_PC_WS/install/theora_image_transport/include/theora_image_transport/theora_image_transport/msg/rosidl_typesupport_fastrtps_cpp__visibility_control.h
[38.725s] -- Up-to-date: /home/tal/TB3_PC_WS/install/theora_image_transport/include/theora_image_transport/theora_image_transport/msg/detail
[38.725s] -- Installing: /home/tal/TB3_PC_WS/install/theora_image_transport/include/theora_image_transport/theora_image_transport/msg/detail/dds_fastrtps
[38.725s] -- Installing: /home/tal/TB3_PC_WS/install/theora_image_transport/include/theora_image_transport/theora_image_transport/msg/detail/packet__rosidl_typesupport_fastrtps_cpp.hpp
[38.725s] -- Installing: /home/tal/TB3_PC_WS/install/theora_image_transport/lib/libtheora_image_transport__rosidl_typesupport_fastrtps_cpp.so
[38.725s] -- Set runtime path of "/home/tal/TB3_PC_WS/install/theora_image_transport/lib/libtheora_image_transport__rosidl_typesupport_fastrtps_cpp.so" to ""
[38.725s] -- Up-to-date: /home/tal/TB3_PC_WS/install/theora_image_transport/include/theora_image_transport/theora_image_transport
[38.725s] -- Up-to-date: /home/tal/TB3_PC_WS/install/theora_image_transport/include/theora_image_transport/theora_image_transport/msg
[38.725s] -- Up-to-date: /home/tal/TB3_PC_WS/install/theora_image_transport/include/theora_image_transport/theora_image_transport/msg/detail
[38.725s] -- Installing: /home/tal/TB3_PC_WS/install/theora_image_transport/include/theora_image_transport/theora_image_transport/msg/detail/packet__type_support.c
[38.725s] -- Installing: /home/tal/TB3_PC_WS/install/theora_image_transport/include/theora_image_transport/theora_image_transport/msg/detail/packet__rosidl_typesupport_introspection_c.h
[38.725s] -- Installing: /home/tal/TB3_PC_WS/install/theora_image_transport/include/theora_image_transport/theora_image_transport/msg/rosidl_typesupport_introspection_c__visibility_control.h
[38.725s] -- Installing: /home/tal/TB3_PC_WS/install/theora_image_transport/lib/libtheora_image_transport__rosidl_typesupport_introspection_c.so
[38.725s] -- Set runtime path of "/home/tal/TB3_PC_WS/install/theora_image_transport/lib/libtheora_image_transport__rosidl_typesupport_introspection_c.so" to ""
[38.725s] -- Installing: /home/tal/TB3_PC_WS/install/theora_image_transport/lib/libtheora_image_transport__rosidl_typesupport_c.so
[38.725s] -- Set runtime path of "/home/tal/TB3_PC_WS/install/theora_image_transport/lib/libtheora_image_transport__rosidl_typesupport_c.so" to ""
[38.725s] -- Up-to-date: /home/tal/TB3_PC_WS/install/theora_image_transport/include/theora_image_transport/theora_image_transport
[38.725s] -- Up-to-date: /home/tal/TB3_PC_WS/install/theora_image_transport/include/theora_image_transport/theora_image_transport/msg
[38.725s] -- Up-to-date: /home/tal/TB3_PC_WS/install/theora_image_transport/include/theora_image_transport/theora_image_transport/msg/detail
[38.725s] -- Installing: /home/tal/TB3_PC_WS/install/theora_image_transport/include/theora_image_transport/theora_image_transport/msg/detail/packet__type_support.cpp
[38.725s] -- Installing: /home/tal/TB3_PC_WS/install/theora_image_transport/include/theora_image_transport/theora_image_transport/msg/detail/packet__rosidl_typesupport_introspection_cpp.hpp
[38.726s] -- Installing: /home/tal/TB3_PC_WS/install/theora_image_transport/lib/libtheora_image_transport__rosidl_typesupport_introspection_cpp.so
[38.726s] -- Set runtime path of "/home/tal/TB3_PC_WS/install/theora_image_transport/lib/libtheora_image_transport__rosidl_typesupport_introspection_cpp.so" to ""
[38.726s] -- Installing: /home/tal/TB3_PC_WS/install/theora_image_transport/lib/libtheora_image_transport__rosidl_typesupport_cpp.so
[38.726s] -- Set runtime path of "/home/tal/TB3_PC_WS/install/theora_image_transport/lib/libtheora_image_transport__rosidl_typesupport_cpp.so" to ""
[38.726s] -- Installing: /home/tal/TB3_PC_WS/install/theora_image_transport/share/theora_image_transport/environment/pythonpath.sh
[38.726s] -- Installing: /home/tal/TB3_PC_WS/install/theora_image_transport/share/theora_image_transport/environment/pythonpath.dsv
[38.726s] -- Installing: /home/tal/TB3_PC_WS/install/theora_image_transport/local/lib/python3.10/dist-packages/theora_image_transport-2.5.0-py3.10.egg-info
[38.726s] -- Installing: /home/tal/TB3_PC_WS/install/theora_image_transport/local/lib/python3.10/dist-packages/theora_image_transport-2.5.0-py3.10.egg-info/PKG-INFO
[38.726s] -- Installing: /home/tal/TB3_PC_WS/install/theora_image_transport/local/lib/python3.10/dist-packages/theora_image_transport-2.5.0-py3.10.egg-info/top_level.txt
[38.726s] -- Installing: /home/tal/TB3_PC_WS/install/theora_image_transport/local/lib/python3.10/dist-packages/theora_image_transport-2.5.0-py3.10.egg-info/SOURCES.txt
[38.726s] -- Installing: /home/tal/TB3_PC_WS/install/theora_image_transport/local/lib/python3.10/dist-packages/theora_image_transport-2.5.0-py3.10.egg-info/dependency_links.txt
[38.726s] -- Installing: /home/tal/TB3_PC_WS/install/theora_image_transport/local/lib/python3.10/dist-packages/theora_image_transport
[38.726s] -- Installing: /home/tal/TB3_PC_WS/install/theora_image_transport/local/lib/python3.10/dist-packages/theora_image_transport/_theora_image_transport_s.ep.rosidl_typesupport_introspection_c.c
[38.726s] -- Installing: /home/tal/TB3_PC_WS/install/theora_image_transport/local/lib/python3.10/dist-packages/theora_image_transport/theora_image_transport_s__rosidl_typesupport_fastrtps_c.cpython-310-x86_64-linux-gnu.so
[38.726s] -- Installing: /home/tal/TB3_PC_WS/install/theora_image_transport/local/lib/python3.10/dist-packages/theora_image_transport/theora_image_transport_s__rosidl_typesupport_introspection_c.cpython-310-x86_64-linux-gnu.so
[38.726s] -- Installing: /home/tal/TB3_PC_WS/install/theora_image_transport/local/lib/python3.10/dist-packages/theora_image_transport/msg
[38.726s] -- Installing: /home/tal/TB3_PC_WS/install/theora_image_transport/local/lib/python3.10/dist-packages/theora_image_transport/msg/__init__.py
[38.726s] -- Installing: /home/tal/TB3_PC_WS/install/theora_image_transport/local/lib/python3.10/dist-packages/theora_image_transport/msg/_packet.py
[38.726s] -- Installing: /home/tal/TB3_PC_WS/install/theora_image_transport/local/lib/python3.10/dist-packages/theora_image_transport/msg/_packet_s.c
[38.726s] -- Installing: /home/tal/TB3_PC_WS/install/theora_image_transport/local/lib/python3.10/dist-packages/theora_image_transport/theora_image_transport_s__rosidl_typesupport_c.cpython-310-x86_64-linux-gnu.so
[38.726s] -- Installing: /home/tal/TB3_PC_WS/install/theora_image_transport/local/lib/python3.10/dist-packages/theora_image_transport/_theora_image_transport_s.ep.rosidl_typesupport_fastrtps_c.c
[38.726s] -- Installing: /home/tal/TB3_PC_WS/install/theora_image_transport/local/lib/python3.10/dist-packages/theora_image_transport/libtheora_image_transport__rosidl_generator_py.so
[38.726s] -- Installing: /home/tal/TB3_PC_WS/install/theora_image_transport/local/lib/python3.10/dist-packages/theora_image_transport/_theora_image_transport_s.ep.rosidl_typesupport_c.c
[38.726s] -- Installing: /home/tal/TB3_PC_WS/install/theora_image_transport/local/lib/python3.10/dist-packages/theora_image_transport/__init__.py
[38.727s] Listing '/home/tal/TB3_PC_WS/install/theora_image_transport/local/lib/python3.10/dist-packages/theora_image_transport'...
[38.727s] Compiling '/home/tal/TB3_PC_WS/install/theora_image_transport/local/lib/python3.10/dist-packages/theora_image_transport/__init__.py'...
[38.727s] Listing '/home/tal/TB3_PC_WS/install/theora_image_transport/local/lib/python3.10/dist-packages/theora_image_transport/msg'...
[38.727s] Compiling '/home/tal/TB3_PC_WS/install/theora_image_transport/local/lib/python3.10/dist-packages/theora_image_transport/msg/__init__.py'...
[38.727s] Compiling '/home/tal/TB3_PC_WS/install/theora_image_transport/local/lib/python3.10/dist-packages/theora_image_transport/msg/_packet.py'...
[38.818s] -- Installing: /home/tal/TB3_PC_WS/install/theora_image_transport/local/lib/python3.10/dist-packages/theora_image_transport/theora_image_transport_s__rosidl_typesupport_fastrtps_c.cpython-310-x86_64-linux-gnu.so
[38.818s] -- Set runtime path of "/home/tal/TB3_PC_WS/install/theora_image_transport/local/lib/python3.10/dist-packages/theora_image_transport/theora_image_transport_s__rosidl_typesupport_fastrtps_c.cpython-310-x86_64-linux-gnu.so" to ""
[38.819s] -- Installing: /home/tal/TB3_PC_WS/install/theora_image_transport/local/lib/python3.10/dist-packages/theora_image_transport/theora_image_transport_s__rosidl_typesupport_introspection_c.cpython-310-x86_64-linux-gnu.so
[38.819s] -- Set runtime path of "/home/tal/TB3_PC_WS/install/theora_image_transport/local/lib/python3.10/dist-packages/theora_image_transport/theora_image_transport_s__rosidl_typesupport_introspection_c.cpython-310-x86_64-linux-gnu.so" to ""
[38.819s] -- Installing: /home/tal/TB3_PC_WS/install/theora_image_transport/local/lib/python3.10/dist-packages/theora_image_transport/theora_image_transport_s__rosidl_typesupport_c.cpython-310-x86_64-linux-gnu.so
[38.819s] -- Set runtime path of "/home/tal/TB3_PC_WS/install/theora_image_transport/local/lib/python3.10/dist-packages/theora_image_transport/theora_image_transport_s__rosidl_typesupport_c.cpython-310-x86_64-linux-gnu.so" to ""
[38.819s] -- Installing: /home/tal/TB3_PC_WS/install/theora_image_transport/lib/libtheora_image_transport__rosidl_generator_py.so
[38.819s] -- Set runtime path of "/home/tal/TB3_PC_WS/install/theora_image_transport/lib/libtheora_image_transport__rosidl_generator_py.so" to ""
[38.819s] -- Installing: /home/tal/TB3_PC_WS/install/theora_image_transport/share/theora_image_transport/msg/Packet.idl
[38.819s] -- Installing: /home/tal/TB3_PC_WS/install/theora_image_transport/share/theora_image_transport/msg/Packet.msg
[38.819s] -- Installing: /home/tal/TB3_PC_WS/install/theora_image_transport/lib/libtheora_image_transport_component.so
[38.819s] -- Set runtime path of "/home/tal/TB3_PC_WS/install/theora_image_transport/lib/libtheora_image_transport_component.so" to ""
[38.819s] -- Installing: /home/tal/TB3_PC_WS/install/theora_image_transport/lib/theora_image_transport/ogg_saver
[38.819s] -- Set runtime path of "/home/tal/TB3_PC_WS/install/theora_image_transport/lib/theora_image_transport/ogg_saver" to ""
[38.819s] -- Up-to-date: /home/tal/TB3_PC_WS/install/theora_image_transport/include/theora_image_transport
[38.819s] -- Up-to-date: /home/tal/TB3_PC_WS/install/theora_image_transport/include/theora_image_transport/theora_image_transport
[38.819s] -- Installing: /home/tal/TB3_PC_WS/install/theora_image_transport/include/theora_image_transport/theora_image_transport/theora_publisher.h
[38.819s] -- Installing: /home/tal/TB3_PC_WS/install/theora_image_transport/include/theora_image_transport/theora_image_transport/theora_subscriber.h
[38.819s] -- Installing: /home/tal/TB3_PC_WS/install/theora_image_transport/share/theora_image_transport/theora_plugins.xml
[38.819s] -- Installing: /home/tal/TB3_PC_WS/install/theora_image_transport/share/ament_index/resource_index/package_run_dependencies/theora_image_transport
[38.820s] -- Installing: /home/tal/TB3_PC_WS/install/theora_image_transport/share/ament_index/resource_index/parent_prefix_path/theora_image_transport
[38.820s] -- Installing: /home/tal/TB3_PC_WS/install/theora_image_transport/share/theora_image_transport/environment/ament_prefix_path.sh
[38.820s] -- Installing: /home/tal/TB3_PC_WS/install/theora_image_transport/share/theora_image_transport/environment/ament_prefix_path.dsv
[38.820s] -- Installing: /home/tal/TB3_PC_WS/install/theora_image_transport/share/theora_image_transport/environment/path.sh
[38.820s] -- Installing: /home/tal/TB3_PC_WS/install/theora_image_transport/share/theora_image_transport/environment/path.dsv
[38.820s] -- Installing: /home/tal/TB3_PC_WS/install/theora_image_transport/share/theora_image_transport/local_setup.bash
[38.820s] -- Installing: /home/tal/TB3_PC_WS/install/theora_image_transport/share/theora_image_transport/local_setup.sh
[38.820s] -- Installing: /home/tal/TB3_PC_WS/install/theora_image_transport/share/theora_image_transport/local_setup.zsh
[38.820s] -- Installing: /home/tal/TB3_PC_WS/install/theora_image_transport/share/theora_image_transport/local_setup.dsv
[38.820s] -- Installing: /home/tal/TB3_PC_WS/install/theora_image_transport/share/theora_image_transport/package.dsv
[38.820s] -- Installing: /home/tal/TB3_PC_WS/install/theora_image_transport/share/ament_index/resource_index/packages/theora_image_transport
[38.820s] -- Installing: /home/tal/TB3_PC_WS/install/theora_image_transport/share/ament_index/resource_index/image_transport__pluginlib__plugin/theora_image_transport
[38.820s] -- Installing: /home/tal/TB3_PC_WS/install/theora_image_transport/share/theora_image_transport/cmake/export_theora_image_transport__rosidl_generator_cExport.cmake
[38.820s] -- Installing: /home/tal/TB3_PC_WS/install/theora_image_transport/share/theora_image_transport/cmake/export_theora_image_transport__rosidl_generator_cExport-noconfig.cmake
[38.820s] -- Installing: /home/tal/TB3_PC_WS/install/theora_image_transport/share/theora_image_transport/cmake/export_theora_image_transport__rosidl_typesupport_fastrtps_cExport.cmake
[38.820s] -- Installing: /home/tal/TB3_PC_WS/install/theora_image_transport/share/theora_image_transport/cmake/export_theora_image_transport__rosidl_typesupport_fastrtps_cExport-noconfig.cmake
[38.820s] -- Installing: /home/tal/TB3_PC_WS/install/theora_image_transport/share/theora_image_transport/cmake/export_theora_image_transport__rosidl_generator_cppExport.cmake
[38.821s] -- Installing: /home/tal/TB3_PC_WS/install/theora_image_transport/share/theora_image_transport/cmake/export_theora_image_transport__rosidl_typesupport_fastrtps_cppExport.cmake
[38.821s] -- Installing: /home/tal/TB3_PC_WS/install/theora_image_transport/share/theora_image_transport/cmake/export_theora_image_transport__rosidl_typesupport_fastrtps_cppExport-noconfig.cmake
[38.821s] -- Installing: /home/tal/TB3_PC_WS/install/theora_image_transport/share/theora_image_transport/cmake/theora_image_transport__rosidl_typesupport_introspection_cExport.cmake
[38.821s] -- Installing: /home/tal/TB3_PC_WS/install/theora_image_transport/share/theora_image_transport/cmake/theora_image_transport__rosidl_typesupport_introspection_cExport-noconfig.cmake
[38.821s] -- Installing: /home/tal/TB3_PC_WS/install/theora_image_transport/share/theora_image_transport/cmake/theora_image_transport__rosidl_typesupport_cExport.cmake
[38.821s] -- Installing: /home/tal/TB3_PC_WS/install/theora_image_transport/share/theora_image_transport/cmake/theora_image_transport__rosidl_typesupport_cExport-noconfig.cmake
[38.821s] -- Installing: /home/tal/TB3_PC_WS/install/theora_image_transport/share/theora_image_transport/cmake/theora_image_transport__rosidl_typesupport_introspection_cppExport.cmake
[38.821s] -- Installing: /home/tal/TB3_PC_WS/install/theora_image_transport/share/theora_image_transport/cmake/theora_image_transport__rosidl_typesupport_introspection_cppExport-noconfig.cmake
[38.821s] -- Installing: /home/tal/TB3_PC_WS/install/theora_image_transport/share/theora_image_transport/cmake/theora_image_transport__rosidl_typesupport_cppExport.cmake
[38.821s] -- Installing: /home/tal/TB3_PC_WS/install/theora_image_transport/share/theora_image_transport/cmake/theora_image_transport__rosidl_typesupport_cppExport-noconfig.cmake
[38.821s] -- Installing: /home/tal/TB3_PC_WS/install/theora_image_transport/share/theora_image_transport/cmake/export_theora_image_transport__rosidl_generator_pyExport.cmake
[38.821s] -- Installing: /home/tal/TB3_PC_WS/install/theora_image_transport/share/theora_image_transport/cmake/export_theora_image_transport__rosidl_generator_pyExport-noconfig.cmake
[38.821s] -- Installing: /home/tal/TB3_PC_WS/install/theora_image_transport/share/theora_image_transport/cmake/export_theora_image_transport_componentExport.cmake
[38.821s] -- Installing: /home/tal/TB3_PC_WS/install/theora_image_transport/share/theora_image_transport/cmake/export_theora_image_transport_componentExport-noconfig.cmake
[38.821s] -- Installing: /home/tal/TB3_PC_WS/install/theora_image_transport/share/theora_image_transport/cmake/rosidl_cmake-extras.cmake
[38.821s] -- Installing: /home/tal/TB3_PC_WS/install/theora_image_transport/share/theora_image_transport/cmake/ament_cmake_export_dependencies-extras.cmake
[38.821s] -- Installing: /home/tal/TB3_PC_WS/install/theora_image_transport/share/theora_image_transport/cmake/ament_cmake_export_include_directories-extras.cmake
[38.821s] -- Installing: /home/tal/TB3_PC_WS/install/theora_image_transport/share/theora_image_transport/cmake/ament_cmake_export_libraries-extras.cmake
[38.822s] -- Installing: /home/tal/TB3_PC_WS/install/theora_image_transport/share/theora_image_transport/cmake/ament_cmake_export_targets-extras.cmake
[38.822s] -- Installing: /home/tal/TB3_PC_WS/install/theora_image_transport/share/theora_image_transport/cmake/rosidl_cmake_export_typesupport_targets-extras.cmake
[38.822s] -- Installing: /home/tal/TB3_PC_WS/install/theora_image_transport/share/theora_image_transport/cmake/rosidl_cmake_export_typesupport_libraries-extras.cmake
[38.822s] -- Installing: /home/tal/TB3_PC_WS/install/theora_image_transport/share/theora_image_transport/cmake/theora_image_transportConfig.cmake
[38.822s] -- Installing: /home/tal/TB3_PC_WS/install/theora_image_transport/share/theora_image_transport/cmake/theora_image_transportConfig-version.cmake
[38.822s] -- Installing: /home/tal/TB3_PC_WS/install/theora_image_transport/share/theora_image_transport/package.xml
[38.822s] Invoked command in '/home/tal/TB3_PC_WS/build/theora_image_transport' returned '0': CMAKE_PREFIX_PATH=${CMAKE_PREFIX_PATH}:/home/tal/tut2_ws/install/my_robot_controller:/home/tal/tut_ws/install/my_robot_controller:/home/tal/tutorial_ws/install/launch_testing_examples:/home/tal/tutorial_ws/install/examples_rclpy_pointcloud_publisher:/home/tal/tutorial_ws/install/examples_rclpy_minimal_subscriber:/home/tal/tutorial_ws/install/examples_rclpy_minimal_service:/home/tal/tutorial_ws/install/examples_rclpy_minimal_publisher:/home/tal/tutorial_ws/install/examples_rclpy_minimal_client:/home/tal/tutorial_ws/install/examples_rclpy_minimal_action_server:/home/tal/tutorial_ws/install/examples_rclpy_minimal_action_client:/home/tal/tutorial_ws/install/examples_rclpy_guard_conditions:/home/tal/tutorial_ws/install/examples_rclpy_executors:/opt/ros/humble /usr/bin/cmake --install /home/tal/TB3_PC_WS/build/theora_image_transport
