[0.012s] Invoking command in '/home/tal/TB3_PC_WS/build/turtlebot3_node': AMENT_PREFIX_PATH=/home/tal/TB3_PC_WS/install/turtlebot3_msgs:${AMENT_PREFIX_PATH} CMAKE_PREFIX_PATH=/home/tal/TB3_PC_WS/install/turtlebot3_msgs:/opt/ros/galactic LD_LIBRARY_PATH=/home/tal/TB3_PC_WS/install/turtlebot3_msgs/lib:${LD_LIBRARY_PATH} PYTHONPATH=/home/tal/TB3_PC_WS/install/turtlebot3_msgs/lib/python3.8/site-packages:${PYTHONPATH} /usr/bin/cmake --build /home/tal/TB3_PC_WS/build/turtlebot3_node -- -j16 -l16
[0.158s] [ 85%] Built target turtlebot3_node_lib
[0.158s] [100%] Built target turtlebot3_ros
[0.158s] Invoked command in '/home/tal/TB3_PC_WS/build/turtlebot3_node' returned '0': AMENT_PREFIX_PATH=/home/tal/TB3_PC_WS/install/turtlebot3_msgs:${AMENT_PREFIX_PATH} CMAKE_PREFIX_PATH=/home/tal/TB3_PC_WS/install/turtlebot3_msgs:/opt/ros/galactic LD_LIBRARY_PATH=/home/tal/TB3_PC_WS/install/turtlebot3_msgs/lib:${LD_LIBRARY_PATH} PYTHONPATH=/home/tal/TB3_PC_WS/install/turtlebot3_msgs/lib/python3.8/site-packages:${PYTHONPATH} /usr/bin/cmake --build /home/tal/TB3_PC_WS/build/turtlebot3_node -- -j16 -l16
[0.182s] Invoking command in '/home/tal/TB3_PC_WS/build/turtlebot3_node': AMENT_PREFIX_PATH=/home/tal/TB3_PC_WS/install/turtlebot3_msgs:${AMENT_PREFIX_PATH} CMAKE_PREFIX_PATH=/home/tal/TB3_PC_WS/install/turtlebot3_msgs:/opt/ros/galactic LD_LIBRARY_PATH=/home/tal/TB3_PC_WS/install/turtlebot3_msgs/lib:${LD_LIBRARY_PATH} PYTHONPATH=/home/tal/TB3_PC_WS/install/turtlebot3_msgs/lib/python3.8/site-packages:${PYTHONPATH} /usr/bin/cmake --install /home/tal/TB3_PC_WS/build/turtlebot3_node
[0.187s] -- Install configuration: ""
[0.187s] -- Up-to-date: /home/tal/TB3_PC_WS/install/turtlebot3_node/share/turtlebot3_node/param
[0.187s] -- Up-to-date: /home/tal/TB3_PC_WS/install/turtlebot3_node/share/turtlebot3_node/param/burger.yaml
[0.187s] -- Up-to-date: /home/tal/TB3_PC_WS/install/turtlebot3_node/share/turtlebot3_node/param/waffle_pi.yaml
[0.187s] -- Up-to-date: /home/tal/TB3_PC_WS/install/turtlebot3_node/share/turtlebot3_node/param/waffle.yaml
[0.188s] -- Up-to-date: /home/tal/TB3_PC_WS/install/turtlebot3_node/lib/turtlebot3_node/turtlebot3_ros
[0.188s] -- Up-to-date: /home/tal/TB3_PC_WS/install/turtlebot3_node/share/ament_index/resource_index/package_run_dependencies/turtlebot3_node
[0.189s] -- Up-to-date: /home/tal/TB3_PC_WS/install/turtlebot3_node/share/ament_index/resource_index/parent_prefix_path/turtlebot3_node
[0.189s] -- Up-to-date: /home/tal/TB3_PC_WS/install/turtlebot3_node/share/turtlebot3_node/environment/ament_prefix_path.sh
[0.189s] -- Up-to-date: /home/tal/TB3_PC_WS/install/turtlebot3_node/share/turtlebot3_node/environment/ament_prefix_path.dsv
[0.189s] -- Up-to-date: /home/tal/TB3_PC_WS/install/turtlebot3_node/share/turtlebot3_node/environment/path.sh
[0.189s] -- Up-to-date: /home/tal/TB3_PC_WS/install/turtlebot3_node/share/turtlebot3_node/environment/path.dsv
[0.189s] -- Up-to-date: /home/tal/TB3_PC_WS/install/turtlebot3_node/share/turtlebot3_node/local_setup.bash
[0.189s] -- Up-to-date: /home/tal/TB3_PC_WS/install/turtlebot3_node/share/turtlebot3_node/local_setup.sh
[0.189s] -- Up-to-date: /home/tal/TB3_PC_WS/install/turtlebot3_node/share/turtlebot3_node/local_setup.zsh
[0.189s] -- Up-to-date: /home/tal/TB3_PC_WS/install/turtlebot3_node/share/turtlebot3_node/local_setup.dsv
[0.189s] -- Installing: /home/tal/TB3_PC_WS/install/turtlebot3_node/share/turtlebot3_node/package.dsv
[0.189s] -- Up-to-date: /home/tal/TB3_PC_WS/install/turtlebot3_node/share/ament_index/resource_index/packages/turtlebot3_node
[0.189s] -- Up-to-date: /home/tal/TB3_PC_WS/install/turtlebot3_node/share/turtlebot3_node/cmake/ament_cmake_export_include_directories-extras.cmake
[0.190s] -- Up-to-date: /home/tal/TB3_PC_WS/install/turtlebot3_node/share/turtlebot3_node/cmake/turtlebot3_nodeConfig.cmake
[0.190s] -- Up-to-date: /home/tal/TB3_PC_WS/install/turtlebot3_node/share/turtlebot3_node/cmake/turtlebot3_nodeConfig-version.cmake
[0.190s] -- Up-to-date: /home/tal/TB3_PC_WS/install/turtlebot3_node/share/turtlebot3_node/package.xml
[0.191s] Invoked command in '/home/tal/TB3_PC_WS/build/turtlebot3_node' returned '0': AMENT_PREFIX_PATH=/home/tal/TB3_PC_WS/install/turtlebot3_msgs:${AMENT_PREFIX_PATH} CMAKE_PREFIX_PATH=/home/tal/TB3_PC_WS/install/turtlebot3_msgs:/opt/ros/galactic LD_LIBRARY_PATH=/home/tal/TB3_PC_WS/install/turtlebot3_msgs/lib:${LD_LIBRARY_PATH} PYTHONPATH=/home/tal/TB3_PC_WS/install/turtlebot3_msgs/lib/python3.8/site-packages:${PYTHONPATH} /usr/bin/cmake --install /home/tal/TB3_PC_WS/build/turtlebot3_node
