[0.012s] Invoking command in '/home/tal/TB3_PC_WS/ros2_galactic/build/turtlebot3_msgs': CMAKE_PREFIX_PATH=/opt/ros/galactic:${CMAKE_PREFIX_PATH} /usr/bin/cmake /home/tal/TB3_PC_WS/ros2_galactic/src/turtlebot3_msgs-main -DCMAKE_INSTALL_PREFIX=/home/tal/TB3_PC_WS/ros2_galactic/install/turtlebot3_msgs
[0.044s] -- The C compiler identification is GNU 9.4.0
[0.074s] -- The CXX compiler identification is GNU 9.4.0
[0.077s] -- Check for working C compiler: /usr/bin/cc
[0.115s] -- Check for working C compiler: /usr/bin/cc -- works
[0.115s] -- Detecting C compiler ABI info
[0.156s] -- Detecting C compiler ABI info - done
[0.162s] -- Detecting C compile features
[0.163s] -- Detecting C compile features - done
[0.164s] -- Check for working CXX compiler: /usr/bin/c++
[0.209s] -- Check for working CXX compiler: /usr/bin/c++ -- works
[0.209s] -- Detecting CXX compiler ABI info
[0.256s] -- Detecting CXX compiler ABI info - done
[0.263s] -- Detecting CXX compile features
[0.263s] -- Detecting CXX compile features - done
[0.264s] -- Found action_msgs: 1.0.3 (/opt/ros/galactic/share/action_msgs/cmake)
[0.275s] -- Found PythonInterp: /usr/bin/python3 (found suitable version "3.8.10", minimum required is "3") 
[0.275s] -- Using PYTHON_EXECUTABLE: /usr/bin/python3
[0.334s] -- Using single rosidl_typesupport_c: rosidl_typesupport_introspection_c
[0.338s] -- Found rosidl_adapter: 2.2.3 (/opt/ros/galactic/share/rosidl_adapter/cmake)
[0.349s] -- Using single rosidl_typesupport_cpp: rosidl_typesupport_introspection_cpp
[0.392s] -- Found rosidl_default_generators: 1.1.1 (/opt/ros/galactic/share/rosidl_default_generators/cmake)
[0.402s] -- Found std_msgs: 2.2.4 (/opt/ros/galactic/share/std_msgs/cmake)
[0.423s] -- Found PythonInterp: /usr/bin/python3 (found version "3.8.10") 
[0.552s] -- Found ament_cmake_cppcheck: 0.10.7 (/opt/ros/galactic/share/ament_cmake_cppcheck/cmake)
[0.553s] -- Found ament_cmake_cpplint: 0.10.7 (/opt/ros/galactic/share/ament_cmake_cpplint/cmake)
[0.554s] -- Found ament_cmake_uncrustify: 0.10.7 (/opt/ros/galactic/share/ament_cmake_uncrustify/cmake)
[0.585s] -- Using single rosidl_typesupport_c: rosidl_typesupport_introspection_c
[0.633s] -- Using single rosidl_typesupport_cpp: rosidl_typesupport_introspection_cpp
[0.648s] -- Found PythonInterp: /usr/bin/python3 (found suitable version "3.8.10", minimum required is "3.5") 
[0.648s] -- Found python_cmake_module: 0.8.1 (/opt/ros/galactic/share/python_cmake_module/cmake)
[0.663s] -- Found PythonLibs: /usr/lib/x86_64-linux-gnu/libpython3.8.so (found suitable version "3.8.10", minimum required is "3.5") 
[0.663s] -- Using PYTHON_EXECUTABLE: /usr/bin/python3
[0.663s] -- Using PYTHON_INCLUDE_DIRS: /usr/include/python3.8
[0.663s] -- Using PYTHON_LIBRARIES: /usr/lib/x86_64-linux-gnu/libpython3.8.so
[0.674s] -- Found PythonExtra: .so  
[0.715s] -- Found ament_cmake_flake8: 0.10.7 (/opt/ros/galactic/share/ament_cmake_flake8/cmake)
[0.716s] -- Found ament_cmake_pep257: 0.10.7 (/opt/ros/galactic/share/ament_cmake_pep257/cmake)
[0.723s] -- Configuring done
[0.752s] -- Generating done
[0.753s] -- Build files have been written to: /home/tal/TB3_PC_WS/ros2_galactic/build/turtlebot3_msgs
[0.757s] Invoked command in '/home/tal/TB3_PC_WS/ros2_galactic/build/turtlebot3_msgs' returned '0': CMAKE_PREFIX_PATH=/opt/ros/galactic:${CMAKE_PREFIX_PATH} /usr/bin/cmake /home/tal/TB3_PC_WS/ros2_galactic/src/turtlebot3_msgs-main -DCMAKE_INSTALL_PREFIX=/home/tal/TB3_PC_WS/ros2_galactic/install/turtlebot3_msgs
[0.758s] Invoking command in '/home/tal/TB3_PC_WS/ros2_galactic/build/turtlebot3_msgs': CMAKE_PREFIX_PATH=/opt/ros/galactic:${CMAKE_PREFIX_PATH} /usr/bin/cmake --build /home/tal/TB3_PC_WS/ros2_galactic/build/turtlebot3_msgs -- -j16 -l16
[0.787s] [  1%] [34m[1mGenerating C code for ROS interfaces[0m
[0.787s] [35m[1mScanning dependencies of target turtlebot3_msgs__cpp[0m
[0.794s] [  3%] [34m[1mGenerating C++ code for ROS interfaces[0m
[1.318s] [  3%] Built target turtlebot3_msgs__cpp
[1.327s] [  5%] [34m[1mGenerating C++ introspection for ROS interfaces[0m
[1.361s] [35m[1mScanning dependencies of target turtlebot3_msgs__rosidl_generator_c[0m
[1.372s] [ 11%] [32mBuilding C object CMakeFiles/turtlebot3_msgs__rosidl_generator_c.dir/rosidl_generator_c/turtlebot3_msgs/action/detail/patrol__functions.c.o[0m
[1.372s] [ 11%] [32mBuilding C object CMakeFiles/turtlebot3_msgs__rosidl_generator_c.dir/rosidl_generator_c/turtlebot3_msgs/msg/detail/sensor_state__functions.c.o[0m
[1.372s] [ 11%] [32mBuilding C object CMakeFiles/turtlebot3_msgs__rosidl_generator_c.dir/rosidl_generator_c/turtlebot3_msgs/srv/detail/sound__functions.c.o[0m
[1.373s] [ 15%] [32mBuilding C object CMakeFiles/turtlebot3_msgs__rosidl_generator_c.dir/rosidl_generator_c/turtlebot3_msgs/msg/detail/version_info__functions.c.o[0m
[1.373s] [ 15%] [32mBuilding C object CMakeFiles/turtlebot3_msgs__rosidl_generator_c.dir/rosidl_generator_c/turtlebot3_msgs/msg/detail/sound__functions.c.o[0m
[1.373s] [ 16%] [32mBuilding C object CMakeFiles/turtlebot3_msgs__rosidl_generator_c.dir/rosidl_generator_c/turtlebot3_msgs/srv/detail/dqn__functions.c.o[0m
[1.448s] [ 18%] [32m[1mLinking C shared library libturtlebot3_msgs__rosidl_generator_c.so[0m
[1.476s] [ 18%] Built target turtlebot3_msgs__rosidl_generator_c
[1.483s] [ 20%] [34m[1mGenerating C introspection for ROS interfaces[0m
[1.755s] [35m[1mScanning dependencies of target turtlebot3_msgs__rosidl_typesupport_introspection_cpp[0m
[1.768s] [ 26%] [32mBuilding CXX object CMakeFiles/turtlebot3_msgs__rosidl_typesupport_introspection_cpp.dir/rosidl_typesupport_introspection_cpp/turtlebot3_msgs/msg/detail/version_info__type_support.cpp.o[0m
[1.768s] [ 26%] [32mBuilding CXX object CMakeFiles/turtlebot3_msgs__rosidl_typesupport_introspection_cpp.dir/rosidl_typesupport_introspection_cpp/turtlebot3_msgs/msg/detail/sensor_state__type_support.cpp.o[0m
[1.768s] [ 26%] [32mBuilding CXX object CMakeFiles/turtlebot3_msgs__rosidl_typesupport_introspection_cpp.dir/rosidl_typesupport_introspection_cpp/turtlebot3_msgs/msg/detail/sound__type_support.cpp.o[0m
[1.770s] [ 30%] [32mBuilding CXX object CMakeFiles/turtlebot3_msgs__rosidl_typesupport_introspection_cpp.dir/rosidl_typesupport_introspection_cpp/turtlebot3_msgs/srv/detail/dqn__type_support.cpp.o[0m
[1.770s] [ 30%] [32mBuilding CXX object CMakeFiles/turtlebot3_msgs__rosidl_typesupport_introspection_cpp.dir/rosidl_typesupport_introspection_cpp/turtlebot3_msgs/srv/detail/sound__type_support.cpp.o[0m
[1.770s] [ 32%] [32mBuilding CXX object CMakeFiles/turtlebot3_msgs__rosidl_typesupport_introspection_cpp.dir/rosidl_typesupport_introspection_cpp/turtlebot3_msgs/action/detail/patrol__type_support.cpp.o[0m
[1.952s] [35m[1mScanning dependencies of target turtlebot3_msgs__rosidl_typesupport_introspection_c[0m
[1.966s] [ 43%] [32mBuilding C object CMakeFiles/turtlebot3_msgs__rosidl_typesupport_introspection_c.dir/rosidl_typesupport_introspection_c/turtlebot3_msgs/action/detail/patrol__type_support.c.o[0m
[1.966s] [ 43%] [32mBuilding C object CMakeFiles/turtlebot3_msgs__rosidl_typesupport_introspection_c.dir/rosidl_typesupport_introspection_c/turtlebot3_msgs/msg/detail/sensor_state__type_support.c.o[0m
[1.966s] [ 43%] [32mBuilding C object CMakeFiles/turtlebot3_msgs__rosidl_typesupport_introspection_c.dir/rosidl_typesupport_introspection_c/turtlebot3_msgs/msg/detail/version_info__type_support.c.o[0m
[1.967s] [ 43%] [32mBuilding C object CMakeFiles/turtlebot3_msgs__rosidl_typesupport_introspection_c.dir/rosidl_typesupport_introspection_c/turtlebot3_msgs/srv/detail/sound__type_support.c.o[0m
[1.967s] [ 43%] [32mBuilding C object CMakeFiles/turtlebot3_msgs__rosidl_typesupport_introspection_c.dir/rosidl_typesupport_introspection_c/turtlebot3_msgs/srv/detail/dqn__type_support.c.o[0m
[1.967s] [ 43%] [32mBuilding C object CMakeFiles/turtlebot3_msgs__rosidl_typesupport_introspection_c.dir/rosidl_typesupport_introspection_c/turtlebot3_msgs/msg/detail/sound__type_support.c.o[0m
[2.003s] [ 45%] [32m[1mLinking C shared library libturtlebot3_msgs__rosidl_typesupport_introspection_c.so[0m
[2.024s] [ 45%] Built target turtlebot3_msgs__rosidl_typesupport_introspection_c
[2.032s] [ 47%] [34m[1mGenerating C type support dispatch for ROS interfaces[0m
[2.189s] [ 49%] [32m[1mLinking CXX shared library libturtlebot3_msgs__rosidl_typesupport_introspection_cpp.so[0m
[2.235s] [ 49%] Built target turtlebot3_msgs__rosidl_typesupport_introspection_cpp
[2.243s] [ 50%] [34m[1mGenerating C++ type support dispatch for ROS interfaces[0m
[2.371s] [35m[1mScanning dependencies of target turtlebot3_msgs__rosidl_typesupport_c[0m
[2.382s] [ 52%] [32mBuilding CXX object CMakeFiles/turtlebot3_msgs__rosidl_typesupport_c.dir/rosidl_typesupport_c/turtlebot3_msgs/srv/sound__type_support.cpp.o[0m
[2.383s] [ 56%] [32mBuilding CXX object CMakeFiles/turtlebot3_msgs__rosidl_typesupport_c.dir/rosidl_typesupport_c/turtlebot3_msgs/msg/sensor_state__type_support.cpp.o[0m
[2.383s] [ 56%] [32mBuilding CXX object CMakeFiles/turtlebot3_msgs__rosidl_typesupport_c.dir/rosidl_typesupport_c/turtlebot3_msgs/msg/version_info__type_support.cpp.o[0m
[2.383s] [ 58%] [32mBuilding CXX object CMakeFiles/turtlebot3_msgs__rosidl_typesupport_c.dir/rosidl_typesupport_c/turtlebot3_msgs/msg/sound__type_support.cpp.o[0m
[2.383s] [ 60%] [32mBuilding CXX object CMakeFiles/turtlebot3_msgs__rosidl_typesupport_c.dir/rosidl_typesupport_c/turtlebot3_msgs/srv/dqn__type_support.cpp.o[0m
[2.383s] [ 62%] [32mBuilding CXX object CMakeFiles/turtlebot3_msgs__rosidl_typesupport_c.dir/rosidl_typesupport_c/turtlebot3_msgs/action/patrol__type_support.cpp.o[0m
[2.419s] [ 64%] [32m[1mLinking CXX shared library libturtlebot3_msgs__rosidl_typesupport_c.so[0m
[2.446s] [ 64%] Built target turtlebot3_msgs__rosidl_typesupport_c
[2.591s] [35m[1mScanning dependencies of target turtlebot3_msgs__rosidl_typesupport_cpp[0m
[2.602s] [ 66%] [32mBuilding CXX object CMakeFiles/turtlebot3_msgs__rosidl_typesupport_cpp.dir/rosidl_typesupport_cpp/turtlebot3_msgs/msg/sensor_state__type_support.cpp.o[0m
[2.603s] [ 71%] [32mBuilding CXX object CMakeFiles/turtlebot3_msgs__rosidl_typesupport_cpp.dir/rosidl_typesupport_cpp/turtlebot3_msgs/msg/sound__type_support.cpp.o[0m
[2.603s] [ 71%] [32mBuilding CXX object CMakeFiles/turtlebot3_msgs__rosidl_typesupport_cpp.dir/rosidl_typesupport_cpp/turtlebot3_msgs/srv/sound__type_support.cpp.o[0m
[2.603s] [ 71%] [32mBuilding CXX object CMakeFiles/turtlebot3_msgs__rosidl_typesupport_cpp.dir/rosidl_typesupport_cpp/turtlebot3_msgs/msg/version_info__type_support.cpp.o[0m
[2.603s] [ 73%] [32mBuilding CXX object CMakeFiles/turtlebot3_msgs__rosidl_typesupport_cpp.dir/rosidl_typesupport_cpp/turtlebot3_msgs/srv/dqn__type_support.cpp.o[0m
[2.603s] [ 75%] [32mBuilding CXX object CMakeFiles/turtlebot3_msgs__rosidl_typesupport_cpp.dir/rosidl_typesupport_cpp/turtlebot3_msgs/action/patrol__type_support.cpp.o[0m
[2.893s] [ 77%] [32m[1mLinking CXX shared library libturtlebot3_msgs__rosidl_typesupport_cpp.so[0m
[2.920s] [ 77%] Built target turtlebot3_msgs__rosidl_typesupport_cpp
[2.926s] [35m[1mScanning dependencies of target turtlebot3_msgs[0m
[2.933s] [ 77%] Built target turtlebot3_msgs
[2.941s] [35m[1mScanning dependencies of target turtlebot3_msgs__py[0m
[2.948s] [ 79%] [34m[1mGenerating Python code for ROS interfaces[0m
[3.965s] [ 79%] Built target turtlebot3_msgs__py
[3.973s] [35m[1mScanning dependencies of target turtlebot3_msgs__python[0m
[4.000s] [ 83%] [32mBuilding C object CMakeFiles/turtlebot3_msgs__python.dir/rosidl_generator_py/turtlebot3_msgs/srv/_dqn_s.c.o[0m
[4.000s] [ 83%] [32mBuilding C object CMakeFiles/turtlebot3_msgs__python.dir/rosidl_generator_py/turtlebot3_msgs/msg/_sound_s.c.o[0m
[4.000s] [ 84%] [32mBuilding C object CMakeFiles/turtlebot3_msgs__python.dir/rosidl_generator_py/turtlebot3_msgs/srv/_sound_s.c.o[0m
[4.001s] [ 86%] [32mBuilding C object CMakeFiles/turtlebot3_msgs__python.dir/rosidl_generator_py/turtlebot3_msgs/msg/_sensor_state_s.c.o[0m
[4.001s] [ 88%] [32mBuilding C object CMakeFiles/turtlebot3_msgs__python.dir/rosidl_generator_py/turtlebot3_msgs/msg/_version_info_s.c.o[0m
[4.002s] [ 90%] [32mBuilding C object CMakeFiles/turtlebot3_msgs__python.dir/rosidl_generator_py/turtlebot3_msgs/action/_patrol_s.c.o[0m
[4.101s] [ 92%] [32m[1mLinking C shared library rosidl_generator_py/turtlebot3_msgs/libturtlebot3_msgs__python.so[0m
[4.129s] [ 92%] Built target turtlebot3_msgs__python
[4.136s] [35m[1mScanning dependencies of target turtlebot3_msgs__rosidl_typesupport_c__pyext[0m
[4.136s] [35m[1mScanning dependencies of target turtlebot3_msgs__rosidl_typesupport_introspection_c__pyext[0m
[4.147s] [ 96%] [32mBuilding C object CMakeFiles/turtlebot3_msgs__rosidl_typesupport_c__pyext.dir/rosidl_generator_py/turtlebot3_msgs/_turtlebot3_msgs_s.ep.rosidl_typesupport_c.c.o[0m
[4.148s] [ 96%] [32mBuilding C object CMakeFiles/turtlebot3_msgs__rosidl_typesupport_introspection_c__pyext.dir/rosidl_generator_py/turtlebot3_msgs/_turtlebot3_msgs_s.ep.rosidl_typesupport_introspection_c.c.o[0m
[4.222s] [100%] [32m[1mLinking C shared library rosidl_generator_py/turtlebot3_msgs/turtlebot3_msgs_s__rosidl_typesupport_introspection_c.cpython-38-x86_64-linux-gnu.so[0m
[4.222s] [100%] [32m[1mLinking C shared library rosidl_generator_py/turtlebot3_msgs/turtlebot3_msgs_s__rosidl_typesupport_c.cpython-38-x86_64-linux-gnu.so[0m
[4.249s] [100%] Built target turtlebot3_msgs__rosidl_typesupport_c__pyext
[4.249s] [100%] Built target turtlebot3_msgs__rosidl_typesupport_introspection_c__pyext
[4.256s] Invoked command in '/home/tal/TB3_PC_WS/ros2_galactic/build/turtlebot3_msgs' returned '0': CMAKE_PREFIX_PATH=/opt/ros/galactic:${CMAKE_PREFIX_PATH} /usr/bin/cmake --build /home/tal/TB3_PC_WS/ros2_galactic/build/turtlebot3_msgs -- -j16 -l16
[4.313s] Invoking command in '/home/tal/TB3_PC_WS/ros2_galactic/build/turtlebot3_msgs': CMAKE_PREFIX_PATH=/opt/ros/galactic:${CMAKE_PREFIX_PATH} /usr/bin/cmake --install /home/tal/TB3_PC_WS/ros2_galactic/build/turtlebot3_msgs
[4.318s] -- Install configuration: ""
[4.319s] -- Installing: /home/tal/TB3_PC_WS/ros2_galactic/install/turtlebot3_msgs/share/ament_index/resource_index/rosidl_interfaces/turtlebot3_msgs
[4.319s] -- Installing: /home/tal/TB3_PC_WS/ros2_galactic/install/turtlebot3_msgs/include/turtlebot3_msgs
[4.319s] -- Installing: /home/tal/TB3_PC_WS/ros2_galactic/install/turtlebot3_msgs/include/turtlebot3_msgs/action
[4.319s] -- Installing: /home/tal/TB3_PC_WS/ros2_galactic/install/turtlebot3_msgs/include/turtlebot3_msgs/action/detail
[4.319s] -- Installing: /home/tal/TB3_PC_WS/ros2_galactic/install/turtlebot3_msgs/include/turtlebot3_msgs/action/detail/patrol__struct.h
[4.319s] -- Installing: /home/tal/TB3_PC_WS/ros2_galactic/install/turtlebot3_msgs/include/turtlebot3_msgs/action/detail/patrol__functions.c
[4.319s] -- Installing: /home/tal/TB3_PC_WS/ros2_galactic/install/turtlebot3_msgs/include/turtlebot3_msgs/action/detail/patrol__functions.h
[4.319s] -- Installing: /home/tal/TB3_PC_WS/ros2_galactic/install/turtlebot3_msgs/include/turtlebot3_msgs/action/detail/patrol__type_support.h
[4.320s] -- Installing: /home/tal/TB3_PC_WS/ros2_galactic/install/turtlebot3_msgs/include/turtlebot3_msgs/action/patrol.h
[4.320s] -- Installing: /home/tal/TB3_PC_WS/ros2_galactic/install/turtlebot3_msgs/include/turtlebot3_msgs/srv
[4.320s] -- Installing: /home/tal/TB3_PC_WS/ros2_galactic/install/turtlebot3_msgs/include/turtlebot3_msgs/srv/detail
[4.320s] -- Installing: /home/tal/TB3_PC_WS/ros2_galactic/install/turtlebot3_msgs/include/turtlebot3_msgs/srv/detail/sound__type_support.h
[4.320s] -- Installing: /home/tal/TB3_PC_WS/ros2_galactic/install/turtlebot3_msgs/include/turtlebot3_msgs/srv/detail/dqn__functions.h
[4.320s] -- Installing: /home/tal/TB3_PC_WS/ros2_galactic/install/turtlebot3_msgs/include/turtlebot3_msgs/srv/detail/dqn__struct.h
[4.320s] -- Installing: /home/tal/TB3_PC_WS/ros2_galactic/install/turtlebot3_msgs/include/turtlebot3_msgs/srv/detail/dqn__type_support.h
[4.320s] -- Installing: /home/tal/TB3_PC_WS/ros2_galactic/install/turtlebot3_msgs/include/turtlebot3_msgs/srv/detail/sound__functions.h
[4.320s] -- Installing: /home/tal/TB3_PC_WS/ros2_galactic/install/turtlebot3_msgs/include/turtlebot3_msgs/srv/detail/sound__functions.c
[4.320s] -- Installing: /home/tal/TB3_PC_WS/ros2_galactic/install/turtlebot3_msgs/include/turtlebot3_msgs/srv/detail/sound__struct.h
[4.320s] -- Installing: /home/tal/TB3_PC_WS/ros2_galactic/install/turtlebot3_msgs/include/turtlebot3_msgs/srv/detail/dqn__functions.c
[4.320s] -- Installing: /home/tal/TB3_PC_WS/ros2_galactic/install/turtlebot3_msgs/include/turtlebot3_msgs/srv/sound.h
[4.321s] -- Installing: /home/tal/TB3_PC_WS/ros2_galactic/install/turtlebot3_msgs/include/turtlebot3_msgs/srv/dqn.h
[4.321s] -- Installing: /home/tal/TB3_PC_WS/ros2_galactic/install/turtlebot3_msgs/include/turtlebot3_msgs/msg
[4.321s] -- Installing: /home/tal/TB3_PC_WS/ros2_galactic/install/turtlebot3_msgs/include/turtlebot3_msgs/msg/detail
[4.321s] -- Installing: /home/tal/TB3_PC_WS/ros2_galactic/install/turtlebot3_msgs/include/turtlebot3_msgs/msg/detail/sound__type_support.h
[4.321s] -- Installing: /home/tal/TB3_PC_WS/ros2_galactic/install/turtlebot3_msgs/include/turtlebot3_msgs/msg/detail/version_info__struct.h
[4.321s] -- Installing: /home/tal/TB3_PC_WS/ros2_galactic/install/turtlebot3_msgs/include/turtlebot3_msgs/msg/detail/sensor_state__struct.h
[4.321s] -- Installing: /home/tal/TB3_PC_WS/ros2_galactic/install/turtlebot3_msgs/include/turtlebot3_msgs/msg/detail/version_info__type_support.h
[4.321s] -- Installing: /home/tal/TB3_PC_WS/ros2_galactic/install/turtlebot3_msgs/include/turtlebot3_msgs/msg/detail/sensor_state__functions.c
[4.321s] -- Installing: /home/tal/TB3_PC_WS/ros2_galactic/install/turtlebot3_msgs/include/turtlebot3_msgs/msg/detail/sound__functions.h
[4.321s] -- Installing: /home/tal/TB3_PC_WS/ros2_galactic/install/turtlebot3_msgs/include/turtlebot3_msgs/msg/detail/version_info__functions.h
[4.322s] -- Installing: /home/tal/TB3_PC_WS/ros2_galactic/install/turtlebot3_msgs/include/turtlebot3_msgs/msg/detail/sound__functions.c
[4.322s] -- Installing: /home/tal/TB3_PC_WS/ros2_galactic/install/turtlebot3_msgs/include/turtlebot3_msgs/msg/detail/sensor_state__type_support.h
[4.322s] -- Installing: /home/tal/TB3_PC_WS/ros2_galactic/install/turtlebot3_msgs/include/turtlebot3_msgs/msg/detail/version_info__functions.c
[4.322s] -- Installing: /home/tal/TB3_PC_WS/ros2_galactic/install/turtlebot3_msgs/include/turtlebot3_msgs/msg/detail/sound__struct.h
[4.322s] -- Installing: /home/tal/TB3_PC_WS/ros2_galactic/install/turtlebot3_msgs/include/turtlebot3_msgs/msg/detail/sensor_state__functions.h
[4.322s] -- Installing: /home/tal/TB3_PC_WS/ros2_galactic/install/turtlebot3_msgs/include/turtlebot3_msgs/msg/sound.h
[4.322s] -- Installing: /home/tal/TB3_PC_WS/ros2_galactic/install/turtlebot3_msgs/include/turtlebot3_msgs/msg/rosidl_generator_c__visibility_control.h
[4.322s] -- Installing: /home/tal/TB3_PC_WS/ros2_galactic/install/turtlebot3_msgs/include/turtlebot3_msgs/msg/version_info.h
[4.322s] -- Installing: /home/tal/TB3_PC_WS/ros2_galactic/install/turtlebot3_msgs/include/turtlebot3_msgs/msg/sensor_state.h
[4.322s] -- Installing: /home/tal/TB3_PC_WS/ros2_galactic/install/turtlebot3_msgs/share/turtlebot3_msgs/environment/library_path.sh
[4.323s] -- Installing: /home/tal/TB3_PC_WS/ros2_galactic/install/turtlebot3_msgs/share/turtlebot3_msgs/environment/library_path.dsv
[4.323s] -- Installing: /home/tal/TB3_PC_WS/ros2_galactic/install/turtlebot3_msgs/lib/libturtlebot3_msgs__rosidl_generator_c.so
[4.323s] -- Set runtime path of "/home/tal/TB3_PC_WS/ros2_galactic/install/turtlebot3_msgs/lib/libturtlebot3_msgs__rosidl_generator_c.so" to ""
[4.323s] -- Up-to-date: /home/tal/TB3_PC_WS/ros2_galactic/install/turtlebot3_msgs/include/turtlebot3_msgs
[4.323s] -- Up-to-date: /home/tal/TB3_PC_WS/ros2_galactic/install/turtlebot3_msgs/include/turtlebot3_msgs/action
[4.323s] -- Up-to-date: /home/tal/TB3_PC_WS/ros2_galactic/install/turtlebot3_msgs/include/turtlebot3_msgs/action/detail
[4.323s] -- Installing: /home/tal/TB3_PC_WS/ros2_galactic/install/turtlebot3_msgs/include/turtlebot3_msgs/action/detail/patrol__type_support.c
[4.323s] -- Installing: /home/tal/TB3_PC_WS/ros2_galactic/install/turtlebot3_msgs/include/turtlebot3_msgs/action/detail/patrol__rosidl_typesupport_introspection_c.h
[4.323s] -- Up-to-date: /home/tal/TB3_PC_WS/ros2_galactic/install/turtlebot3_msgs/include/turtlebot3_msgs/srv
[4.323s] -- Up-to-date: /home/tal/TB3_PC_WS/ros2_galactic/install/turtlebot3_msgs/include/turtlebot3_msgs/srv/detail
[4.323s] -- Installing: /home/tal/TB3_PC_WS/ros2_galactic/install/turtlebot3_msgs/include/turtlebot3_msgs/srv/detail/sound__rosidl_typesupport_introspection_c.h
[4.324s] -- Installing: /home/tal/TB3_PC_WS/ros2_galactic/install/turtlebot3_msgs/include/turtlebot3_msgs/srv/detail/dqn__type_support.c
[4.324s] -- Installing: /home/tal/TB3_PC_WS/ros2_galactic/install/turtlebot3_msgs/include/turtlebot3_msgs/srv/detail/dqn__rosidl_typesupport_introspection_c.h
[4.324s] -- Installing: /home/tal/TB3_PC_WS/ros2_galactic/install/turtlebot3_msgs/include/turtlebot3_msgs/srv/detail/sound__type_support.c
[4.324s] -- Up-to-date: /home/tal/TB3_PC_WS/ros2_galactic/install/turtlebot3_msgs/include/turtlebot3_msgs/msg
[4.324s] -- Up-to-date: /home/tal/TB3_PC_WS/ros2_galactic/install/turtlebot3_msgs/include/turtlebot3_msgs/msg/detail
[4.324s] -- Installing: /home/tal/TB3_PC_WS/ros2_galactic/install/turtlebot3_msgs/include/turtlebot3_msgs/msg/detail/sound__rosidl_typesupport_introspection_c.h
[4.324s] -- Installing: /home/tal/TB3_PC_WS/ros2_galactic/install/turtlebot3_msgs/include/turtlebot3_msgs/msg/detail/sensor_state__rosidl_typesupport_introspection_c.h
[4.324s] -- Installing: /home/tal/TB3_PC_WS/ros2_galactic/install/turtlebot3_msgs/include/turtlebot3_msgs/msg/detail/version_info__type_support.c
[4.324s] -- Installing: /home/tal/TB3_PC_WS/ros2_galactic/install/turtlebot3_msgs/include/turtlebot3_msgs/msg/detail/version_info__rosidl_typesupport_introspection_c.h
[4.324s] -- Installing: /home/tal/TB3_PC_WS/ros2_galactic/install/turtlebot3_msgs/include/turtlebot3_msgs/msg/detail/sound__type_support.c
[4.324s] -- Installing: /home/tal/TB3_PC_WS/ros2_galactic/install/turtlebot3_msgs/include/turtlebot3_msgs/msg/detail/sensor_state__type_support.c
[4.324s] -- Installing: /home/tal/TB3_PC_WS/ros2_galactic/install/turtlebot3_msgs/include/turtlebot3_msgs/msg/rosidl_typesupport_introspection_c__visibility_control.h
[4.324s] -- Installing: /home/tal/TB3_PC_WS/ros2_galactic/install/turtlebot3_msgs/lib/libturtlebot3_msgs__rosidl_typesupport_introspection_c.so
[4.325s] -- Set runtime path of "/home/tal/TB3_PC_WS/ros2_galactic/install/turtlebot3_msgs/lib/libturtlebot3_msgs__rosidl_typesupport_introspection_c.so" to ""
[4.325s] -- Installing: /home/tal/TB3_PC_WS/ros2_galactic/install/turtlebot3_msgs/lib/libturtlebot3_msgs__rosidl_typesupport_c.so
[4.325s] -- Set runtime path of "/home/tal/TB3_PC_WS/ros2_galactic/install/turtlebot3_msgs/lib/libturtlebot3_msgs__rosidl_typesupport_c.so" to ""
[4.325s] -- Up-to-date: /home/tal/TB3_PC_WS/ros2_galactic/install/turtlebot3_msgs/include/turtlebot3_msgs
[4.325s] -- Up-to-date: /home/tal/TB3_PC_WS/ros2_galactic/install/turtlebot3_msgs/include/turtlebot3_msgs/action
[4.325s] -- Up-to-date: /home/tal/TB3_PC_WS/ros2_galactic/install/turtlebot3_msgs/include/turtlebot3_msgs/action/detail
[4.325s] -- Installing: /home/tal/TB3_PC_WS/ros2_galactic/install/turtlebot3_msgs/include/turtlebot3_msgs/action/detail/patrol__builder.hpp
[4.325s] -- Installing: /home/tal/TB3_PC_WS/ros2_galactic/install/turtlebot3_msgs/include/turtlebot3_msgs/action/detail/patrol__traits.hpp
[4.325s] -- Installing: /home/tal/TB3_PC_WS/ros2_galactic/install/turtlebot3_msgs/include/turtlebot3_msgs/action/detail/patrol__struct.hpp
[4.325s] -- Installing: /home/tal/TB3_PC_WS/ros2_galactic/install/turtlebot3_msgs/include/turtlebot3_msgs/action/patrol.hpp
[4.325s] -- Up-to-date: /home/tal/TB3_PC_WS/ros2_galactic/install/turtlebot3_msgs/include/turtlebot3_msgs/srv
[4.325s] -- Up-to-date: /home/tal/TB3_PC_WS/ros2_galactic/install/turtlebot3_msgs/include/turtlebot3_msgs/srv/detail
[4.325s] -- Installing: /home/tal/TB3_PC_WS/ros2_galactic/install/turtlebot3_msgs/include/turtlebot3_msgs/srv/detail/dqn__struct.hpp
[4.325s] -- Installing: /home/tal/TB3_PC_WS/ros2_galactic/install/turtlebot3_msgs/include/turtlebot3_msgs/srv/detail/sound__traits.hpp
[4.326s] -- Installing: /home/tal/TB3_PC_WS/ros2_galactic/install/turtlebot3_msgs/include/turtlebot3_msgs/srv/detail/sound__builder.hpp
[4.326s] -- Installing: /home/tal/TB3_PC_WS/ros2_galactic/install/turtlebot3_msgs/include/turtlebot3_msgs/srv/detail/dqn__builder.hpp
[4.326s] -- Installing: /home/tal/TB3_PC_WS/ros2_galactic/install/turtlebot3_msgs/include/turtlebot3_msgs/srv/detail/dqn__traits.hpp
[4.326s] -- Installing: /home/tal/TB3_PC_WS/ros2_galactic/install/turtlebot3_msgs/include/turtlebot3_msgs/srv/detail/sound__struct.hpp
[4.326s] -- Installing: /home/tal/TB3_PC_WS/ros2_galactic/install/turtlebot3_msgs/include/turtlebot3_msgs/srv/dqn.hpp
[4.326s] -- Installing: /home/tal/TB3_PC_WS/ros2_galactic/install/turtlebot3_msgs/include/turtlebot3_msgs/srv/sound.hpp
[4.326s] -- Up-to-date: /home/tal/TB3_PC_WS/ros2_galactic/install/turtlebot3_msgs/include/turtlebot3_msgs/msg
[4.326s] -- Up-to-date: /home/tal/TB3_PC_WS/ros2_galactic/install/turtlebot3_msgs/include/turtlebot3_msgs/msg/detail
[4.326s] -- Installing: /home/tal/TB3_PC_WS/ros2_galactic/install/turtlebot3_msgs/include/turtlebot3_msgs/msg/detail/sensor_state__struct.hpp
[4.326s] -- Installing: /home/tal/TB3_PC_WS/ros2_galactic/install/turtlebot3_msgs/include/turtlebot3_msgs/msg/detail/version_info__struct.hpp
[4.326s] -- Installing: /home/tal/TB3_PC_WS/ros2_galactic/install/turtlebot3_msgs/include/turtlebot3_msgs/msg/detail/version_info__traits.hpp
[4.326s] -- Installing: /home/tal/TB3_PC_WS/ros2_galactic/install/turtlebot3_msgs/include/turtlebot3_msgs/msg/detail/version_info__builder.hpp
[4.326s] -- Installing: /home/tal/TB3_PC_WS/ros2_galactic/install/turtlebot3_msgs/include/turtlebot3_msgs/msg/detail/sound__traits.hpp
[4.327s] -- Installing: /home/tal/TB3_PC_WS/ros2_galactic/install/turtlebot3_msgs/include/turtlebot3_msgs/msg/detail/sensor_state__traits.hpp
[4.327s] -- Installing: /home/tal/TB3_PC_WS/ros2_galactic/install/turtlebot3_msgs/include/turtlebot3_msgs/msg/detail/sound__builder.hpp
[4.327s] -- Installing: /home/tal/TB3_PC_WS/ros2_galactic/install/turtlebot3_msgs/include/turtlebot3_msgs/msg/detail/sensor_state__builder.hpp
[4.327s] -- Installing: /home/tal/TB3_PC_WS/ros2_galactic/install/turtlebot3_msgs/include/turtlebot3_msgs/msg/detail/sound__struct.hpp
[4.327s] -- Installing: /home/tal/TB3_PC_WS/ros2_galactic/install/turtlebot3_msgs/include/turtlebot3_msgs/msg/sound.hpp
[4.327s] -- Installing: /home/tal/TB3_PC_WS/ros2_galactic/install/turtlebot3_msgs/include/turtlebot3_msgs/msg/sensor_state.hpp
[4.327s] -- Installing: /home/tal/TB3_PC_WS/ros2_galactic/install/turtlebot3_msgs/include/turtlebot3_msgs/msg/version_info.hpp
[4.327s] -- Up-to-date: /home/tal/TB3_PC_WS/ros2_galactic/install/turtlebot3_msgs/include/turtlebot3_msgs
[4.327s] -- Up-to-date: /home/tal/TB3_PC_WS/ros2_galactic/install/turtlebot3_msgs/include/turtlebot3_msgs/action
[4.327s] -- Up-to-date: /home/tal/TB3_PC_WS/ros2_galactic/install/turtlebot3_msgs/include/turtlebot3_msgs/action/detail
[4.327s] -- Installing: /home/tal/TB3_PC_WS/ros2_galactic/install/turtlebot3_msgs/include/turtlebot3_msgs/action/detail/patrol__type_support.cpp
[4.327s] -- Installing: /home/tal/TB3_PC_WS/ros2_galactic/install/turtlebot3_msgs/include/turtlebot3_msgs/action/detail/patrol__rosidl_typesupport_introspection_cpp.hpp
[4.327s] -- Up-to-date: /home/tal/TB3_PC_WS/ros2_galactic/install/turtlebot3_msgs/include/turtlebot3_msgs/srv
[4.327s] -- Up-to-date: /home/tal/TB3_PC_WS/ros2_galactic/install/turtlebot3_msgs/include/turtlebot3_msgs/srv/detail
[4.327s] -- Installing: /home/tal/TB3_PC_WS/ros2_galactic/install/turtlebot3_msgs/include/turtlebot3_msgs/srv/detail/dqn__rosidl_typesupport_introspection_cpp.hpp
[4.328s] -- Installing: /home/tal/TB3_PC_WS/ros2_galactic/install/turtlebot3_msgs/include/turtlebot3_msgs/srv/detail/sound__rosidl_typesupport_introspection_cpp.hpp
[4.328s] -- Installing: /home/tal/TB3_PC_WS/ros2_galactic/install/turtlebot3_msgs/include/turtlebot3_msgs/srv/detail/dqn__type_support.cpp
[4.328s] -- Installing: /home/tal/TB3_PC_WS/ros2_galactic/install/turtlebot3_msgs/include/turtlebot3_msgs/srv/detail/sound__type_support.cpp
[4.328s] -- Up-to-date: /home/tal/TB3_PC_WS/ros2_galactic/install/turtlebot3_msgs/include/turtlebot3_msgs/msg
[4.328s] -- Up-to-date: /home/tal/TB3_PC_WS/ros2_galactic/install/turtlebot3_msgs/include/turtlebot3_msgs/msg/detail
[4.328s] -- Installing: /home/tal/TB3_PC_WS/ros2_galactic/install/turtlebot3_msgs/include/turtlebot3_msgs/msg/detail/sensor_state__rosidl_typesupport_introspection_cpp.hpp
[4.328s] -- Installing: /home/tal/TB3_PC_WS/ros2_galactic/install/turtlebot3_msgs/include/turtlebot3_msgs/msg/detail/sensor_state__type_support.cpp
[4.328s] -- Installing: /home/tal/TB3_PC_WS/ros2_galactic/install/turtlebot3_msgs/include/turtlebot3_msgs/msg/detail/sound__rosidl_typesupport_introspection_cpp.hpp
[4.328s] -- Installing: /home/tal/TB3_PC_WS/ros2_galactic/install/turtlebot3_msgs/include/turtlebot3_msgs/msg/detail/sound__type_support.cpp
[4.328s] -- Installing: /home/tal/TB3_PC_WS/ros2_galactic/install/turtlebot3_msgs/include/turtlebot3_msgs/msg/detail/version_info__rosidl_typesupport_introspection_cpp.hpp
[4.328s] -- Installing: /home/tal/TB3_PC_WS/ros2_galactic/install/turtlebot3_msgs/include/turtlebot3_msgs/msg/detail/version_info__type_support.cpp
[4.328s] -- Installing: /home/tal/TB3_PC_WS/ros2_galactic/install/turtlebot3_msgs/lib/libturtlebot3_msgs__rosidl_typesupport_introspection_cpp.so
[4.328s] -- Set runtime path of "/home/tal/TB3_PC_WS/ros2_galactic/install/turtlebot3_msgs/lib/libturtlebot3_msgs__rosidl_typesupport_introspection_cpp.so" to ""
[4.328s] -- Installing: /home/tal/TB3_PC_WS/ros2_galactic/install/turtlebot3_msgs/lib/libturtlebot3_msgs__rosidl_typesupport_cpp.so
[4.328s] -- Set runtime path of "/home/tal/TB3_PC_WS/ros2_galactic/install/turtlebot3_msgs/lib/libturtlebot3_msgs__rosidl_typesupport_cpp.so" to ""
[4.329s] -- Installing: /home/tal/TB3_PC_WS/ros2_galactic/install/turtlebot3_msgs/share/turtlebot3_msgs/environment/pythonpath.sh
[4.329s] -- Installing: /home/tal/TB3_PC_WS/ros2_galactic/install/turtlebot3_msgs/share/turtlebot3_msgs/environment/pythonpath.dsv
[4.329s] -- Installing: /home/tal/TB3_PC_WS/ros2_galactic/install/turtlebot3_msgs/lib/python3.8/site-packages/turtlebot3_msgs/__init__.py
[4.344s] Compiling '/home/tal/TB3_PC_WS/ros2_galactic/install/turtlebot3_msgs/lib/python3.8/site-packages/turtlebot3_msgs/__init__.py'...
[4.346s] -- Installing: /home/tal/TB3_PC_WS/ros2_galactic/install/turtlebot3_msgs/lib/python3.8/site-packages/turtlebot3_msgs/msg
[4.347s] -- Installing: /home/tal/TB3_PC_WS/ros2_galactic/install/turtlebot3_msgs/lib/python3.8/site-packages/turtlebot3_msgs/msg/_sensor_state.py
[4.347s] -- Installing: /home/tal/TB3_PC_WS/ros2_galactic/install/turtlebot3_msgs/lib/python3.8/site-packages/turtlebot3_msgs/msg/_version_info.py
[4.347s] -- Installing: /home/tal/TB3_PC_WS/ros2_galactic/install/turtlebot3_msgs/lib/python3.8/site-packages/turtlebot3_msgs/msg/__init__.py
[4.347s] -- Installing: /home/tal/TB3_PC_WS/ros2_galactic/install/turtlebot3_msgs/lib/python3.8/site-packages/turtlebot3_msgs/msg/_version_info_s.c
[4.347s] -- Installing: /home/tal/TB3_PC_WS/ros2_galactic/install/turtlebot3_msgs/lib/python3.8/site-packages/turtlebot3_msgs/msg/_sound.py
[4.347s] -- Installing: /home/tal/TB3_PC_WS/ros2_galactic/install/turtlebot3_msgs/lib/python3.8/site-packages/turtlebot3_msgs/msg/_sound_s.c
[4.347s] -- Installing: /home/tal/TB3_PC_WS/ros2_galactic/install/turtlebot3_msgs/lib/python3.8/site-packages/turtlebot3_msgs/msg/_sensor_state_s.c
[4.347s] -- Installing: /home/tal/TB3_PC_WS/ros2_galactic/install/turtlebot3_msgs/lib/python3.8/site-packages/turtlebot3_msgs/srv
[4.347s] -- Installing: /home/tal/TB3_PC_WS/ros2_galactic/install/turtlebot3_msgs/lib/python3.8/site-packages/turtlebot3_msgs/srv/_dqn_s.c
[4.347s] -- Installing: /home/tal/TB3_PC_WS/ros2_galactic/install/turtlebot3_msgs/lib/python3.8/site-packages/turtlebot3_msgs/srv/__init__.py
[4.347s] -- Installing: /home/tal/TB3_PC_WS/ros2_galactic/install/turtlebot3_msgs/lib/python3.8/site-packages/turtlebot3_msgs/srv/_dqn.py
[4.348s] -- Installing: /home/tal/TB3_PC_WS/ros2_galactic/install/turtlebot3_msgs/lib/python3.8/site-packages/turtlebot3_msgs/srv/_sound.py
[4.348s] -- Installing: /home/tal/TB3_PC_WS/ros2_galactic/install/turtlebot3_msgs/lib/python3.8/site-packages/turtlebot3_msgs/srv/_sound_s.c
[4.348s] -- Installing: /home/tal/TB3_PC_WS/ros2_galactic/install/turtlebot3_msgs/lib/python3.8/site-packages/turtlebot3_msgs/action
[4.348s] -- Installing: /home/tal/TB3_PC_WS/ros2_galactic/install/turtlebot3_msgs/lib/python3.8/site-packages/turtlebot3_msgs/action/__init__.py
[4.348s] -- Installing: /home/tal/TB3_PC_WS/ros2_galactic/install/turtlebot3_msgs/lib/python3.8/site-packages/turtlebot3_msgs/action/_patrol_s.c
[4.348s] -- Installing: /home/tal/TB3_PC_WS/ros2_galactic/install/turtlebot3_msgs/lib/python3.8/site-packages/turtlebot3_msgs/action/_patrol.py
[4.348s] -- Installing: /home/tal/TB3_PC_WS/ros2_galactic/install/turtlebot3_msgs/lib/python3.8/site-packages/turtlebot3_msgs/turtlebot3_msgs_s__rosidl_typesupport_introspection_c.cpython-38-x86_64-linux-gnu.so
[4.348s] -- Set runtime path of "/home/tal/TB3_PC_WS/ros2_galactic/install/turtlebot3_msgs/lib/python3.8/site-packages/turtlebot3_msgs/turtlebot3_msgs_s__rosidl_typesupport_introspection_c.cpython-38-x86_64-linux-gnu.so" to ""
[4.348s] -- Installing: /home/tal/TB3_PC_WS/ros2_galactic/install/turtlebot3_msgs/lib/python3.8/site-packages/turtlebot3_msgs/turtlebot3_msgs_s__rosidl_typesupport_c.cpython-38-x86_64-linux-gnu.so
[4.348s] -- Set runtime path of "/home/tal/TB3_PC_WS/ros2_galactic/install/turtlebot3_msgs/lib/python3.8/site-packages/turtlebot3_msgs/turtlebot3_msgs_s__rosidl_typesupport_c.cpython-38-x86_64-linux-gnu.so" to ""
[4.348s] -- Installing: /home/tal/TB3_PC_WS/ros2_galactic/install/turtlebot3_msgs/lib/libturtlebot3_msgs__python.so
[4.348s] -- Set runtime path of "/home/tal/TB3_PC_WS/ros2_galactic/install/turtlebot3_msgs/lib/libturtlebot3_msgs__python.so" to ""
[4.349s] -- Installing: /home/tal/TB3_PC_WS/ros2_galactic/install/turtlebot3_msgs/share/turtlebot3_msgs/msg/SensorState.idl
[4.349s] -- Installing: /home/tal/TB3_PC_WS/ros2_galactic/install/turtlebot3_msgs/share/turtlebot3_msgs/msg/Sound.idl
[4.349s] -- Installing: /home/tal/TB3_PC_WS/ros2_galactic/install/turtlebot3_msgs/share/turtlebot3_msgs/msg/VersionInfo.idl
[4.349s] -- Installing: /home/tal/TB3_PC_WS/ros2_galactic/install/turtlebot3_msgs/share/turtlebot3_msgs/srv/Sound.idl
[4.349s] -- Installing: /home/tal/TB3_PC_WS/ros2_galactic/install/turtlebot3_msgs/share/turtlebot3_msgs/srv/Dqn.idl
[4.349s] -- Installing: /home/tal/TB3_PC_WS/ros2_galactic/install/turtlebot3_msgs/share/turtlebot3_msgs/action/Patrol.idl
[4.349s] -- Installing: /home/tal/TB3_PC_WS/ros2_galactic/install/turtlebot3_msgs/share/turtlebot3_msgs/msg/SensorState.msg
[4.349s] -- Installing: /home/tal/TB3_PC_WS/ros2_galactic/install/turtlebot3_msgs/share/turtlebot3_msgs/msg/Sound.msg
[4.349s] -- Installing: /home/tal/TB3_PC_WS/ros2_galactic/install/turtlebot3_msgs/share/turtlebot3_msgs/msg/VersionInfo.msg
[4.349s] -- Installing: /home/tal/TB3_PC_WS/ros2_galactic/install/turtlebot3_msgs/share/turtlebot3_msgs/srv/Sound.srv
[4.349s] -- Installing: /home/tal/TB3_PC_WS/ros2_galactic/install/turtlebot3_msgs/share/turtlebot3_msgs/srv/Sound_Request.msg
[4.350s] -- Installing: /home/tal/TB3_PC_WS/ros2_galactic/install/turtlebot3_msgs/share/turtlebot3_msgs/srv/Sound_Response.msg
[4.350s] -- Installing: /home/tal/TB3_PC_WS/ros2_galactic/install/turtlebot3_msgs/share/turtlebot3_msgs/srv/Dqn.srv
[4.350s] -- Installing: /home/tal/TB3_PC_WS/ros2_galactic/install/turtlebot3_msgs/share/turtlebot3_msgs/srv/Dqn_Request.msg
[4.350s] -- Installing: /home/tal/TB3_PC_WS/ros2_galactic/install/turtlebot3_msgs/share/turtlebot3_msgs/srv/Dqn_Response.msg
[4.350s] -- Installing: /home/tal/TB3_PC_WS/ros2_galactic/install/turtlebot3_msgs/share/turtlebot3_msgs/action/Patrol.action
[4.350s] -- Installing: /home/tal/TB3_PC_WS/ros2_galactic/install/turtlebot3_msgs/share/ament_index/resource_index/package_run_dependencies/turtlebot3_msgs
[4.350s] -- Installing: /home/tal/TB3_PC_WS/ros2_galactic/install/turtlebot3_msgs/share/ament_index/resource_index/parent_prefix_path/turtlebot3_msgs
[4.350s] -- Installing: /home/tal/TB3_PC_WS/ros2_galactic/install/turtlebot3_msgs/share/turtlebot3_msgs/environment/ament_prefix_path.sh
[4.350s] -- Installing: /home/tal/TB3_PC_WS/ros2_galactic/install/turtlebot3_msgs/share/turtlebot3_msgs/environment/ament_prefix_path.dsv
[4.350s] -- Installing: /home/tal/TB3_PC_WS/ros2_galactic/install/turtlebot3_msgs/share/turtlebot3_msgs/environment/path.sh
[4.350s] -- Installing: /home/tal/TB3_PC_WS/ros2_galactic/install/turtlebot3_msgs/share/turtlebot3_msgs/environment/path.dsv
[4.351s] -- Installing: /home/tal/TB3_PC_WS/ros2_galactic/install/turtlebot3_msgs/share/turtlebot3_msgs/local_setup.bash
[4.351s] -- Installing: /home/tal/TB3_PC_WS/ros2_galactic/install/turtlebot3_msgs/share/turtlebot3_msgs/local_setup.sh
[4.351s] -- Installing: /home/tal/TB3_PC_WS/ros2_galactic/install/turtlebot3_msgs/share/turtlebot3_msgs/local_setup.zsh
[4.351s] -- Installing: /home/tal/TB3_PC_WS/ros2_galactic/install/turtlebot3_msgs/share/turtlebot3_msgs/local_setup.dsv
[4.351s] -- Installing: /home/tal/TB3_PC_WS/ros2_galactic/install/turtlebot3_msgs/share/turtlebot3_msgs/package.dsv
[4.351s] -- Installing: /home/tal/TB3_PC_WS/ros2_galactic/install/turtlebot3_msgs/share/ament_index/resource_index/packages/turtlebot3_msgs
[4.351s] -- Installing: /home/tal/TB3_PC_WS/ros2_galactic/install/turtlebot3_msgs/share/turtlebot3_msgs/cmake/turtlebot3_msgs__rosidl_generator_cExport.cmake
[4.351s] -- Installing: /home/tal/TB3_PC_WS/ros2_galactic/install/turtlebot3_msgs/share/turtlebot3_msgs/cmake/turtlebot3_msgs__rosidl_generator_cExport-noconfig.cmake
[4.351s] -- Installing: /home/tal/TB3_PC_WS/ros2_galactic/install/turtlebot3_msgs/share/turtlebot3_msgs/cmake/turtlebot3_msgs__rosidl_typesupport_introspection_cExport.cmake
[4.351s] -- Installing: /home/tal/TB3_PC_WS/ros2_galactic/install/turtlebot3_msgs/share/turtlebot3_msgs/cmake/turtlebot3_msgs__rosidl_typesupport_introspection_cExport-noconfig.cmake
[4.351s] -- Installing: /home/tal/TB3_PC_WS/ros2_galactic/install/turtlebot3_msgs/share/turtlebot3_msgs/cmake/turtlebot3_msgs__rosidl_typesupport_cExport.cmake
[4.351s] -- Installing: /home/tal/TB3_PC_WS/ros2_galactic/install/turtlebot3_msgs/share/turtlebot3_msgs/cmake/turtlebot3_msgs__rosidl_typesupport_cExport-noconfig.cmake
[4.352s] -- Installing: /home/tal/TB3_PC_WS/ros2_galactic/install/turtlebot3_msgs/share/turtlebot3_msgs/cmake/turtlebot3_msgs__rosidl_generator_cppExport.cmake
[4.352s] -- Installing: /home/tal/TB3_PC_WS/ros2_galactic/install/turtlebot3_msgs/share/turtlebot3_msgs/cmake/turtlebot3_msgs__rosidl_typesupport_introspection_cppExport.cmake
[4.352s] -- Installing: /home/tal/TB3_PC_WS/ros2_galactic/install/turtlebot3_msgs/share/turtlebot3_msgs/cmake/turtlebot3_msgs__rosidl_typesupport_introspection_cppExport-noconfig.cmake
[4.352s] -- Installing: /home/tal/TB3_PC_WS/ros2_galactic/install/turtlebot3_msgs/share/turtlebot3_msgs/cmake/turtlebot3_msgs__rosidl_typesupport_cppExport.cmake
[4.352s] -- Installing: /home/tal/TB3_PC_WS/ros2_galactic/install/turtlebot3_msgs/share/turtlebot3_msgs/cmake/turtlebot3_msgs__rosidl_typesupport_cppExport-noconfig.cmake
[4.352s] -- Installing: /home/tal/TB3_PC_WS/ros2_galactic/install/turtlebot3_msgs/share/turtlebot3_msgs/cmake/rosidl_cmake-extras.cmake
[4.352s] -- Installing: /home/tal/TB3_PC_WS/ros2_galactic/install/turtlebot3_msgs/share/turtlebot3_msgs/cmake/ament_cmake_export_dependencies-extras.cmake
[4.352s] -- Installing: /home/tal/TB3_PC_WS/ros2_galactic/install/turtlebot3_msgs/share/turtlebot3_msgs/cmake/ament_cmake_export_libraries-extras.cmake
[4.352s] -- Installing: /home/tal/TB3_PC_WS/ros2_galactic/install/turtlebot3_msgs/share/turtlebot3_msgs/cmake/ament_cmake_export_targets-extras.cmake
[4.352s] -- Installing: /home/tal/TB3_PC_WS/ros2_galactic/install/turtlebot3_msgs/share/turtlebot3_msgs/cmake/ament_cmake_export_include_directories-extras.cmake
[4.352s] -- Installing: /home/tal/TB3_PC_WS/ros2_galactic/install/turtlebot3_msgs/share/turtlebot3_msgs/cmake/rosidl_cmake_export_typesupport_targets-extras.cmake
[4.352s] -- Installing: /home/tal/TB3_PC_WS/ros2_galactic/install/turtlebot3_msgs/share/turtlebot3_msgs/cmake/turtlebot3_msgsConfig.cmake
[4.352s] -- Installing: /home/tal/TB3_PC_WS/ros2_galactic/install/turtlebot3_msgs/share/turtlebot3_msgs/cmake/turtlebot3_msgsConfig-version.cmake
[4.353s] -- Installing: /home/tal/TB3_PC_WS/ros2_galactic/install/turtlebot3_msgs/share/turtlebot3_msgs/package.xml
[4.354s] Invoked command in '/home/tal/TB3_PC_WS/ros2_galactic/build/turtlebot3_msgs' returned '0': CMAKE_PREFIX_PATH=/opt/ros/galactic:${CMAKE_PREFIX_PATH} /usr/bin/cmake --install /home/tal/TB3_PC_WS/ros2_galactic/build/turtlebot3_msgs
