[0.387s] Invoking command in '/home/tal/TB3_PC_WS/src/turtlebot3/turtlebot3_example': CMAKE_PREFIX_PATH=/home/tal/TB3_PC_WS/install/turtlebot3_msgs:/opt/ros/noetic:/home/tal/TB3_PC_WS/install/turtlebot3:/home/tal/TB3_PC_WS/install/turtlebot3_bringup:/home/tal/TB3_PC_WS/install/turtlebot3_node:/home/tal/TB3_PC_WS/install/turtlebot3_navigation2:/home/tal/TB3_PC_WS/install/turtlebot3_description:/home/tal/TB3_PC_WS/install/turtlebot3_cartographer:/home/tal/TB3_PC_WS/install/turtlebot3_simulations:/home/tal/TB3_PC_WS/install/turtlebot3_gazebo:/home/tal/TB3_PC_WS/install/turtlebot3_fake_node:/home/tal/TB3_PC_WS/install/ros1_bridge LD_LIBRARY_PATH=/home/tal/TB3_PC_WS/install/turtlebot3_msgs/lib:/opt/ros/noetic/lib:/usr/lib/x86_64-linux-gnu/gazebo-11/plugins:/opt/ros/galactic/opt/yaml_cpp_vendor/lib:/opt/ros/galactic/lib/x86_64-linux-gnu:/opt/ros/galactic/lib PYTHONPATH=/home/tal/TB3_PC_WS/build/turtlebot3_example/prefix_override:/home/tal/.local/lib/python3.8/site-packages/colcon_core/task/python/colcon_distutils_commands:/home/tal/TB3_PC_WS/install/turtlebot3_example/lib/python3.8/site-packages:/home/tal/TB3_PC_WS/install/turtlebot3_msgs/lib/python3.8/site-packages:/opt/ros/noetic/lib/python3/dist-packages:/home/tal/TB3_PC_WS/install/turtlebot3_teleop/lib/python3.8/site-packages:/home/tal/TB3_PC_WS/install/turtlebot3_example/lib/python3.8/site-packages:/home/tal/TB3_PC_WS/install/tb_run_script/lib/python3.8/site-packages:/opt/ros/galactic/lib/python3.8/site-packages:/home/tal/TB3_PC_WS/install/tb_run_script/lib/python3.10/site-packages /usr/bin/python3 -W ignore:setup.py install is deprecated setup.py egg_info --egg-base ../../../build/turtlebot3_example build --build-base /home/tal/TB3_PC_WS/build/turtlebot3_example/build install --record /home/tal/TB3_PC_WS/build/turtlebot3_example/install.log --single-version-externally-managed install_data
[0.503s] running egg_info
[0.503s] writing ../../../build/turtlebot3_example/turtlebot3_example.egg-info/PKG-INFO
[0.503s] writing dependency_links to ../../../build/turtlebot3_example/turtlebot3_example.egg-info/dependency_links.txt
[0.503s] writing entry points to ../../../build/turtlebot3_example/turtlebot3_example.egg-info/entry_points.txt
[0.503s] writing requirements to ../../../build/turtlebot3_example/turtlebot3_example.egg-info/requires.txt
[0.504s] writing top-level names to ../../../build/turtlebot3_example/turtlebot3_example.egg-info/top_level.txt
[0.523s] reading manifest file '../../../build/turtlebot3_example/turtlebot3_example.egg-info/SOURCES.txt'
[0.524s] writing manifest file '../../../build/turtlebot3_example/turtlebot3_example.egg-info/SOURCES.txt'
[0.524s] running build
[0.524s] running build_py
[0.524s] running install
[0.525s] running install_lib
[0.526s] running install_data
[0.526s] running install_egg_info
[0.527s] removing '/home/tal/TB3_PC_WS/install/turtlebot3_example/lib/python3.8/site-packages/turtlebot3_example-2.1.5-py3.8.egg-info' (and everything under it)
[0.527s] Copying ../../../build/turtlebot3_example/turtlebot3_example.egg-info to /home/tal/TB3_PC_WS/install/turtlebot3_example/lib/python3.8/site-packages/turtlebot3_example-2.1.5-py3.8.egg-info
[0.527s] running install_scripts
[0.536s] Installing turtlebot3_obstacle_detection script to /home/tal/TB3_PC_WS/install/turtlebot3_example/lib/turtlebot3_example
[0.537s] Installing turtlebot3_patrol_client script to /home/tal/TB3_PC_WS/install/turtlebot3_example/lib/turtlebot3_example
[0.537s] Installing turtlebot3_patrol_server script to /home/tal/TB3_PC_WS/install/turtlebot3_example/lib/turtlebot3_example
[0.537s] Installing turtlebot3_position_control script to /home/tal/TB3_PC_WS/install/turtlebot3_example/lib/turtlebot3_example
[0.537s] writing list of installed files to '/home/tal/TB3_PC_WS/build/turtlebot3_example/install.log'
[0.547s] Invoked command in '/home/tal/TB3_PC_WS/src/turtlebot3/turtlebot3_example' returned '0': CMAKE_PREFIX_PATH=/home/tal/TB3_PC_WS/install/turtlebot3_msgs:/opt/ros/noetic:/home/tal/TB3_PC_WS/install/turtlebot3:/home/tal/TB3_PC_WS/install/turtlebot3_bringup:/home/tal/TB3_PC_WS/install/turtlebot3_node:/home/tal/TB3_PC_WS/install/turtlebot3_navigation2:/home/tal/TB3_PC_WS/install/turtlebot3_description:/home/tal/TB3_PC_WS/install/turtlebot3_cartographer:/home/tal/TB3_PC_WS/install/turtlebot3_simulations:/home/tal/TB3_PC_WS/install/turtlebot3_gazebo:/home/tal/TB3_PC_WS/install/turtlebot3_fake_node:/home/tal/TB3_PC_WS/install/ros1_bridge LD_LIBRARY_PATH=/home/tal/TB3_PC_WS/install/turtlebot3_msgs/lib:/opt/ros/noetic/lib:/usr/lib/x86_64-linux-gnu/gazebo-11/plugins:/opt/ros/galactic/opt/yaml_cpp_vendor/lib:/opt/ros/galactic/lib/x86_64-linux-gnu:/opt/ros/galactic/lib PYTHONPATH=/home/tal/TB3_PC_WS/build/turtlebot3_example/prefix_override:/home/tal/.local/lib/python3.8/site-packages/colcon_core/task/python/colcon_distutils_commands:/home/tal/TB3_PC_WS/install/turtlebot3_example/lib/python3.8/site-packages:/home/tal/TB3_PC_WS/install/turtlebot3_msgs/lib/python3.8/site-packages:/opt/ros/noetic/lib/python3/dist-packages:/home/tal/TB3_PC_WS/install/turtlebot3_teleop/lib/python3.8/site-packages:/home/tal/TB3_PC_WS/install/turtlebot3_example/lib/python3.8/site-packages:/home/tal/TB3_PC_WS/install/tb_run_script/lib/python3.8/site-packages:/opt/ros/galactic/lib/python3.8/site-packages:/home/tal/TB3_PC_WS/install/tb_run_script/lib/python3.10/site-packages /usr/bin/python3 -W ignore:setup.py install is deprecated setup.py egg_info --egg-base ../../../build/turtlebot3_example build --build-base /home/tal/TB3_PC_WS/build/turtlebot3_example/build install --record /home/tal/TB3_PC_WS/build/turtlebot3_example/install.log --single-version-externally-managed install_data
