[0.012s] Invoking command in '/home/tal/TB3_PC_WS/ros2_galactic/build/turtlebot3_fake_node': CMAKE_PREFIX_PATH=/opt/ros/galactic:${CMAKE_PREFIX_PATH} /usr/bin/cmake /home/tal/TB3_PC_WS/ros2_galactic/src/turtlebot3_fake_node -DCMAKE_INSTALL_PREFIX=/home/tal/TB3_PC_WS/ros2_galactic/install/turtlebot3_fake_node
[0.044s] -- The C compiler identification is GNU 9.4.0
[0.073s] -- The CXX compiler identification is GNU 9.4.0
[0.076s] -- Check for working C compiler: /usr/bin/cc
[0.114s] -- Check for working C compiler: /usr/bin/cc -- works
[0.114s] -- Detecting C compiler ABI info
[0.154s] -- Detecting C compiler ABI info - done
[0.161s] -- Detecting C compile features
[0.161s] -- Detecting C compile features - done
[0.162s] -- Check for working CXX compiler: /usr/bin/c++
[0.206s] -- Check for working CXX compiler: /usr/bin/c++ -- works
[0.207s] -- Detecting CXX compiler ABI info
[0.251s] -- Detecting CXX compiler ABI info - done
[0.257s] -- Detecting CXX compile features
[0.258s] -- Detecting CXX compile features - done
[0.259s] -- Found ament_cmake: 1.1.6 (/opt/ros/galactic/share/ament_cmake/cmake)
[0.269s] -- Found PythonInterp: /usr/bin/python3 (found suitable version "3.8.10", minimum required is "3") 
[0.269s] -- Using PYTHON_EXECUTABLE: /usr/bin/python3
[0.310s] -- Found geometry_msgs: 2.2.4 (/opt/ros/galactic/share/geometry_msgs/cmake)
[0.325s] -- Using single rosidl_typesupport_c: rosidl_typesupport_introspection_c
[0.328s] -- Found rosidl_adapter: 2.2.3 (/opt/ros/galactic/share/rosidl_adapter/cmake)
[0.340s] -- Using single rosidl_typesupport_cpp: rosidl_typesupport_introspection_cpp
[0.389s] -- Found nav_msgs: 2.2.4 (/opt/ros/galactic/share/nav_msgs/cmake)
[0.430s] -- Found rclcpp: 9.2.2 (/opt/ros/galactic/share/rclcpp/cmake)
[0.460s] -- Found rmw_implementation_cmake: 3.3.1 (/opt/ros/galactic/share/rmw_implementation_cmake/cmake)
[0.462s] -- Found rmw_cyclonedds_cpp: 0.22.6 (/opt/ros/galactic/share/rmw_cyclonedds_cpp/cmake)
[0.473s] -- Using RMW implementation 'rmw_cyclonedds_cpp' as default
[0.473s] -- Looking for pthread.h
[0.514s] -- Looking for pthread.h - found
[0.514s] -- Performing Test CMAKE_HAVE_LIBC_PTHREAD
[0.554s] -- Performing Test CMAKE_HAVE_LIBC_PTHREAD - Failed
[0.554s] -- Looking for pthread_create in pthreads
[0.587s] -- Looking for pthread_create in pthreads - not found
[0.587s] -- Looking for pthread_create in pthread
[0.628s] -- Looking for pthread_create in pthread - found
[0.629s] -- Found Threads: TRUE  
[0.706s] -- Found sensor_msgs: 2.2.4 (/opt/ros/galactic/share/sensor_msgs/cmake)
[0.747s] -- Found tf2: 0.17.5 (/opt/ros/galactic/share/tf2/cmake)
[0.753s] -- Found tf2_msgs: 0.17.5 (/opt/ros/galactic/share/tf2_msgs/cmake)
[0.861s] CMake Error at CMakeLists.txt:25 (find_package):
[0.861s]   By not providing "Findturtlebot3_msgs.cmake" in CMAKE_MODULE_PATH this
[0.861s]   project has asked CMake to find a package configuration file provided by
[0.861s]   "turtlebot3_msgs", but CMake did not find one.
[0.861s] 
[0.862s]   Could not find a package configuration file provided by "turtlebot3_msgs"
[0.862s]   with any of the following names:
[0.862s] 
[0.862s]     turtlebot3_msgsConfig.cmake
[0.862s]     turtlebot3_msgs-config.cmake
[0.862s] 
[0.862s]   Add the installation prefix of "turtlebot3_msgs" to CMAKE_PREFIX_PATH or
[0.862s]   set "turtlebot3_msgs_DIR" to a directory containing one of the above files.
[0.862s]   If "turtlebot3_msgs" provides a separate development package or SDK, be
[0.862s]   sure it has been installed.
[0.862s] 
[0.862s] 
[0.862s] -- Configuring incomplete, errors occurred!
[0.862s] See also "/home/tal/TB3_PC_WS/ros2_galactic/build/turtlebot3_fake_node/CMakeFiles/CMakeOutput.log".
[0.862s] See also "/home/tal/TB3_PC_WS/ros2_galactic/build/turtlebot3_fake_node/CMakeFiles/CMakeError.log".
[0.866s] Invoked command in '/home/tal/TB3_PC_WS/ros2_galactic/build/turtlebot3_fake_node' returned '1': CMAKE_PREFIX_PATH=/opt/ros/galactic:${CMAKE_PREFIX_PATH} /usr/bin/cmake /home/tal/TB3_PC_WS/ros2_galactic/src/turtlebot3_fake_node -DCMAKE_INSTALL_PREFIX=/home/tal/TB3_PC_WS/ros2_galactic/install/turtlebot3_fake_node
