-- The C compiler identification is GNU 11.4.0
-- The CXX compiler identification is GNU 11.4.0
-- Detecting C compiler ABI info
-- Detecting C compiler ABI info - done
-- Check for working C compiler: /usr/bin/cc - skipped
-- Detecting C compile features
-- Detecting C compile features - done
-- Detecting CXX compiler ABI info
-- Detecting CXX compiler ABI info - done
-- Check for working CXX compiler: /usr/bin/c++ - skipped
-- Detecting CXX compile features
-- Detecting CXX compile features - done
-- Found ament_cmake: 1.3.9 (/opt/ros/humble/share/ament_cmake/cmake)
-- Found Python3: /usr/bin/python3 (found version "3.10.12") found components: Interpreter 
-- Found cv_bridge: 3.2.1 (/opt/ros/humble/share/cv_bridge/cmake)
-- Found rosidl_generator_c: 3.1.5 (/opt/ros/humble/share/rosidl_generator_c/cmake)
-- Found rosidl_adapter: 3.1.5 (/opt/ros/humble/share/rosidl_adapter/cmake)
-- Found rosidl_generator_cpp: 3.1.5 (/opt/ros/humble/share/rosidl_generator_cpp/cmake)
-- Using all available rosidl_typesupport_c: rosidl_typesupport_fastrtps_c;rosidl_typesupport_introspection_c
-- Using all available rosidl_typesupport_cpp: rosidl_typesupport_fastrtps_cpp;rosidl_typesupport_introspection_cpp
-- Found image_transport: 3.1.9 (/opt/ros/humble/share/image_transport/cmake)
-- Found rmw_implementation_cmake: 6.1.2 (/opt/ros/humble/share/rmw_implementation_cmake/cmake)
-- Found rmw_fastrtps_cpp: 6.2.6 (/opt/ros/humble/share/rmw_fastrtps_cpp/cmake)
-- Found OpenSSL: /usr/lib/x86_64-linux-gnu/libcrypto.so (found version "3.0.2")  
-- Found FastRTPS: /opt/ros/humble/include  
-- Using RMW implementation 'rmw_fastrtps_cpp' as default
-- Looking for pthread.h
-- Looking for pthread.h - found
-- Performing Test CMAKE_HAVE_LIBC_PTHREAD
-- Performing Test CMAKE_HAVE_LIBC_PTHREAD - Success
-- Found Threads: TRUE  
-- Found OpenCV: /usr (found version "4.5.4") found components: highgui imgcodecs imgproc videoio 
-- Found rosidl_default_generators: 1.2.0 (/opt/ros/humble/share/rosidl_default_generators/cmake)
-- Found ament_cmake_ros: 0.10.0 (/opt/ros/humble/share/ament_cmake_ros/cmake)
-- Using all available rosidl_typesupport_c: rosidl_typesupport_fastrtps_c;rosidl_typesupport_introspection_c
-- Using all available rosidl_typesupport_cpp: rosidl_typesupport_fastrtps_cpp;rosidl_typesupport_introspection_cpp
-- Found PythonInterp: /usr/bin/python3 (found suitable version "3.10.12", minimum required is "3.6") 
-- Found python_cmake_module: 0.10.0 (/opt/ros/humble/share/python_cmake_module/cmake)
-- Found PythonLibs: /usr/lib/x86_64-linux-gnu/libpython3.10.so (found suitable version "3.10.12", minimum required is "3.5") 
-- Using PYTHON_EXECUTABLE: /usr/bin/python3
-- Using PYTHON_INCLUDE_DIRS: /usr/include/python3.10
-- Using PYTHON_LIBRARIES: /usr/lib/x86_64-linux-gnu/libpython3.10.so
-- Found PythonExtra: .so  
-- Found ament_lint_auto: 0.12.11 (/opt/ros/humble/share/ament_lint_auto/cmake)
-- Added test 'copyright' to check source files copyright and LICENSE
-- Added test 'cppcheck' to perform static code analysis on C / C++ code
-- Configured cppcheck include dirs: /home/tal/TB3_PC_WS/src/image_transport_tutorials/include
-- Configured cppcheck exclude dirs and/or files: 
-- Added test 'cpplint' to check C / C++ code against the Google style
-- Configured cpplint exclude dirs and/or files: 
-- Added test 'lint_cmake' to check CMake code style
-- Added test 'uncrustify' to check C / C++ code style
-- Configured uncrustify additional arguments: 
-- Added test 'xmllint' to check XML markup files
-- Configuring done
-- Generating done
-- Build files have been written to: /home/tal/TB3_PC_WS/build/image_transport_tutorials
[  2%] [34m[1mGenerating C++ code for ROS interfaces[0m
[  4%] [34m[1mGenerating C code for ROS interfaces[0m
[  7%] [32mBuilding CXX object CMakeFiles/my_publisher.dir/src/my_publisher.cpp.o[0m
[  9%] [32mBuilding CXX object CMakeFiles/publisher_from_video.dir/src/publisher_from_video.cpp.o[0m
[ 12%] [32mBuilding CXX object CMakeFiles/my_subscriber.dir/src/my_subscriber.cpp.o[0m
[ 12%] Built target ament_cmake_python_copy_image_transport_tutorials
[ 12%] Built target image_transport_tutorials__cpp
[ 14%] [34m[1mGenerating C++ type support dispatch for ROS interfaces[0m
running egg_info
creating image_transport_tutorials.egg-info
writing image_transport_tutorials.egg-info/PKG-INFO
writing dependency_links to image_transport_tutorials.egg-info/dependency_links.txt
writing top-level names to image_transport_tutorials.egg-info/top_level.txt
writing manifest file 'image_transport_tutorials.egg-info/SOURCES.txt'
reading manifest file 'image_transport_tutorials.egg-info/SOURCES.txt'
writing manifest file 'image_transport_tutorials.egg-info/SOURCES.txt'
[ 17%] [32mBuilding CXX object CMakeFiles/image_transport_tutorials__rosidl_typesupport_cpp.dir/rosidl_typesupport_cpp/image_transport_tutorials/msg/resized_image__type_support.cpp.o[0m
[ 19%] [32mBuilding C object CMakeFiles/image_transport_tutorials__rosidl_generator_c.dir/rosidl_generator_c/image_transport_tutorials/msg/detail/resized_image__functions.c.o[0m
[ 19%] Built target ament_cmake_python_build_image_transport_tutorials_egg
[ 21%] [34m[1mGenerating C++ type support for eProsima Fast-RTPS[0m
[ 24%] [32m[1mLinking C shared library libimage_transport_tutorials__rosidl_generator_c.so[0m
[ 24%] Built target image_transport_tutorials__rosidl_generator_c
[ 26%] [34m[1mGenerating C++ introspection for ROS interfaces[0m
[ 29%] [32mBuilding CXX object CMakeFiles/image_transport_tutorials__rosidl_typesupport_fastrtps_cpp.dir/rosidl_typesupport_fastrtps_cpp/image_transport_tutorials/msg/detail/dds_fastrtps/resized_image__type_support.cpp.o[0m
[ 31%] [32m[1mLinking CXX shared library libimage_transport_tutorials__rosidl_typesupport_cpp.so[0m
[ 34%] [32mBuilding CXX object CMakeFiles/image_transport_tutorials__rosidl_typesupport_introspection_cpp.dir/rosidl_typesupport_introspection_cpp/image_transport_tutorials/msg/detail/resized_image__type_support.cpp.o[0m
[ 34%] Built target image_transport_tutorials__rosidl_typesupport_cpp
[ 36%] [34m[1mGenerating C type support for eProsima Fast-RTPS[0m
[ 39%] [32m[1mLinking CXX shared library libimage_transport_tutorials__rosidl_typesupport_introspection_cpp.so[0m
[ 41%] [32mBuilding CXX object CMakeFiles/image_transport_tutorials__rosidl_typesupport_fastrtps_c.dir/rosidl_typesupport_fastrtps_c/image_transport_tutorials/msg/detail/resized_image__type_support_c.cpp.o[0m
[ 41%] Built target image_transport_tutorials__rosidl_typesupport_introspection_cpp
[ 43%] [34m[1mGenerating C introspection for ROS interfaces[0m
[ 46%] [32m[1mLinking CXX shared library libimage_transport_tutorials__rosidl_typesupport_fastrtps_cpp.so[0m
[ 46%] Built target image_transport_tutorials__rosidl_typesupport_fastrtps_cpp
[ 48%] [32m[1mLinking CXX shared library libimage_transport_tutorials__rosidl_typesupport_fastrtps_c.so[0m
[ 51%] [34m[1mGenerating C type support dispatch for ROS interfaces[0m
[ 51%] Built target image_transport_tutorials__rosidl_typesupport_fastrtps_c
[ 53%] [32mBuilding C object CMakeFiles/image_transport_tutorials__rosidl_typesupport_introspection_c.dir/rosidl_typesupport_introspection_c/image_transport_tutorials/msg/detail/resized_image__type_support.c.o[0m
[ 56%] [32mBuilding CXX object CMakeFiles/resized_plugins.dir/src/manifest.cpp.o[0m
[ 58%] [32m[1mLinking C shared library libimage_transport_tutorials__rosidl_typesupport_introspection_c.so[0m
[ 58%] Built target image_transport_tutorials__rosidl_typesupport_introspection_c
[ 60%] [32mBuilding CXX object CMakeFiles/resized_plugins.dir/src/resized_publisher.cpp.o[0m
[ 63%] [32mBuilding CXX object CMakeFiles/image_transport_tutorials__rosidl_typesupport_c.dir/rosidl_typesupport_c/image_transport_tutorials/msg/resized_image__type_support.cpp.o[0m
[ 65%] [32m[1mLinking CXX shared library libimage_transport_tutorials__rosidl_typesupport_c.so[0m
[ 65%] Built target image_transport_tutorials__rosidl_typesupport_c
[ 65%] Built target image_transport_tutorials
[ 68%] [34m[1mGenerating Python code for ROS interfaces[0m
[ 68%] Built target image_transport_tutorials__py
[ 70%] [32m[1mLinking CXX executable my_publisher[0m
[ 73%] [32m[1mLinking CXX executable publisher_from_video[0m
[ 73%] Built target my_publisher
[ 73%] Built target publisher_from_video
[ 75%] [32m[1mLinking CXX executable my_subscriber[0m
[ 75%] Built target my_subscriber
[ 78%] [32mBuilding CXX object CMakeFiles/resized_plugins.dir/src/resized_subscriber.cpp.o[0m
[ 80%] [32m[1mLinking CXX shared library libresized_plugins.so[0m
[ 80%] Built target resized_plugins
[ 82%] [32mBuilding C object CMakeFiles/image_transport_tutorials__rosidl_generator_py.dir/rosidl_generator_py/image_transport_tutorials/msg/_resized_image_s.c.o[0m
[ 85%] [32m[1mLinking C shared library rosidl_generator_py/image_transport_tutorials/libimage_transport_tutorials__rosidl_generator_py.so[0m
[ 85%] Built target image_transport_tutorials__rosidl_generator_py
[ 87%] [32mBuilding C object CMakeFiles/image_transport_tutorials__rosidl_typesupport_fastrtps_c__pyext.dir/rosidl_generator_py/image_transport_tutorials/_image_transport_tutorials_s.ep.rosidl_typesupport_fastrtps_c.c.o[0m
[ 90%] [32m[1mLinking C shared library rosidl_generator_py/image_transport_tutorials/image_transport_tutorials_s__rosidl_typesupport_fastrtps_c.cpython-310-x86_64-linux-gnu.so[0m
[ 90%] Built target image_transport_tutorials__rosidl_typesupport_fastrtps_c__pyext
[ 92%] [32mBuilding C object CMakeFiles/image_transport_tutorials__rosidl_typesupport_c__pyext.dir/rosidl_generator_py/image_transport_tutorials/_image_transport_tutorials_s.ep.rosidl_typesupport_c.c.o[0m
[ 95%] [32m[1mLinking C shared library rosidl_generator_py/image_transport_tutorials/image_transport_tutorials_s__rosidl_typesupport_c.cpython-310-x86_64-linux-gnu.so[0m
[ 95%] Built target image_transport_tutorials__rosidl_typesupport_c__pyext
[ 97%] [32mBuilding C object CMakeFiles/image_transport_tutorials__rosidl_typesupport_introspection_c__pyext.dir/rosidl_generator_py/image_transport_tutorials/_image_transport_tutorials_s.ep.rosidl_typesupport_introspection_c.c.o[0m
[100%] [32m[1mLinking C shared library rosidl_generator_py/image_transport_tutorials/image_transport_tutorials_s__rosidl_typesupport_introspection_c.cpython-310-x86_64-linux-gnu.so[0m
[100%] Built target image_transport_tutorials__rosidl_typesupport_introspection_c__pyext
-- Install configuration: ""
-- Installing: /home/tal/TB3_PC_WS/install/image_transport_tutorials/share/ament_index/resource_index/rosidl_interfaces/image_transport_tutorials
-- Installing: /home/tal/TB3_PC_WS/install/image_transport_tutorials/include/image_transport_tutorials/image_transport_tutorials
-- Installing: /home/tal/TB3_PC_WS/install/image_transport_tutorials/include/image_transport_tutorials/image_transport_tutorials/msg
-- Installing: /home/tal/TB3_PC_WS/install/image_transport_tutorials/include/image_transport_tutorials/image_transport_tutorials/msg/resized_image.h
-- Installing: /home/tal/TB3_PC_WS/install/image_transport_tutorials/include/image_transport_tutorials/image_transport_tutorials/msg/rosidl_generator_c__visibility_control.h
-- Installing: /home/tal/TB3_PC_WS/install/image_transport_tutorials/include/image_transport_tutorials/image_transport_tutorials/msg/detail
-- Installing: /home/tal/TB3_PC_WS/install/image_transport_tutorials/include/image_transport_tutorials/image_transport_tutorials/msg/detail/resized_image__functions.h
-- Installing: /home/tal/TB3_PC_WS/install/image_transport_tutorials/include/image_transport_tutorials/image_transport_tutorials/msg/detail/resized_image__struct.h
-- Installing: /home/tal/TB3_PC_WS/install/image_transport_tutorials/include/image_transport_tutorials/image_transport_tutorials/msg/detail/resized_image__functions.c
-- Installing: /home/tal/TB3_PC_WS/install/image_transport_tutorials/include/image_transport_tutorials/image_transport_tutorials/msg/detail/resized_image__type_support.h
-- Installing: /home/tal/TB3_PC_WS/install/image_transport_tutorials/share/image_transport_tutorials/environment/library_path.sh
-- Installing: /home/tal/TB3_PC_WS/install/image_transport_tutorials/share/image_transport_tutorials/environment/library_path.dsv
-- Installing: /home/tal/TB3_PC_WS/install/image_transport_tutorials/lib/libimage_transport_tutorials__rosidl_generator_c.so
-- Set runtime path of "/home/tal/TB3_PC_WS/install/image_transport_tutorials/lib/libimage_transport_tutorials__rosidl_generator_c.so" to ""
-- Up-to-date: /home/tal/TB3_PC_WS/install/image_transport_tutorials/include/image_transport_tutorials/image_transport_tutorials
-- Up-to-date: /home/tal/TB3_PC_WS/install/image_transport_tutorials/include/image_transport_tutorials/image_transport_tutorials/msg
-- Up-to-date: /home/tal/TB3_PC_WS/install/image_transport_tutorials/include/image_transport_tutorials/image_transport_tutorials/msg/detail
-- Installing: /home/tal/TB3_PC_WS/install/image_transport_tutorials/include/image_transport_tutorials/image_transport_tutorials/msg/detail/resized_image__rosidl_typesupport_fastrtps_c.h
-- Installing: /home/tal/TB3_PC_WS/install/image_transport_tutorials/include/image_transport_tutorials/image_transport_tutorials/msg/rosidl_typesupport_fastrtps_c__visibility_control.h
-- Installing: /home/tal/TB3_PC_WS/install/image_transport_tutorials/lib/libimage_transport_tutorials__rosidl_typesupport_fastrtps_c.so
-- Set runtime path of "/home/tal/TB3_PC_WS/install/image_transport_tutorials/lib/libimage_transport_tutorials__rosidl_typesupport_fastrtps_c.so" to ""
-- Up-to-date: /home/tal/TB3_PC_WS/install/image_transport_tutorials/include/image_transport_tutorials/image_transport_tutorials
-- Up-to-date: /home/tal/TB3_PC_WS/install/image_transport_tutorials/include/image_transport_tutorials/image_transport_tutorials/msg
-- Up-to-date: /home/tal/TB3_PC_WS/install/image_transport_tutorials/include/image_transport_tutorials/image_transport_tutorials/msg/detail
-- Installing: /home/tal/TB3_PC_WS/install/image_transport_tutorials/include/image_transport_tutorials/image_transport_tutorials/msg/detail/resized_image__struct.hpp
-- Installing: /home/tal/TB3_PC_WS/install/image_transport_tutorials/include/image_transport_tutorials/image_transport_tutorials/msg/detail/resized_image__traits.hpp
-- Installing: /home/tal/TB3_PC_WS/install/image_transport_tutorials/include/image_transport_tutorials/image_transport_tutorials/msg/detail/resized_image__builder.hpp
-- Installing: /home/tal/TB3_PC_WS/install/image_transport_tutorials/include/image_transport_tutorials/image_transport_tutorials/msg/resized_image.hpp
-- Up-to-date: /home/tal/TB3_PC_WS/install/image_transport_tutorials/include/image_transport_tutorials/image_transport_tutorials
-- Up-to-date: /home/tal/TB3_PC_WS/install/image_transport_tutorials/include/image_transport_tutorials/image_transport_tutorials/msg
-- Installing: /home/tal/TB3_PC_WS/install/image_transport_tutorials/include/image_transport_tutorials/image_transport_tutorials/msg/rosidl_typesupport_fastrtps_cpp__visibility_control.h
-- Up-to-date: /home/tal/TB3_PC_WS/install/image_transport_tutorials/include/image_transport_tutorials/image_transport_tutorials/msg/detail
-- Installing: /home/tal/TB3_PC_WS/install/image_transport_tutorials/include/image_transport_tutorials/image_transport_tutorials/msg/detail/resized_image__rosidl_typesupport_fastrtps_cpp.hpp
-- Installing: /home/tal/TB3_PC_WS/install/image_transport_tutorials/include/image_transport_tutorials/image_transport_tutorials/msg/detail/dds_fastrtps
-- Installing: /home/tal/TB3_PC_WS/install/image_transport_tutorials/lib/libimage_transport_tutorials__rosidl_typesupport_fastrtps_cpp.so
-- Set runtime path of "/home/tal/TB3_PC_WS/install/image_transport_tutorials/lib/libimage_transport_tutorials__rosidl_typesupport_fastrtps_cpp.so" to ""
-- Up-to-date: /home/tal/TB3_PC_WS/install/image_transport_tutorials/include/image_transport_tutorials/image_transport_tutorials
-- Up-to-date: /home/tal/TB3_PC_WS/install/image_transport_tutorials/include/image_transport_tutorials/image_transport_tutorials/msg
-- Up-to-date: /home/tal/TB3_PC_WS/install/image_transport_tutorials/include/image_transport_tutorials/image_transport_tutorials/msg/detail
-- Installing: /home/tal/TB3_PC_WS/install/image_transport_tutorials/include/image_transport_tutorials/image_transport_tutorials/msg/detail/resized_image__type_support.c
-- Installing: /home/tal/TB3_PC_WS/install/image_transport_tutorials/include/image_transport_tutorials/image_transport_tutorials/msg/detail/resized_image__rosidl_typesupport_introspection_c.h
-- Installing: /home/tal/TB3_PC_WS/install/image_transport_tutorials/include/image_transport_tutorials/image_transport_tutorials/msg/rosidl_typesupport_introspection_c__visibility_control.h
-- Installing: /home/tal/TB3_PC_WS/install/image_transport_tutorials/lib/libimage_transport_tutorials__rosidl_typesupport_introspection_c.so
-- Set runtime path of "/home/tal/TB3_PC_WS/install/image_transport_tutorials/lib/libimage_transport_tutorials__rosidl_typesupport_introspection_c.so" to ""
-- Installing: /home/tal/TB3_PC_WS/install/image_transport_tutorials/lib/libimage_transport_tutorials__rosidl_typesupport_c.so
-- Set runtime path of "/home/tal/TB3_PC_WS/install/image_transport_tutorials/lib/libimage_transport_tutorials__rosidl_typesupport_c.so" to ""
-- Up-to-date: /home/tal/TB3_PC_WS/install/image_transport_tutorials/include/image_transport_tutorials/image_transport_tutorials
-- Up-to-date: /home/tal/TB3_PC_WS/install/image_transport_tutorials/include/image_transport_tutorials/image_transport_tutorials/msg
-- Up-to-date: /home/tal/TB3_PC_WS/install/image_transport_tutorials/include/image_transport_tutorials/image_transport_tutorials/msg/detail
-- Installing: /home/tal/TB3_PC_WS/install/image_transport_tutorials/include/image_transport_tutorials/image_transport_tutorials/msg/detail/resized_image__rosidl_typesupport_introspection_cpp.hpp
-- Installing: /home/tal/TB3_PC_WS/install/image_transport_tutorials/include/image_transport_tutorials/image_transport_tutorials/msg/detail/resized_image__type_support.cpp
-- Installing: /home/tal/TB3_PC_WS/install/image_transport_tutorials/lib/libimage_transport_tutorials__rosidl_typesupport_introspection_cpp.so
-- Set runtime path of "/home/tal/TB3_PC_WS/install/image_transport_tutorials/lib/libimage_transport_tutorials__rosidl_typesupport_introspection_cpp.so" to ""
-- Installing: /home/tal/TB3_PC_WS/install/image_transport_tutorials/lib/libimage_transport_tutorials__rosidl_typesupport_cpp.so
-- Set runtime path of "/home/tal/TB3_PC_WS/install/image_transport_tutorials/lib/libimage_transport_tutorials__rosidl_typesupport_cpp.so" to ""
-- Installing: /home/tal/TB3_PC_WS/install/image_transport_tutorials/share/image_transport_tutorials/environment/pythonpath.sh
-- Installing: /home/tal/TB3_PC_WS/install/image_transport_tutorials/share/image_transport_tutorials/environment/pythonpath.dsv
-- Installing: /home/tal/TB3_PC_WS/install/image_transport_tutorials/local/lib/python3.10/dist-packages/image_transport_tutorials-0.0.0-py3.10.egg-info
-- Installing: /home/tal/TB3_PC_WS/install/image_transport_tutorials/local/lib/python3.10/dist-packages/image_transport_tutorials-0.0.0-py3.10.egg-info/PKG-INFO
-- Installing: /home/tal/TB3_PC_WS/install/image_transport_tutorials/local/lib/python3.10/dist-packages/image_transport_tutorials-0.0.0-py3.10.egg-info/top_level.txt
-- Installing: /home/tal/TB3_PC_WS/install/image_transport_tutorials/local/lib/python3.10/dist-packages/image_transport_tutorials-0.0.0-py3.10.egg-info/SOURCES.txt
-- Installing: /home/tal/TB3_PC_WS/install/image_transport_tutorials/local/lib/python3.10/dist-packages/image_transport_tutorials-0.0.0-py3.10.egg-info/dependency_links.txt
-- Installing: /home/tal/TB3_PC_WS/install/image_transport_tutorials/local/lib/python3.10/dist-packages/image_transport_tutorials
-- Installing: /home/tal/TB3_PC_WS/install/image_transport_tutorials/local/lib/python3.10/dist-packages/image_transport_tutorials/libimage_transport_tutorials__rosidl_generator_py.so
-- Installing: /home/tal/TB3_PC_WS/install/image_transport_tutorials/local/lib/python3.10/dist-packages/image_transport_tutorials/msg
-- Installing: /home/tal/TB3_PC_WS/install/image_transport_tutorials/local/lib/python3.10/dist-packages/image_transport_tutorials/msg/_resized_image.py
-- Installing: /home/tal/TB3_PC_WS/install/image_transport_tutorials/local/lib/python3.10/dist-packages/image_transport_tutorials/msg/_resized_image_s.c
-- Installing: /home/tal/TB3_PC_WS/install/image_transport_tutorials/local/lib/python3.10/dist-packages/image_transport_tutorials/msg/__init__.py
-- Installing: /home/tal/TB3_PC_WS/install/image_transport_tutorials/local/lib/python3.10/dist-packages/image_transport_tutorials/image_transport_tutorials_s__rosidl_typesupport_introspection_c.cpython-310-x86_64-linux-gnu.so
-- Installing: /home/tal/TB3_PC_WS/install/image_transport_tutorials/local/lib/python3.10/dist-packages/image_transport_tutorials/_image_transport_tutorials_s.ep.rosidl_typesupport_introspection_c.c
-- Installing: /home/tal/TB3_PC_WS/install/image_transport_tutorials/local/lib/python3.10/dist-packages/image_transport_tutorials/__init__.py
-- Installing: /home/tal/TB3_PC_WS/install/image_transport_tutorials/local/lib/python3.10/dist-packages/image_transport_tutorials/_image_transport_tutorials_s.ep.rosidl_typesupport_fastrtps_c.c
-- Installing: /home/tal/TB3_PC_WS/install/image_transport_tutorials/local/lib/python3.10/dist-packages/image_transport_tutorials/_image_transport_tutorials_s.ep.rosidl_typesupport_c.c
-- Installing: /home/tal/TB3_PC_WS/install/image_transport_tutorials/local/lib/python3.10/dist-packages/image_transport_tutorials/image_transport_tutorials_s__rosidl_typesupport_c.cpython-310-x86_64-linux-gnu.so
-- Installing: /home/tal/TB3_PC_WS/install/image_transport_tutorials/local/lib/python3.10/dist-packages/image_transport_tutorials/image_transport_tutorials_s__rosidl_typesupport_fastrtps_c.cpython-310-x86_64-linux-gnu.so
Listing '/home/tal/TB3_PC_WS/install/image_transport_tutorials/local/lib/python3.10/dist-packages/image_transport_tutorials'...
Compiling '/home/tal/TB3_PC_WS/install/image_transport_tutorials/local/lib/python3.10/dist-packages/image_transport_tutorials/__init__.py'...
Listing '/home/tal/TB3_PC_WS/install/image_transport_tutorials/local/lib/python3.10/dist-packages/image_transport_tutorials/msg'...
Compiling '/home/tal/TB3_PC_WS/install/image_transport_tutorials/local/lib/python3.10/dist-packages/image_transport_tutorials/msg/__init__.py'...
Compiling '/home/tal/TB3_PC_WS/install/image_transport_tutorials/local/lib/python3.10/dist-packages/image_transport_tutorials/msg/_resized_image.py'...
-- Installing: /home/tal/TB3_PC_WS/install/image_transport_tutorials/local/lib/python3.10/dist-packages/image_transport_tutorials/image_transport_tutorials_s__rosidl_typesupport_fastrtps_c.cpython-310-x86_64-linux-gnu.so
-- Set runtime path of "/home/tal/TB3_PC_WS/install/image_transport_tutorials/local/lib/python3.10/dist-packages/image_transport_tutorials/image_transport_tutorials_s__rosidl_typesupport_fastrtps_c.cpython-310-x86_64-linux-gnu.so" to ""
-- Installing: /home/tal/TB3_PC_WS/install/image_transport_tutorials/local/lib/python3.10/dist-packages/image_transport_tutorials/image_transport_tutorials_s__rosidl_typesupport_introspection_c.cpython-310-x86_64-linux-gnu.so
-- Set runtime path of "/home/tal/TB3_PC_WS/install/image_transport_tutorials/local/lib/python3.10/dist-packages/image_transport_tutorials/image_transport_tutorials_s__rosidl_typesupport_introspection_c.cpython-310-x86_64-linux-gnu.so" to ""
-- Installing: /home/tal/TB3_PC_WS/install/image_transport_tutorials/local/lib/python3.10/dist-packages/image_transport_tutorials/image_transport_tutorials_s__rosidl_typesupport_c.cpython-310-x86_64-linux-gnu.so
-- Set runtime path of "/home/tal/TB3_PC_WS/install/image_transport_tutorials/local/lib/python3.10/dist-packages/image_transport_tutorials/image_transport_tutorials_s__rosidl_typesupport_c.cpython-310-x86_64-linux-gnu.so" to ""
-- Installing: /home/tal/TB3_PC_WS/install/image_transport_tutorials/lib/libimage_transport_tutorials__rosidl_generator_py.so
-- Set runtime path of "/home/tal/TB3_PC_WS/install/image_transport_tutorials/lib/libimage_transport_tutorials__rosidl_generator_py.so" to ""
-- Installing: /home/tal/TB3_PC_WS/install/image_transport_tutorials/share/image_transport_tutorials/msg/ResizedImage.idl
-- Installing: /home/tal/TB3_PC_WS/install/image_transport_tutorials/share/image_transport_tutorials/msg/ResizedImage.msg
-- Installing: /home/tal/TB3_PC_WS/install/image_transport_tutorials/share/image_transport_tutorials/resized_plugins.xml
-- Installing: /home/tal/TB3_PC_WS/install/image_transport_tutorials/lib/image_transport_tutorials/my_publisher
-- Set runtime path of "/home/tal/TB3_PC_WS/install/image_transport_tutorials/lib/image_transport_tutorials/my_publisher" to ""
-- Installing: /home/tal/TB3_PC_WS/install/image_transport_tutorials/lib/image_transport_tutorials/my_subscriber
-- Set runtime path of "/home/tal/TB3_PC_WS/install/image_transport_tutorials/lib/image_transport_tutorials/my_subscriber" to ""
-- Installing: /home/tal/TB3_PC_WS/install/image_transport_tutorials/lib/libresized_plugins.so
-- Set runtime path of "/home/tal/TB3_PC_WS/install/image_transport_tutorials/lib/libresized_plugins.so" to ""
-- Installing: /home/tal/TB3_PC_WS/install/image_transport_tutorials/lib/image_transport_tutorials/publisher_from_video
-- Set runtime path of "/home/tal/TB3_PC_WS/install/image_transport_tutorials/lib/image_transport_tutorials/publisher_from_video" to ""
-- Up-to-date: /home/tal/TB3_PC_WS/install/image_transport_tutorials/include/image_transport_tutorials
-- Up-to-date: /home/tal/TB3_PC_WS/install/image_transport_tutorials/include/image_transport_tutorials/image_transport_tutorials
-- Installing: /home/tal/TB3_PC_WS/install/image_transport_tutorials/include/image_transport_tutorials/image_transport_tutorials/resized_subscriber.hpp
-- Installing: /home/tal/TB3_PC_WS/install/image_transport_tutorials/include/image_transport_tutorials/image_transport_tutorials/resized_publisher.hpp
-- Installing: /home/tal/TB3_PC_WS/install/image_transport_tutorials/share/ament_index/resource_index/package_run_dependencies/image_transport_tutorials
-- Installing: /home/tal/TB3_PC_WS/install/image_transport_tutorials/share/ament_index/resource_index/parent_prefix_path/image_transport_tutorials
-- Installing: /home/tal/TB3_PC_WS/install/image_transport_tutorials/share/image_transport_tutorials/environment/ament_prefix_path.sh
-- Installing: /home/tal/TB3_PC_WS/install/image_transport_tutorials/share/image_transport_tutorials/environment/ament_prefix_path.dsv
-- Installing: /home/tal/TB3_PC_WS/install/image_transport_tutorials/share/image_transport_tutorials/environment/path.sh
-- Installing: /home/tal/TB3_PC_WS/install/image_transport_tutorials/share/image_transport_tutorials/environment/path.dsv
-- Installing: /home/tal/TB3_PC_WS/install/image_transport_tutorials/share/image_transport_tutorials/local_setup.bash
-- Installing: /home/tal/TB3_PC_WS/install/image_transport_tutorials/share/image_transport_tutorials/local_setup.sh
-- Installing: /home/tal/TB3_PC_WS/install/image_transport_tutorials/share/image_transport_tutorials/local_setup.zsh
-- Installing: /home/tal/TB3_PC_WS/install/image_transport_tutorials/share/image_transport_tutorials/local_setup.dsv
-- Installing: /home/tal/TB3_PC_WS/install/image_transport_tutorials/share/image_transport_tutorials/package.dsv
-- Installing: /home/tal/TB3_PC_WS/install/image_transport_tutorials/share/ament_index/resource_index/packages/image_transport_tutorials
-- Installing: /home/tal/TB3_PC_WS/install/image_transport_tutorials/share/ament_index/resource_index/image_transport_tutorials__pluginlib__plugin/image_transport_tutorials
-- Installing: /home/tal/TB3_PC_WS/install/image_transport_tutorials/share/image_transport_tutorials/cmake/export_image_transport_tutorials__rosidl_generator_cExport.cmake
-- Installing: /home/tal/TB3_PC_WS/install/image_transport_tutorials/share/image_transport_tutorials/cmake/export_image_transport_tutorials__rosidl_generator_cExport-noconfig.cmake
-- Installing: /home/tal/TB3_PC_WS/install/image_transport_tutorials/share/image_transport_tutorials/cmake/export_image_transport_tutorials__rosidl_typesupport_fastrtps_cExport.cmake
-- Installing: /home/tal/TB3_PC_WS/install/image_transport_tutorials/share/image_transport_tutorials/cmake/export_image_transport_tutorials__rosidl_typesupport_fastrtps_cExport-noconfig.cmake
-- Installing: /home/tal/TB3_PC_WS/install/image_transport_tutorials/share/image_transport_tutorials/cmake/export_image_transport_tutorials__rosidl_generator_cppExport.cmake
-- Installing: /home/tal/TB3_PC_WS/install/image_transport_tutorials/share/image_transport_tutorials/cmake/export_image_transport_tutorials__rosidl_typesupport_fastrtps_cppExport.cmake
-- Installing: /home/tal/TB3_PC_WS/install/image_transport_tutorials/share/image_transport_tutorials/cmake/export_image_transport_tutorials__rosidl_typesupport_fastrtps_cppExport-noconfig.cmake
-- Installing: /home/tal/TB3_PC_WS/install/image_transport_tutorials/share/image_transport_tutorials/cmake/image_transport_tutorials__rosidl_typesupport_introspection_cExport.cmake
-- Installing: /home/tal/TB3_PC_WS/install/image_transport_tutorials/share/image_transport_tutorials/cmake/image_transport_tutorials__rosidl_typesupport_introspection_cExport-noconfig.cmake
-- Installing: /home/tal/TB3_PC_WS/install/image_transport_tutorials/share/image_transport_tutorials/cmake/image_transport_tutorials__rosidl_typesupport_cExport.cmake
-- Installing: /home/tal/TB3_PC_WS/install/image_transport_tutorials/share/image_transport_tutorials/cmake/image_transport_tutorials__rosidl_typesupport_cExport-noconfig.cmake
-- Installing: /home/tal/TB3_PC_WS/install/image_transport_tutorials/share/image_transport_tutorials/cmake/image_transport_tutorials__rosidl_typesupport_introspection_cppExport.cmake
-- Installing: /home/tal/TB3_PC_WS/install/image_transport_tutorials/share/image_transport_tutorials/cmake/image_transport_tutorials__rosidl_typesupport_introspection_cppExport-noconfig.cmake
-- Installing: /home/tal/TB3_PC_WS/install/image_transport_tutorials/share/image_transport_tutorials/cmake/image_transport_tutorials__rosidl_typesupport_cppExport.cmake
-- Installing: /home/tal/TB3_PC_WS/install/image_transport_tutorials/share/image_transport_tutorials/cmake/image_transport_tutorials__rosidl_typesupport_cppExport-noconfig.cmake
-- Installing: /home/tal/TB3_PC_WS/install/image_transport_tutorials/share/image_transport_tutorials/cmake/export_image_transport_tutorials__rosidl_generator_pyExport.cmake
-- Installing: /home/tal/TB3_PC_WS/install/image_transport_tutorials/share/image_transport_tutorials/cmake/export_image_transport_tutorials__rosidl_generator_pyExport-noconfig.cmake
-- Installing: /home/tal/TB3_PC_WS/install/image_transport_tutorials/share/image_transport_tutorials/cmake/rosidl_cmake-extras.cmake
-- Installing: /home/tal/TB3_PC_WS/install/image_transport_tutorials/share/image_transport_tutorials/cmake/ament_cmake_export_dependencies-extras.cmake
-- Installing: /home/tal/TB3_PC_WS/install/image_transport_tutorials/share/image_transport_tutorials/cmake/ament_cmake_export_include_directories-extras.cmake
-- Installing: /home/tal/TB3_PC_WS/install/image_transport_tutorials/share/image_transport_tutorials/cmake/ament_cmake_export_libraries-extras.cmake
-- Installing: /home/tal/TB3_PC_WS/install/image_transport_tutorials/share/image_transport_tutorials/cmake/ament_cmake_export_targets-extras.cmake
-- Installing: /home/tal/TB3_PC_WS/install/image_transport_tutorials/share/image_transport_tutorials/cmake/rosidl_cmake_export_typesupport_targets-extras.cmake
-- Installing: /home/tal/TB3_PC_WS/install/image_transport_tutorials/share/image_transport_tutorials/cmake/rosidl_cmake_export_typesupport_libraries-extras.cmake
-- Installing: /home/tal/TB3_PC_WS/install/image_transport_tutorials/share/image_transport_tutorials/cmake/image_transport_tutorialsConfig.cmake
-- Installing: /home/tal/TB3_PC_WS/install/image_transport_tutorials/share/image_transport_tutorials/cmake/image_transport_tutorialsConfig-version.cmake
-- Installing: /home/tal/TB3_PC_WS/install/image_transport_tutorials/share/image_transport_tutorials/package.xml
