[0.021s] Invoking command in '/home/tal/TB3_PC_WS/build/image_transport_tutorials': CMAKE_PREFIX_PATH=${CMAKE_PREFIX_PATH}:/home/tal/tut2_ws/install/my_robot_controller:/home/tal/tut_ws/install/my_robot_controller:/home/tal/tutorial_ws/install/launch_testing_examples:/home/tal/tutorial_ws/install/examples_rclpy_pointcloud_publisher:/home/tal/tutorial_ws/install/examples_rclpy_minimal_subscriber:/home/tal/tutorial_ws/install/examples_rclpy_minimal_service:/home/tal/tutorial_ws/install/examples_rclpy_minimal_publisher:/home/tal/tutorial_ws/install/examples_rclpy_minimal_client:/home/tal/tutorial_ws/install/examples_rclpy_minimal_action_server:/home/tal/tutorial_ws/install/examples_rclpy_minimal_action_client:/home/tal/tutorial_ws/install/examples_rclpy_guard_conditions:/home/tal/tutorial_ws/install/examples_rclpy_executors:/opt/ros/humble /usr/bin/cmake /home/tal/TB3_PC_WS/src/image_transport_tutorials -DCMAKE_INSTALL_PREFIX=/home/tal/TB3_PC_WS/install/image_transport_tutorials
[0.207s] -- The C compiler identification is GNU 11.4.0
[0.246s] -- The CXX compiler identification is GNU 11.4.0
[0.251s] -- Detecting C compiler ABI info
[0.346s] -- Detecting C compiler ABI info - done
[0.351s] -- Check for working C compiler: /usr/bin/cc - skipped
[0.351s] -- Detecting C compile features
[0.351s] -- Detecting C compile features - done
[0.354s] -- Detecting CXX compiler ABI info
[0.458s] -- Detecting CXX compiler ABI info - done
[0.463s] -- Check for working CXX compiler: /usr/bin/c++ - skipped
[0.464s] -- Detecting CXX compile features
[0.464s] -- Detecting CXX compile features - done
[0.531s] -- Found ament_cmake: 1.3.9 (/opt/ros/humble/share/ament_cmake/cmake)
[0.682s] -- Found Python3: /usr/bin/python3 (found version "3.10.12") found components: Interpreter 
[0.840s] -- Found cv_bridge: 3.2.1 (/opt/ros/humble/share/cv_bridge/cmake)
[0.891s] -- Found rosidl_generator_c: 3.1.5 (/opt/ros/humble/share/rosidl_generator_c/cmake)
[0.896s] -- Found rosidl_adapter: 3.1.5 (/opt/ros/humble/share/rosidl_adapter/cmake)
[0.902s] -- Found rosidl_generator_cpp: 3.1.5 (/opt/ros/humble/share/rosidl_generator_cpp/cmake)
[0.938s] -- Using all available rosidl_typesupport_c: rosidl_typesupport_fastrtps_c;rosidl_typesupport_introspection_c
[0.938s] -- Using all available rosidl_typesupport_cpp: rosidl_typesupport_fastrtps_cpp;rosidl_typesupport_introspection_cpp
[1.246s] -- Found image_transport: 3.1.9 (/opt/ros/humble/share/image_transport/cmake)
[1.311s] -- Found rmw_implementation_cmake: 6.1.2 (/opt/ros/humble/share/rmw_implementation_cmake/cmake)
[1.314s] -- Found rmw_fastrtps_cpp: 6.2.6 (/opt/ros/humble/share/rmw_fastrtps_cpp/cmake)
[1.453s] -- Found OpenSSL: /usr/lib/x86_64-linux-gnu/libcrypto.so (found version "3.0.2")  
[1.453s] -- Found FastRTPS: /opt/ros/humble/include  
[1.554s] -- Using RMW implementation 'rmw_fastrtps_cpp' as default
[1.554s] -- Looking for pthread.h
[1.669s] -- Looking for pthread.h - found
[1.669s] -- Performing Test CMAKE_HAVE_LIBC_PTHREAD
[1.717s] -- Performing Test CMAKE_HAVE_LIBC_PTHREAD - Success
[1.717s] -- Found Threads: TRUE  
[1.934s] -- Found OpenCV: /usr (found version "4.5.4") found components: highgui imgcodecs imgproc videoio 
[1.935s] -- Found rosidl_default_generators: 1.2.0 (/opt/ros/humble/share/rosidl_default_generators/cmake)
[2.402s] -- Found ament_cmake_ros: 0.10.0 (/opt/ros/humble/share/ament_cmake_ros/cmake)
[4.148s] -- Using all available rosidl_typesupport_c: rosidl_typesupport_fastrtps_c;rosidl_typesupport_introspection_c
[5.210s] -- Using all available rosidl_typesupport_cpp: rosidl_typesupport_fastrtps_cpp;rosidl_typesupport_introspection_cpp
[5.316s] -- Found PythonInterp: /usr/bin/python3 (found suitable version "3.10.12", minimum required is "3.6") 
[5.316s] -- Found python_cmake_module: 0.10.0 (/opt/ros/humble/share/python_cmake_module/cmake)
[5.418s] -- Found PythonLibs: /usr/lib/x86_64-linux-gnu/libpython3.10.so (found suitable version "3.10.12", minimum required is "3.5") 
[5.418s] -- Using PYTHON_EXECUTABLE: /usr/bin/python3
[5.418s] -- Using PYTHON_INCLUDE_DIRS: /usr/include/python3.10
[5.419s] -- Using PYTHON_LIBRARIES: /usr/lib/x86_64-linux-gnu/libpython3.10.so
[5.443s] -- Found PythonExtra: .so  
[5.730s] -- Found ament_lint_auto: 0.12.11 (/opt/ros/humble/share/ament_lint_auto/cmake)
[5.731s] -- Added test 'copyright' to check source files copyright and LICENSE
[5.731s] -- Added test 'cppcheck' to perform static code analysis on C / C++ code
[5.731s] -- Configured cppcheck include dirs: /home/tal/TB3_PC_WS/src/image_transport_tutorials/include
[5.731s] -- Configured cppcheck exclude dirs and/or files: 
[5.731s] -- Added test 'cpplint' to check C / C++ code against the Google style
[5.731s] -- Configured cpplint exclude dirs and/or files: 
[5.741s] -- Added test 'lint_cmake' to check CMake code style
[5.743s] -- Added test 'uncrustify' to check C / C++ code style
[5.743s] -- Configured uncrustify additional arguments: 
[5.744s] -- Added test 'xmllint' to check XML markup files
[5.751s] -- Configuring done
[5.957s] -- Generating done
[5.960s] -- Build files have been written to: /home/tal/TB3_PC_WS/build/image_transport_tutorials
[6.044s] Invoked command in '/home/tal/TB3_PC_WS/build/image_transport_tutorials' returned '0': CMAKE_PREFIX_PATH=${CMAKE_PREFIX_PATH}:/home/tal/tut2_ws/install/my_robot_controller:/home/tal/tut_ws/install/my_robot_controller:/home/tal/tutorial_ws/install/launch_testing_examples:/home/tal/tutorial_ws/install/examples_rclpy_pointcloud_publisher:/home/tal/tutorial_ws/install/examples_rclpy_minimal_subscriber:/home/tal/tutorial_ws/install/examples_rclpy_minimal_service:/home/tal/tutorial_ws/install/examples_rclpy_minimal_publisher:/home/tal/tutorial_ws/install/examples_rclpy_minimal_client:/home/tal/tutorial_ws/install/examples_rclpy_minimal_action_server:/home/tal/tutorial_ws/install/examples_rclpy_minimal_action_client:/home/tal/tutorial_ws/install/examples_rclpy_guard_conditions:/home/tal/tutorial_ws/install/examples_rclpy_executors:/opt/ros/humble /usr/bin/cmake /home/tal/TB3_PC_WS/src/image_transport_tutorials -DCMAKE_INSTALL_PREFIX=/home/tal/TB3_PC_WS/install/image_transport_tutorials
[6.054s] Invoking command in '/home/tal/TB3_PC_WS/build/image_transport_tutorials': CMAKE_PREFIX_PATH=${CMAKE_PREFIX_PATH}:/home/tal/tut2_ws/install/my_robot_controller:/home/tal/tut_ws/install/my_robot_controller:/home/tal/tutorial_ws/install/launch_testing_examples:/home/tal/tutorial_ws/install/examples_rclpy_pointcloud_publisher:/home/tal/tutorial_ws/install/examples_rclpy_minimal_subscriber:/home/tal/tutorial_ws/install/examples_rclpy_minimal_service:/home/tal/tutorial_ws/install/examples_rclpy_minimal_publisher:/home/tal/tutorial_ws/install/examples_rclpy_minimal_client:/home/tal/tutorial_ws/install/examples_rclpy_minimal_action_server:/home/tal/tutorial_ws/install/examples_rclpy_minimal_action_client:/home/tal/tutorial_ws/install/examples_rclpy_guard_conditions:/home/tal/tutorial_ws/install/examples_rclpy_executors:/opt/ros/humble /usr/bin/cmake --build /home/tal/TB3_PC_WS/build/image_transport_tutorials -- -j6 -l6
[6.330s] [  2%] [34m[1mGenerating C++ code for ROS interfaces[0m
[6.355s] [  4%] [34m[1mGenerating C code for ROS interfaces[0m
[6.355s] [  7%] [32mBuilding CXX object CMakeFiles/my_publisher.dir/src/my_publisher.cpp.o[0m
[6.392s] [  9%] [32mBuilding CXX object CMakeFiles/publisher_from_video.dir/src/publisher_from_video.cpp.o[0m
[6.433s] [ 12%] [32mBuilding CXX object CMakeFiles/my_subscriber.dir/src/my_subscriber.cpp.o[0m
[6.472s] [ 12%] Built target ament_cmake_python_copy_image_transport_tutorials
[6.982s] [ 12%] Built target image_transport_tutorials__cpp
[7.058s] [ 14%] [34m[1mGenerating C++ type support dispatch for ROS interfaces[0m
[7.729s] running egg_info
[7.730s] creating image_transport_tutorials.egg-info
[7.730s] writing image_transport_tutorials.egg-info/PKG-INFO
[7.730s] writing dependency_links to image_transport_tutorials.egg-info/dependency_links.txt
[7.730s] writing top-level names to image_transport_tutorials.egg-info/top_level.txt
[7.783s] writing manifest file 'image_transport_tutorials.egg-info/SOURCES.txt'
[7.783s] reading manifest file 'image_transport_tutorials.egg-info/SOURCES.txt'
[7.783s] writing manifest file 'image_transport_tutorials.egg-info/SOURCES.txt'
[7.993s] [ 17%] [32mBuilding CXX object CMakeFiles/image_transport_tutorials__rosidl_typesupport_cpp.dir/rosidl_typesupport_cpp/image_transport_tutorials/msg/resized_image__type_support.cpp.o[0m
[8.096s] [ 19%] [32mBuilding C object CMakeFiles/image_transport_tutorials__rosidl_generator_c.dir/rosidl_generator_c/image_transport_tutorials/msg/detail/resized_image__functions.c.o[0m
[8.096s] [ 19%] Built target ament_cmake_python_build_image_transport_tutorials_egg
[8.199s] [ 21%] [34m[1mGenerating C++ type support for eProsima Fast-RTPS[0m
[8.199s] [ 24%] [32m[1mLinking C shared library libimage_transport_tutorials__rosidl_generator_c.so[0m
[8.462s] [ 24%] Built target image_transport_tutorials__rosidl_generator_c
[8.542s] [ 26%] [34m[1mGenerating C++ introspection for ROS interfaces[0m
[9.138s] [ 29%] [32mBuilding CXX object CMakeFiles/image_transport_tutorials__rosidl_typesupport_fastrtps_cpp.dir/rosidl_typesupport_fastrtps_cpp/image_transport_tutorials/msg/detail/dds_fastrtps/resized_image__type_support.cpp.o[0m
[9.241s] [ 31%] [32m[1mLinking CXX shared library libimage_transport_tutorials__rosidl_typesupport_cpp.so[0m
[9.389s] [ 34%] [32mBuilding CXX object CMakeFiles/image_transport_tutorials__rosidl_typesupport_introspection_cpp.dir/rosidl_typesupport_introspection_cpp/image_transport_tutorials/msg/detail/resized_image__type_support.cpp.o[0m
[9.586s] [ 34%] Built target image_transport_tutorials__rosidl_typesupport_cpp
[9.710s] [ 36%] [34m[1mGenerating C type support for eProsima Fast-RTPS[0m
[11.077s] [ 39%] [32m[1mLinking CXX shared library libimage_transport_tutorials__rosidl_typesupport_introspection_cpp.so[0m
[11.389s] [ 41%] [32mBuilding CXX object CMakeFiles/image_transport_tutorials__rosidl_typesupport_fastrtps_c.dir/rosidl_typesupport_fastrtps_c/image_transport_tutorials/msg/detail/resized_image__type_support_c.cpp.o[0m
[11.456s] [ 41%] Built target image_transport_tutorials__rosidl_typesupport_introspection_cpp
[11.664s] [ 43%] [34m[1mGenerating C introspection for ROS interfaces[0m
[12.290s] [ 46%] [32m[1mLinking CXX shared library libimage_transport_tutorials__rosidl_typesupport_fastrtps_cpp.so[0m
[12.628s] [ 46%] Built target image_transport_tutorials__rosidl_typesupport_fastrtps_cpp
[12.716s] [ 48%] [32m[1mLinking CXX shared library libimage_transport_tutorials__rosidl_typesupport_fastrtps_c.so[0m
[12.817s] [ 51%] [34m[1mGenerating C type support dispatch for ROS interfaces[0m
[13.031s] [ 51%] Built target image_transport_tutorials__rosidl_typesupport_fastrtps_c
[13.254s] [ 53%] [32mBuilding C object CMakeFiles/image_transport_tutorials__rosidl_typesupport_introspection_c.dir/rosidl_typesupport_introspection_c/image_transport_tutorials/msg/detail/resized_image__type_support.c.o[0m
[13.331s] [ 56%] [32mBuilding CXX object CMakeFiles/resized_plugins.dir/src/manifest.cpp.o[0m
[13.676s] [ 58%] [32m[1mLinking C shared library libimage_transport_tutorials__rosidl_typesupport_introspection_c.so[0m
[14.059s] [ 58%] Built target image_transport_tutorials__rosidl_typesupport_introspection_c
[14.185s] [ 60%] [32mBuilding CXX object CMakeFiles/resized_plugins.dir/src/resized_publisher.cpp.o[0m
[14.207s] [ 63%] [32mBuilding CXX object CMakeFiles/image_transport_tutorials__rosidl_typesupport_c.dir/rosidl_typesupport_c/image_transport_tutorials/msg/resized_image__type_support.cpp.o[0m
[14.478s] [ 65%] [32m[1mLinking CXX shared library libimage_transport_tutorials__rosidl_typesupport_c.so[0m
[14.728s] [ 65%] Built target image_transport_tutorials__rosidl_typesupport_c
[15.035s] [ 65%] Built target image_transport_tutorials
[15.321s] [ 68%] [34m[1mGenerating Python code for ROS interfaces[0m
[16.911s] [ 68%] Built target image_transport_tutorials__py
[19.063s] [ 70%] [32m[1mLinking CXX executable my_publisher[0m
[20.024s] [ 73%] [32m[1mLinking CXX executable publisher_from_video[0m
[20.621s] [ 73%] Built target my_publisher
[21.380s] [ 73%] Built target publisher_from_video
[22.086s] [ 75%] [32m[1mLinking CXX executable my_subscriber[0m
[23.901s] [ 75%] Built target my_subscriber
[35.465s] [ 78%] [32mBuilding CXX object CMakeFiles/resized_plugins.dir/src/resized_subscriber.cpp.o[0m
[46.131s] [ 80%] [32m[1mLinking CXX shared library libresized_plugins.so[0m
[47.092s] [ 80%] Built target resized_plugins
[47.107s] [ 82%] [32mBuilding C object CMakeFiles/image_transport_tutorials__rosidl_generator_py.dir/rosidl_generator_py/image_transport_tutorials/msg/_resized_image_s.c.o[0m
[47.181s] [ 85%] [32m[1mLinking C shared library rosidl_generator_py/image_transport_tutorials/libimage_transport_tutorials__rosidl_generator_py.so[0m
[47.236s] [ 85%] Built target image_transport_tutorials__rosidl_generator_py
[47.253s] [ 87%] [32mBuilding C object CMakeFiles/image_transport_tutorials__rosidl_typesupport_fastrtps_c__pyext.dir/rosidl_generator_py/image_transport_tutorials/_image_transport_tutorials_s.ep.rosidl_typesupport_fastrtps_c.c.o[0m
[47.340s] [ 90%] [32m[1mLinking C shared library rosidl_generator_py/image_transport_tutorials/image_transport_tutorials_s__rosidl_typesupport_fastrtps_c.cpython-310-x86_64-linux-gnu.so[0m
[47.412s] [ 90%] Built target image_transport_tutorials__rosidl_typesupport_fastrtps_c__pyext
[47.424s] [ 92%] [32mBuilding C object CMakeFiles/image_transport_tutorials__rosidl_typesupport_c__pyext.dir/rosidl_generator_py/image_transport_tutorials/_image_transport_tutorials_s.ep.rosidl_typesupport_c.c.o[0m
[47.545s] [ 95%] [32m[1mLinking C shared library rosidl_generator_py/image_transport_tutorials/image_transport_tutorials_s__rosidl_typesupport_c.cpython-310-x86_64-linux-gnu.so[0m
[47.590s] [ 95%] Built target image_transport_tutorials__rosidl_typesupport_c__pyext
[47.613s] [ 97%] [32mBuilding C object CMakeFiles/image_transport_tutorials__rosidl_typesupport_introspection_c__pyext.dir/rosidl_generator_py/image_transport_tutorials/_image_transport_tutorials_s.ep.rosidl_typesupport_introspection_c.c.o[0m
[47.690s] [100%] [32m[1mLinking C shared library rosidl_generator_py/image_transport_tutorials/image_transport_tutorials_s__rosidl_typesupport_introspection_c.cpython-310-x86_64-linux-gnu.so[0m
[47.801s] [100%] Built target image_transport_tutorials__rosidl_typesupport_introspection_c__pyext
[47.811s] Invoked command in '/home/tal/TB3_PC_WS/build/image_transport_tutorials' returned '0': CMAKE_PREFIX_PATH=${CMAKE_PREFIX_PATH}:/home/tal/tut2_ws/install/my_robot_controller:/home/tal/tut_ws/install/my_robot_controller:/home/tal/tutorial_ws/install/launch_testing_examples:/home/tal/tutorial_ws/install/examples_rclpy_pointcloud_publisher:/home/tal/tutorial_ws/install/examples_rclpy_minimal_subscriber:/home/tal/tutorial_ws/install/examples_rclpy_minimal_service:/home/tal/tutorial_ws/install/examples_rclpy_minimal_publisher:/home/tal/tutorial_ws/install/examples_rclpy_minimal_client:/home/tal/tutorial_ws/install/examples_rclpy_minimal_action_server:/home/tal/tutorial_ws/install/examples_rclpy_minimal_action_client:/home/tal/tutorial_ws/install/examples_rclpy_guard_conditions:/home/tal/tutorial_ws/install/examples_rclpy_executors:/opt/ros/humble /usr/bin/cmake --build /home/tal/TB3_PC_WS/build/image_transport_tutorials -- -j6 -l6
[47.925s] Invoking command in '/home/tal/TB3_PC_WS/build/image_transport_tutorials': CMAKE_PREFIX_PATH=${CMAKE_PREFIX_PATH}:/home/tal/tut2_ws/install/my_robot_controller:/home/tal/tut_ws/install/my_robot_controller:/home/tal/tutorial_ws/install/launch_testing_examples:/home/tal/tutorial_ws/install/examples_rclpy_pointcloud_publisher:/home/tal/tutorial_ws/install/examples_rclpy_minimal_subscriber:/home/tal/tutorial_ws/install/examples_rclpy_minimal_service:/home/tal/tutorial_ws/install/examples_rclpy_minimal_publisher:/home/tal/tutorial_ws/install/examples_rclpy_minimal_client:/home/tal/tutorial_ws/install/examples_rclpy_minimal_action_server:/home/tal/tutorial_ws/install/examples_rclpy_minimal_action_client:/home/tal/tutorial_ws/install/examples_rclpy_guard_conditions:/home/tal/tutorial_ws/install/examples_rclpy_executors:/opt/ros/humble /usr/bin/cmake --install /home/tal/TB3_PC_WS/build/image_transport_tutorials
[47.931s] -- Install configuration: ""
[47.932s] -- Installing: /home/tal/TB3_PC_WS/install/image_transport_tutorials/share/ament_index/resource_index/rosidl_interfaces/image_transport_tutorials
[47.932s] -- Installing: /home/tal/TB3_PC_WS/install/image_transport_tutorials/include/image_transport_tutorials/image_transport_tutorials
[47.932s] -- Installing: /home/tal/TB3_PC_WS/install/image_transport_tutorials/include/image_transport_tutorials/image_transport_tutorials/msg
[47.932s] -- Installing: /home/tal/TB3_PC_WS/install/image_transport_tutorials/include/image_transport_tutorials/image_transport_tutorials/msg/resized_image.h
[47.932s] -- Installing: /home/tal/TB3_PC_WS/install/image_transport_tutorials/include/image_transport_tutorials/image_transport_tutorials/msg/rosidl_generator_c__visibility_control.h
[47.932s] -- Installing: /home/tal/TB3_PC_WS/install/image_transport_tutorials/include/image_transport_tutorials/image_transport_tutorials/msg/detail
[47.933s] -- Installing: /home/tal/TB3_PC_WS/install/image_transport_tutorials/include/image_transport_tutorials/image_transport_tutorials/msg/detail/resized_image__functions.h
[47.933s] -- Installing: /home/tal/TB3_PC_WS/install/image_transport_tutorials/include/image_transport_tutorials/image_transport_tutorials/msg/detail/resized_image__struct.h
[47.933s] -- Installing: /home/tal/TB3_PC_WS/install/image_transport_tutorials/include/image_transport_tutorials/image_transport_tutorials/msg/detail/resized_image__functions.c
[47.933s] -- Installing: /home/tal/TB3_PC_WS/install/image_transport_tutorials/include/image_transport_tutorials/image_transport_tutorials/msg/detail/resized_image__type_support.h
[47.933s] -- Installing: /home/tal/TB3_PC_WS/install/image_transport_tutorials/share/image_transport_tutorials/environment/library_path.sh
[47.933s] -- Installing: /home/tal/TB3_PC_WS/install/image_transport_tutorials/share/image_transport_tutorials/environment/library_path.dsv
[47.933s] -- Installing: /home/tal/TB3_PC_WS/install/image_transport_tutorials/lib/libimage_transport_tutorials__rosidl_generator_c.so
[47.933s] -- Set runtime path of "/home/tal/TB3_PC_WS/install/image_transport_tutorials/lib/libimage_transport_tutorials__rosidl_generator_c.so" to ""
[47.933s] -- Up-to-date: /home/tal/TB3_PC_WS/install/image_transport_tutorials/include/image_transport_tutorials/image_transport_tutorials
[47.933s] -- Up-to-date: /home/tal/TB3_PC_WS/install/image_transport_tutorials/include/image_transport_tutorials/image_transport_tutorials/msg
[47.933s] -- Up-to-date: /home/tal/TB3_PC_WS/install/image_transport_tutorials/include/image_transport_tutorials/image_transport_tutorials/msg/detail
[47.934s] -- Installing: /home/tal/TB3_PC_WS/install/image_transport_tutorials/include/image_transport_tutorials/image_transport_tutorials/msg/detail/resized_image__rosidl_typesupport_fastrtps_c.h
[47.934s] -- Installing: /home/tal/TB3_PC_WS/install/image_transport_tutorials/include/image_transport_tutorials/image_transport_tutorials/msg/rosidl_typesupport_fastrtps_c__visibility_control.h
[47.934s] -- Installing: /home/tal/TB3_PC_WS/install/image_transport_tutorials/lib/libimage_transport_tutorials__rosidl_typesupport_fastrtps_c.so
[47.934s] -- Set runtime path of "/home/tal/TB3_PC_WS/install/image_transport_tutorials/lib/libimage_transport_tutorials__rosidl_typesupport_fastrtps_c.so" to ""
[47.934s] -- Up-to-date: /home/tal/TB3_PC_WS/install/image_transport_tutorials/include/image_transport_tutorials/image_transport_tutorials
[47.934s] -- Up-to-date: /home/tal/TB3_PC_WS/install/image_transport_tutorials/include/image_transport_tutorials/image_transport_tutorials/msg
[47.934s] -- Up-to-date: /home/tal/TB3_PC_WS/install/image_transport_tutorials/include/image_transport_tutorials/image_transport_tutorials/msg/detail
[47.934s] -- Installing: /home/tal/TB3_PC_WS/install/image_transport_tutorials/include/image_transport_tutorials/image_transport_tutorials/msg/detail/resized_image__struct.hpp
[47.934s] -- Installing: /home/tal/TB3_PC_WS/install/image_transport_tutorials/include/image_transport_tutorials/image_transport_tutorials/msg/detail/resized_image__traits.hpp
[47.934s] -- Installing: /home/tal/TB3_PC_WS/install/image_transport_tutorials/include/image_transport_tutorials/image_transport_tutorials/msg/detail/resized_image__builder.hpp
[47.934s] -- Installing: /home/tal/TB3_PC_WS/install/image_transport_tutorials/include/image_transport_tutorials/image_transport_tutorials/msg/resized_image.hpp
[47.935s] -- Up-to-date: /home/tal/TB3_PC_WS/install/image_transport_tutorials/include/image_transport_tutorials/image_transport_tutorials
[47.935s] -- Up-to-date: /home/tal/TB3_PC_WS/install/image_transport_tutorials/include/image_transport_tutorials/image_transport_tutorials/msg
[47.935s] -- Installing: /home/tal/TB3_PC_WS/install/image_transport_tutorials/include/image_transport_tutorials/image_transport_tutorials/msg/rosidl_typesupport_fastrtps_cpp__visibility_control.h
[47.935s] -- Up-to-date: /home/tal/TB3_PC_WS/install/image_transport_tutorials/include/image_transport_tutorials/image_transport_tutorials/msg/detail
[47.935s] -- Installing: /home/tal/TB3_PC_WS/install/image_transport_tutorials/include/image_transport_tutorials/image_transport_tutorials/msg/detail/resized_image__rosidl_typesupport_fastrtps_cpp.hpp
[47.935s] -- Installing: /home/tal/TB3_PC_WS/install/image_transport_tutorials/include/image_transport_tutorials/image_transport_tutorials/msg/detail/dds_fastrtps
[47.935s] -- Installing: /home/tal/TB3_PC_WS/install/image_transport_tutorials/lib/libimage_transport_tutorials__rosidl_typesupport_fastrtps_cpp.so
[47.935s] -- Set runtime path of "/home/tal/TB3_PC_WS/install/image_transport_tutorials/lib/libimage_transport_tutorials__rosidl_typesupport_fastrtps_cpp.so" to ""
[47.935s] -- Up-to-date: /home/tal/TB3_PC_WS/install/image_transport_tutorials/include/image_transport_tutorials/image_transport_tutorials
[47.935s] -- Up-to-date: /home/tal/TB3_PC_WS/install/image_transport_tutorials/include/image_transport_tutorials/image_transport_tutorials/msg
[47.935s] -- Up-to-date: /home/tal/TB3_PC_WS/install/image_transport_tutorials/include/image_transport_tutorials/image_transport_tutorials/msg/detail
[47.935s] -- Installing: /home/tal/TB3_PC_WS/install/image_transport_tutorials/include/image_transport_tutorials/image_transport_tutorials/msg/detail/resized_image__type_support.c
[47.935s] -- Installing: /home/tal/TB3_PC_WS/install/image_transport_tutorials/include/image_transport_tutorials/image_transport_tutorials/msg/detail/resized_image__rosidl_typesupport_introspection_c.h
[47.935s] -- Installing: /home/tal/TB3_PC_WS/install/image_transport_tutorials/include/image_transport_tutorials/image_transport_tutorials/msg/rosidl_typesupport_introspection_c__visibility_control.h
[47.936s] -- Installing: /home/tal/TB3_PC_WS/install/image_transport_tutorials/lib/libimage_transport_tutorials__rosidl_typesupport_introspection_c.so
[47.936s] -- Set runtime path of "/home/tal/TB3_PC_WS/install/image_transport_tutorials/lib/libimage_transport_tutorials__rosidl_typesupport_introspection_c.so" to ""
[47.936s] -- Installing: /home/tal/TB3_PC_WS/install/image_transport_tutorials/lib/libimage_transport_tutorials__rosidl_typesupport_c.so
[47.936s] -- Set runtime path of "/home/tal/TB3_PC_WS/install/image_transport_tutorials/lib/libimage_transport_tutorials__rosidl_typesupport_c.so" to ""
[47.936s] -- Up-to-date: /home/tal/TB3_PC_WS/install/image_transport_tutorials/include/image_transport_tutorials/image_transport_tutorials
[47.936s] -- Up-to-date: /home/tal/TB3_PC_WS/install/image_transport_tutorials/include/image_transport_tutorials/image_transport_tutorials/msg
[47.936s] -- Up-to-date: /home/tal/TB3_PC_WS/install/image_transport_tutorials/include/image_transport_tutorials/image_transport_tutorials/msg/detail
[47.936s] -- Installing: /home/tal/TB3_PC_WS/install/image_transport_tutorials/include/image_transport_tutorials/image_transport_tutorials/msg/detail/resized_image__rosidl_typesupport_introspection_cpp.hpp
[47.936s] -- Installing: /home/tal/TB3_PC_WS/install/image_transport_tutorials/include/image_transport_tutorials/image_transport_tutorials/msg/detail/resized_image__type_support.cpp
[47.936s] -- Installing: /home/tal/TB3_PC_WS/install/image_transport_tutorials/lib/libimage_transport_tutorials__rosidl_typesupport_introspection_cpp.so
[47.936s] -- Set runtime path of "/home/tal/TB3_PC_WS/install/image_transport_tutorials/lib/libimage_transport_tutorials__rosidl_typesupport_introspection_cpp.so" to ""
[47.936s] -- Installing: /home/tal/TB3_PC_WS/install/image_transport_tutorials/lib/libimage_transport_tutorials__rosidl_typesupport_cpp.so
[47.936s] -- Set runtime path of "/home/tal/TB3_PC_WS/install/image_transport_tutorials/lib/libimage_transport_tutorials__rosidl_typesupport_cpp.so" to ""
[47.936s] -- Installing: /home/tal/TB3_PC_WS/install/image_transport_tutorials/share/image_transport_tutorials/environment/pythonpath.sh
[47.936s] -- Installing: /home/tal/TB3_PC_WS/install/image_transport_tutorials/share/image_transport_tutorials/environment/pythonpath.dsv
[47.936s] -- Installing: /home/tal/TB3_PC_WS/install/image_transport_tutorials/local/lib/python3.10/dist-packages/image_transport_tutorials-0.0.0-py3.10.egg-info
[47.936s] -- Installing: /home/tal/TB3_PC_WS/install/image_transport_tutorials/local/lib/python3.10/dist-packages/image_transport_tutorials-0.0.0-py3.10.egg-info/PKG-INFO
[47.936s] -- Installing: /home/tal/TB3_PC_WS/install/image_transport_tutorials/local/lib/python3.10/dist-packages/image_transport_tutorials-0.0.0-py3.10.egg-info/top_level.txt
[47.936s] -- Installing: /home/tal/TB3_PC_WS/install/image_transport_tutorials/local/lib/python3.10/dist-packages/image_transport_tutorials-0.0.0-py3.10.egg-info/SOURCES.txt
[47.936s] -- Installing: /home/tal/TB3_PC_WS/install/image_transport_tutorials/local/lib/python3.10/dist-packages/image_transport_tutorials-0.0.0-py3.10.egg-info/dependency_links.txt
[47.936s] -- Installing: /home/tal/TB3_PC_WS/install/image_transport_tutorials/local/lib/python3.10/dist-packages/image_transport_tutorials
[47.936s] -- Installing: /home/tal/TB3_PC_WS/install/image_transport_tutorials/local/lib/python3.10/dist-packages/image_transport_tutorials/libimage_transport_tutorials__rosidl_generator_py.so
[47.936s] -- Installing: /home/tal/TB3_PC_WS/install/image_transport_tutorials/local/lib/python3.10/dist-packages/image_transport_tutorials/msg
[47.936s] -- Installing: /home/tal/TB3_PC_WS/install/image_transport_tutorials/local/lib/python3.10/dist-packages/image_transport_tutorials/msg/_resized_image.py
[47.936s] -- Installing: /home/tal/TB3_PC_WS/install/image_transport_tutorials/local/lib/python3.10/dist-packages/image_transport_tutorials/msg/_resized_image_s.c
[47.936s] -- Installing: /home/tal/TB3_PC_WS/install/image_transport_tutorials/local/lib/python3.10/dist-packages/image_transport_tutorials/msg/__init__.py
[47.936s] -- Installing: /home/tal/TB3_PC_WS/install/image_transport_tutorials/local/lib/python3.10/dist-packages/image_transport_tutorials/image_transport_tutorials_s__rosidl_typesupport_introspection_c.cpython-310-x86_64-linux-gnu.so
[47.936s] -- Installing: /home/tal/TB3_PC_WS/install/image_transport_tutorials/local/lib/python3.10/dist-packages/image_transport_tutorials/_image_transport_tutorials_s.ep.rosidl_typesupport_introspection_c.c
[47.937s] -- Installing: /home/tal/TB3_PC_WS/install/image_transport_tutorials/local/lib/python3.10/dist-packages/image_transport_tutorials/__init__.py
[47.937s] -- Installing: /home/tal/TB3_PC_WS/install/image_transport_tutorials/local/lib/python3.10/dist-packages/image_transport_tutorials/_image_transport_tutorials_s.ep.rosidl_typesupport_fastrtps_c.c
[47.937s] -- Installing: /home/tal/TB3_PC_WS/install/image_transport_tutorials/local/lib/python3.10/dist-packages/image_transport_tutorials/_image_transport_tutorials_s.ep.rosidl_typesupport_c.c
[47.937s] -- Installing: /home/tal/TB3_PC_WS/install/image_transport_tutorials/local/lib/python3.10/dist-packages/image_transport_tutorials/image_transport_tutorials_s__rosidl_typesupport_c.cpython-310-x86_64-linux-gnu.so
[47.937s] -- Installing: /home/tal/TB3_PC_WS/install/image_transport_tutorials/local/lib/python3.10/dist-packages/image_transport_tutorials/image_transport_tutorials_s__rosidl_typesupport_fastrtps_c.cpython-310-x86_64-linux-gnu.so
[47.956s] Listing '/home/tal/TB3_PC_WS/install/image_transport_tutorials/local/lib/python3.10/dist-packages/image_transport_tutorials'...
[47.956s] Compiling '/home/tal/TB3_PC_WS/install/image_transport_tutorials/local/lib/python3.10/dist-packages/image_transport_tutorials/__init__.py'...
[47.956s] Listing '/home/tal/TB3_PC_WS/install/image_transport_tutorials/local/lib/python3.10/dist-packages/image_transport_tutorials/msg'...
[47.956s] Compiling '/home/tal/TB3_PC_WS/install/image_transport_tutorials/local/lib/python3.10/dist-packages/image_transport_tutorials/msg/__init__.py'...
[47.956s] Compiling '/home/tal/TB3_PC_WS/install/image_transport_tutorials/local/lib/python3.10/dist-packages/image_transport_tutorials/msg/_resized_image.py'...
[47.959s] -- Installing: /home/tal/TB3_PC_WS/install/image_transport_tutorials/local/lib/python3.10/dist-packages/image_transport_tutorials/image_transport_tutorials_s__rosidl_typesupport_fastrtps_c.cpython-310-x86_64-linux-gnu.so
[47.959s] -- Set runtime path of "/home/tal/TB3_PC_WS/install/image_transport_tutorials/local/lib/python3.10/dist-packages/image_transport_tutorials/image_transport_tutorials_s__rosidl_typesupport_fastrtps_c.cpython-310-x86_64-linux-gnu.so" to ""
[47.959s] -- Installing: /home/tal/TB3_PC_WS/install/image_transport_tutorials/local/lib/python3.10/dist-packages/image_transport_tutorials/image_transport_tutorials_s__rosidl_typesupport_introspection_c.cpython-310-x86_64-linux-gnu.so
[47.960s] -- Set runtime path of "/home/tal/TB3_PC_WS/install/image_transport_tutorials/local/lib/python3.10/dist-packages/image_transport_tutorials/image_transport_tutorials_s__rosidl_typesupport_introspection_c.cpython-310-x86_64-linux-gnu.so" to ""
[47.960s] -- Installing: /home/tal/TB3_PC_WS/install/image_transport_tutorials/local/lib/python3.10/dist-packages/image_transport_tutorials/image_transport_tutorials_s__rosidl_typesupport_c.cpython-310-x86_64-linux-gnu.so
[47.960s] -- Set runtime path of "/home/tal/TB3_PC_WS/install/image_transport_tutorials/local/lib/python3.10/dist-packages/image_transport_tutorials/image_transport_tutorials_s__rosidl_typesupport_c.cpython-310-x86_64-linux-gnu.so" to ""
[47.960s] -- Installing: /home/tal/TB3_PC_WS/install/image_transport_tutorials/lib/libimage_transport_tutorials__rosidl_generator_py.so
[47.960s] -- Set runtime path of "/home/tal/TB3_PC_WS/install/image_transport_tutorials/lib/libimage_transport_tutorials__rosidl_generator_py.so" to ""
[47.960s] -- Installing: /home/tal/TB3_PC_WS/install/image_transport_tutorials/share/image_transport_tutorials/msg/ResizedImage.idl
[47.960s] -- Installing: /home/tal/TB3_PC_WS/install/image_transport_tutorials/share/image_transport_tutorials/msg/ResizedImage.msg
[47.961s] -- Installing: /home/tal/TB3_PC_WS/install/image_transport_tutorials/share/image_transport_tutorials/resized_plugins.xml
[47.961s] -- Installing: /home/tal/TB3_PC_WS/install/image_transport_tutorials/lib/image_transport_tutorials/my_publisher
[47.961s] -- Set runtime path of "/home/tal/TB3_PC_WS/install/image_transport_tutorials/lib/image_transport_tutorials/my_publisher" to ""
[47.961s] -- Installing: /home/tal/TB3_PC_WS/install/image_transport_tutorials/lib/image_transport_tutorials/my_subscriber
[47.961s] -- Set runtime path of "/home/tal/TB3_PC_WS/install/image_transport_tutorials/lib/image_transport_tutorials/my_subscriber" to ""
[47.961s] -- Installing: /home/tal/TB3_PC_WS/install/image_transport_tutorials/lib/libresized_plugins.so
[47.969s] -- Set runtime path of "/home/tal/TB3_PC_WS/install/image_transport_tutorials/lib/libresized_plugins.so" to ""
[47.969s] -- Installing: /home/tal/TB3_PC_WS/install/image_transport_tutorials/lib/image_transport_tutorials/publisher_from_video
[47.969s] -- Set runtime path of "/home/tal/TB3_PC_WS/install/image_transport_tutorials/lib/image_transport_tutorials/publisher_from_video" to ""
[47.970s] -- Up-to-date: /home/tal/TB3_PC_WS/install/image_transport_tutorials/include/image_transport_tutorials
[47.970s] -- Up-to-date: /home/tal/TB3_PC_WS/install/image_transport_tutorials/include/image_transport_tutorials/image_transport_tutorials
[47.970s] -- Installing: /home/tal/TB3_PC_WS/install/image_transport_tutorials/include/image_transport_tutorials/image_transport_tutorials/resized_subscriber.hpp
[47.970s] -- Installing: /home/tal/TB3_PC_WS/install/image_transport_tutorials/include/image_transport_tutorials/image_transport_tutorials/resized_publisher.hpp
[47.970s] -- Installing: /home/tal/TB3_PC_WS/install/image_transport_tutorials/share/ament_index/resource_index/package_run_dependencies/image_transport_tutorials
[47.970s] -- Installing: /home/tal/TB3_PC_WS/install/image_transport_tutorials/share/ament_index/resource_index/parent_prefix_path/image_transport_tutorials
[47.970s] -- Installing: /home/tal/TB3_PC_WS/install/image_transport_tutorials/share/image_transport_tutorials/environment/ament_prefix_path.sh
[47.970s] -- Installing: /home/tal/TB3_PC_WS/install/image_transport_tutorials/share/image_transport_tutorials/environment/ament_prefix_path.dsv
[47.970s] -- Installing: /home/tal/TB3_PC_WS/install/image_transport_tutorials/share/image_transport_tutorials/environment/path.sh
[47.970s] -- Installing: /home/tal/TB3_PC_WS/install/image_transport_tutorials/share/image_transport_tutorials/environment/path.dsv
[47.971s] -- Installing: /home/tal/TB3_PC_WS/install/image_transport_tutorials/share/image_transport_tutorials/local_setup.bash
[47.971s] -- Installing: /home/tal/TB3_PC_WS/install/image_transport_tutorials/share/image_transport_tutorials/local_setup.sh
[47.971s] -- Installing: /home/tal/TB3_PC_WS/install/image_transport_tutorials/share/image_transport_tutorials/local_setup.zsh
[47.971s] -- Installing: /home/tal/TB3_PC_WS/install/image_transport_tutorials/share/image_transport_tutorials/local_setup.dsv
[47.971s] -- Installing: /home/tal/TB3_PC_WS/install/image_transport_tutorials/share/image_transport_tutorials/package.dsv
[47.972s] -- Installing: /home/tal/TB3_PC_WS/install/image_transport_tutorials/share/ament_index/resource_index/packages/image_transport_tutorials
[47.972s] -- Installing: /home/tal/TB3_PC_WS/install/image_transport_tutorials/share/ament_index/resource_index/image_transport_tutorials__pluginlib__plugin/image_transport_tutorials
[47.972s] -- Installing: /home/tal/TB3_PC_WS/install/image_transport_tutorials/share/image_transport_tutorials/cmake/export_image_transport_tutorials__rosidl_generator_cExport.cmake
[47.972s] -- Installing: /home/tal/TB3_PC_WS/install/image_transport_tutorials/share/image_transport_tutorials/cmake/export_image_transport_tutorials__rosidl_generator_cExport-noconfig.cmake
[47.972s] -- Installing: /home/tal/TB3_PC_WS/install/image_transport_tutorials/share/image_transport_tutorials/cmake/export_image_transport_tutorials__rosidl_typesupport_fastrtps_cExport.cmake
[47.972s] -- Installing: /home/tal/TB3_PC_WS/install/image_transport_tutorials/share/image_transport_tutorials/cmake/export_image_transport_tutorials__rosidl_typesupport_fastrtps_cExport-noconfig.cmake
[47.972s] -- Installing: /home/tal/TB3_PC_WS/install/image_transport_tutorials/share/image_transport_tutorials/cmake/export_image_transport_tutorials__rosidl_generator_cppExport.cmake
[47.972s] -- Installing: /home/tal/TB3_PC_WS/install/image_transport_tutorials/share/image_transport_tutorials/cmake/export_image_transport_tutorials__rosidl_typesupport_fastrtps_cppExport.cmake
[47.972s] -- Installing: /home/tal/TB3_PC_WS/install/image_transport_tutorials/share/image_transport_tutorials/cmake/export_image_transport_tutorials__rosidl_typesupport_fastrtps_cppExport-noconfig.cmake
[47.973s] -- Installing: /home/tal/TB3_PC_WS/install/image_transport_tutorials/share/image_transport_tutorials/cmake/image_transport_tutorials__rosidl_typesupport_introspection_cExport.cmake
[47.973s] -- Installing: /home/tal/TB3_PC_WS/install/image_transport_tutorials/share/image_transport_tutorials/cmake/image_transport_tutorials__rosidl_typesupport_introspection_cExport-noconfig.cmake
[47.973s] -- Installing: /home/tal/TB3_PC_WS/install/image_transport_tutorials/share/image_transport_tutorials/cmake/image_transport_tutorials__rosidl_typesupport_cExport.cmake
[47.973s] -- Installing: /home/tal/TB3_PC_WS/install/image_transport_tutorials/share/image_transport_tutorials/cmake/image_transport_tutorials__rosidl_typesupport_cExport-noconfig.cmake
[47.973s] -- Installing: /home/tal/TB3_PC_WS/install/image_transport_tutorials/share/image_transport_tutorials/cmake/image_transport_tutorials__rosidl_typesupport_introspection_cppExport.cmake
[47.973s] -- Installing: /home/tal/TB3_PC_WS/install/image_transport_tutorials/share/image_transport_tutorials/cmake/image_transport_tutorials__rosidl_typesupport_introspection_cppExport-noconfig.cmake
[47.973s] -- Installing: /home/tal/TB3_PC_WS/install/image_transport_tutorials/share/image_transport_tutorials/cmake/image_transport_tutorials__rosidl_typesupport_cppExport.cmake
[47.973s] -- Installing: /home/tal/TB3_PC_WS/install/image_transport_tutorials/share/image_transport_tutorials/cmake/image_transport_tutorials__rosidl_typesupport_cppExport-noconfig.cmake
[47.973s] -- Installing: /home/tal/TB3_PC_WS/install/image_transport_tutorials/share/image_transport_tutorials/cmake/export_image_transport_tutorials__rosidl_generator_pyExport.cmake
[47.973s] -- Installing: /home/tal/TB3_PC_WS/install/image_transport_tutorials/share/image_transport_tutorials/cmake/export_image_transport_tutorials__rosidl_generator_pyExport-noconfig.cmake
[47.973s] -- Installing: /home/tal/TB3_PC_WS/install/image_transport_tutorials/share/image_transport_tutorials/cmake/rosidl_cmake-extras.cmake
[47.973s] -- Installing: /home/tal/TB3_PC_WS/install/image_transport_tutorials/share/image_transport_tutorials/cmake/ament_cmake_export_dependencies-extras.cmake
[47.973s] -- Installing: /home/tal/TB3_PC_WS/install/image_transport_tutorials/share/image_transport_tutorials/cmake/ament_cmake_export_include_directories-extras.cmake
[47.973s] -- Installing: /home/tal/TB3_PC_WS/install/image_transport_tutorials/share/image_transport_tutorials/cmake/ament_cmake_export_libraries-extras.cmake
[47.973s] -- Installing: /home/tal/TB3_PC_WS/install/image_transport_tutorials/share/image_transport_tutorials/cmake/ament_cmake_export_targets-extras.cmake
[47.973s] -- Installing: /home/tal/TB3_PC_WS/install/image_transport_tutorials/share/image_transport_tutorials/cmake/rosidl_cmake_export_typesupport_targets-extras.cmake
[47.973s] -- Installing: /home/tal/TB3_PC_WS/install/image_transport_tutorials/share/image_transport_tutorials/cmake/rosidl_cmake_export_typesupport_libraries-extras.cmake
[47.977s] -- Installing: /home/tal/TB3_PC_WS/install/image_transport_tutorials/share/image_transport_tutorials/cmake/image_transport_tutorialsConfig.cmake
[47.978s] -- Installing: /home/tal/TB3_PC_WS/install/image_transport_tutorials/share/image_transport_tutorials/cmake/image_transport_tutorialsConfig-version.cmake
[47.978s] -- Installing: /home/tal/TB3_PC_WS/install/image_transport_tutorials/share/image_transport_tutorials/package.xml
[47.989s] Invoked command in '/home/tal/TB3_PC_WS/build/image_transport_tutorials' returned '0': CMAKE_PREFIX_PATH=${CMAKE_PREFIX_PATH}:/home/tal/tut2_ws/install/my_robot_controller:/home/tal/tut_ws/install/my_robot_controller:/home/tal/tutorial_ws/install/launch_testing_examples:/home/tal/tutorial_ws/install/examples_rclpy_pointcloud_publisher:/home/tal/tutorial_ws/install/examples_rclpy_minimal_subscriber:/home/tal/tutorial_ws/install/examples_rclpy_minimal_service:/home/tal/tutorial_ws/install/examples_rclpy_minimal_publisher:/home/tal/tutorial_ws/install/examples_rclpy_minimal_client:/home/tal/tutorial_ws/install/examples_rclpy_minimal_action_server:/home/tal/tutorial_ws/install/examples_rclpy_minimal_action_client:/home/tal/tutorial_ws/install/examples_rclpy_guard_conditions:/home/tal/tutorial_ws/install/examples_rclpy_executors:/opt/ros/humble /usr/bin/cmake --install /home/tal/TB3_PC_WS/build/image_transport_tutorials
