[0.010s] Invoking command in '/home/tal/TB3_PC_WS/ros2_galactic/build/turtlebot3_simulations': AMENT_PREFIX_PATH=/home/tal/TB3_PC_WS/ros2_galactic/install/turtlebot3_fake_node:/home/tal/TB3_PC_WS/ros2_galactic/install/turtlebot3_msgs:/home/tal/TB3_PC_WS/ros2_galactic/install/turtlebot3_gazebo:${AMENT_PREFIX_PATH} CMAKE_PREFIX_PATH=/home/tal/TB3_PC_WS/ros2_galactic/install/turtlebot3_fake_node:/home/tal/TB3_PC_WS/ros2_galactic/install/turtlebot3_msgs:/home/tal/TB3_PC_WS/ros2_galactic/install/turtlebot3_gazebo:/opt/ros/galactic:${CMAKE_PREFIX_PATH} LD_LIBRARY_PATH=/home/tal/TB3_PC_WS/ros2_galactic/install/turtlebot3_msgs/lib:${LD_LIBRARY_PATH} PYTHONPATH=/home/tal/TB3_PC_WS/ros2_galactic/install/turtlebot3_msgs/lib/python3.8/site-packages:${PYTHONPATH} /usr/bin/cmake /home/tal/TB3_PC_WS/ros2_galactic/src/turtlebot3_simulations -DCMAKE_INSTALL_PREFIX=/home/tal/TB3_PC_WS/ros2_galactic/install/turtlebot3_simulations
[0.055s] -- The C compiler identification is GNU 9.4.0
[0.084s] -- The CXX compiler identification is GNU 9.4.0
[0.086s] -- Check for working C compiler: /usr/bin/cc
[0.129s] -- Check for working C compiler: /usr/bin/cc -- works
[0.130s] -- Detecting C compiler ABI info
[0.229s] -- Detecting C compiler ABI info - done
[0.239s] -- Detecting C compile features
[0.239s] -- Detecting C compile features - done
[0.242s] -- Check for working CXX compiler: /usr/bin/c++
[0.331s] -- Check for working CXX compiler: /usr/bin/c++ -- works
[0.332s] -- Detecting CXX compiler ABI info
[0.422s] -- Detecting CXX compiler ABI info - done
[0.430s] -- Detecting CXX compile features
[0.430s] -- Detecting CXX compile features - done
[0.432s] -- Found ament_cmake: 1.1.6 (/opt/ros/galactic/share/ament_cmake/cmake)
[0.446s] -- Found PythonInterp: /usr/bin/python3 (found suitable version "3.8.10", minimum required is "3") 
[0.446s] -- Using PYTHON_EXECUTABLE: /usr/bin/python3
[0.517s] -- Configuring done
[0.518s] -- Generating done
[0.519s] -- Build files have been written to: /home/tal/TB3_PC_WS/ros2_galactic/build/turtlebot3_simulations
[0.522s] Invoked command in '/home/tal/TB3_PC_WS/ros2_galactic/build/turtlebot3_simulations' returned '0': AMENT_PREFIX_PATH=/home/tal/TB3_PC_WS/ros2_galactic/install/turtlebot3_fake_node:/home/tal/TB3_PC_WS/ros2_galactic/install/turtlebot3_msgs:/home/tal/TB3_PC_WS/ros2_galactic/install/turtlebot3_gazebo:${AMENT_PREFIX_PATH} CMAKE_PREFIX_PATH=/home/tal/TB3_PC_WS/ros2_galactic/install/turtlebot3_fake_node:/home/tal/TB3_PC_WS/ros2_galactic/install/turtlebot3_msgs:/home/tal/TB3_PC_WS/ros2_galactic/install/turtlebot3_gazebo:/opt/ros/galactic:${CMAKE_PREFIX_PATH} LD_LIBRARY_PATH=/home/tal/TB3_PC_WS/ros2_galactic/install/turtlebot3_msgs/lib:${LD_LIBRARY_PATH} PYTHONPATH=/home/tal/TB3_PC_WS/ros2_galactic/install/turtlebot3_msgs/lib/python3.8/site-packages:${PYTHONPATH} /usr/bin/cmake /home/tal/TB3_PC_WS/ros2_galactic/src/turtlebot3_simulations -DCMAKE_INSTALL_PREFIX=/home/tal/TB3_PC_WS/ros2_galactic/install/turtlebot3_simulations
[0.522s] Invoking command in '/home/tal/TB3_PC_WS/ros2_galactic/build/turtlebot3_simulations': AMENT_PREFIX_PATH=/home/tal/TB3_PC_WS/ros2_galactic/install/turtlebot3_fake_node:/home/tal/TB3_PC_WS/ros2_galactic/install/turtlebot3_msgs:/home/tal/TB3_PC_WS/ros2_galactic/install/turtlebot3_gazebo:${AMENT_PREFIX_PATH} CMAKE_PREFIX_PATH=/home/tal/TB3_PC_WS/ros2_galactic/install/turtlebot3_fake_node:/home/tal/TB3_PC_WS/ros2_galactic/install/turtlebot3_msgs:/home/tal/TB3_PC_WS/ros2_galactic/install/turtlebot3_gazebo:/opt/ros/galactic:${CMAKE_PREFIX_PATH} LD_LIBRARY_PATH=/home/tal/TB3_PC_WS/ros2_galactic/install/turtlebot3_msgs/lib:${LD_LIBRARY_PATH} PYTHONPATH=/home/tal/TB3_PC_WS/ros2_galactic/install/turtlebot3_msgs/lib/python3.8/site-packages:${PYTHONPATH} /usr/bin/cmake --build /home/tal/TB3_PC_WS/ros2_galactic/build/turtlebot3_simulations -- -j16 -l16
[0.553s] Invoked command in '/home/tal/TB3_PC_WS/ros2_galactic/build/turtlebot3_simulations' returned '0': AMENT_PREFIX_PATH=/home/tal/TB3_PC_WS/ros2_galactic/install/turtlebot3_fake_node:/home/tal/TB3_PC_WS/ros2_galactic/install/turtlebot3_msgs:/home/tal/TB3_PC_WS/ros2_galactic/install/turtlebot3_gazebo:${AMENT_PREFIX_PATH} CMAKE_PREFIX_PATH=/home/tal/TB3_PC_WS/ros2_galactic/install/turtlebot3_fake_node:/home/tal/TB3_PC_WS/ros2_galactic/install/turtlebot3_msgs:/home/tal/TB3_PC_WS/ros2_galactic/install/turtlebot3_gazebo:/opt/ros/galactic:${CMAKE_PREFIX_PATH} LD_LIBRARY_PATH=/home/tal/TB3_PC_WS/ros2_galactic/install/turtlebot3_msgs/lib:${LD_LIBRARY_PATH} PYTHONPATH=/home/tal/TB3_PC_WS/ros2_galactic/install/turtlebot3_msgs/lib/python3.8/site-packages:${PYTHONPATH} /usr/bin/cmake --build /home/tal/TB3_PC_WS/ros2_galactic/build/turtlebot3_simulations -- -j16 -l16
[0.581s] Invoking command in '/home/tal/TB3_PC_WS/ros2_galactic/build/turtlebot3_simulations': AMENT_PREFIX_PATH=/home/tal/TB3_PC_WS/ros2_galactic/install/turtlebot3_fake_node:/home/tal/TB3_PC_WS/ros2_galactic/install/turtlebot3_msgs:/home/tal/TB3_PC_WS/ros2_galactic/install/turtlebot3_gazebo:${AMENT_PREFIX_PATH} CMAKE_PREFIX_PATH=/home/tal/TB3_PC_WS/ros2_galactic/install/turtlebot3_fake_node:/home/tal/TB3_PC_WS/ros2_galactic/install/turtlebot3_msgs:/home/tal/TB3_PC_WS/ros2_galactic/install/turtlebot3_gazebo:/opt/ros/galactic:${CMAKE_PREFIX_PATH} LD_LIBRARY_PATH=/home/tal/TB3_PC_WS/ros2_galactic/install/turtlebot3_msgs/lib:${LD_LIBRARY_PATH} PYTHONPATH=/home/tal/TB3_PC_WS/ros2_galactic/install/turtlebot3_msgs/lib/python3.8/site-packages:${PYTHONPATH} /usr/bin/cmake --install /home/tal/TB3_PC_WS/ros2_galactic/build/turtlebot3_simulations
[0.587s] -- Install configuration: ""
[0.587s] -- Installing: /home/tal/TB3_PC_WS/ros2_galactic/install/turtlebot3_simulations/share/ament_index/resource_index/package_run_dependencies/turtlebot3_simulations
[0.587s] -- Installing: /home/tal/TB3_PC_WS/ros2_galactic/install/turtlebot3_simulations/share/ament_index/resource_index/parent_prefix_path/turtlebot3_simulations
[0.588s] -- Installing: /home/tal/TB3_PC_WS/ros2_galactic/install/turtlebot3_simulations/share/turtlebot3_simulations/environment/ament_prefix_path.sh
[0.588s] -- Installing: /home/tal/TB3_PC_WS/ros2_galactic/install/turtlebot3_simulations/share/turtlebot3_simulations/environment/ament_prefix_path.dsv
[0.588s] -- Installing: /home/tal/TB3_PC_WS/ros2_galactic/install/turtlebot3_simulations/share/turtlebot3_simulations/environment/path.sh
[0.588s] -- Installing: /home/tal/TB3_PC_WS/ros2_galactic/install/turtlebot3_simulations/share/turtlebot3_simulations/environment/path.dsv
[0.588s] -- Installing: /home/tal/TB3_PC_WS/ros2_galactic/install/turtlebot3_simulations/share/turtlebot3_simulations/local_setup.bash
[0.588s] -- Installing: /home/tal/TB3_PC_WS/ros2_galactic/install/turtlebot3_simulations/share/turtlebot3_simulations/local_setup.sh
[0.588s] -- Installing: /home/tal/TB3_PC_WS/ros2_galactic/install/turtlebot3_simulations/share/turtlebot3_simulations/local_setup.zsh
[0.588s] -- Installing: /home/tal/TB3_PC_WS/ros2_galactic/install/turtlebot3_simulations/share/turtlebot3_simulations/local_setup.dsv
[0.588s] -- Installing: /home/tal/TB3_PC_WS/ros2_galactic/install/turtlebot3_simulations/share/turtlebot3_simulations/package.dsv
[0.588s] -- Installing: /home/tal/TB3_PC_WS/ros2_galactic/install/turtlebot3_simulations/share/ament_index/resource_index/packages/turtlebot3_simulations
[0.588s] -- Installing: /home/tal/TB3_PC_WS/ros2_galactic/install/turtlebot3_simulations/share/turtlebot3_simulations/cmake/turtlebot3_simulationsConfig.cmake
[0.588s] -- Installing: /home/tal/TB3_PC_WS/ros2_galactic/install/turtlebot3_simulations/share/turtlebot3_simulations/cmake/turtlebot3_simulationsConfig-version.cmake
[0.588s] -- Installing: /home/tal/TB3_PC_WS/ros2_galactic/install/turtlebot3_simulations/share/turtlebot3_simulations/package.xml
[0.589s] Invoked command in '/home/tal/TB3_PC_WS/ros2_galactic/build/turtlebot3_simulations' returned '0': AMENT_PREFIX_PATH=/home/tal/TB3_PC_WS/ros2_galactic/install/turtlebot3_fake_node:/home/tal/TB3_PC_WS/ros2_galactic/install/turtlebot3_msgs:/home/tal/TB3_PC_WS/ros2_galactic/install/turtlebot3_gazebo:${AMENT_PREFIX_PATH} CMAKE_PREFIX_PATH=/home/tal/TB3_PC_WS/ros2_galactic/install/turtlebot3_fake_node:/home/tal/TB3_PC_WS/ros2_galactic/install/turtlebot3_msgs:/home/tal/TB3_PC_WS/ros2_galactic/install/turtlebot3_gazebo:/opt/ros/galactic:${CMAKE_PREFIX_PATH} LD_LIBRARY_PATH=/home/tal/TB3_PC_WS/ros2_galactic/install/turtlebot3_msgs/lib:${LD_LIBRARY_PATH} PYTHONPATH=/home/tal/TB3_PC_WS/ros2_galactic/install/turtlebot3_msgs/lib/python3.8/site-packages:${PYTHONPATH} /usr/bin/cmake --install /home/tal/TB3_PC_WS/ros2_galactic/build/turtlebot3_simulations
