[0.017s] Invoking command in '/home/tal/TB3_PC_WS/build/turtlebot3_node': CMAKE_PREFIX_PATH=/home/tal/TB3_PC_WS/install/turtlebot3_msgs:/home/tal/TB3_PC_WS/install/turtlebot3_teleop:/home/tal/TB3_PC_WS/install/turtlebot3_example:/opt/ros/galactic:/home/tal/TB3_PC_WS/install/tb_run_script:/opt/ros/noetic:/home/tal/TB3_PC_WS/install/turtlebot3:/home/tal/TB3_PC_WS/install/turtlebot3_bringup:/home/tal/TB3_PC_WS/install/turtlebot3_node:/home/tal/TB3_PC_WS/install/turtlebot3_navigation2:/home/tal/TB3_PC_WS/install/turtlebot3_description:/home/tal/TB3_PC_WS/install/turtlebot3_cartographer:/home/tal/TB3_PC_WS/install/turtlebot3_simulations:/home/tal/TB3_PC_WS/install/turtlebot3_gazebo:/home/tal/TB3_PC_WS/install/turtlebot3_fake_node:/home/tal/TB3_PC_WS/install/ros1_bridge LD_LIBRARY_PATH=/home/tal/TB3_PC_WS/install/turtlebot3_msgs/lib:/opt/ros/noetic/lib:/usr/lib/x86_64-linux-gnu/gazebo-11/plugins:/opt/ros/galactic/opt/yaml_cpp_vendor/lib:/opt/ros/galactic/lib/x86_64-linux-gnu:/opt/ros/galactic/lib PYTHONPATH=/home/tal/TB3_PC_WS/install/turtlebot3_msgs/lib/python3.8/site-packages:/opt/ros/noetic/lib/python3/dist-packages:/home/tal/TB3_PC_WS/install/turtlebot3_teleop/lib/python3.8/site-packages:/home/tal/TB3_PC_WS/install/turtlebot3_example/lib/python3.8/site-packages:/home/tal/TB3_PC_WS/install/tb_run_script/lib/python3.8/site-packages:/opt/ros/galactic/lib/python3.8/site-packages:/home/tal/TB3_PC_WS/install/tb_run_script/lib/python3.10/site-packages /usr/bin/cmake /home/tal/TB3_PC_WS/src/turtlebot3/turtlebot3_node -DCMAKE_INSTALL_PREFIX=/home/tal/TB3_PC_WS/install/turtlebot3_node
[0.179s] -- The C compiler identification is GNU 9.4.0
[0.179s] -- The CXX compiler identification is GNU 9.4.0
[0.179s] -- Check for working C compiler: /usr/bin/cc
[0.179s] -- Check for working C compiler: /usr/bin/cc -- works
[0.179s] -- Detecting C compiler ABI info
[0.189s] -- Detecting C compiler ABI info - done
[0.200s] -- Detecting C compile features
[0.200s] -- Detecting C compile features - done
[0.202s] -- Check for working CXX compiler: /usr/bin/c++
[0.253s] -- Check for working CXX compiler: /usr/bin/c++ -- works
[0.254s] -- Detecting CXX compiler ABI info
[0.304s] -- Detecting CXX compiler ABI info - done
[0.311s] -- Detecting CXX compile features
[0.312s] -- Detecting CXX compile features - done
[0.313s] -- Found ament_cmake: 1.1.6 (/opt/ros/galactic/share/ament_cmake/cmake)
[0.325s] -- Found PythonInterp: /usr/bin/python3 (found suitable version "3.8.10", minimum required is "3") 
[0.325s] -- Using PYTHON_EXECUTABLE: /usr/bin/python3
[0.382s] -- Found dynamixel_sdk: 3.7.40 (/opt/ros/galactic/share/dynamixel_sdk/cmake)
[0.384s] -- Found geometry_msgs: 2.2.4 (/opt/ros/galactic/share/geometry_msgs/cmake)
[0.402s] -- Using single rosidl_typesupport_c: rosidl_typesupport_introspection_c
[0.406s] -- Found rosidl_adapter: 2.2.3 (/opt/ros/galactic/share/rosidl_adapter/cmake)
[0.422s] -- Using single rosidl_typesupport_cpp: rosidl_typesupport_introspection_cpp
[0.481s] -- Found message_filters: 3.2.6 (/opt/ros/galactic/share/message_filters/cmake)
[0.520s] -- Found rmw_implementation_cmake: 3.3.1 (/opt/ros/galactic/share/rmw_implementation_cmake/cmake)
[0.522s] -- Found rmw_cyclonedds_cpp: 0.22.6 (/opt/ros/galactic/share/rmw_cyclonedds_cpp/cmake)
[0.536s] -- Using RMW implementation 'rmw_cyclonedds_cpp' as default
[0.536s] -- Looking for pthread.h
[0.587s] -- Looking for pthread.h - found
[0.587s] -- Performing Test CMAKE_HAVE_LIBC_PTHREAD
[0.635s] -- Performing Test CMAKE_HAVE_LIBC_PTHREAD - Failed
[0.635s] -- Looking for pthread_create in pthreads
[0.675s] -- Looking for pthread_create in pthreads - not found
[0.675s] -- Looking for pthread_create in pthread
[0.722s] -- Looking for pthread_create in pthread - found
[0.722s] -- Found Threads: TRUE  
[0.827s] -- Found nav_msgs: 2.2.4 (/opt/ros/galactic/share/nav_msgs/cmake)
[0.878s] -- Found sensor_msgs: 2.2.4 (/opt/ros/galactic/share/sensor_msgs/cmake)
[0.925s] -- Found std_srvs: 2.2.4 (/opt/ros/galactic/share/std_srvs/cmake)
[0.932s] -- Found tf2: 0.17.5 (/opt/ros/galactic/share/tf2/cmake)
[0.939s] -- Found tf2_ros: 0.17.5 (/opt/ros/galactic/share/tf2_ros/cmake)
[1.145s] -- Found turtlebot3_msgs: 2.2.3 (/home/tal/TB3_PC_WS/install/turtlebot3_msgs/share/turtlebot3_msgs/cmake)
[1.259s] -- Configuring done
[1.280s] -- Generating done
[1.282s] -- Build files have been written to: /home/tal/TB3_PC_WS/build/turtlebot3_node
[1.290s] Invoked command in '/home/tal/TB3_PC_WS/build/turtlebot3_node' returned '0': CMAKE_PREFIX_PATH=/home/tal/TB3_PC_WS/install/turtlebot3_msgs:/home/tal/TB3_PC_WS/install/turtlebot3_teleop:/home/tal/TB3_PC_WS/install/turtlebot3_example:/opt/ros/galactic:/home/tal/TB3_PC_WS/install/tb_run_script:/opt/ros/noetic:/home/tal/TB3_PC_WS/install/turtlebot3:/home/tal/TB3_PC_WS/install/turtlebot3_bringup:/home/tal/TB3_PC_WS/install/turtlebot3_node:/home/tal/TB3_PC_WS/install/turtlebot3_navigation2:/home/tal/TB3_PC_WS/install/turtlebot3_description:/home/tal/TB3_PC_WS/install/turtlebot3_cartographer:/home/tal/TB3_PC_WS/install/turtlebot3_simulations:/home/tal/TB3_PC_WS/install/turtlebot3_gazebo:/home/tal/TB3_PC_WS/install/turtlebot3_fake_node:/home/tal/TB3_PC_WS/install/ros1_bridge LD_LIBRARY_PATH=/home/tal/TB3_PC_WS/install/turtlebot3_msgs/lib:/opt/ros/noetic/lib:/usr/lib/x86_64-linux-gnu/gazebo-11/plugins:/opt/ros/galactic/opt/yaml_cpp_vendor/lib:/opt/ros/galactic/lib/x86_64-linux-gnu:/opt/ros/galactic/lib PYTHONPATH=/home/tal/TB3_PC_WS/install/turtlebot3_msgs/lib/python3.8/site-packages:/opt/ros/noetic/lib/python3/dist-packages:/home/tal/TB3_PC_WS/install/turtlebot3_teleop/lib/python3.8/site-packages:/home/tal/TB3_PC_WS/install/turtlebot3_example/lib/python3.8/site-packages:/home/tal/TB3_PC_WS/install/tb_run_script/lib/python3.8/site-packages:/opt/ros/galactic/lib/python3.8/site-packages:/home/tal/TB3_PC_WS/install/tb_run_script/lib/python3.10/site-packages /usr/bin/cmake /home/tal/TB3_PC_WS/src/turtlebot3/turtlebot3_node -DCMAKE_INSTALL_PREFIX=/home/tal/TB3_PC_WS/install/turtlebot3_node
[1.292s] Invoking command in '/home/tal/TB3_PC_WS/build/turtlebot3_node': CMAKE_PREFIX_PATH=/home/tal/TB3_PC_WS/install/turtlebot3_msgs:/home/tal/TB3_PC_WS/install/turtlebot3_teleop:/home/tal/TB3_PC_WS/install/turtlebot3_example:/opt/ros/galactic:/home/tal/TB3_PC_WS/install/tb_run_script:/opt/ros/noetic:/home/tal/TB3_PC_WS/install/turtlebot3:/home/tal/TB3_PC_WS/install/turtlebot3_bringup:/home/tal/TB3_PC_WS/install/turtlebot3_node:/home/tal/TB3_PC_WS/install/turtlebot3_navigation2:/home/tal/TB3_PC_WS/install/turtlebot3_description:/home/tal/TB3_PC_WS/install/turtlebot3_cartographer:/home/tal/TB3_PC_WS/install/turtlebot3_simulations:/home/tal/TB3_PC_WS/install/turtlebot3_gazebo:/home/tal/TB3_PC_WS/install/turtlebot3_fake_node:/home/tal/TB3_PC_WS/install/ros1_bridge LD_LIBRARY_PATH=/home/tal/TB3_PC_WS/install/turtlebot3_msgs/lib:/opt/ros/noetic/lib:/usr/lib/x86_64-linux-gnu/gazebo-11/plugins:/opt/ros/galactic/opt/yaml_cpp_vendor/lib:/opt/ros/galactic/lib/x86_64-linux-gnu:/opt/ros/galactic/lib PYTHONPATH=/home/tal/TB3_PC_WS/install/turtlebot3_msgs/lib/python3.8/site-packages:/opt/ros/noetic/lib/python3/dist-packages:/home/tal/TB3_PC_WS/install/turtlebot3_teleop/lib/python3.8/site-packages:/home/tal/TB3_PC_WS/install/turtlebot3_example/lib/python3.8/site-packages:/home/tal/TB3_PC_WS/install/tb_run_script/lib/python3.8/site-packages:/opt/ros/galactic/lib/python3.8/site-packages:/home/tal/TB3_PC_WS/install/tb_run_script/lib/python3.10/site-packages /usr/bin/cmake --build /home/tal/TB3_PC_WS/build/turtlebot3_node -- -j16 -l16
[1.322s] [35m[1mScanning dependencies of target turtlebot3_node_lib[0m
[1.399s] [  7%] [32mBuilding CXX object CMakeFiles/turtlebot3_node_lib.dir/src/devices/sound.cpp.o[0m
[1.399s] [ 14%] [32mBuilding CXX object CMakeFiles/turtlebot3_node_lib.dir/src/devices/motor_power.cpp.o[0m
[1.399s] [ 21%] [32mBuilding CXX object CMakeFiles/turtlebot3_node_lib.dir/src/devices/reset.cpp.o[0m
[1.401s] [ 28%] [32mBuilding CXX object CMakeFiles/turtlebot3_node_lib.dir/src/dynamixel_sdk_wrapper.cpp.o[0m
[1.402s] [ 35%] [32mBuilding CXX object CMakeFiles/turtlebot3_node_lib.dir/src/turtlebot3.cpp.o[0m
[1.402s] [ 50%] [32mBuilding CXX object CMakeFiles/turtlebot3_node_lib.dir/src/diff_drive_controller.cpp.o[0m
[1.402s] [ 50%] [32mBuilding CXX object CMakeFiles/turtlebot3_node_lib.dir/src/odometry.cpp.o[0m
[1.402s] [ 57%] [32mBuilding CXX object CMakeFiles/turtlebot3_node_lib.dir/src/sensors/imu.cpp.o[0m
[1.403s] [ 64%] [32mBuilding CXX object CMakeFiles/turtlebot3_node_lib.dir/src/sensors/joint_state.cpp.o[0m
[1.410s] [ 71%] [32mBuilding CXX object CMakeFiles/turtlebot3_node_lib.dir/src/sensors/battery_state.cpp.o[0m
[1.410s] [ 78%] [32mBuilding CXX object CMakeFiles/turtlebot3_node_lib.dir/src/sensors/sensor_state.cpp.o[0m
[10.996s] [ 85%] [32m[1mLinking CXX static library libturtlebot3_node_lib.a[0m
[11.185s] [ 85%] Built target turtlebot3_node_lib
[11.192s] [35m[1mScanning dependencies of target turtlebot3_ros[0m
[11.218s] [ 92%] [32mBuilding CXX object CMakeFiles/turtlebot3_ros.dir/src/node_main.cpp.o[0m
[12.733s] [100%] [32m[1mLinking CXX executable turtlebot3_ros[0m
[13.385s] [100%] Built target turtlebot3_ros
[13.392s] Invoked command in '/home/tal/TB3_PC_WS/build/turtlebot3_node' returned '0': CMAKE_PREFIX_PATH=/home/tal/TB3_PC_WS/install/turtlebot3_msgs:/home/tal/TB3_PC_WS/install/turtlebot3_teleop:/home/tal/TB3_PC_WS/install/turtlebot3_example:/opt/ros/galactic:/home/tal/TB3_PC_WS/install/tb_run_script:/opt/ros/noetic:/home/tal/TB3_PC_WS/install/turtlebot3:/home/tal/TB3_PC_WS/install/turtlebot3_bringup:/home/tal/TB3_PC_WS/install/turtlebot3_node:/home/tal/TB3_PC_WS/install/turtlebot3_navigation2:/home/tal/TB3_PC_WS/install/turtlebot3_description:/home/tal/TB3_PC_WS/install/turtlebot3_cartographer:/home/tal/TB3_PC_WS/install/turtlebot3_simulations:/home/tal/TB3_PC_WS/install/turtlebot3_gazebo:/home/tal/TB3_PC_WS/install/turtlebot3_fake_node:/home/tal/TB3_PC_WS/install/ros1_bridge LD_LIBRARY_PATH=/home/tal/TB3_PC_WS/install/turtlebot3_msgs/lib:/opt/ros/noetic/lib:/usr/lib/x86_64-linux-gnu/gazebo-11/plugins:/opt/ros/galactic/opt/yaml_cpp_vendor/lib:/opt/ros/galactic/lib/x86_64-linux-gnu:/opt/ros/galactic/lib PYTHONPATH=/home/tal/TB3_PC_WS/install/turtlebot3_msgs/lib/python3.8/site-packages:/opt/ros/noetic/lib/python3/dist-packages:/home/tal/TB3_PC_WS/install/turtlebot3_teleop/lib/python3.8/site-packages:/home/tal/TB3_PC_WS/install/turtlebot3_example/lib/python3.8/site-packages:/home/tal/TB3_PC_WS/install/tb_run_script/lib/python3.8/site-packages:/opt/ros/galactic/lib/python3.8/site-packages:/home/tal/TB3_PC_WS/install/tb_run_script/lib/python3.10/site-packages /usr/bin/cmake --build /home/tal/TB3_PC_WS/build/turtlebot3_node -- -j16 -l16
[13.417s] Invoking command in '/home/tal/TB3_PC_WS/build/turtlebot3_node': CMAKE_PREFIX_PATH=/home/tal/TB3_PC_WS/install/turtlebot3_msgs:/home/tal/TB3_PC_WS/install/turtlebot3_teleop:/home/tal/TB3_PC_WS/install/turtlebot3_example:/opt/ros/galactic:/home/tal/TB3_PC_WS/install/tb_run_script:/opt/ros/noetic:/home/tal/TB3_PC_WS/install/turtlebot3:/home/tal/TB3_PC_WS/install/turtlebot3_bringup:/home/tal/TB3_PC_WS/install/turtlebot3_node:/home/tal/TB3_PC_WS/install/turtlebot3_navigation2:/home/tal/TB3_PC_WS/install/turtlebot3_description:/home/tal/TB3_PC_WS/install/turtlebot3_cartographer:/home/tal/TB3_PC_WS/install/turtlebot3_simulations:/home/tal/TB3_PC_WS/install/turtlebot3_gazebo:/home/tal/TB3_PC_WS/install/turtlebot3_fake_node:/home/tal/TB3_PC_WS/install/ros1_bridge LD_LIBRARY_PATH=/home/tal/TB3_PC_WS/install/turtlebot3_msgs/lib:/opt/ros/noetic/lib:/usr/lib/x86_64-linux-gnu/gazebo-11/plugins:/opt/ros/galactic/opt/yaml_cpp_vendor/lib:/opt/ros/galactic/lib/x86_64-linux-gnu:/opt/ros/galactic/lib PYTHONPATH=/home/tal/TB3_PC_WS/install/turtlebot3_msgs/lib/python3.8/site-packages:/opt/ros/noetic/lib/python3/dist-packages:/home/tal/TB3_PC_WS/install/turtlebot3_teleop/lib/python3.8/site-packages:/home/tal/TB3_PC_WS/install/turtlebot3_example/lib/python3.8/site-packages:/home/tal/TB3_PC_WS/install/tb_run_script/lib/python3.8/site-packages:/opt/ros/galactic/lib/python3.8/site-packages:/home/tal/TB3_PC_WS/install/tb_run_script/lib/python3.10/site-packages /usr/bin/cmake --install /home/tal/TB3_PC_WS/build/turtlebot3_node
[13.423s] -- Install configuration: ""
[13.423s] -- Installing: /home/tal/TB3_PC_WS/install/turtlebot3_node/share/turtlebot3_node/param
[13.424s] -- Installing: /home/tal/TB3_PC_WS/install/turtlebot3_node/share/turtlebot3_node/param/burger.yaml
[13.424s] -- Installing: /home/tal/TB3_PC_WS/install/turtlebot3_node/share/turtlebot3_node/param/waffle_pi.yaml
[13.424s] -- Installing: /home/tal/TB3_PC_WS/install/turtlebot3_node/share/turtlebot3_node/param/waffle.yaml
[13.424s] -- Installing: /home/tal/TB3_PC_WS/install/turtlebot3_node/lib/turtlebot3_node/turtlebot3_ros
[13.429s] -- Set runtime path of "/home/tal/TB3_PC_WS/install/turtlebot3_node/lib/turtlebot3_node/turtlebot3_ros" to ""
[13.429s] -- Installing: /home/tal/TB3_PC_WS/install/turtlebot3_node/share/ament_index/resource_index/package_run_dependencies/turtlebot3_node
[13.429s] -- Installing: /home/tal/TB3_PC_WS/install/turtlebot3_node/share/ament_index/resource_index/parent_prefix_path/turtlebot3_node
[13.429s] -- Installing: /home/tal/TB3_PC_WS/install/turtlebot3_node/share/turtlebot3_node/environment/ament_prefix_path.sh
[13.429s] -- Installing: /home/tal/TB3_PC_WS/install/turtlebot3_node/share/turtlebot3_node/environment/ament_prefix_path.dsv
[13.429s] -- Installing: /home/tal/TB3_PC_WS/install/turtlebot3_node/share/turtlebot3_node/environment/path.sh
[13.429s] -- Installing: /home/tal/TB3_PC_WS/install/turtlebot3_node/share/turtlebot3_node/environment/path.dsv
[13.429s] -- Installing: /home/tal/TB3_PC_WS/install/turtlebot3_node/share/turtlebot3_node/local_setup.bash
[13.429s] -- Installing: /home/tal/TB3_PC_WS/install/turtlebot3_node/share/turtlebot3_node/local_setup.sh
[13.429s] -- Installing: /home/tal/TB3_PC_WS/install/turtlebot3_node/share/turtlebot3_node/local_setup.zsh
[13.429s] -- Installing: /home/tal/TB3_PC_WS/install/turtlebot3_node/share/turtlebot3_node/local_setup.dsv
[13.429s] -- Installing: /home/tal/TB3_PC_WS/install/turtlebot3_node/share/turtlebot3_node/package.dsv
[13.429s] -- Installing: /home/tal/TB3_PC_WS/install/turtlebot3_node/share/ament_index/resource_index/packages/turtlebot3_node
[13.429s] -- Installing: /home/tal/TB3_PC_WS/install/turtlebot3_node/share/turtlebot3_node/cmake/ament_cmake_export_include_directories-extras.cmake
[13.429s] -- Installing: /home/tal/TB3_PC_WS/install/turtlebot3_node/share/turtlebot3_node/cmake/turtlebot3_nodeConfig.cmake
[13.429s] -- Installing: /home/tal/TB3_PC_WS/install/turtlebot3_node/share/turtlebot3_node/cmake/turtlebot3_nodeConfig-version.cmake
[13.429s] -- Installing: /home/tal/TB3_PC_WS/install/turtlebot3_node/share/turtlebot3_node/package.xml
[13.431s] Invoked command in '/home/tal/TB3_PC_WS/build/turtlebot3_node' returned '0': CMAKE_PREFIX_PATH=/home/tal/TB3_PC_WS/install/turtlebot3_msgs:/home/tal/TB3_PC_WS/install/turtlebot3_teleop:/home/tal/TB3_PC_WS/install/turtlebot3_example:/opt/ros/galactic:/home/tal/TB3_PC_WS/install/tb_run_script:/opt/ros/noetic:/home/tal/TB3_PC_WS/install/turtlebot3:/home/tal/TB3_PC_WS/install/turtlebot3_bringup:/home/tal/TB3_PC_WS/install/turtlebot3_node:/home/tal/TB3_PC_WS/install/turtlebot3_navigation2:/home/tal/TB3_PC_WS/install/turtlebot3_description:/home/tal/TB3_PC_WS/install/turtlebot3_cartographer:/home/tal/TB3_PC_WS/install/turtlebot3_simulations:/home/tal/TB3_PC_WS/install/turtlebot3_gazebo:/home/tal/TB3_PC_WS/install/turtlebot3_fake_node:/home/tal/TB3_PC_WS/install/ros1_bridge LD_LIBRARY_PATH=/home/tal/TB3_PC_WS/install/turtlebot3_msgs/lib:/opt/ros/noetic/lib:/usr/lib/x86_64-linux-gnu/gazebo-11/plugins:/opt/ros/galactic/opt/yaml_cpp_vendor/lib:/opt/ros/galactic/lib/x86_64-linux-gnu:/opt/ros/galactic/lib PYTHONPATH=/home/tal/TB3_PC_WS/install/turtlebot3_msgs/lib/python3.8/site-packages:/opt/ros/noetic/lib/python3/dist-packages:/home/tal/TB3_PC_WS/install/turtlebot3_teleop/lib/python3.8/site-packages:/home/tal/TB3_PC_WS/install/turtlebot3_example/lib/python3.8/site-packages:/home/tal/TB3_PC_WS/install/tb_run_script/lib/python3.8/site-packages:/opt/ros/galactic/lib/python3.8/site-packages:/home/tal/TB3_PC_WS/install/tb_run_script/lib/python3.10/site-packages /usr/bin/cmake --install /home/tal/TB3_PC_WS/build/turtlebot3_node
