[35m[1mConsolidate compiler generated dependencies of target web_video_server[0m
[100%] Built target web_video_server
-- Install configuration: ""
-- Up-to-date: /home/tal/TB3_PC_WS/install/web_video_server/lib/web_video_server/web_video_server
-- Installing: /home/tal/TB3_PC_WS/install/web_video_server/include/web_video_server
-- Installing: /home/tal/TB3_PC_WS/install/web_video_server/include/web_video_server/web_video_server.h
-- Installing: /home/tal/TB3_PC_WS/install/web_video_server/include/web_video_server/vp8_streamer.h
-- Installing: /home/tal/TB3_PC_WS/install/web_video_server/include/web_video_server/libav_streamer.h
-- Installing: /home/tal/TB3_PC_WS/install/web_video_server/include/web_video_server/h264_streamer.h
-- Installing: /home/tal/TB3_PC_WS/install/web_video_server/include/web_video_server/image_streamer.h
-- Installing: /home/tal/TB3_PC_WS/install/web_video_server/include/web_video_server/vp9_streamer.h
-- Installing: /home/tal/TB3_PC_WS/install/web_video_server/include/web_video_server/multipart_stream.h
-- Installing: /home/tal/TB3_PC_WS/install/web_video_server/include/web_video_server/ros_compressed_streamer.h
-- Installing: /home/tal/TB3_PC_WS/install/web_video_server/include/web_video_server/png_streamers.h
-- Installing: /home/tal/TB3_PC_WS/install/web_video_server/include/web_video_server/jpeg_streamers.h
-- Installing: /home/tal/TB3_PC_WS/install/web_video_server/share/ament_index/resource_index/package_run_dependencies/web_video_server
-- Installing: /home/tal/TB3_PC_WS/install/web_video_server/share/ament_index/resource_index/parent_prefix_path/web_video_server
-- Installing: /home/tal/TB3_PC_WS/install/web_video_server/share/web_video_server/environment/ament_prefix_path.sh
-- Installing: /home/tal/TB3_PC_WS/install/web_video_server/share/web_video_server/environment/ament_prefix_path.dsv
-- Installing: /home/tal/TB3_PC_WS/install/web_video_server/share/web_video_server/environment/path.sh
-- Installing: /home/tal/TB3_PC_WS/install/web_video_server/share/web_video_server/environment/path.dsv
-- Installing: /home/tal/TB3_PC_WS/install/web_video_server/share/web_video_server/local_setup.bash
-- Installing: /home/tal/TB3_PC_WS/install/web_video_server/share/web_video_server/local_setup.sh
-- Installing: /home/tal/TB3_PC_WS/install/web_video_server/share/web_video_server/local_setup.zsh
-- Installing: /home/tal/TB3_PC_WS/install/web_video_server/share/web_video_server/local_setup.dsv
-- Installing: /home/tal/TB3_PC_WS/install/web_video_server/share/web_video_server/package.dsv
-- Installing: /home/tal/TB3_PC_WS/install/web_video_server/share/ament_index/resource_index/packages/web_video_server
-- Installing: /home/tal/TB3_PC_WS/install/web_video_server/share/web_video_server/cmake/web_video_serverConfig.cmake
-- Installing: /home/tal/TB3_PC_WS/install/web_video_server/share/web_video_server/cmake/web_video_serverConfig-version.cmake
-- Installing: /home/tal/TB3_PC_WS/install/web_video_server/share/web_video_server/package.xml
