[0.032s] Invoking command in '/home/tal/TB3_PC_WS/build/web_video_server': CMAKE_PREFIX_PATH=${CMAKE_PREFIX_PATH}:/home/tal/turtlebot3_ws/install/tb_run_script:/home/tal/tut2_ws/install/my_robot_controller:/home/tal/tut_ws/install/my_robot_controller:/home/tal/tutorial_ws/install/launch_testing_examples:/home/tal/tutorial_ws/install/examples_rclpy_pointcloud_publisher:/home/tal/tutorial_ws/install/examples_rclpy_minimal_subscriber:/home/tal/tutorial_ws/install/examples_rclpy_minimal_service:/home/tal/tutorial_ws/install/examples_rclpy_minimal_publisher:/home/tal/tutorial_ws/install/examples_rclpy_minimal_client:/home/tal/tutorial_ws/install/examples_rclpy_minimal_action_server:/home/tal/tutorial_ws/install/examples_rclpy_minimal_action_client:/home/tal/tutorial_ws/install/examples_rclpy_guard_conditions:/home/tal/tutorial_ws/install/examples_rclpy_executors:/opt/ros/humble /usr/bin/cmake --build /home/tal/TB3_PC_WS/build/web_video_server -- -j6 -l6
[0.244s] [35m[1mConsolidate compiler generated dependencies of target web_video_server[0m
[0.345s] [100%] Built target web_video_server
[0.346s] Invoked command in '/home/tal/TB3_PC_WS/build/web_video_server' returned '0': CMAKE_PREFIX_PATH=${CMAKE_PREFIX_PATH}:/home/tal/turtlebot3_ws/install/tb_run_script:/home/tal/tut2_ws/install/my_robot_controller:/home/tal/tut_ws/install/my_robot_controller:/home/tal/tutorial_ws/install/launch_testing_examples:/home/tal/tutorial_ws/install/examples_rclpy_pointcloud_publisher:/home/tal/tutorial_ws/install/examples_rclpy_minimal_subscriber:/home/tal/tutorial_ws/install/examples_rclpy_minimal_service:/home/tal/tutorial_ws/install/examples_rclpy_minimal_publisher:/home/tal/tutorial_ws/install/examples_rclpy_minimal_client:/home/tal/tutorial_ws/install/examples_rclpy_minimal_action_server:/home/tal/tutorial_ws/install/examples_rclpy_minimal_action_client:/home/tal/tutorial_ws/install/examples_rclpy_guard_conditions:/home/tal/tutorial_ws/install/examples_rclpy_executors:/opt/ros/humble /usr/bin/cmake --build /home/tal/TB3_PC_WS/build/web_video_server -- -j6 -l6
[0.392s] Invoking command in '/home/tal/TB3_PC_WS/build/web_video_server': CMAKE_PREFIX_PATH=${CMAKE_PREFIX_PATH}:/home/tal/turtlebot3_ws/install/tb_run_script:/home/tal/tut2_ws/install/my_robot_controller:/home/tal/tut_ws/install/my_robot_controller:/home/tal/tutorial_ws/install/launch_testing_examples:/home/tal/tutorial_ws/install/examples_rclpy_pointcloud_publisher:/home/tal/tutorial_ws/install/examples_rclpy_minimal_subscriber:/home/tal/tutorial_ws/install/examples_rclpy_minimal_service:/home/tal/tutorial_ws/install/examples_rclpy_minimal_publisher:/home/tal/tutorial_ws/install/examples_rclpy_minimal_client:/home/tal/tutorial_ws/install/examples_rclpy_minimal_action_server:/home/tal/tutorial_ws/install/examples_rclpy_minimal_action_client:/home/tal/tutorial_ws/install/examples_rclpy_guard_conditions:/home/tal/tutorial_ws/install/examples_rclpy_executors:/opt/ros/humble /usr/bin/cmake --install /home/tal/TB3_PC_WS/build/web_video_server
[0.396s] -- Install configuration: ""
[0.397s] -- Up-to-date: /home/tal/TB3_PC_WS/install/web_video_server/lib/web_video_server/web_video_server
[0.397s] -- Installing: /home/tal/TB3_PC_WS/install/web_video_server/include/web_video_server
[0.397s] -- Installing: /home/tal/TB3_PC_WS/install/web_video_server/include/web_video_server/web_video_server.h
[0.397s] -- Installing: /home/tal/TB3_PC_WS/install/web_video_server/include/web_video_server/vp8_streamer.h
[0.397s] -- Installing: /home/tal/TB3_PC_WS/install/web_video_server/include/web_video_server/libav_streamer.h
[0.397s] -- Installing: /home/tal/TB3_PC_WS/install/web_video_server/include/web_video_server/h264_streamer.h
[0.397s] -- Installing: /home/tal/TB3_PC_WS/install/web_video_server/include/web_video_server/image_streamer.h
[0.397s] -- Installing: /home/tal/TB3_PC_WS/install/web_video_server/include/web_video_server/vp9_streamer.h
[0.397s] -- Installing: /home/tal/TB3_PC_WS/install/web_video_server/include/web_video_server/multipart_stream.h
[0.397s] -- Installing: /home/tal/TB3_PC_WS/install/web_video_server/include/web_video_server/ros_compressed_streamer.h
[0.398s] -- Installing: /home/tal/TB3_PC_WS/install/web_video_server/include/web_video_server/png_streamers.h
[0.398s] -- Installing: /home/tal/TB3_PC_WS/install/web_video_server/include/web_video_server/jpeg_streamers.h
[0.398s] -- Installing: /home/tal/TB3_PC_WS/install/web_video_server/share/ament_index/resource_index/package_run_dependencies/web_video_server
[0.398s] -- Installing: /home/tal/TB3_PC_WS/install/web_video_server/share/ament_index/resource_index/parent_prefix_path/web_video_server
[0.398s] -- Installing: /home/tal/TB3_PC_WS/install/web_video_server/share/web_video_server/environment/ament_prefix_path.sh
[0.398s] -- Installing: /home/tal/TB3_PC_WS/install/web_video_server/share/web_video_server/environment/ament_prefix_path.dsv
[0.398s] -- Installing: /home/tal/TB3_PC_WS/install/web_video_server/share/web_video_server/environment/path.sh
[0.398s] -- Installing: /home/tal/TB3_PC_WS/install/web_video_server/share/web_video_server/environment/path.dsv
[0.399s] -- Installing: /home/tal/TB3_PC_WS/install/web_video_server/share/web_video_server/local_setup.bash
[0.399s] -- Installing: /home/tal/TB3_PC_WS/install/web_video_server/share/web_video_server/local_setup.sh
[0.399s] -- Installing: /home/tal/TB3_PC_WS/install/web_video_server/share/web_video_server/local_setup.zsh
[0.399s] -- Installing: /home/tal/TB3_PC_WS/install/web_video_server/share/web_video_server/local_setup.dsv
[0.399s] -- Installing: /home/tal/TB3_PC_WS/install/web_video_server/share/web_video_server/package.dsv
[0.399s] -- Installing: /home/tal/TB3_PC_WS/install/web_video_server/share/ament_index/resource_index/packages/web_video_server
[0.399s] -- Installing: /home/tal/TB3_PC_WS/install/web_video_server/share/web_video_server/cmake/web_video_serverConfig.cmake
[0.399s] -- Installing: /home/tal/TB3_PC_WS/install/web_video_server/share/web_video_server/cmake/web_video_serverConfig-version.cmake
[0.399s] -- Installing: /home/tal/TB3_PC_WS/install/web_video_server/share/web_video_server/package.xml
[0.447s] Invoked command in '/home/tal/TB3_PC_WS/build/web_video_server' returned '0': CMAKE_PREFIX_PATH=${CMAKE_PREFIX_PATH}:/home/tal/turtlebot3_ws/install/tb_run_script:/home/tal/tut2_ws/install/my_robot_controller:/home/tal/tut_ws/install/my_robot_controller:/home/tal/tutorial_ws/install/launch_testing_examples:/home/tal/tutorial_ws/install/examples_rclpy_pointcloud_publisher:/home/tal/tutorial_ws/install/examples_rclpy_minimal_subscriber:/home/tal/tutorial_ws/install/examples_rclpy_minimal_service:/home/tal/tutorial_ws/install/examples_rclpy_minimal_publisher:/home/tal/tutorial_ws/install/examples_rclpy_minimal_client:/home/tal/tutorial_ws/install/examples_rclpy_minimal_action_server:/home/tal/tutorial_ws/install/examples_rclpy_minimal_action_client:/home/tal/tutorial_ws/install/examples_rclpy_guard_conditions:/home/tal/tutorial_ws/install/examples_rclpy_executors:/opt/ros/humble /usr/bin/cmake --install /home/tal/TB3_PC_WS/build/web_video_server
