[0.111s] DEBUG:colcon:Command line arguments: ['/home/tal/.local/bin/colcon', 'build']
[0.111s] DEBUG:colcon:Parsed command line arguments: Namespace(allow_overriding=[], ament_cmake_args=None, base_paths=['.'], build_base='build', catkin_cmake_args=None, catkin_skip_building_tests=False, cmake_args=None, cmake_clean_cache=False, cmake_clean_first=False, cmake_force_configure=False, cmake_target=None, cmake_target_skip_unavailable=False, continue_on_error=False, event_handlers=None, executor='parallel', ignore_user_meta=False, install_base='install', log_base=None, log_level=None, main=<bound method BuildVerb.main of <colcon_core.verb.build.BuildVerb object at 0x7f3239f315e0>>, merge_install=False, metas=['./colcon.meta'], packages_above=None, packages_above_and_dependencies=None, packages_above_depth=None, packages_end=None, packages_ignore=None, packages_ignore_regex=None, packages_select=None, packages_select_build_failed=False, packages_select_by_dep=None, packages_select_regex=None, packages_select_test_failures=False, packages_skip=None, packages_skip_build_finished=False, packages_skip_by_dep=None, packages_skip_regex=None, packages_skip_test_passed=False, packages_skip_up_to=None, packages_start=None, packages_up_to=None, packages_up_to_regex=None, parallel_workers=16, paths=None, symlink_install=False, test_result_base=None, verb_extension=<colcon_core.verb.build.BuildVerb object at 0x7f3239f315e0>, verb_name='build', verb_parser=<colcon_defaults.argument_parser.defaults.DefaultArgumentsDecorator object at 0x7f3239f31ac0>)
[0.180s] Level 1:colcon.colcon_core.package_discovery:discover_packages(colcon_meta) check parameters
[0.180s] Level 1:colcon.colcon_core.package_discovery:discover_packages(recursive) check parameters
[0.180s] Level 1:colcon.colcon_core.package_discovery:discover_packages(ignore) check parameters
[0.180s] Level 1:colcon.colcon_core.package_discovery:discover_packages(path) check parameters
[0.180s] Level 1:colcon.colcon_core.package_discovery:discover_packages(colcon_meta) discover
[0.180s] Level 1:colcon.colcon_core.package_discovery:discover_packages(recursive) discover
[0.180s] INFO:colcon.colcon_core.package_discovery:Crawling recursively for packages in '/home/tal/TB3_PC_WS/ros2_galactic'
[0.180s] Level 1:colcon.colcon_core.package_identification:_identify(.) by extensions ['ignore', 'ignore_ament_install']
[0.180s] Level 1:colcon.colcon_core.package_identification:_identify(.) by extension 'ignore'
[0.180s] Level 1:colcon.colcon_core.package_identification:_identify(.) by extension 'ignore_ament_install'
[0.180s] Level 1:colcon.colcon_core.package_identification:_identify(.) by extensions ['colcon_pkg']
[0.180s] Level 1:colcon.colcon_core.package_identification:_identify(.) by extension 'colcon_pkg'
[0.180s] Level 1:colcon.colcon_core.package_identification:_identify(.) by extensions ['colcon_meta']
[0.180s] Level 1:colcon.colcon_core.package_identification:_identify(.) by extension 'colcon_meta'
[0.180s] Level 1:colcon.colcon_core.package_identification:_identify(.) by extensions ['ros']
[0.180s] Level 1:colcon.colcon_core.package_identification:_identify(.) by extension 'ros'
[0.186s] Level 1:colcon.colcon_core.package_identification:_identify(.) by extensions ['cmake', 'python']
[0.186s] Level 1:colcon.colcon_core.package_identification:_identify(.) by extension 'cmake'
[0.186s] Level 1:colcon.colcon_core.package_identification:_identify(.) by extension 'python'
[0.186s] Level 1:colcon.colcon_core.package_identification:_identify(.) by extensions ['python_setup_py']
[0.186s] Level 1:colcon.colcon_core.package_identification:_identify(.) by extension 'python_setup_py'
[0.186s] Level 1:colcon.colcon_core.package_identification:_identify(build) by extensions ['ignore', 'ignore_ament_install']
[0.187s] Level 1:colcon.colcon_core.package_identification:_identify(build) by extension 'ignore'
[0.187s] Level 1:colcon.colcon_core.package_identification:_identify(build) ignored
[0.187s] Level 1:colcon.colcon_core.package_identification:_identify(install) by extensions ['ignore', 'ignore_ament_install']
[0.187s] Level 1:colcon.colcon_core.package_identification:_identify(install) by extension 'ignore'
[0.187s] Level 1:colcon.colcon_core.package_identification:_identify(install) ignored
[0.187s] Level 1:colcon.colcon_core.package_identification:_identify(install_scripts) by extensions ['ignore', 'ignore_ament_install']
[0.187s] Level 1:colcon.colcon_core.package_identification:_identify(install_scripts) by extension 'ignore'
[0.187s] Level 1:colcon.colcon_core.package_identification:_identify(install_scripts) by extension 'ignore_ament_install'
[0.187s] Level 1:colcon.colcon_core.package_identification:_identify(install_scripts) by extensions ['colcon_pkg']
[0.187s] Level 1:colcon.colcon_core.package_identification:_identify(install_scripts) by extension 'colcon_pkg'
[0.187s] Level 1:colcon.colcon_core.package_identification:_identify(install_scripts) by extensions ['colcon_meta']
[0.187s] Level 1:colcon.colcon_core.package_identification:_identify(install_scripts) by extension 'colcon_meta'
[0.187s] Level 1:colcon.colcon_core.package_identification:_identify(install_scripts) by extensions ['ros']
[0.187s] Level 1:colcon.colcon_core.package_identification:_identify(install_scripts) by extension 'ros'
[0.187s] Level 1:colcon.colcon_core.package_identification:_identify(install_scripts) by extensions ['cmake', 'python']
[0.187s] Level 1:colcon.colcon_core.package_identification:_identify(install_scripts) by extension 'cmake'
[0.187s] Level 1:colcon.colcon_core.package_identification:_identify(install_scripts) by extension 'python'
[0.187s] Level 1:colcon.colcon_core.package_identification:_identify(install_scripts) by extensions ['python_setup_py']
[0.187s] Level 1:colcon.colcon_core.package_identification:_identify(install_scripts) by extension 'python_setup_py'
[0.187s] Level 1:colcon.colcon_core.package_identification:_identify(install_scripts/ros1_ros2_installation) by extensions ['ignore', 'ignore_ament_install']
[0.187s] Level 1:colcon.colcon_core.package_identification:_identify(install_scripts/ros1_ros2_installation) by extension 'ignore'
[0.187s] Level 1:colcon.colcon_core.package_identification:_identify(install_scripts/ros1_ros2_installation) by extension 'ignore_ament_install'
[0.187s] Level 1:colcon.colcon_core.package_identification:_identify(install_scripts/ros1_ros2_installation) by extensions ['colcon_pkg']
[0.187s] Level 1:colcon.colcon_core.package_identification:_identify(install_scripts/ros1_ros2_installation) by extension 'colcon_pkg'
[0.187s] Level 1:colcon.colcon_core.package_identification:_identify(install_scripts/ros1_ros2_installation) by extensions ['colcon_meta']
[0.187s] Level 1:colcon.colcon_core.package_identification:_identify(install_scripts/ros1_ros2_installation) by extension 'colcon_meta'
[0.187s] Level 1:colcon.colcon_core.package_identification:_identify(install_scripts/ros1_ros2_installation) by extensions ['ros']
[0.187s] Level 1:colcon.colcon_core.package_identification:_identify(install_scripts/ros1_ros2_installation) by extension 'ros'
[0.187s] Level 1:colcon.colcon_core.package_identification:_identify(install_scripts/ros1_ros2_installation) by extensions ['cmake', 'python']
[0.187s] Level 1:colcon.colcon_core.package_identification:_identify(install_scripts/ros1_ros2_installation) by extension 'cmake'
[0.187s] Level 1:colcon.colcon_core.package_identification:_identify(install_scripts/ros1_ros2_installation) by extension 'python'
[0.187s] Level 1:colcon.colcon_core.package_identification:_identify(install_scripts/ros1_ros2_installation) by extensions ['python_setup_py']
[0.187s] Level 1:colcon.colcon_core.package_identification:_identify(install_scripts/ros1_ros2_installation) by extension 'python_setup_py'
[0.188s] Level 1:colcon.colcon_core.package_identification:_identify(log) by extensions ['ignore', 'ignore_ament_install']
[0.188s] Level 1:colcon.colcon_core.package_identification:_identify(log) by extension 'ignore'
[0.188s] Level 1:colcon.colcon_core.package_identification:_identify(log) ignored
[0.188s] Level 1:colcon.colcon_core.package_identification:_identify(src) by extensions ['ignore', 'ignore_ament_install']
[0.188s] Level 1:colcon.colcon_core.package_identification:_identify(src) by extension 'ignore'
[0.188s] Level 1:colcon.colcon_core.package_identification:_identify(src) by extension 'ignore_ament_install'
[0.188s] Level 1:colcon.colcon_core.package_identification:_identify(src) by extensions ['colcon_pkg']
[0.188s] Level 1:colcon.colcon_core.package_identification:_identify(src) by extension 'colcon_pkg'
[0.188s] Level 1:colcon.colcon_core.package_identification:_identify(src) by extensions ['colcon_meta']
[0.188s] Level 1:colcon.colcon_core.package_identification:_identify(src) by extension 'colcon_meta'
[0.188s] Level 1:colcon.colcon_core.package_identification:_identify(src) by extensions ['ros']
[0.188s] Level 1:colcon.colcon_core.package_identification:_identify(src) by extension 'ros'
[0.188s] Level 1:colcon.colcon_core.package_identification:_identify(src) by extensions ['cmake', 'python']
[0.188s] Level 1:colcon.colcon_core.package_identification:_identify(src) by extension 'cmake'
[0.188s] Level 1:colcon.colcon_core.package_identification:_identify(src) by extension 'python'
[0.188s] Level 1:colcon.colcon_core.package_identification:_identify(src) by extensions ['python_setup_py']
[0.188s] Level 1:colcon.colcon_core.package_identification:_identify(src) by extension 'python_setup_py'
[0.188s] Level 1:colcon.colcon_core.package_identification:_identify(src/tb_run_script) by extensions ['ignore', 'ignore_ament_install']
[0.188s] Level 1:colcon.colcon_core.package_identification:_identify(src/tb_run_script) by extension 'ignore'
[0.188s] Level 1:colcon.colcon_core.package_identification:_identify(src/tb_run_script) by extension 'ignore_ament_install'
[0.188s] Level 1:colcon.colcon_core.package_identification:_identify(src/tb_run_script) by extensions ['colcon_pkg']
[0.188s] Level 1:colcon.colcon_core.package_identification:_identify(src/tb_run_script) by extension 'colcon_pkg'
[0.188s] Level 1:colcon.colcon_core.package_identification:_identify(src/tb_run_script) by extensions ['colcon_meta']
[0.188s] Level 1:colcon.colcon_core.package_identification:_identify(src/tb_run_script) by extension 'colcon_meta'
[0.188s] Level 1:colcon.colcon_core.package_identification:_identify(src/tb_run_script) by extensions ['ros']
[0.188s] Level 1:colcon.colcon_core.package_identification:_identify(src/tb_run_script) by extension 'ros'
[0.190s] DEBUG:colcon.colcon_core.package_identification:Package 'src/tb_run_script' with type 'ros.ament_python' and name 'tb_run_script'
[0.190s] Level 1:colcon.colcon_core.package_identification:_identify(src/turtlebot3) by extensions ['ignore', 'ignore_ament_install']
[0.190s] Level 1:colcon.colcon_core.package_identification:_identify(src/turtlebot3) by extension 'ignore'
[0.190s] Level 1:colcon.colcon_core.package_identification:_identify(src/turtlebot3) by extension 'ignore_ament_install'
[0.190s] Level 1:colcon.colcon_core.package_identification:_identify(src/turtlebot3) by extensions ['colcon_pkg']
[0.190s] Level 1:colcon.colcon_core.package_identification:_identify(src/turtlebot3) by extension 'colcon_pkg'
[0.190s] Level 1:colcon.colcon_core.package_identification:_identify(src/turtlebot3) by extensions ['colcon_meta']
[0.190s] Level 1:colcon.colcon_core.package_identification:_identify(src/turtlebot3) by extension 'colcon_meta'
[0.190s] Level 1:colcon.colcon_core.package_identification:_identify(src/turtlebot3) by extensions ['ros']
[0.190s] Level 1:colcon.colcon_core.package_identification:_identify(src/turtlebot3) by extension 'ros'
[0.190s] Level 1:colcon.colcon_core.package_identification:_identify(src/turtlebot3) by extensions ['cmake', 'python']
[0.190s] Level 1:colcon.colcon_core.package_identification:_identify(src/turtlebot3) by extension 'cmake'
[0.190s] Level 1:colcon.colcon_core.package_identification:_identify(src/turtlebot3) by extension 'python'
[0.190s] Level 1:colcon.colcon_core.package_identification:_identify(src/turtlebot3) by extensions ['python_setup_py']
[0.190s] Level 1:colcon.colcon_core.package_identification:_identify(src/turtlebot3) by extension 'python_setup_py'
[0.190s] Level 1:colcon.colcon_core.package_identification:_identify(src/turtlebot3_fake_node) by extensions ['ignore', 'ignore_ament_install']
[0.190s] Level 1:colcon.colcon_core.package_identification:_identify(src/turtlebot3_fake_node) by extension 'ignore'
[0.190s] Level 1:colcon.colcon_core.package_identification:_identify(src/turtlebot3_fake_node) by extension 'ignore_ament_install'
[0.190s] Level 1:colcon.colcon_core.package_identification:_identify(src/turtlebot3_fake_node) by extensions ['colcon_pkg']
[0.190s] Level 1:colcon.colcon_core.package_identification:_identify(src/turtlebot3_fake_node) by extension 'colcon_pkg'
[0.190s] Level 1:colcon.colcon_core.package_identification:_identify(src/turtlebot3_fake_node) by extensions ['colcon_meta']
[0.190s] Level 1:colcon.colcon_core.package_identification:_identify(src/turtlebot3_fake_node) by extension 'colcon_meta'
[0.190s] Level 1:colcon.colcon_core.package_identification:_identify(src/turtlebot3_fake_node) by extensions ['ros']
[0.190s] Level 1:colcon.colcon_core.package_identification:_identify(src/turtlebot3_fake_node) by extension 'ros'
[0.191s] DEBUG:colcon.colcon_core.package_identification:Package 'src/turtlebot3_fake_node' with type 'ros.ament_cmake' and name 'turtlebot3_fake_node'
[0.191s] Level 1:colcon.colcon_core.package_identification:_identify(src/turtlebot3_gazebo) by extensions ['ignore', 'ignore_ament_install']
[0.191s] Level 1:colcon.colcon_core.package_identification:_identify(src/turtlebot3_gazebo) by extension 'ignore'
[0.191s] Level 1:colcon.colcon_core.package_identification:_identify(src/turtlebot3_gazebo) by extension 'ignore_ament_install'
[0.191s] Level 1:colcon.colcon_core.package_identification:_identify(src/turtlebot3_gazebo) by extensions ['colcon_pkg']
[0.191s] Level 1:colcon.colcon_core.package_identification:_identify(src/turtlebot3_gazebo) by extension 'colcon_pkg'
[0.191s] Level 1:colcon.colcon_core.package_identification:_identify(src/turtlebot3_gazebo) by extensions ['colcon_meta']
[0.191s] Level 1:colcon.colcon_core.package_identification:_identify(src/turtlebot3_gazebo) by extension 'colcon_meta'
[0.191s] Level 1:colcon.colcon_core.package_identification:_identify(src/turtlebot3_gazebo) by extensions ['ros']
[0.191s] Level 1:colcon.colcon_core.package_identification:_identify(src/turtlebot3_gazebo) by extension 'ros'
[0.192s] DEBUG:colcon.colcon_core.package_identification:Package 'src/turtlebot3_gazebo' with type 'ros.ament_cmake' and name 'turtlebot3_gazebo'
[0.192s] Level 1:colcon.colcon_core.package_identification:_identify(src/turtlebot3_msgs-main) by extensions ['ignore', 'ignore_ament_install']
[0.192s] Level 1:colcon.colcon_core.package_identification:_identify(src/turtlebot3_msgs-main) by extension 'ignore'
[0.192s] Level 1:colcon.colcon_core.package_identification:_identify(src/turtlebot3_msgs-main) by extension 'ignore_ament_install'
[0.192s] Level 1:colcon.colcon_core.package_identification:_identify(src/turtlebot3_msgs-main) by extensions ['colcon_pkg']
[0.192s] Level 1:colcon.colcon_core.package_identification:_identify(src/turtlebot3_msgs-main) by extension 'colcon_pkg'
[0.192s] Level 1:colcon.colcon_core.package_identification:_identify(src/turtlebot3_msgs-main) by extensions ['colcon_meta']
[0.192s] Level 1:colcon.colcon_core.package_identification:_identify(src/turtlebot3_msgs-main) by extension 'colcon_meta'
[0.192s] Level 1:colcon.colcon_core.package_identification:_identify(src/turtlebot3_msgs-main) by extensions ['ros']
[0.192s] Level 1:colcon.colcon_core.package_identification:_identify(src/turtlebot3_msgs-main) by extension 'ros'
[0.192s] DEBUG:colcon.colcon_core.package_identification:Package 'src/turtlebot3_msgs-main' with type 'ros.ament_cmake' and name 'turtlebot3_msgs'
[0.193s] Level 1:colcon.colcon_core.package_identification:_identify(src/turtlebot3_simulations) by extensions ['ignore', 'ignore_ament_install']
[0.193s] Level 1:colcon.colcon_core.package_identification:_identify(src/turtlebot3_simulations) by extension 'ignore'
[0.193s] Level 1:colcon.colcon_core.package_identification:_identify(src/turtlebot3_simulations) by extension 'ignore_ament_install'
[0.193s] Level 1:colcon.colcon_core.package_identification:_identify(src/turtlebot3_simulations) by extensions ['colcon_pkg']
[0.193s] Level 1:colcon.colcon_core.package_identification:_identify(src/turtlebot3_simulations) by extension 'colcon_pkg'
[0.193s] Level 1:colcon.colcon_core.package_identification:_identify(src/turtlebot3_simulations) by extensions ['colcon_meta']
[0.193s] Level 1:colcon.colcon_core.package_identification:_identify(src/turtlebot3_simulations) by extension 'colcon_meta'
[0.193s] Level 1:colcon.colcon_core.package_identification:_identify(src/turtlebot3_simulations) by extensions ['ros']
[0.193s] Level 1:colcon.colcon_core.package_identification:_identify(src/turtlebot3_simulations) by extension 'ros'
[0.193s] DEBUG:colcon.colcon_core.package_identification:Package 'src/turtlebot3_simulations' with type 'ros.ament_cmake' and name 'turtlebot3_simulations'
[0.193s] Level 1:colcon.colcon_core.package_discovery:discover_packages(recursive) using defaults
[0.193s] Level 1:colcon.colcon_core.package_discovery:discover_packages(ignore) discover
[0.193s] Level 1:colcon.colcon_core.package_discovery:discover_packages(ignore) using defaults
[0.193s] Level 1:colcon.colcon_core.package_discovery:discover_packages(path) discover
[0.193s] Level 1:colcon.colcon_core.package_discovery:discover_packages(path) using defaults
[0.202s] Level 1:colcon.colcon_core.package_discovery:discover_packages(prefix_path) check parameters
[0.202s] Level 1:colcon.colcon_core.package_discovery:discover_packages(prefix_path) discover
[0.203s] DEBUG:colcon.colcon_installed_package_information.package_discovery:Found 211 installed packages in /opt/ros/galactic
[0.204s] Level 1:colcon.colcon_core.package_discovery:discover_packages(prefix_path) using defaults
[0.225s] Level 5:colcon.colcon_core.verb:set package 'tb_run_script' build argument 'cmake_args' from command line to 'None'
[0.225s] Level 5:colcon.colcon_core.verb:set package 'tb_run_script' build argument 'cmake_target' from command line to 'None'
[0.225s] Level 5:colcon.colcon_core.verb:set package 'tb_run_script' build argument 'cmake_target_skip_unavailable' from command line to 'False'
[0.225s] Level 5:colcon.colcon_core.verb:set package 'tb_run_script' build argument 'cmake_clean_cache' from command line to 'False'
[0.225s] Level 5:colcon.colcon_core.verb:set package 'tb_run_script' build argument 'cmake_clean_first' from command line to 'False'
[0.225s] Level 5:colcon.colcon_core.verb:set package 'tb_run_script' build argument 'cmake_force_configure' from command line to 'False'
[0.225s] Level 5:colcon.colcon_core.verb:set package 'tb_run_script' build argument 'ament_cmake_args' from command line to 'None'
[0.225s] Level 5:colcon.colcon_core.verb:set package 'tb_run_script' build argument 'catkin_cmake_args' from command line to 'None'
[0.225s] Level 5:colcon.colcon_core.verb:set package 'tb_run_script' build argument 'catkin_skip_building_tests' from command line to 'False'
[0.225s] DEBUG:colcon.colcon_core.verb:Building package 'tb_run_script' with the following arguments: {'ament_cmake_args': None, 'build_base': '/home/tal/TB3_PC_WS/ros2_galactic/build/tb_run_script', 'catkin_cmake_args': None, 'catkin_skip_building_tests': False, 'cmake_args': None, 'cmake_clean_cache': False, 'cmake_clean_first': False, 'cmake_force_configure': False, 'cmake_target': None, 'cmake_target_skip_unavailable': False, 'install_base': '/home/tal/TB3_PC_WS/ros2_galactic/install/tb_run_script', 'merge_install': False, 'path': '/home/tal/TB3_PC_WS/ros2_galactic/src/tb_run_script', 'symlink_install': False, 'test_result_base': None}
[0.226s] Level 5:colcon.colcon_core.verb:set package 'turtlebot3_gazebo' build argument 'cmake_args' from command line to 'None'
[0.226s] Level 5:colcon.colcon_core.verb:set package 'turtlebot3_gazebo' build argument 'cmake_target' from command line to 'None'
[0.226s] Level 5:colcon.colcon_core.verb:set package 'turtlebot3_gazebo' build argument 'cmake_target_skip_unavailable' from command line to 'False'
[0.226s] Level 5:colcon.colcon_core.verb:set package 'turtlebot3_gazebo' build argument 'cmake_clean_cache' from command line to 'False'
[0.226s] Level 5:colcon.colcon_core.verb:set package 'turtlebot3_gazebo' build argument 'cmake_clean_first' from command line to 'False'
[0.226s] Level 5:colcon.colcon_core.verb:set package 'turtlebot3_gazebo' build argument 'cmake_force_configure' from command line to 'False'
[0.226s] Level 5:colcon.colcon_core.verb:set package 'turtlebot3_gazebo' build argument 'ament_cmake_args' from command line to 'None'
[0.226s] Level 5:colcon.colcon_core.verb:set package 'turtlebot3_gazebo' build argument 'catkin_cmake_args' from command line to 'None'
[0.226s] Level 5:colcon.colcon_core.verb:set package 'turtlebot3_gazebo' build argument 'catkin_skip_building_tests' from command line to 'False'
[0.226s] DEBUG:colcon.colcon_core.verb:Building package 'turtlebot3_gazebo' with the following arguments: {'ament_cmake_args': None, 'build_base': '/home/tal/TB3_PC_WS/ros2_galactic/build/turtlebot3_gazebo', 'catkin_cmake_args': None, 'catkin_skip_building_tests': False, 'cmake_args': None, 'cmake_clean_cache': False, 'cmake_clean_first': False, 'cmake_force_configure': False, 'cmake_target': None, 'cmake_target_skip_unavailable': False, 'install_base': '/home/tal/TB3_PC_WS/ros2_galactic/install/turtlebot3_gazebo', 'merge_install': False, 'path': '/home/tal/TB3_PC_WS/ros2_galactic/src/turtlebot3_gazebo', 'symlink_install': False, 'test_result_base': None}
[0.226s] Level 5:colcon.colcon_core.verb:set package 'turtlebot3_msgs' build argument 'cmake_args' from command line to 'None'
[0.226s] Level 5:colcon.colcon_core.verb:set package 'turtlebot3_msgs' build argument 'cmake_target' from command line to 'None'
[0.226s] Level 5:colcon.colcon_core.verb:set package 'turtlebot3_msgs' build argument 'cmake_target_skip_unavailable' from command line to 'False'
[0.226s] Level 5:colcon.colcon_core.verb:set package 'turtlebot3_msgs' build argument 'cmake_clean_cache' from command line to 'False'
[0.226s] Level 5:colcon.colcon_core.verb:set package 'turtlebot3_msgs' build argument 'cmake_clean_first' from command line to 'False'
[0.226s] Level 5:colcon.colcon_core.verb:set package 'turtlebot3_msgs' build argument 'cmake_force_configure' from command line to 'False'
[0.226s] Level 5:colcon.colcon_core.verb:set package 'turtlebot3_msgs' build argument 'ament_cmake_args' from command line to 'None'
[0.226s] Level 5:colcon.colcon_core.verb:set package 'turtlebot3_msgs' build argument 'catkin_cmake_args' from command line to 'None'
[0.226s] Level 5:colcon.colcon_core.verb:set package 'turtlebot3_msgs' build argument 'catkin_skip_building_tests' from command line to 'False'
[0.226s] DEBUG:colcon.colcon_core.verb:Building package 'turtlebot3_msgs' with the following arguments: {'ament_cmake_args': None, 'build_base': '/home/tal/TB3_PC_WS/ros2_galactic/build/turtlebot3_msgs', 'catkin_cmake_args': None, 'catkin_skip_building_tests': False, 'cmake_args': None, 'cmake_clean_cache': False, 'cmake_clean_first': False, 'cmake_force_configure': False, 'cmake_target': None, 'cmake_target_skip_unavailable': False, 'install_base': '/home/tal/TB3_PC_WS/ros2_galactic/install/turtlebot3_msgs', 'merge_install': False, 'path': '/home/tal/TB3_PC_WS/ros2_galactic/src/turtlebot3_msgs-main', 'symlink_install': False, 'test_result_base': None}
[0.226s] Level 5:colcon.colcon_core.verb:set package 'turtlebot3_fake_node' build argument 'cmake_args' from command line to 'None'
[0.226s] Level 5:colcon.colcon_core.verb:set package 'turtlebot3_fake_node' build argument 'cmake_target' from command line to 'None'
[0.226s] Level 5:colcon.colcon_core.verb:set package 'turtlebot3_fake_node' build argument 'cmake_target_skip_unavailable' from command line to 'False'
[0.226s] Level 5:colcon.colcon_core.verb:set package 'turtlebot3_fake_node' build argument 'cmake_clean_cache' from command line to 'False'
[0.226s] Level 5:colcon.colcon_core.verb:set package 'turtlebot3_fake_node' build argument 'cmake_clean_first' from command line to 'False'
[0.226s] Level 5:colcon.colcon_core.verb:set package 'turtlebot3_fake_node' build argument 'cmake_force_configure' from command line to 'False'
[0.226s] Level 5:colcon.colcon_core.verb:set package 'turtlebot3_fake_node' build argument 'ament_cmake_args' from command line to 'None'
[0.226s] Level 5:colcon.colcon_core.verb:set package 'turtlebot3_fake_node' build argument 'catkin_cmake_args' from command line to 'None'
[0.226s] Level 5:colcon.colcon_core.verb:set package 'turtlebot3_fake_node' build argument 'catkin_skip_building_tests' from command line to 'False'
[0.226s] DEBUG:colcon.colcon_core.verb:Building package 'turtlebot3_fake_node' with the following arguments: {'ament_cmake_args': None, 'build_base': '/home/tal/TB3_PC_WS/ros2_galactic/build/turtlebot3_fake_node', 'catkin_cmake_args': None, 'catkin_skip_building_tests': False, 'cmake_args': None, 'cmake_clean_cache': False, 'cmake_clean_first': False, 'cmake_force_configure': False, 'cmake_target': None, 'cmake_target_skip_unavailable': False, 'install_base': '/home/tal/TB3_PC_WS/ros2_galactic/install/turtlebot3_fake_node', 'merge_install': False, 'path': '/home/tal/TB3_PC_WS/ros2_galactic/src/turtlebot3_fake_node', 'symlink_install': False, 'test_result_base': None}
[0.227s] Level 5:colcon.colcon_core.verb:set package 'turtlebot3_simulations' build argument 'cmake_args' from command line to 'None'
[0.227s] Level 5:colcon.colcon_core.verb:set package 'turtlebot3_simulations' build argument 'cmake_target' from command line to 'None'
[0.227s] Level 5:colcon.colcon_core.verb:set package 'turtlebot3_simulations' build argument 'cmake_target_skip_unavailable' from command line to 'False'
[0.227s] Level 5:colcon.colcon_core.verb:set package 'turtlebot3_simulations' build argument 'cmake_clean_cache' from command line to 'False'
[0.227s] Level 5:colcon.colcon_core.verb:set package 'turtlebot3_simulations' build argument 'cmake_clean_first' from command line to 'False'
[0.227s] Level 5:colcon.colcon_core.verb:set package 'turtlebot3_simulations' build argument 'cmake_force_configure' from command line to 'False'
[0.227s] Level 5:colcon.colcon_core.verb:set package 'turtlebot3_simulations' build argument 'ament_cmake_args' from command line to 'None'
[0.227s] Level 5:colcon.colcon_core.verb:set package 'turtlebot3_simulations' build argument 'catkin_cmake_args' from command line to 'None'
[0.227s] Level 5:colcon.colcon_core.verb:set package 'turtlebot3_simulations' build argument 'catkin_skip_building_tests' from command line to 'False'
[0.227s] DEBUG:colcon.colcon_core.verb:Building package 'turtlebot3_simulations' with the following arguments: {'ament_cmake_args': None, 'build_base': '/home/tal/TB3_PC_WS/ros2_galactic/build/turtlebot3_simulations', 'catkin_cmake_args': None, 'catkin_skip_building_tests': False, 'cmake_args': None, 'cmake_clean_cache': False, 'cmake_clean_first': False, 'cmake_force_configure': False, 'cmake_target': None, 'cmake_target_skip_unavailable': False, 'install_base': '/home/tal/TB3_PC_WS/ros2_galactic/install/turtlebot3_simulations', 'merge_install': False, 'path': '/home/tal/TB3_PC_WS/ros2_galactic/src/turtlebot3_simulations', 'symlink_install': False, 'test_result_base': None}
[0.227s] INFO:colcon.colcon_core.executor:Executing jobs using 'parallel' executor
[0.227s] DEBUG:colcon.colcon_parallel_executor.executor.parallel:run_until_complete
[0.227s] INFO:colcon.colcon_ros.task.ament_cmake.build:Building ROS package in '/home/tal/TB3_PC_WS/ros2_galactic/src/turtlebot3_msgs-main' with build type 'ament_cmake'
[0.227s] INFO:colcon.colcon_cmake.task.cmake.build:Building CMake package in '/home/tal/TB3_PC_WS/ros2_galactic/src/turtlebot3_msgs-main'
[0.229s] INFO:colcon.colcon_core.plugin_system:Skipping extension 'colcon_core.shell.bat': Not used on non-Windows systems
[0.229s] INFO:colcon.colcon_core.shell:Skip shell extension 'powershell' for command environment: Not usable outside of PowerShell
[0.229s] DEBUG:colcon.colcon_core.shell:Skip shell extension 'dsv' for command environment
[0.229s] DEBUG:colcon.colcon_core.shell:Ignoring prefix path '/opt/ros/noetic'
[0.231s] INFO:colcon.colcon_ros.task.ament_cmake.build:Building ROS package in '/home/tal/TB3_PC_WS/ros2_galactic/src/turtlebot3_gazebo' with build type 'ament_cmake'
[0.231s] INFO:colcon.colcon_cmake.task.cmake.build:Building CMake package in '/home/tal/TB3_PC_WS/ros2_galactic/src/turtlebot3_gazebo'
[0.231s] INFO:colcon.colcon_core.shell:Skip shell extension 'powershell' for command environment: Not usable outside of PowerShell
[0.231s] DEBUG:colcon.colcon_core.shell:Skip shell extension 'dsv' for command environment
[0.232s] DEBUG:colcon.colcon_core.shell:Ignoring prefix path '/opt/ros/noetic'
[0.233s] INFO:colcon.colcon_ros.task.ament_python.build:Building ROS package in '/home/tal/TB3_PC_WS/ros2_galactic/src/tb_run_script' with build type 'ament_python'
[0.233s] Level 1:colcon.colcon_core.shell:create_environment_hook('tb_run_script', 'ament_prefix_path')
[0.234s] INFO:colcon.colcon_core.shell:Creating environment hook '/home/tal/TB3_PC_WS/ros2_galactic/install/tb_run_script/share/tb_run_script/hook/ament_prefix_path.ps1'
[0.234s] INFO:colcon.colcon_core.shell:Creating environment descriptor '/home/tal/TB3_PC_WS/ros2_galactic/install/tb_run_script/share/tb_run_script/hook/ament_prefix_path.dsv'
[0.234s] INFO:colcon.colcon_core.shell:Creating environment hook '/home/tal/TB3_PC_WS/ros2_galactic/install/tb_run_script/share/tb_run_script/hook/ament_prefix_path.sh'
[0.235s] INFO:colcon.colcon_core.shell:Skip shell extension 'powershell' for command environment: Not usable outside of PowerShell
[0.235s] DEBUG:colcon.colcon_core.shell:Skip shell extension 'dsv' for command environment
[0.236s] DEBUG:colcon.colcon_core.shell:Ignoring prefix path '/opt/ros/noetic'
[0.240s] DEBUG:colcon.colcon_core.event_handler.log_command:Invoking command in '/home/tal/TB3_PC_WS/ros2_galactic/build/turtlebot3_msgs': CMAKE_PREFIX_PATH=/opt/ros/galactic:${CMAKE_PREFIX_PATH} /usr/bin/cmake /home/tal/TB3_PC_WS/ros2_galactic/src/turtlebot3_msgs-main -DCMAKE_INSTALL_PREFIX=/home/tal/TB3_PC_WS/ros2_galactic/install/turtlebot3_msgs
[0.243s] DEBUG:colcon.colcon_core.event_handler.log_command:Invoking command in '/home/tal/TB3_PC_WS/ros2_galactic/build/turtlebot3_gazebo': CMAKE_PREFIX_PATH=/opt/ros/galactic:${CMAKE_PREFIX_PATH} /usr/bin/cmake --build /home/tal/TB3_PC_WS/ros2_galactic/build/turtlebot3_gazebo -- -j16 -l16
[0.373s] INFO:colcon.colcon_core.task.python.build:Building Python package in '/home/tal/TB3_PC_WS/ros2_galactic/src/tb_run_script'
[0.373s] INFO:colcon.colcon_core.shell:Skip shell extension 'powershell' for command environment: Not usable outside of PowerShell
[0.373s] DEBUG:colcon.colcon_core.shell:Skip shell extension 'dsv' for command environment
[0.374s] DEBUG:colcon.colcon_core.shell:Ignoring prefix path '/opt/ros/noetic'
[0.598s] DEBUG:colcon.colcon_core.event_handler.log_command:Invoking command in '/home/tal/TB3_PC_WS/ros2_galactic/src/tb_run_script': PYTHONPATH=/home/tal/TB3_PC_WS/ros2_galactic/build/tb_run_script/prefix_override:/home/tal/.local/lib/python3.8/site-packages/colcon_core/task/python/colcon_distutils_commands:/home/tal/TB3_PC_WS/ros2_galactic/install/tb_run_script/lib/python3.8/site-packages:${PYTHONPATH} /usr/bin/python3 -W ignore:setup.py install is deprecated setup.py egg_info --egg-base ../../build/tb_run_script build --build-base /home/tal/TB3_PC_WS/ros2_galactic/build/tb_run_script/build install --record /home/tal/TB3_PC_WS/ros2_galactic/build/tb_run_script/install.log --single-version-externally-managed install_data
[0.773s] DEBUG:colcon.colcon_core.event_handler.log_command:Invoked command in '/home/tal/TB3_PC_WS/ros2_galactic/src/tb_run_script' returned '0': PYTHONPATH=/home/tal/TB3_PC_WS/ros2_galactic/build/tb_run_script/prefix_override:/home/tal/.local/lib/python3.8/site-packages/colcon_core/task/python/colcon_distutils_commands:/home/tal/TB3_PC_WS/ros2_galactic/install/tb_run_script/lib/python3.8/site-packages:${PYTHONPATH} /usr/bin/python3 -W ignore:setup.py install is deprecated setup.py egg_info --egg-base ../../build/tb_run_script build --build-base /home/tal/TB3_PC_WS/ros2_galactic/build/tb_run_script/build install --record /home/tal/TB3_PC_WS/ros2_galactic/build/tb_run_script/install.log --single-version-externally-managed install_data
[0.774s] Level 1:colcon.colcon_core.environment:checking '/home/tal/TB3_PC_WS/ros2_galactic/install/tb_run_script' for CMake module files
[0.774s] Level 1:colcon.colcon_core.environment:checking '/home/tal/TB3_PC_WS/ros2_galactic/install/tb_run_script' for CMake config files
[0.775s] Level 1:colcon.colcon_core.environment:checking '/home/tal/TB3_PC_WS/ros2_galactic/install/tb_run_script/lib'
[0.775s] Level 1:colcon.colcon_core.environment:checking '/home/tal/TB3_PC_WS/ros2_galactic/install/tb_run_script/bin'
[0.775s] Level 1:colcon.colcon_core.environment:checking '/home/tal/TB3_PC_WS/ros2_galactic/install/tb_run_script/lib/pkgconfig/tb_run_script.pc'
[0.775s] Level 1:colcon.colcon_core.environment:checking '/home/tal/TB3_PC_WS/ros2_galactic/install/tb_run_script/lib/python3.8/site-packages'
[0.775s] Level 1:colcon.colcon_core.shell:create_environment_hook('tb_run_script', 'pythonpath')
[0.775s] INFO:colcon.colcon_core.shell:Creating environment hook '/home/tal/TB3_PC_WS/ros2_galactic/install/tb_run_script/share/tb_run_script/hook/pythonpath.ps1'
[0.776s] INFO:colcon.colcon_core.shell:Creating environment descriptor '/home/tal/TB3_PC_WS/ros2_galactic/install/tb_run_script/share/tb_run_script/hook/pythonpath.dsv'
[0.776s] INFO:colcon.colcon_core.shell:Creating environment hook '/home/tal/TB3_PC_WS/ros2_galactic/install/tb_run_script/share/tb_run_script/hook/pythonpath.sh'
[0.776s] Level 1:colcon.colcon_core.environment:checking '/home/tal/TB3_PC_WS/ros2_galactic/install/tb_run_script/bin'
[0.776s] Level 1:colcon.colcon_core.environment:create_environment_scripts_only(tb_run_script)
[0.776s] INFO:colcon.colcon_core.shell:Creating package script '/home/tal/TB3_PC_WS/ros2_galactic/install/tb_run_script/share/tb_run_script/package.ps1'
[0.777s] INFO:colcon.colcon_core.shell:Creating package descriptor '/home/tal/TB3_PC_WS/ros2_galactic/install/tb_run_script/share/tb_run_script/package.dsv'
[0.777s] INFO:colcon.colcon_core.shell:Creating package script '/home/tal/TB3_PC_WS/ros2_galactic/install/tb_run_script/share/tb_run_script/package.sh'
[0.778s] INFO:colcon.colcon_core.shell:Creating package script '/home/tal/TB3_PC_WS/ros2_galactic/install/tb_run_script/share/tb_run_script/package.bash'
[0.778s] INFO:colcon.colcon_core.shell:Creating package script '/home/tal/TB3_PC_WS/ros2_galactic/install/tb_run_script/share/tb_run_script/package.zsh'
[0.778s] Level 1:colcon.colcon_core.environment:create_file_with_runtime_dependencies(/home/tal/TB3_PC_WS/ros2_galactic/install/tb_run_script/share/colcon-core/packages/tb_run_script)
[0.985s] DEBUG:colcon.colcon_core.event_handler.log_command:Invoked command in '/home/tal/TB3_PC_WS/ros2_galactic/build/turtlebot3_msgs' returned '0': CMAKE_PREFIX_PATH=/opt/ros/galactic:${CMAKE_PREFIX_PATH} /usr/bin/cmake /home/tal/TB3_PC_WS/ros2_galactic/src/turtlebot3_msgs-main -DCMAKE_INSTALL_PREFIX=/home/tal/TB3_PC_WS/ros2_galactic/install/turtlebot3_msgs
[0.985s] DEBUG:colcon.colcon_core.event_handler.log_command:Invoking command in '/home/tal/TB3_PC_WS/ros2_galactic/build/turtlebot3_msgs': CMAKE_PREFIX_PATH=/opt/ros/galactic:${CMAKE_PREFIX_PATH} /usr/bin/cmake --build /home/tal/TB3_PC_WS/ros2_galactic/build/turtlebot3_msgs -- -j16 -l16
[4.484s] DEBUG:colcon.colcon_core.event_handler.log_command:Invoked command in '/home/tal/TB3_PC_WS/ros2_galactic/build/turtlebot3_msgs' returned '0': CMAKE_PREFIX_PATH=/opt/ros/galactic:${CMAKE_PREFIX_PATH} /usr/bin/cmake --build /home/tal/TB3_PC_WS/ros2_galactic/build/turtlebot3_msgs -- -j16 -l16
[4.541s] DEBUG:colcon.colcon_core.event_handler.log_command:Invoking command in '/home/tal/TB3_PC_WS/ros2_galactic/build/turtlebot3_msgs': CMAKE_PREFIX_PATH=/opt/ros/galactic:${CMAKE_PREFIX_PATH} /usr/bin/cmake --install /home/tal/TB3_PC_WS/ros2_galactic/build/turtlebot3_msgs
[4.581s] Level 1:colcon.colcon_core.environment:create_environment_scripts_only(turtlebot3_msgs)
[4.581s] Level 1:colcon.colcon_core.environment:checking '/home/tal/TB3_PC_WS/ros2_galactic/install/turtlebot3_msgs' for CMake module files
[4.581s] DEBUG:colcon.colcon_core.event_handler.log_command:Invoked command in '/home/tal/TB3_PC_WS/ros2_galactic/build/turtlebot3_msgs' returned '0': CMAKE_PREFIX_PATH=/opt/ros/galactic:${CMAKE_PREFIX_PATH} /usr/bin/cmake --install /home/tal/TB3_PC_WS/ros2_galactic/build/turtlebot3_msgs
[4.582s] Level 1:colcon.colcon_core.environment:checking '/home/tal/TB3_PC_WS/ros2_galactic/install/turtlebot3_msgs' for CMake config files
[4.582s] Level 1:colcon.colcon_core.shell:create_environment_hook('turtlebot3_msgs', 'cmake_prefix_path')
[4.582s] INFO:colcon.colcon_core.shell:Creating environment hook '/home/tal/TB3_PC_WS/ros2_galactic/install/turtlebot3_msgs/share/turtlebot3_msgs/hook/cmake_prefix_path.ps1'
[4.583s] INFO:colcon.colcon_core.shell:Creating environment descriptor '/home/tal/TB3_PC_WS/ros2_galactic/install/turtlebot3_msgs/share/turtlebot3_msgs/hook/cmake_prefix_path.dsv'
[4.583s] INFO:colcon.colcon_core.shell:Creating environment hook '/home/tal/TB3_PC_WS/ros2_galactic/install/turtlebot3_msgs/share/turtlebot3_msgs/hook/cmake_prefix_path.sh'
[4.583s] Level 1:colcon.colcon_core.environment:checking '/home/tal/TB3_PC_WS/ros2_galactic/install/turtlebot3_msgs/lib'
[4.583s] Level 1:colcon.colcon_core.shell:create_environment_hook('turtlebot3_msgs', 'ld_library_path_lib')
[4.583s] INFO:colcon.colcon_core.shell:Creating environment hook '/home/tal/TB3_PC_WS/ros2_galactic/install/turtlebot3_msgs/share/turtlebot3_msgs/hook/ld_library_path_lib.ps1'
[4.584s] INFO:colcon.colcon_core.shell:Creating environment descriptor '/home/tal/TB3_PC_WS/ros2_galactic/install/turtlebot3_msgs/share/turtlebot3_msgs/hook/ld_library_path_lib.dsv'
[4.584s] INFO:colcon.colcon_core.shell:Creating environment hook '/home/tal/TB3_PC_WS/ros2_galactic/install/turtlebot3_msgs/share/turtlebot3_msgs/hook/ld_library_path_lib.sh'
[4.584s] Level 1:colcon.colcon_core.environment:checking '/home/tal/TB3_PC_WS/ros2_galactic/install/turtlebot3_msgs/bin'
[4.584s] Level 1:colcon.colcon_core.environment:checking '/home/tal/TB3_PC_WS/ros2_galactic/install/turtlebot3_msgs/lib/pkgconfig/turtlebot3_msgs.pc'
[4.584s] Level 1:colcon.colcon_core.environment:checking '/home/tal/TB3_PC_WS/ros2_galactic/install/turtlebot3_msgs/lib/python3.8/site-packages'
[4.584s] Level 1:colcon.colcon_core.shell:create_environment_hook('turtlebot3_msgs', 'pythonpath')
[4.584s] INFO:colcon.colcon_core.shell:Creating environment hook '/home/tal/TB3_PC_WS/ros2_galactic/install/turtlebot3_msgs/share/turtlebot3_msgs/hook/pythonpath.ps1'
[4.585s] INFO:colcon.colcon_core.shell:Creating environment descriptor '/home/tal/TB3_PC_WS/ros2_galactic/install/turtlebot3_msgs/share/turtlebot3_msgs/hook/pythonpath.dsv'
[4.585s] INFO:colcon.colcon_core.shell:Creating environment hook '/home/tal/TB3_PC_WS/ros2_galactic/install/turtlebot3_msgs/share/turtlebot3_msgs/hook/pythonpath.sh'
[4.585s] Level 1:colcon.colcon_core.environment:checking '/home/tal/TB3_PC_WS/ros2_galactic/install/turtlebot3_msgs/bin'
[4.585s] INFO:colcon.colcon_core.shell:Creating package script '/home/tal/TB3_PC_WS/ros2_galactic/install/turtlebot3_msgs/share/turtlebot3_msgs/package.ps1'
[4.585s] INFO:colcon.colcon_core.shell:Creating package descriptor '/home/tal/TB3_PC_WS/ros2_galactic/install/turtlebot3_msgs/share/turtlebot3_msgs/package.dsv'
[4.586s] INFO:colcon.colcon_core.shell:Creating package script '/home/tal/TB3_PC_WS/ros2_galactic/install/turtlebot3_msgs/share/turtlebot3_msgs/package.sh'
[4.586s] INFO:colcon.colcon_core.shell:Creating package script '/home/tal/TB3_PC_WS/ros2_galactic/install/turtlebot3_msgs/share/turtlebot3_msgs/package.bash'
[4.586s] INFO:colcon.colcon_core.shell:Creating package script '/home/tal/TB3_PC_WS/ros2_galactic/install/turtlebot3_msgs/share/turtlebot3_msgs/package.zsh'
[4.586s] Level 1:colcon.colcon_core.environment:create_file_with_runtime_dependencies(/home/tal/TB3_PC_WS/ros2_galactic/install/turtlebot3_msgs/share/colcon-core/packages/turtlebot3_msgs)
[4.636s] Level 1:colcon.colcon_core.environment:create_environment_scripts_only(turtlebot3_msgs)
[4.636s] Level 1:colcon.colcon_core.environment:checking '/home/tal/TB3_PC_WS/ros2_galactic/install/turtlebot3_msgs' for CMake module files
[4.637s] Level 1:colcon.colcon_core.environment:checking '/home/tal/TB3_PC_WS/ros2_galactic/install/turtlebot3_msgs' for CMake config files
[4.637s] Level 1:colcon.colcon_core.shell:create_environment_hook('turtlebot3_msgs', 'cmake_prefix_path')
[4.637s] INFO:colcon.colcon_core.shell:Creating environment hook '/home/tal/TB3_PC_WS/ros2_galactic/install/turtlebot3_msgs/share/turtlebot3_msgs/hook/cmake_prefix_path.ps1'
[4.637s] INFO:colcon.colcon_core.shell:Creating environment descriptor '/home/tal/TB3_PC_WS/ros2_galactic/install/turtlebot3_msgs/share/turtlebot3_msgs/hook/cmake_prefix_path.dsv'
[4.638s] INFO:colcon.colcon_core.shell:Creating environment hook '/home/tal/TB3_PC_WS/ros2_galactic/install/turtlebot3_msgs/share/turtlebot3_msgs/hook/cmake_prefix_path.sh'
[4.638s] Level 1:colcon.colcon_core.environment:checking '/home/tal/TB3_PC_WS/ros2_galactic/install/turtlebot3_msgs/lib'
[4.638s] Level 1:colcon.colcon_core.shell:create_environment_hook('turtlebot3_msgs', 'ld_library_path_lib')
[4.638s] INFO:colcon.colcon_core.shell:Creating environment hook '/home/tal/TB3_PC_WS/ros2_galactic/install/turtlebot3_msgs/share/turtlebot3_msgs/hook/ld_library_path_lib.ps1'
[4.638s] INFO:colcon.colcon_core.shell:Creating environment descriptor '/home/tal/TB3_PC_WS/ros2_galactic/install/turtlebot3_msgs/share/turtlebot3_msgs/hook/ld_library_path_lib.dsv'
[4.639s] INFO:colcon.colcon_core.shell:Creating environment hook '/home/tal/TB3_PC_WS/ros2_galactic/install/turtlebot3_msgs/share/turtlebot3_msgs/hook/ld_library_path_lib.sh'
[4.639s] Level 1:colcon.colcon_core.environment:checking '/home/tal/TB3_PC_WS/ros2_galactic/install/turtlebot3_msgs/bin'
[4.639s] Level 1:colcon.colcon_core.environment:checking '/home/tal/TB3_PC_WS/ros2_galactic/install/turtlebot3_msgs/lib/pkgconfig/turtlebot3_msgs.pc'
[4.639s] Level 1:colcon.colcon_core.environment:checking '/home/tal/TB3_PC_WS/ros2_galactic/install/turtlebot3_msgs/lib/python3.8/site-packages'
[4.639s] Level 1:colcon.colcon_core.shell:create_environment_hook('turtlebot3_msgs', 'pythonpath')
[4.639s] INFO:colcon.colcon_core.shell:Creating environment hook '/home/tal/TB3_PC_WS/ros2_galactic/install/turtlebot3_msgs/share/turtlebot3_msgs/hook/pythonpath.ps1'
[4.639s] INFO:colcon.colcon_core.shell:Creating environment descriptor '/home/tal/TB3_PC_WS/ros2_galactic/install/turtlebot3_msgs/share/turtlebot3_msgs/hook/pythonpath.dsv'
[4.640s] INFO:colcon.colcon_core.shell:Creating environment hook '/home/tal/TB3_PC_WS/ros2_galactic/install/turtlebot3_msgs/share/turtlebot3_msgs/hook/pythonpath.sh'
[4.640s] Level 1:colcon.colcon_core.environment:checking '/home/tal/TB3_PC_WS/ros2_galactic/install/turtlebot3_msgs/bin'
[4.640s] INFO:colcon.colcon_core.shell:Creating package script '/home/tal/TB3_PC_WS/ros2_galactic/install/turtlebot3_msgs/share/turtlebot3_msgs/package.ps1'
[4.640s] INFO:colcon.colcon_core.shell:Creating package descriptor '/home/tal/TB3_PC_WS/ros2_galactic/install/turtlebot3_msgs/share/turtlebot3_msgs/package.dsv'
[4.641s] INFO:colcon.colcon_core.shell:Creating package script '/home/tal/TB3_PC_WS/ros2_galactic/install/turtlebot3_msgs/share/turtlebot3_msgs/package.sh'
[4.641s] INFO:colcon.colcon_core.shell:Creating package script '/home/tal/TB3_PC_WS/ros2_galactic/install/turtlebot3_msgs/share/turtlebot3_msgs/package.bash'
[4.641s] INFO:colcon.colcon_core.shell:Creating package script '/home/tal/TB3_PC_WS/ros2_galactic/install/turtlebot3_msgs/share/turtlebot3_msgs/package.zsh'
[4.642s] Level 1:colcon.colcon_core.environment:create_file_with_runtime_dependencies(/home/tal/TB3_PC_WS/ros2_galactic/install/turtlebot3_msgs/share/colcon-core/packages/turtlebot3_msgs)
[4.642s] INFO:colcon.colcon_ros.task.ament_cmake.build:Building ROS package in '/home/tal/TB3_PC_WS/ros2_galactic/src/turtlebot3_fake_node' with build type 'ament_cmake'
[4.642s] INFO:colcon.colcon_cmake.task.cmake.build:Building CMake package in '/home/tal/TB3_PC_WS/ros2_galactic/src/turtlebot3_fake_node'
[4.642s] INFO:colcon.colcon_core.shell:Skip shell extension 'powershell' for command environment: Not usable outside of PowerShell
[4.642s] DEBUG:colcon.colcon_core.shell:Skip shell extension 'dsv' for command environment
[4.643s] DEBUG:colcon.colcon_core.shell:Ignoring prefix path '/opt/ros/noetic'
[4.650s] DEBUG:colcon.colcon_core.event_handler.log_command:Invoking command in '/home/tal/TB3_PC_WS/ros2_galactic/build/turtlebot3_fake_node': AMENT_PREFIX_PATH=/home/tal/TB3_PC_WS/ros2_galactic/install/turtlebot3_msgs:${AMENT_PREFIX_PATH} CMAKE_PREFIX_PATH=/home/tal/TB3_PC_WS/ros2_galactic/install/turtlebot3_msgs:/opt/ros/galactic:${CMAKE_PREFIX_PATH} LD_LIBRARY_PATH=/home/tal/TB3_PC_WS/ros2_galactic/install/turtlebot3_msgs/lib:${LD_LIBRARY_PATH} PYTHONPATH=/home/tal/TB3_PC_WS/ros2_galactic/install/turtlebot3_msgs/lib/python3.8/site-packages:${PYTHONPATH} /usr/bin/cmake /home/tal/TB3_PC_WS/ros2_galactic/src/turtlebot3_fake_node -DCMAKE_INSTALL_PREFIX=/home/tal/TB3_PC_WS/ros2_galactic/install/turtlebot3_fake_node
[5.227s] DEBUG:colcon.colcon_core.event_handler.log_command:Invoked command in '/home/tal/TB3_PC_WS/ros2_galactic/build/turtlebot3_fake_node' returned '0': AMENT_PREFIX_PATH=/home/tal/TB3_PC_WS/ros2_galactic/install/turtlebot3_msgs:${AMENT_PREFIX_PATH} CMAKE_PREFIX_PATH=/home/tal/TB3_PC_WS/ros2_galactic/install/turtlebot3_msgs:/opt/ros/galactic:${CMAKE_PREFIX_PATH} LD_LIBRARY_PATH=/home/tal/TB3_PC_WS/ros2_galactic/install/turtlebot3_msgs/lib:${LD_LIBRARY_PATH} PYTHONPATH=/home/tal/TB3_PC_WS/ros2_galactic/install/turtlebot3_msgs/lib/python3.8/site-packages:${PYTHONPATH} /usr/bin/cmake /home/tal/TB3_PC_WS/ros2_galactic/src/turtlebot3_fake_node -DCMAKE_INSTALL_PREFIX=/home/tal/TB3_PC_WS/ros2_galactic/install/turtlebot3_fake_node
[5.229s] DEBUG:colcon.colcon_core.event_handler.log_command:Invoking command in '/home/tal/TB3_PC_WS/ros2_galactic/build/turtlebot3_fake_node': AMENT_PREFIX_PATH=/home/tal/TB3_PC_WS/ros2_galactic/install/turtlebot3_msgs:${AMENT_PREFIX_PATH} CMAKE_PREFIX_PATH=/home/tal/TB3_PC_WS/ros2_galactic/install/turtlebot3_msgs:/opt/ros/galactic:${CMAKE_PREFIX_PATH} LD_LIBRARY_PATH=/home/tal/TB3_PC_WS/ros2_galactic/install/turtlebot3_msgs/lib:${LD_LIBRARY_PATH} PYTHONPATH=/home/tal/TB3_PC_WS/ros2_galactic/install/turtlebot3_msgs/lib/python3.8/site-packages:${PYTHONPATH} /usr/bin/cmake --build /home/tal/TB3_PC_WS/ros2_galactic/build/turtlebot3_fake_node -- -j16 -l16
[6.984s] DEBUG:colcon.colcon_core.event_handler.log_command:Invoked command in '/home/tal/TB3_PC_WS/ros2_galactic/build/turtlebot3_gazebo' returned '0': CMAKE_PREFIX_PATH=/opt/ros/galactic:${CMAKE_PREFIX_PATH} /usr/bin/cmake --build /home/tal/TB3_PC_WS/ros2_galactic/build/turtlebot3_gazebo -- -j16 -l16
[7.001s] DEBUG:colcon.colcon_core.event_handler.log_command:Invoking command in '/home/tal/TB3_PC_WS/ros2_galactic/build/turtlebot3_gazebo': CMAKE_PREFIX_PATH=/opt/ros/galactic:${CMAKE_PREFIX_PATH} /usr/bin/cmake --install /home/tal/TB3_PC_WS/ros2_galactic/build/turtlebot3_gazebo
[7.013s] Level 1:colcon.colcon_core.environment:create_environment_scripts_only(turtlebot3_gazebo)
[7.013s] Level 1:colcon.colcon_core.environment:checking '/home/tal/TB3_PC_WS/ros2_galactic/install/turtlebot3_gazebo' for CMake module files
[7.013s] DEBUG:colcon.colcon_core.event_handler.log_command:Invoked command in '/home/tal/TB3_PC_WS/ros2_galactic/build/turtlebot3_gazebo' returned '0': CMAKE_PREFIX_PATH=/opt/ros/galactic:${CMAKE_PREFIX_PATH} /usr/bin/cmake --install /home/tal/TB3_PC_WS/ros2_galactic/build/turtlebot3_gazebo
[7.013s] Level 1:colcon.colcon_core.environment:checking '/home/tal/TB3_PC_WS/ros2_galactic/install/turtlebot3_gazebo' for CMake config files
[7.014s] Level 1:colcon.colcon_core.shell:create_environment_hook('turtlebot3_gazebo', 'cmake_prefix_path')
[7.014s] INFO:colcon.colcon_core.shell:Creating environment hook '/home/tal/TB3_PC_WS/ros2_galactic/install/turtlebot3_gazebo/share/turtlebot3_gazebo/hook/cmake_prefix_path.ps1'
[7.014s] INFO:colcon.colcon_core.shell:Creating environment descriptor '/home/tal/TB3_PC_WS/ros2_galactic/install/turtlebot3_gazebo/share/turtlebot3_gazebo/hook/cmake_prefix_path.dsv'
[7.014s] INFO:colcon.colcon_core.shell:Creating environment hook '/home/tal/TB3_PC_WS/ros2_galactic/install/turtlebot3_gazebo/share/turtlebot3_gazebo/hook/cmake_prefix_path.sh'
[7.015s] Level 1:colcon.colcon_core.environment:checking '/home/tal/TB3_PC_WS/ros2_galactic/install/turtlebot3_gazebo/lib'
[7.015s] Level 1:colcon.colcon_core.environment:checking '/home/tal/TB3_PC_WS/ros2_galactic/install/turtlebot3_gazebo/bin'
[7.015s] Level 1:colcon.colcon_core.environment:checking '/home/tal/TB3_PC_WS/ros2_galactic/install/turtlebot3_gazebo/lib/pkgconfig/turtlebot3_gazebo.pc'
[7.015s] Level 1:colcon.colcon_core.environment:checking '/home/tal/TB3_PC_WS/ros2_galactic/install/turtlebot3_gazebo/lib/python3.8/site-packages'
[7.015s] Level 1:colcon.colcon_core.environment:checking '/home/tal/TB3_PC_WS/ros2_galactic/install/turtlebot3_gazebo/bin'
[7.015s] INFO:colcon.colcon_core.shell:Creating package script '/home/tal/TB3_PC_WS/ros2_galactic/install/turtlebot3_gazebo/share/turtlebot3_gazebo/package.ps1'
[7.015s] INFO:colcon.colcon_core.shell:Creating package descriptor '/home/tal/TB3_PC_WS/ros2_galactic/install/turtlebot3_gazebo/share/turtlebot3_gazebo/package.dsv'
[7.016s] INFO:colcon.colcon_core.shell:Creating package script '/home/tal/TB3_PC_WS/ros2_galactic/install/turtlebot3_gazebo/share/turtlebot3_gazebo/package.sh'
[7.016s] INFO:colcon.colcon_core.shell:Creating package script '/home/tal/TB3_PC_WS/ros2_galactic/install/turtlebot3_gazebo/share/turtlebot3_gazebo/package.bash'
[7.016s] INFO:colcon.colcon_core.shell:Creating package script '/home/tal/TB3_PC_WS/ros2_galactic/install/turtlebot3_gazebo/share/turtlebot3_gazebo/package.zsh'
[7.016s] Level 1:colcon.colcon_core.environment:create_file_with_runtime_dependencies(/home/tal/TB3_PC_WS/ros2_galactic/install/turtlebot3_gazebo/share/colcon-core/packages/turtlebot3_gazebo)
[7.033s] Level 1:colcon.colcon_core.environment:create_environment_scripts_only(turtlebot3_gazebo)
[7.033s] Level 1:colcon.colcon_core.environment:checking '/home/tal/TB3_PC_WS/ros2_galactic/install/turtlebot3_gazebo' for CMake module files
[7.034s] Level 1:colcon.colcon_core.environment:checking '/home/tal/TB3_PC_WS/ros2_galactic/install/turtlebot3_gazebo' for CMake config files
[7.034s] Level 1:colcon.colcon_core.shell:create_environment_hook('turtlebot3_gazebo', 'cmake_prefix_path')
[7.034s] INFO:colcon.colcon_core.shell:Creating environment hook '/home/tal/TB3_PC_WS/ros2_galactic/install/turtlebot3_gazebo/share/turtlebot3_gazebo/hook/cmake_prefix_path.ps1'
[7.034s] INFO:colcon.colcon_core.shell:Creating environment descriptor '/home/tal/TB3_PC_WS/ros2_galactic/install/turtlebot3_gazebo/share/turtlebot3_gazebo/hook/cmake_prefix_path.dsv'
[7.035s] INFO:colcon.colcon_core.shell:Creating environment hook '/home/tal/TB3_PC_WS/ros2_galactic/install/turtlebot3_gazebo/share/turtlebot3_gazebo/hook/cmake_prefix_path.sh'
[7.035s] Level 1:colcon.colcon_core.environment:checking '/home/tal/TB3_PC_WS/ros2_galactic/install/turtlebot3_gazebo/lib'
[7.035s] Level 1:colcon.colcon_core.environment:checking '/home/tal/TB3_PC_WS/ros2_galactic/install/turtlebot3_gazebo/bin'
[7.035s] Level 1:colcon.colcon_core.environment:checking '/home/tal/TB3_PC_WS/ros2_galactic/install/turtlebot3_gazebo/lib/pkgconfig/turtlebot3_gazebo.pc'
[7.035s] Level 1:colcon.colcon_core.environment:checking '/home/tal/TB3_PC_WS/ros2_galactic/install/turtlebot3_gazebo/lib/python3.8/site-packages'
[7.035s] Level 1:colcon.colcon_core.environment:checking '/home/tal/TB3_PC_WS/ros2_galactic/install/turtlebot3_gazebo/bin'
[7.035s] INFO:colcon.colcon_core.shell:Creating package script '/home/tal/TB3_PC_WS/ros2_galactic/install/turtlebot3_gazebo/share/turtlebot3_gazebo/package.ps1'
[7.036s] INFO:colcon.colcon_core.shell:Creating package descriptor '/home/tal/TB3_PC_WS/ros2_galactic/install/turtlebot3_gazebo/share/turtlebot3_gazebo/package.dsv'
[7.036s] INFO:colcon.colcon_core.shell:Creating package script '/home/tal/TB3_PC_WS/ros2_galactic/install/turtlebot3_gazebo/share/turtlebot3_gazebo/package.sh'
[7.036s] INFO:colcon.colcon_core.shell:Creating package script '/home/tal/TB3_PC_WS/ros2_galactic/install/turtlebot3_gazebo/share/turtlebot3_gazebo/package.bash'
[7.037s] INFO:colcon.colcon_core.shell:Creating package script '/home/tal/TB3_PC_WS/ros2_galactic/install/turtlebot3_gazebo/share/turtlebot3_gazebo/package.zsh'
[7.037s] Level 1:colcon.colcon_core.environment:create_file_with_runtime_dependencies(/home/tal/TB3_PC_WS/ros2_galactic/install/turtlebot3_gazebo/share/colcon-core/packages/turtlebot3_gazebo)
[10.342s] DEBUG:colcon.colcon_core.event_handler.log_command:Invoked command in '/home/tal/TB3_PC_WS/ros2_galactic/build/turtlebot3_fake_node' returned '0': AMENT_PREFIX_PATH=/home/tal/TB3_PC_WS/ros2_galactic/install/turtlebot3_msgs:${AMENT_PREFIX_PATH} CMAKE_PREFIX_PATH=/home/tal/TB3_PC_WS/ros2_galactic/install/turtlebot3_msgs:/opt/ros/galactic:${CMAKE_PREFIX_PATH} LD_LIBRARY_PATH=/home/tal/TB3_PC_WS/ros2_galactic/install/turtlebot3_msgs/lib:${LD_LIBRARY_PATH} PYTHONPATH=/home/tal/TB3_PC_WS/ros2_galactic/install/turtlebot3_msgs/lib/python3.8/site-packages:${PYTHONPATH} /usr/bin/cmake --build /home/tal/TB3_PC_WS/ros2_galactic/build/turtlebot3_fake_node -- -j16 -l16
[10.354s] DEBUG:colcon.colcon_core.event_handler.log_command:Invoking command in '/home/tal/TB3_PC_WS/ros2_galactic/build/turtlebot3_fake_node': AMENT_PREFIX_PATH=/home/tal/TB3_PC_WS/ros2_galactic/install/turtlebot3_msgs:${AMENT_PREFIX_PATH} CMAKE_PREFIX_PATH=/home/tal/TB3_PC_WS/ros2_galactic/install/turtlebot3_msgs:/opt/ros/galactic:${CMAKE_PREFIX_PATH} LD_LIBRARY_PATH=/home/tal/TB3_PC_WS/ros2_galactic/install/turtlebot3_msgs/lib:${LD_LIBRARY_PATH} PYTHONPATH=/home/tal/TB3_PC_WS/ros2_galactic/install/turtlebot3_msgs/lib/python3.8/site-packages:${PYTHONPATH} /usr/bin/cmake --install /home/tal/TB3_PC_WS/ros2_galactic/build/turtlebot3_fake_node
[10.362s] Level 1:colcon.colcon_core.environment:create_environment_scripts_only(turtlebot3_fake_node)
[10.362s] DEBUG:colcon.colcon_core.event_handler.log_command:Invoked command in '/home/tal/TB3_PC_WS/ros2_galactic/build/turtlebot3_fake_node' returned '0': AMENT_PREFIX_PATH=/home/tal/TB3_PC_WS/ros2_galactic/install/turtlebot3_msgs:${AMENT_PREFIX_PATH} CMAKE_PREFIX_PATH=/home/tal/TB3_PC_WS/ros2_galactic/install/turtlebot3_msgs:/opt/ros/galactic:${CMAKE_PREFIX_PATH} LD_LIBRARY_PATH=/home/tal/TB3_PC_WS/ros2_galactic/install/turtlebot3_msgs/lib:${LD_LIBRARY_PATH} PYTHONPATH=/home/tal/TB3_PC_WS/ros2_galactic/install/turtlebot3_msgs/lib/python3.8/site-packages:${PYTHONPATH} /usr/bin/cmake --install /home/tal/TB3_PC_WS/ros2_galactic/build/turtlebot3_fake_node
[10.362s] Level 1:colcon.colcon_core.environment:checking '/home/tal/TB3_PC_WS/ros2_galactic/install/turtlebot3_fake_node' for CMake module files
[10.362s] Level 1:colcon.colcon_core.environment:checking '/home/tal/TB3_PC_WS/ros2_galactic/install/turtlebot3_fake_node' for CMake config files
[10.363s] Level 1:colcon.colcon_core.shell:create_environment_hook('turtlebot3_fake_node', 'cmake_prefix_path')
[10.363s] INFO:colcon.colcon_core.shell:Creating environment hook '/home/tal/TB3_PC_WS/ros2_galactic/install/turtlebot3_fake_node/share/turtlebot3_fake_node/hook/cmake_prefix_path.ps1'
[10.363s] INFO:colcon.colcon_core.shell:Creating environment descriptor '/home/tal/TB3_PC_WS/ros2_galactic/install/turtlebot3_fake_node/share/turtlebot3_fake_node/hook/cmake_prefix_path.dsv'
[10.363s] INFO:colcon.colcon_core.shell:Creating environment hook '/home/tal/TB3_PC_WS/ros2_galactic/install/turtlebot3_fake_node/share/turtlebot3_fake_node/hook/cmake_prefix_path.sh'
[10.363s] Level 1:colcon.colcon_core.environment:checking '/home/tal/TB3_PC_WS/ros2_galactic/install/turtlebot3_fake_node/lib'
[10.364s] Level 1:colcon.colcon_core.environment:checking '/home/tal/TB3_PC_WS/ros2_galactic/install/turtlebot3_fake_node/bin'
[10.364s] Level 1:colcon.colcon_core.environment:checking '/home/tal/TB3_PC_WS/ros2_galactic/install/turtlebot3_fake_node/lib/pkgconfig/turtlebot3_fake_node.pc'
[10.364s] Level 1:colcon.colcon_core.environment:checking '/home/tal/TB3_PC_WS/ros2_galactic/install/turtlebot3_fake_node/lib/python3.8/site-packages'
[10.364s] Level 1:colcon.colcon_core.environment:checking '/home/tal/TB3_PC_WS/ros2_galactic/install/turtlebot3_fake_node/bin'
[10.364s] INFO:colcon.colcon_core.shell:Creating package script '/home/tal/TB3_PC_WS/ros2_galactic/install/turtlebot3_fake_node/share/turtlebot3_fake_node/package.ps1'
[10.364s] INFO:colcon.colcon_core.shell:Creating package descriptor '/home/tal/TB3_PC_WS/ros2_galactic/install/turtlebot3_fake_node/share/turtlebot3_fake_node/package.dsv'
[10.364s] INFO:colcon.colcon_core.shell:Creating package script '/home/tal/TB3_PC_WS/ros2_galactic/install/turtlebot3_fake_node/share/turtlebot3_fake_node/package.sh'
[10.365s] INFO:colcon.colcon_core.shell:Creating package script '/home/tal/TB3_PC_WS/ros2_galactic/install/turtlebot3_fake_node/share/turtlebot3_fake_node/package.bash'
[10.365s] INFO:colcon.colcon_core.shell:Creating package script '/home/tal/TB3_PC_WS/ros2_galactic/install/turtlebot3_fake_node/share/turtlebot3_fake_node/package.zsh'
[10.365s] Level 1:colcon.colcon_core.environment:create_file_with_runtime_dependencies(/home/tal/TB3_PC_WS/ros2_galactic/install/turtlebot3_fake_node/share/colcon-core/packages/turtlebot3_fake_node)
[10.380s] Level 1:colcon.colcon_core.environment:create_environment_scripts_only(turtlebot3_fake_node)
[10.380s] Level 1:colcon.colcon_core.environment:checking '/home/tal/TB3_PC_WS/ros2_galactic/install/turtlebot3_fake_node' for CMake module files
[10.380s] Level 1:colcon.colcon_core.environment:checking '/home/tal/TB3_PC_WS/ros2_galactic/install/turtlebot3_fake_node' for CMake config files
[10.380s] Level 1:colcon.colcon_core.shell:create_environment_hook('turtlebot3_fake_node', 'cmake_prefix_path')
[10.380s] INFO:colcon.colcon_core.shell:Creating environment hook '/home/tal/TB3_PC_WS/ros2_galactic/install/turtlebot3_fake_node/share/turtlebot3_fake_node/hook/cmake_prefix_path.ps1'
[10.381s] INFO:colcon.colcon_core.shell:Creating environment descriptor '/home/tal/TB3_PC_WS/ros2_galactic/install/turtlebot3_fake_node/share/turtlebot3_fake_node/hook/cmake_prefix_path.dsv'
[10.381s] INFO:colcon.colcon_core.shell:Creating environment hook '/home/tal/TB3_PC_WS/ros2_galactic/install/turtlebot3_fake_node/share/turtlebot3_fake_node/hook/cmake_prefix_path.sh'
[10.381s] Level 1:colcon.colcon_core.environment:checking '/home/tal/TB3_PC_WS/ros2_galactic/install/turtlebot3_fake_node/lib'
[10.381s] Level 1:colcon.colcon_core.environment:checking '/home/tal/TB3_PC_WS/ros2_galactic/install/turtlebot3_fake_node/bin'
[10.381s] Level 1:colcon.colcon_core.environment:checking '/home/tal/TB3_PC_WS/ros2_galactic/install/turtlebot3_fake_node/lib/pkgconfig/turtlebot3_fake_node.pc'
[10.381s] Level 1:colcon.colcon_core.environment:checking '/home/tal/TB3_PC_WS/ros2_galactic/install/turtlebot3_fake_node/lib/python3.8/site-packages'
[10.381s] Level 1:colcon.colcon_core.environment:checking '/home/tal/TB3_PC_WS/ros2_galactic/install/turtlebot3_fake_node/bin'
[10.382s] INFO:colcon.colcon_core.shell:Creating package script '/home/tal/TB3_PC_WS/ros2_galactic/install/turtlebot3_fake_node/share/turtlebot3_fake_node/package.ps1'
[10.382s] INFO:colcon.colcon_core.shell:Creating package descriptor '/home/tal/TB3_PC_WS/ros2_galactic/install/turtlebot3_fake_node/share/turtlebot3_fake_node/package.dsv'
[10.382s] INFO:colcon.colcon_core.shell:Creating package script '/home/tal/TB3_PC_WS/ros2_galactic/install/turtlebot3_fake_node/share/turtlebot3_fake_node/package.sh'
[10.382s] INFO:colcon.colcon_core.shell:Creating package script '/home/tal/TB3_PC_WS/ros2_galactic/install/turtlebot3_fake_node/share/turtlebot3_fake_node/package.bash'
[10.383s] INFO:colcon.colcon_core.shell:Creating package script '/home/tal/TB3_PC_WS/ros2_galactic/install/turtlebot3_fake_node/share/turtlebot3_fake_node/package.zsh'
[10.383s] Level 1:colcon.colcon_core.environment:create_file_with_runtime_dependencies(/home/tal/TB3_PC_WS/ros2_galactic/install/turtlebot3_fake_node/share/colcon-core/packages/turtlebot3_fake_node)
[10.384s] INFO:colcon.colcon_ros.task.ament_cmake.build:Building ROS package in '/home/tal/TB3_PC_WS/ros2_galactic/src/turtlebot3_simulations' with build type 'ament_cmake'
[10.384s] INFO:colcon.colcon_cmake.task.cmake.build:Building CMake package in '/home/tal/TB3_PC_WS/ros2_galactic/src/turtlebot3_simulations'
[10.384s] INFO:colcon.colcon_core.shell:Skip shell extension 'powershell' for command environment: Not usable outside of PowerShell
[10.384s] DEBUG:colcon.colcon_core.shell:Skip shell extension 'dsv' for command environment
[10.387s] DEBUG:colcon.colcon_core.shell:Ignoring prefix path '/opt/ros/noetic'
[10.396s] DEBUG:colcon.colcon_core.event_handler.log_command:Invoking command in '/home/tal/TB3_PC_WS/ros2_galactic/build/turtlebot3_simulations': AMENT_PREFIX_PATH=/home/tal/TB3_PC_WS/ros2_galactic/install/turtlebot3_fake_node:/home/tal/TB3_PC_WS/ros2_galactic/install/turtlebot3_msgs:/home/tal/TB3_PC_WS/ros2_galactic/install/turtlebot3_gazebo:${AMENT_PREFIX_PATH} CMAKE_PREFIX_PATH=/home/tal/TB3_PC_WS/ros2_galactic/install/turtlebot3_fake_node:/home/tal/TB3_PC_WS/ros2_galactic/install/turtlebot3_msgs:/home/tal/TB3_PC_WS/ros2_galactic/install/turtlebot3_gazebo:/opt/ros/galactic:${CMAKE_PREFIX_PATH} LD_LIBRARY_PATH=/home/tal/TB3_PC_WS/ros2_galactic/install/turtlebot3_msgs/lib:${LD_LIBRARY_PATH} PYTHONPATH=/home/tal/TB3_PC_WS/ros2_galactic/install/turtlebot3_msgs/lib/python3.8/site-packages:${PYTHONPATH} /usr/bin/cmake /home/tal/TB3_PC_WS/ros2_galactic/src/turtlebot3_simulations -DCMAKE_INSTALL_PREFIX=/home/tal/TB3_PC_WS/ros2_galactic/install/turtlebot3_simulations
[10.907s] DEBUG:colcon.colcon_core.event_handler.log_command:Invoked command in '/home/tal/TB3_PC_WS/ros2_galactic/build/turtlebot3_simulations' returned '0': AMENT_PREFIX_PATH=/home/tal/TB3_PC_WS/ros2_galactic/install/turtlebot3_fake_node:/home/tal/TB3_PC_WS/ros2_galactic/install/turtlebot3_msgs:/home/tal/TB3_PC_WS/ros2_galactic/install/turtlebot3_gazebo:${AMENT_PREFIX_PATH} CMAKE_PREFIX_PATH=/home/tal/TB3_PC_WS/ros2_galactic/install/turtlebot3_fake_node:/home/tal/TB3_PC_WS/ros2_galactic/install/turtlebot3_msgs:/home/tal/TB3_PC_WS/ros2_galactic/install/turtlebot3_gazebo:/opt/ros/galactic:${CMAKE_PREFIX_PATH} LD_LIBRARY_PATH=/home/tal/TB3_PC_WS/ros2_galactic/install/turtlebot3_msgs/lib:${LD_LIBRARY_PATH} PYTHONPATH=/home/tal/TB3_PC_WS/ros2_galactic/install/turtlebot3_msgs/lib/python3.8/site-packages:${PYTHONPATH} /usr/bin/cmake /home/tal/TB3_PC_WS/ros2_galactic/src/turtlebot3_simulations -DCMAKE_INSTALL_PREFIX=/home/tal/TB3_PC_WS/ros2_galactic/install/turtlebot3_simulations
[10.908s] DEBUG:colcon.colcon_core.event_handler.log_command:Invoking command in '/home/tal/TB3_PC_WS/ros2_galactic/build/turtlebot3_simulations': AMENT_PREFIX_PATH=/home/tal/TB3_PC_WS/ros2_galactic/install/turtlebot3_fake_node:/home/tal/TB3_PC_WS/ros2_galactic/install/turtlebot3_msgs:/home/tal/TB3_PC_WS/ros2_galactic/install/turtlebot3_gazebo:${AMENT_PREFIX_PATH} CMAKE_PREFIX_PATH=/home/tal/TB3_PC_WS/ros2_galactic/install/turtlebot3_fake_node:/home/tal/TB3_PC_WS/ros2_galactic/install/turtlebot3_msgs:/home/tal/TB3_PC_WS/ros2_galactic/install/turtlebot3_gazebo:/opt/ros/galactic:${CMAKE_PREFIX_PATH} LD_LIBRARY_PATH=/home/tal/TB3_PC_WS/ros2_galactic/install/turtlebot3_msgs/lib:${LD_LIBRARY_PATH} PYTHONPATH=/home/tal/TB3_PC_WS/ros2_galactic/install/turtlebot3_msgs/lib/python3.8/site-packages:${PYTHONPATH} /usr/bin/cmake --build /home/tal/TB3_PC_WS/ros2_galactic/build/turtlebot3_simulations -- -j16 -l16
[10.938s] DEBUG:colcon.colcon_core.event_handler.log_command:Invoked command in '/home/tal/TB3_PC_WS/ros2_galactic/build/turtlebot3_simulations' returned '0': AMENT_PREFIX_PATH=/home/tal/TB3_PC_WS/ros2_galactic/install/turtlebot3_fake_node:/home/tal/TB3_PC_WS/ros2_galactic/install/turtlebot3_msgs:/home/tal/TB3_PC_WS/ros2_galactic/install/turtlebot3_gazebo:${AMENT_PREFIX_PATH} CMAKE_PREFIX_PATH=/home/tal/TB3_PC_WS/ros2_galactic/install/turtlebot3_fake_node:/home/tal/TB3_PC_WS/ros2_galactic/install/turtlebot3_msgs:/home/tal/TB3_PC_WS/ros2_galactic/install/turtlebot3_gazebo:/opt/ros/galactic:${CMAKE_PREFIX_PATH} LD_LIBRARY_PATH=/home/tal/TB3_PC_WS/ros2_galactic/install/turtlebot3_msgs/lib:${LD_LIBRARY_PATH} PYTHONPATH=/home/tal/TB3_PC_WS/ros2_galactic/install/turtlebot3_msgs/lib/python3.8/site-packages:${PYTHONPATH} /usr/bin/cmake --build /home/tal/TB3_PC_WS/ros2_galactic/build/turtlebot3_simulations -- -j16 -l16
[10.967s] DEBUG:colcon.colcon_core.event_handler.log_command:Invoking command in '/home/tal/TB3_PC_WS/ros2_galactic/build/turtlebot3_simulations': AMENT_PREFIX_PATH=/home/tal/TB3_PC_WS/ros2_galactic/install/turtlebot3_fake_node:/home/tal/TB3_PC_WS/ros2_galactic/install/turtlebot3_msgs:/home/tal/TB3_PC_WS/ros2_galactic/install/turtlebot3_gazebo:${AMENT_PREFIX_PATH} CMAKE_PREFIX_PATH=/home/tal/TB3_PC_WS/ros2_galactic/install/turtlebot3_fake_node:/home/tal/TB3_PC_WS/ros2_galactic/install/turtlebot3_msgs:/home/tal/TB3_PC_WS/ros2_galactic/install/turtlebot3_gazebo:/opt/ros/galactic:${CMAKE_PREFIX_PATH} LD_LIBRARY_PATH=/home/tal/TB3_PC_WS/ros2_galactic/install/turtlebot3_msgs/lib:${LD_LIBRARY_PATH} PYTHONPATH=/home/tal/TB3_PC_WS/ros2_galactic/install/turtlebot3_msgs/lib/python3.8/site-packages:${PYTHONPATH} /usr/bin/cmake --install /home/tal/TB3_PC_WS/ros2_galactic/build/turtlebot3_simulations
[10.974s] Level 1:colcon.colcon_core.environment:create_environment_scripts_only(turtlebot3_simulations)
[10.975s] DEBUG:colcon.colcon_core.event_handler.log_command:Invoked command in '/home/tal/TB3_PC_WS/ros2_galactic/build/turtlebot3_simulations' returned '0': AMENT_PREFIX_PATH=/home/tal/TB3_PC_WS/ros2_galactic/install/turtlebot3_fake_node:/home/tal/TB3_PC_WS/ros2_galactic/install/turtlebot3_msgs:/home/tal/TB3_PC_WS/ros2_galactic/install/turtlebot3_gazebo:${AMENT_PREFIX_PATH} CMAKE_PREFIX_PATH=/home/tal/TB3_PC_WS/ros2_galactic/install/turtlebot3_fake_node:/home/tal/TB3_PC_WS/ros2_galactic/install/turtlebot3_msgs:/home/tal/TB3_PC_WS/ros2_galactic/install/turtlebot3_gazebo:/opt/ros/galactic:${CMAKE_PREFIX_PATH} LD_LIBRARY_PATH=/home/tal/TB3_PC_WS/ros2_galactic/install/turtlebot3_msgs/lib:${LD_LIBRARY_PATH} PYTHONPATH=/home/tal/TB3_PC_WS/ros2_galactic/install/turtlebot3_msgs/lib/python3.8/site-packages:${PYTHONPATH} /usr/bin/cmake --install /home/tal/TB3_PC_WS/ros2_galactic/build/turtlebot3_simulations
[10.975s] Level 1:colcon.colcon_core.environment:checking '/home/tal/TB3_PC_WS/ros2_galactic/install/turtlebot3_simulations' for CMake module files
[10.975s] Level 1:colcon.colcon_core.environment:checking '/home/tal/TB3_PC_WS/ros2_galactic/install/turtlebot3_simulations' for CMake config files
[10.975s] Level 1:colcon.colcon_core.shell:create_environment_hook('turtlebot3_simulations', 'cmake_prefix_path')
[10.975s] INFO:colcon.colcon_core.shell:Creating environment hook '/home/tal/TB3_PC_WS/ros2_galactic/install/turtlebot3_simulations/share/turtlebot3_simulations/hook/cmake_prefix_path.ps1'
[10.976s] INFO:colcon.colcon_core.shell:Creating environment descriptor '/home/tal/TB3_PC_WS/ros2_galactic/install/turtlebot3_simulations/share/turtlebot3_simulations/hook/cmake_prefix_path.dsv'
[10.976s] INFO:colcon.colcon_core.shell:Creating environment hook '/home/tal/TB3_PC_WS/ros2_galactic/install/turtlebot3_simulations/share/turtlebot3_simulations/hook/cmake_prefix_path.sh'
[10.976s] Level 1:colcon.colcon_core.environment:checking '/home/tal/TB3_PC_WS/ros2_galactic/install/turtlebot3_simulations/bin'
[10.976s] Level 1:colcon.colcon_core.environment:checking '/home/tal/TB3_PC_WS/ros2_galactic/install/turtlebot3_simulations/lib/pkgconfig/turtlebot3_simulations.pc'
[10.976s] Level 1:colcon.colcon_core.environment:checking '/home/tal/TB3_PC_WS/ros2_galactic/install/turtlebot3_simulations/lib/python3.8/site-packages'
[10.976s] Level 1:colcon.colcon_core.environment:checking '/home/tal/TB3_PC_WS/ros2_galactic/install/turtlebot3_simulations/bin'
[10.977s] INFO:colcon.colcon_core.shell:Creating package script '/home/tal/TB3_PC_WS/ros2_galactic/install/turtlebot3_simulations/share/turtlebot3_simulations/package.ps1'
[10.977s] INFO:colcon.colcon_core.shell:Creating package descriptor '/home/tal/TB3_PC_WS/ros2_galactic/install/turtlebot3_simulations/share/turtlebot3_simulations/package.dsv'
[10.977s] INFO:colcon.colcon_core.shell:Creating package script '/home/tal/TB3_PC_WS/ros2_galactic/install/turtlebot3_simulations/share/turtlebot3_simulations/package.sh'
[10.977s] INFO:colcon.colcon_core.shell:Creating package script '/home/tal/TB3_PC_WS/ros2_galactic/install/turtlebot3_simulations/share/turtlebot3_simulations/package.bash'
[10.977s] INFO:colcon.colcon_core.shell:Creating package script '/home/tal/TB3_PC_WS/ros2_galactic/install/turtlebot3_simulations/share/turtlebot3_simulations/package.zsh'
[10.978s] Level 1:colcon.colcon_core.environment:create_file_with_runtime_dependencies(/home/tal/TB3_PC_WS/ros2_galactic/install/turtlebot3_simulations/share/colcon-core/packages/turtlebot3_simulations)
[10.989s] Level 1:colcon.colcon_core.environment:create_environment_scripts_only(turtlebot3_simulations)
[10.989s] Level 1:colcon.colcon_core.environment:checking '/home/tal/TB3_PC_WS/ros2_galactic/install/turtlebot3_simulations' for CMake module files
[10.990s] Level 1:colcon.colcon_core.environment:checking '/home/tal/TB3_PC_WS/ros2_galactic/install/turtlebot3_simulations' for CMake config files
[10.990s] Level 1:colcon.colcon_core.shell:create_environment_hook('turtlebot3_simulations', 'cmake_prefix_path')
[10.990s] INFO:colcon.colcon_core.shell:Creating environment hook '/home/tal/TB3_PC_WS/ros2_galactic/install/turtlebot3_simulations/share/turtlebot3_simulations/hook/cmake_prefix_path.ps1'
[10.990s] INFO:colcon.colcon_core.shell:Creating environment descriptor '/home/tal/TB3_PC_WS/ros2_galactic/install/turtlebot3_simulations/share/turtlebot3_simulations/hook/cmake_prefix_path.dsv'
[10.991s] INFO:colcon.colcon_core.shell:Creating environment hook '/home/tal/TB3_PC_WS/ros2_galactic/install/turtlebot3_simulations/share/turtlebot3_simulations/hook/cmake_prefix_path.sh'
[10.991s] Level 1:colcon.colcon_core.environment:checking '/home/tal/TB3_PC_WS/ros2_galactic/install/turtlebot3_simulations/bin'
[10.991s] Level 1:colcon.colcon_core.environment:checking '/home/tal/TB3_PC_WS/ros2_galactic/install/turtlebot3_simulations/lib/pkgconfig/turtlebot3_simulations.pc'
[10.991s] Level 1:colcon.colcon_core.environment:checking '/home/tal/TB3_PC_WS/ros2_galactic/install/turtlebot3_simulations/lib/python3.8/site-packages'
[10.991s] Level 1:colcon.colcon_core.environment:checking '/home/tal/TB3_PC_WS/ros2_galactic/install/turtlebot3_simulations/bin'
[10.991s] INFO:colcon.colcon_core.shell:Creating package script '/home/tal/TB3_PC_WS/ros2_galactic/install/turtlebot3_simulations/share/turtlebot3_simulations/package.ps1'
[10.992s] INFO:colcon.colcon_core.shell:Creating package descriptor '/home/tal/TB3_PC_WS/ros2_galactic/install/turtlebot3_simulations/share/turtlebot3_simulations/package.dsv'
[10.992s] INFO:colcon.colcon_core.shell:Creating package script '/home/tal/TB3_PC_WS/ros2_galactic/install/turtlebot3_simulations/share/turtlebot3_simulations/package.sh'
[10.992s] INFO:colcon.colcon_core.shell:Creating package script '/home/tal/TB3_PC_WS/ros2_galactic/install/turtlebot3_simulations/share/turtlebot3_simulations/package.bash'
[10.992s] INFO:colcon.colcon_core.shell:Creating package script '/home/tal/TB3_PC_WS/ros2_galactic/install/turtlebot3_simulations/share/turtlebot3_simulations/package.zsh'
[10.993s] Level 1:colcon.colcon_core.environment:create_file_with_runtime_dependencies(/home/tal/TB3_PC_WS/ros2_galactic/install/turtlebot3_simulations/share/colcon-core/packages/turtlebot3_simulations)
[10.993s] DEBUG:colcon.colcon_parallel_executor.executor.parallel:closing loop
[10.993s] DEBUG:colcon.colcon_parallel_executor.executor.parallel:loop closed
[10.993s] DEBUG:colcon.colcon_parallel_executor.executor.parallel:run_until_complete finished with '0'
[10.993s] DEBUG:colcon.colcon_core.event_reactor:joining thread
[10.997s] INFO:colcon.colcon_core.plugin_system:Skipping extension 'colcon_notification.desktop_notification.terminal_notifier': Not used on non-Darwin systems
[10.997s] INFO:colcon.colcon_core.plugin_system:Skipping extension 'colcon_notification.desktop_notification.win32': Not used on non-Windows systems
[10.997s] INFO:colcon.colcon_notification.desktop_notification:Sending desktop notification using 'notify2'
[11.016s] DEBUG:colcon.colcon_core.event_reactor:joined thread
[11.016s] INFO:colcon.colcon_core.shell:Creating prefix script '/home/tal/TB3_PC_WS/ros2_galactic/install/local_setup.ps1'
[11.017s] INFO:colcon.colcon_core.shell:Creating prefix util module '/home/tal/TB3_PC_WS/ros2_galactic/install/_local_setup_util_ps1.py'
[11.019s] INFO:colcon.colcon_core.shell:Creating prefix chain script '/home/tal/TB3_PC_WS/ros2_galactic/install/setup.ps1'
[11.019s] INFO:colcon.colcon_core.shell:Creating prefix script '/home/tal/TB3_PC_WS/ros2_galactic/install/local_setup.sh'
[11.020s] INFO:colcon.colcon_core.shell:Creating prefix util module '/home/tal/TB3_PC_WS/ros2_galactic/install/_local_setup_util_sh.py'
[11.020s] INFO:colcon.colcon_core.shell:Creating prefix chain script '/home/tal/TB3_PC_WS/ros2_galactic/install/setup.sh'
[11.021s] INFO:colcon.colcon_core.shell:Creating prefix script '/home/tal/TB3_PC_WS/ros2_galactic/install/local_setup.bash'
[11.022s] INFO:colcon.colcon_core.shell:Creating prefix chain script '/home/tal/TB3_PC_WS/ros2_galactic/install/setup.bash'
[11.022s] INFO:colcon.colcon_core.shell:Creating prefix script '/home/tal/TB3_PC_WS/ros2_galactic/install/local_setup.zsh'
[11.023s] INFO:colcon.colcon_core.shell:Creating prefix chain script '/home/tal/TB3_PC_WS/ros2_galactic/install/setup.zsh'
