[0.018s] Invoking command in '/home/tal/TB3_PC_WS/build/turtlebot3_fake_node': CMAKE_PREFIX_PATH=/home/tal/TB3_PC_WS/install/turtlebot3_simulations:/home/tal/TB3_PC_WS/install/turtlebot3_gazebo:/home/tal/TB3_PC_WS/install/turtlebot3_fake_node:/home/tal/TB3_PC_WS/install/ros1_bridge:/opt/ros/galactic:/home/tal/TB3_PC_WS/install/tb_run_script:/opt/ros/noetic /usr/bin/cmake /home/tal/TB3_PC_WS/src/turtlebot3_simulations-humble-devel/turtlebot3_fake_node -DCMAKE_INSTALL_PREFIX=/home/tal/TB3_PC_WS/install/turtlebot3_fake_node
[0.026s] -- Found ament_cmake: 1.1.6 (/opt/ros/galactic/share/ament_cmake/cmake)
[0.037s] -- Using PYTHON_EXECUTABLE: /usr/bin/python3
[0.073s] -- Found geometry_msgs: 2.2.4 (/opt/ros/galactic/share/geometry_msgs/cmake)
[0.085s] -- Using single rosidl_typesupport_c: rosidl_typesupport_introspection_c
[0.087s] -- Found rosidl_adapter: 2.2.3 (/opt/ros/galactic/share/rosidl_adapter/cmake)
[0.097s] -- Using single rosidl_typesupport_cpp: rosidl_typesupport_introspection_cpp
[0.145s] -- Found nav_msgs: 2.2.4 (/opt/ros/galactic/share/nav_msgs/cmake)
[0.189s] -- Found rclcpp: 9.2.2 (/opt/ros/galactic/share/rclcpp/cmake)
[0.214s] -- Found rmw_implementation_cmake: 3.3.1 (/opt/ros/galactic/share/rmw_implementation_cmake/cmake)
[0.215s] -- Found rmw_cyclonedds_cpp: 0.22.6 (/opt/ros/galactic/share/rmw_cyclonedds_cpp/cmake)
[0.226s] -- Using RMW implementation 'rmw_cyclonedds_cpp' as default
[0.305s] -- Found sensor_msgs: 2.2.4 (/opt/ros/galactic/share/sensor_msgs/cmake)
[0.349s] -- Found tf2: 0.17.5 (/opt/ros/galactic/share/tf2/cmake)
[0.355s] -- Found tf2_msgs: 0.17.5 (/opt/ros/galactic/share/tf2_msgs/cmake)
[0.474s] CMake Error at CMakeLists.txt:25 (find_package):
[0.474s]   By not providing "Findturtlebot3_msgs.cmake" in CMAKE_MODULE_PATH this
[0.474s]   project has asked CMake to find a package configuration file provided by
[0.474s]   "turtlebot3_msgs", but CMake did not find one.
[0.474s] 
[0.474s]   Could not find a package configuration file provided by "turtlebot3_msgs"
[0.474s]   with any of the following names:
[0.474s] 
[0.474s]     turtlebot3_msgsConfig.cmake
[0.474s]     turtlebot3_msgs-config.cmake
[0.474s] 
[0.474s]   Add the installation prefix of "turtlebot3_msgs" to CMAKE_PREFIX_PATH or
[0.474s]   set "turtlebot3_msgs_DIR" to a directory containing one of the above files.
[0.474s]   If "turtlebot3_msgs" provides a separate development package or SDK, be
[0.475s]   sure it has been installed.
[0.475s] 
[0.475s] 
[0.475s] -- Configuring incomplete, errors occurred!
[0.475s] See also "/home/tal/TB3_PC_WS/build/turtlebot3_fake_node/CMakeFiles/CMakeOutput.log".
[0.475s] See also "/home/tal/TB3_PC_WS/build/turtlebot3_fake_node/CMakeFiles/CMakeError.log".
[0.478s] Invoked command in '/home/tal/TB3_PC_WS/build/turtlebot3_fake_node' returned '1': CMAKE_PREFIX_PATH=/home/tal/TB3_PC_WS/install/turtlebot3_simulations:/home/tal/TB3_PC_WS/install/turtlebot3_gazebo:/home/tal/TB3_PC_WS/install/turtlebot3_fake_node:/home/tal/TB3_PC_WS/install/ros1_bridge:/opt/ros/galactic:/home/tal/TB3_PC_WS/install/tb_run_script:/opt/ros/noetic /usr/bin/cmake /home/tal/TB3_PC_WS/src/turtlebot3_simulations-humble-devel/turtlebot3_fake_node -DCMAKE_INSTALL_PREFIX=/home/tal/TB3_PC_WS/install/turtlebot3_fake_node
