[0.025s] Invoking command in '/home/tal/TB3_PC_WS/build/turtlebot3_cartographer': CMAKE_PREFIX_PATH=/opt/ros/galactic /usr/bin/cmake --build /home/tal/TB3_PC_WS/build/turtlebot3_cartographer -- -j16 -l16
[0.271s] Invoked command in '/home/tal/TB3_PC_WS/build/turtlebot3_cartographer' returned '0': CMAKE_PREFIX_PATH=/opt/ros/galactic /usr/bin/cmake --build /home/tal/TB3_PC_WS/build/turtlebot3_cartographer -- -j16 -l16
[0.290s] Invoking command in '/home/tal/TB3_PC_WS/build/turtlebot3_cartographer': CMAKE_PREFIX_PATH=/opt/ros/galactic /usr/bin/cmake --install /home/tal/TB3_PC_WS/build/turtlebot3_cartographer
[0.299s] -- Install configuration: ""
[0.299s] -- Up-to-date: /home/tal/TB3_PC_WS/install/turtlebot3_cartographer/share/turtlebot3_cartographer/config
[0.299s] -- Up-to-date: /home/tal/TB3_PC_WS/install/turtlebot3_cartographer/share/turtlebot3_cartographer/config/turtlebot3_lds_2d.lua
[0.299s] -- Up-to-date: /home/tal/TB3_PC_WS/install/turtlebot3_cartographer/share/turtlebot3_cartographer/launch
[0.299s] -- Up-to-date: /home/tal/TB3_PC_WS/install/turtlebot3_cartographer/share/turtlebot3_cartographer/launch/occupancy_grid.launch.py
[0.299s] -- Up-to-date: /home/tal/TB3_PC_WS/install/turtlebot3_cartographer/share/turtlebot3_cartographer/launch/cartographer.launch.py
[0.299s] -- Up-to-date: /home/tal/TB3_PC_WS/install/turtlebot3_cartographer/share/turtlebot3_cartographer/rviz
[0.299s] -- Up-to-date: /home/tal/TB3_PC_WS/install/turtlebot3_cartographer/share/turtlebot3_cartographer/rviz/tb3_cartographer.rviz
[0.299s] -- Up-to-date: /home/tal/TB3_PC_WS/install/turtlebot3_cartographer/share/ament_index/resource_index/package_run_dependencies/turtlebot3_cartographer
[0.299s] -- Up-to-date: /home/tal/TB3_PC_WS/install/turtlebot3_cartographer/share/ament_index/resource_index/parent_prefix_path/turtlebot3_cartographer
[0.299s] -- Up-to-date: /home/tal/TB3_PC_WS/install/turtlebot3_cartographer/share/turtlebot3_cartographer/environment/ament_prefix_path.sh
[0.299s] -- Up-to-date: /home/tal/TB3_PC_WS/install/turtlebot3_cartographer/share/turtlebot3_cartographer/environment/ament_prefix_path.dsv
[0.299s] -- Up-to-date: /home/tal/TB3_PC_WS/install/turtlebot3_cartographer/share/turtlebot3_cartographer/environment/path.sh
[0.300s] -- Up-to-date: /home/tal/TB3_PC_WS/install/turtlebot3_cartographer/share/turtlebot3_cartographer/environment/path.dsv
[0.300s] -- Up-to-date: /home/tal/TB3_PC_WS/install/turtlebot3_cartographer/share/turtlebot3_cartographer/local_setup.bash
[0.300s] -- Up-to-date: /home/tal/TB3_PC_WS/install/turtlebot3_cartographer/share/turtlebot3_cartographer/local_setup.sh
[0.300s] -- Up-to-date: /home/tal/TB3_PC_WS/install/turtlebot3_cartographer/share/turtlebot3_cartographer/local_setup.zsh
[0.300s] -- Up-to-date: /home/tal/TB3_PC_WS/install/turtlebot3_cartographer/share/turtlebot3_cartographer/local_setup.dsv
[0.300s] -- Installing: /home/tal/TB3_PC_WS/install/turtlebot3_cartographer/share/turtlebot3_cartographer/package.dsv
[0.300s] -- Up-to-date: /home/tal/TB3_PC_WS/install/turtlebot3_cartographer/share/ament_index/resource_index/packages/turtlebot3_cartographer
[0.301s] -- Up-to-date: /home/tal/TB3_PC_WS/install/turtlebot3_cartographer/share/turtlebot3_cartographer/cmake/turtlebot3_cartographerConfig.cmake
[0.301s] -- Up-to-date: /home/tal/TB3_PC_WS/install/turtlebot3_cartographer/share/turtlebot3_cartographer/cmake/turtlebot3_cartographerConfig-version.cmake
[0.301s] -- Up-to-date: /home/tal/TB3_PC_WS/install/turtlebot3_cartographer/share/turtlebot3_cartographer/package.xml
[0.317s] Invoked command in '/home/tal/TB3_PC_WS/build/turtlebot3_cartographer' returned '0': CMAKE_PREFIX_PATH=/opt/ros/galactic /usr/bin/cmake --install /home/tal/TB3_PC_WS/build/turtlebot3_cartographer
