[0.037s] Invoking command in '/home/tal/TB3_PC_WS/build/turtlebot3_gazebo': CMAKE_PREFIX_PATH=${CMAKE_PREFIX_PATH}:/home/tal/tut2_ws/install/my_robot_controller:/home/tal/tut_ws/install/my_robot_controller:/home/tal/tutorial_ws/install/launch_testing_examples:/home/tal/tutorial_ws/install/examples_rclpy_pointcloud_publisher:/home/tal/tutorial_ws/install/examples_rclpy_minimal_subscriber:/home/tal/tutorial_ws/install/examples_rclpy_minimal_service:/home/tal/tutorial_ws/install/examples_rclpy_minimal_publisher:/home/tal/tutorial_ws/install/examples_rclpy_minimal_client:/home/tal/tutorial_ws/install/examples_rclpy_minimal_action_server:/home/tal/tutorial_ws/install/examples_rclpy_minimal_action_client:/home/tal/tutorial_ws/install/examples_rclpy_guard_conditions:/home/tal/tutorial_ws/install/examples_rclpy_executors:/opt/ros/humble /usr/bin/cmake /home/tal/TB3_PC_WS/src/turtlebot3_simulations/turtlebot3_gazebo -DCMAKE_INSTALL_PREFIX=/home/tal/TB3_PC_WS/install/turtlebot3_gazebo
[2.211s] [33mCMake Warning (dev) at /usr/share/cmake-3.22/Modules/FindPackageHandleStandardArgs.cmake:438 (message):
[2.211s]   The package name passed to `find_package_handle_standard_args` (PkgConfig)
[2.211s]   does not match the name of the calling package (gazebo).  This can lead to
[2.212s]   problems in calling code that expects `find_package` result variables
[2.212s]   (e.g., `_FOUND`) to follow a certain pattern.
[2.212s] Call Stack (most recent call first):
[2.212s]   /usr/share/cmake-3.22/Modules/FindPkgConfig.cmake:99 (find_package_handle_standard_args)
[2.212s]   /usr/lib/x86_64-linux-gnu/cmake/gazebo/gazebo-config.cmake:72 (include)
[2.212s]   CMakeLists.txt:23 (find_package)
[2.212s] This warning is for project developers.  Use -Wno-dev to suppress it.
[2.212s] [0m
[2.212s] -- The C compiler identification is GNU 11.4.0
[2.212s] -- The CXX compiler identification is GNU 11.4.0
[2.212s] -- Detecting C compiler ABI info
[2.212s] -- Detecting C compiler ABI info - done
[2.212s] -- Check for working C compiler: /usr/bin/cc - skipped
[2.212s] -- Detecting C compile features
[2.212s] -- Detecting C compile features - done
[2.212s] -- Detecting CXX compiler ABI info
[2.212s] -- Detecting CXX compiler ABI info - done
[2.212s] -- Check for working CXX compiler: /usr/bin/c++ - skipped
[2.212s] -- Detecting CXX compile features
[2.212s] -- Detecting CXX compile features - done
[2.212s] -- Found ament_cmake: 1.3.9 (/opt/ros/humble/share/ament_cmake/cmake)
[2.212s] -- Found Python3: /usr/bin/python3 (found version "3.10.12") found components: Interpreter 
[2.212s] -- Found PkgConfig: /usr/bin/pkg-config (found version "0.29.2") 
[2.212s] -- Checking for module 'bullet>=2.82'
[2.212s] --   Found bullet, version 3.05
[2.213s] -- Found fcl: /usr/include (found suitable version "0.7.0", minimum required is "0.5.0") 
[2.213s] -- Found assimp: /usr/include (found version "5.2.0") 
[2.213s] -- Found DART: /usr/include (Required is at least version "6.6") found components: dart 
[2.213s] -- Found Boost: /usr/lib/x86_64-linux-gnu/cmake/Boost-1.74.0/BoostConfig.cmake (found suitable version "1.74.0", minimum required is "1.40.0") found components: thread system filesystem program_options regex iostreams date_time 
[2.213s] -- Found Protobuf: /usr/lib/x86_64-linux-gnu/libprotobuf.so (found version "3.12.4") 
[2.213s] -- Looking for ignition-math6 -- found version 6.15.1
[2.213s] -- Searching for dependencies of ignition-math6
[2.213s] -- Looking for OGRE...
[2.213s] -- OGRE_PREFIX_WATCH changed.
[2.213s] -- Checking for module 'OGRE'
[2.213s] --   Found OGRE, version 1.9.0
[2.213s] -- Found Ogre Ghadamon (1.9.0)
[2.213s] -- Found OGRE: optimized;/usr/lib/x86_64-linux-gnu/libOgreMain.so;debug;/usr/lib/x86_64-linux-gnu/libOgreMain.so
[2.213s] -- Looking for OGRE_Paging...
[2.213s] -- Found OGRE_Paging: optimized;/usr/lib/x86_64-linux-gnu/libOgrePaging.so;debug;/usr/lib/x86_64-linux-gnu/libOgrePaging.so
[2.213s] -- Looking for OGRE_Terrain...
[2.213s] -- Found OGRE_Terrain: optimized;/usr/lib/x86_64-linux-gnu/libOgreTerrain.so;debug;/usr/lib/x86_64-linux-gnu/libOgreTerrain.so
[2.213s] -- Looking for OGRE_Property...
[2.213s] -- Found OGRE_Property: optimized;/usr/lib/x86_64-linux-gnu/libOgreProperty.so;debug;/usr/lib/x86_64-linux-gnu/libOgreProperty.so
[2.213s] -- Looking for OGRE_RTShaderSystem...
[2.213s] -- Found OGRE_RTShaderSystem: optimized;/usr/lib/x86_64-linux-gnu/libOgreRTShaderSystem.so;debug;/usr/lib/x86_64-linux-gnu/libOgreRTShaderSystem.so
[2.213s] -- Looking for OGRE_Volume...
[2.214s] -- Found OGRE_Volume: optimized;/usr/lib/x86_64-linux-gnu/libOgreVolume.so;debug;/usr/lib/x86_64-linux-gnu/libOgreVolume.so
[2.214s] -- Looking for OGRE_Overlay...
[2.214s] -- Found OGRE_Overlay: optimized;/usr/lib/x86_64-linux-gnu/libOgreOverlay.so;debug;/usr/lib/x86_64-linux-gnu/libOgreOverlay.so
[2.282s] -- Looking for ignition-math6 -- found version 6.15.1
[2.282s] -- Looking for ignition-transport8 -- found version 8.2.1
[2.282s] -- Searching for dependencies of ignition-transport8
[2.329s] -- Found Protobuf: /usr/lib/x86_64-linux-gnu/libprotobuf.so (found suitable version "3.12.4", minimum required is "3") 
[2.337s] -- Config-file not installed for ZeroMQ -- checking for pkg-config
[2.393s] -- Checking for module 'libzmq >= 4'
[2.413s] --   Found libzmq , version 4.3.4
[2.413s] -- Found ZeroMQ: TRUE (Required is at least version "4") 
[2.413s] -- Checking for module 'uuid'
[2.449s] --   Found uuid, version 2.37.2
[2.746s] -- Found UUID: TRUE  
[2.749s] -- Looking for ignition-msgs5 -- found version 5.8.1
[2.749s] -- Searching for dependencies of ignition-msgs5
[2.807s] -- Looking for ignition-math6 -- found version 6.15.1
[2.940s] -- Checking for module 'tinyxml2'
[3.049s] --   Found tinyxml2, version 9.0.0
[3.538s] -- Looking for ignition-msgs5 -- found version 5.8.1
[3.538s] -- Looking for ignition-common3 -- found version 3.14.0
[3.538s] -- Searching for dependencies of ignition-common3
[3.538s] -- Looking for dlfcn.h - found
[3.538s] -- Looking for libdl - found
[3.662s] -- Found DL: TRUE  
[3.745s] -- Found tinyobjloader: /usr/lib/x86_64-linux-gnu/cmake/tinyobjloader/tinyobjloader-config.cmake (found version "2.0.0") 
[3.746s] -- Searching for <ignition-common3> component [graphics]
[3.746s] -- Looking for ignition-common3-graphics -- found version 3.14.0
[3.746s] -- Searching for dependencies of ignition-common3-graphics
[3.746s] -- Looking for ignition-math6 -- found version 6.15.1
[3.746s] -- Looking for ignition-fuel_tools4 -- found version 4.4.0
[3.746s] -- Searching for dependencies of ignition-fuel_tools4
[4.303s] -- Found CURL: /usr/lib/x86_64-linux-gnu/libcurl.so (found version "7.81.0")  
[4.369s] -- Checking for module 'jsoncpp'
[4.505s] --   Found jsoncpp, version 1.9.5
[4.930s] -- Found JSONCPP: TRUE  
[4.940s] -- Checking for module 'libzip'
[5.120s] --   Found libzip, version 1.7.3
[5.661s] -- Found ZIP: TRUE  
[5.661s] -- Looking for ignition-common3 -- found version 3.14.0
[5.661s] -- Looking for ignition-math6 -- found version 6.15.1
[5.661s] -- Looking for ignition-msgs5 -- found version 5.8.1
[5.720s] -- Found gazebo_ros_pkgs: 3.7.0 (/opt/ros/humble/share/gazebo_ros_pkgs/cmake)
[5.720s] -- Found geometry_msgs: 4.2.3 (/opt/ros/humble/share/geometry_msgs/cmake)
[5.767s] -- Found rosidl_generator_c: 3.1.5 (/opt/ros/humble/share/rosidl_generator_c/cmake)
[5.770s] -- Found rosidl_adapter: 3.1.5 (/opt/ros/humble/share/rosidl_adapter/cmake)
[5.780s] -- Found rosidl_generator_cpp: 3.1.5 (/opt/ros/humble/share/rosidl_generator_cpp/cmake)
[5.823s] -- Using all available rosidl_typesupport_c: rosidl_typesupport_fastrtps_c;rosidl_typesupport_introspection_c
[5.928s] -- Using all available rosidl_typesupport_cpp: rosidl_typesupport_fastrtps_cpp;rosidl_typesupport_introspection_cpp
[6.090s] -- Found nav_msgs: 4.2.3 (/opt/ros/humble/share/nav_msgs/cmake)
[6.344s] -- Found rclcpp: 16.0.9 (/opt/ros/humble/share/rclcpp/cmake)
[6.792s] -- Found rmw_implementation_cmake: 6.1.2 (/opt/ros/humble/share/rmw_implementation_cmake/cmake)
[6.799s] -- Found rmw_fastrtps_cpp: 6.2.6 (/opt/ros/humble/share/rmw_fastrtps_cpp/cmake)
[7.726s] -- Found OpenSSL: /usr/lib/x86_64-linux-gnu/libcrypto.so (found version "3.0.2")  
[7.798s] -- Found FastRTPS: /opt/ros/humble/include  
[8.007s] -- Using RMW implementation 'rmw_fastrtps_cpp' as default
[8.038s] -- Found Threads: TRUE  
[8.630s] -- Found sensor_msgs: 4.2.3 (/opt/ros/humble/share/sensor_msgs/cmake)
[9.153s] -- Found tf2: 0.25.6 (/opt/ros/humble/share/tf2/cmake)
[9.494s] -- Configuring done
[9.519s] -- Generating done
[9.521s] -- Build files have been written to: /home/tal/TB3_PC_WS/build/turtlebot3_gazebo
[9.715s] Invoked command in '/home/tal/TB3_PC_WS/build/turtlebot3_gazebo' returned '0': CMAKE_PREFIX_PATH=${CMAKE_PREFIX_PATH}:/home/tal/tut2_ws/install/my_robot_controller:/home/tal/tut_ws/install/my_robot_controller:/home/tal/tutorial_ws/install/launch_testing_examples:/home/tal/tutorial_ws/install/examples_rclpy_pointcloud_publisher:/home/tal/tutorial_ws/install/examples_rclpy_minimal_subscriber:/home/tal/tutorial_ws/install/examples_rclpy_minimal_service:/home/tal/tutorial_ws/install/examples_rclpy_minimal_publisher:/home/tal/tutorial_ws/install/examples_rclpy_minimal_client:/home/tal/tutorial_ws/install/examples_rclpy_minimal_action_server:/home/tal/tutorial_ws/install/examples_rclpy_minimal_action_client:/home/tal/tutorial_ws/install/examples_rclpy_guard_conditions:/home/tal/tutorial_ws/install/examples_rclpy_executors:/opt/ros/humble /usr/bin/cmake /home/tal/TB3_PC_WS/src/turtlebot3_simulations/turtlebot3_gazebo -DCMAKE_INSTALL_PREFIX=/home/tal/TB3_PC_WS/install/turtlebot3_gazebo
[9.715s] Invoking command in '/home/tal/TB3_PC_WS/build/turtlebot3_gazebo': CMAKE_PREFIX_PATH=${CMAKE_PREFIX_PATH}:/home/tal/tut2_ws/install/my_robot_controller:/home/tal/tut_ws/install/my_robot_controller:/home/tal/tutorial_ws/install/launch_testing_examples:/home/tal/tutorial_ws/install/examples_rclpy_pointcloud_publisher:/home/tal/tutorial_ws/install/examples_rclpy_minimal_subscriber:/home/tal/tutorial_ws/install/examples_rclpy_minimal_service:/home/tal/tutorial_ws/install/examples_rclpy_minimal_publisher:/home/tal/tutorial_ws/install/examples_rclpy_minimal_client:/home/tal/tutorial_ws/install/examples_rclpy_minimal_action_server:/home/tal/tutorial_ws/install/examples_rclpy_minimal_action_client:/home/tal/tutorial_ws/install/examples_rclpy_guard_conditions:/home/tal/tutorial_ws/install/examples_rclpy_executors:/opt/ros/humble /usr/bin/cmake --build /home/tal/TB3_PC_WS/build/turtlebot3_gazebo -- -j6 -l6
[32.424s] [ 12%] [32mBuilding CXX object CMakeFiles/obstacle1.dir/models/turtlebot3_dqn_world/obstacle_plugin/obstacle1.cc.o[0m
[32.424s] [ 25%] [32mBuilding CXX object CMakeFiles/turtlebot3_drive.dir/src/turtlebot3_drive.cpp.o[0m
[32.424s] [ 37%] [32mBuilding CXX object CMakeFiles/obstacle2.dir/models/turtlebot3_dqn_world/obstacle_plugin/obstacle2.cc.o[0m
[32.424s] [ 50%] [32mBuilding CXX object CMakeFiles/obstacles.dir/models/turtlebot3_dqn_world/obstacle_plugin/obstacles.cc.o[0m
[39.794s] [ 62%] [32m[1mLinking CXX executable turtlebot3_drive[0m
[40.842s] [ 62%] Built target turtlebot3_drive
[41.045s] [ 75%] [32m[1mLinking CXX shared library libobstacles.so[0m
[41.355s] [ 75%] Built target obstacles
[41.659s] [ 87%] [32m[1mLinking CXX shared library libobstacle1.so[0m
[42.037s] [ 87%] Built target obstacle1
[43.954s] [100%] [32m[1mLinking CXX shared library libobstacle2.so[0m
[44.261s] [100%] Built target obstacle2
[44.261s] Invoked command in '/home/tal/TB3_PC_WS/build/turtlebot3_gazebo' returned '0': CMAKE_PREFIX_PATH=${CMAKE_PREFIX_PATH}:/home/tal/tut2_ws/install/my_robot_controller:/home/tal/tut_ws/install/my_robot_controller:/home/tal/tutorial_ws/install/launch_testing_examples:/home/tal/tutorial_ws/install/examples_rclpy_pointcloud_publisher:/home/tal/tutorial_ws/install/examples_rclpy_minimal_subscriber:/home/tal/tutorial_ws/install/examples_rclpy_minimal_service:/home/tal/tutorial_ws/install/examples_rclpy_minimal_publisher:/home/tal/tutorial_ws/install/examples_rclpy_minimal_client:/home/tal/tutorial_ws/install/examples_rclpy_minimal_action_server:/home/tal/tutorial_ws/install/examples_rclpy_minimal_action_client:/home/tal/tutorial_ws/install/examples_rclpy_guard_conditions:/home/tal/tutorial_ws/install/examples_rclpy_executors:/opt/ros/humble /usr/bin/cmake --build /home/tal/TB3_PC_WS/build/turtlebot3_gazebo -- -j6 -l6
[44.288s] Invoking command in '/home/tal/TB3_PC_WS/build/turtlebot3_gazebo': CMAKE_PREFIX_PATH=${CMAKE_PREFIX_PATH}:/home/tal/tut2_ws/install/my_robot_controller:/home/tal/tut_ws/install/my_robot_controller:/home/tal/tutorial_ws/install/launch_testing_examples:/home/tal/tutorial_ws/install/examples_rclpy_pointcloud_publisher:/home/tal/tutorial_ws/install/examples_rclpy_minimal_subscriber:/home/tal/tutorial_ws/install/examples_rclpy_minimal_service:/home/tal/tutorial_ws/install/examples_rclpy_minimal_publisher:/home/tal/tutorial_ws/install/examples_rclpy_minimal_client:/home/tal/tutorial_ws/install/examples_rclpy_minimal_action_server:/home/tal/tutorial_ws/install/examples_rclpy_minimal_action_client:/home/tal/tutorial_ws/install/examples_rclpy_guard_conditions:/home/tal/tutorial_ws/install/examples_rclpy_executors:/opt/ros/humble /usr/bin/cmake --install /home/tal/TB3_PC_WS/build/turtlebot3_gazebo
[44.292s] -- Install configuration: ""
[44.292s] -- Installing: /home/tal/TB3_PC_WS/install/turtlebot3_gazebo/lib/turtlebot3_gazebo/turtlebot3_drive
[44.296s] -- Set runtime path of "/home/tal/TB3_PC_WS/install/turtlebot3_gazebo/lib/turtlebot3_gazebo/turtlebot3_drive" to ""
[44.296s] -- Installing: /home/tal/TB3_PC_WS/install/turtlebot3_gazebo/share/turtlebot3_gazebo//launch
[44.296s] -- Installing: /home/tal/TB3_PC_WS/install/turtlebot3_gazebo/share/turtlebot3_gazebo//launch/robot_state_publisher.launch.py
[44.296s] -- Installing: /home/tal/TB3_PC_WS/install/turtlebot3_gazebo/share/turtlebot3_gazebo//launch/spawn_turtlebot3.launch.py
[44.296s] -- Installing: /home/tal/TB3_PC_WS/install/turtlebot3_gazebo/share/turtlebot3_gazebo//launch/turtlebot3_dqn_stage2.launch.py
[44.296s] -- Installing: /home/tal/TB3_PC_WS/install/turtlebot3_gazebo/share/turtlebot3_gazebo//launch/turtlebot3_dqn_stage3.launch.py
[44.296s] -- Installing: /home/tal/TB3_PC_WS/install/turtlebot3_gazebo/share/turtlebot3_gazebo//launch/__pycache__
[44.296s] -- Installing: /home/tal/TB3_PC_WS/install/turtlebot3_gazebo/share/turtlebot3_gazebo//launch/__pycache__/turtlebot3_world.launch.cpython-310.pyc
[44.297s] -- Installing: /home/tal/TB3_PC_WS/install/turtlebot3_gazebo/share/turtlebot3_gazebo//launch/turtlebot3_house.launch.py
[44.297s] -- Installing: /home/tal/TB3_PC_WS/install/turtlebot3_gazebo/share/turtlebot3_gazebo//launch/empty_world.launch.py
[44.297s] -- Installing: /home/tal/TB3_PC_WS/install/turtlebot3_gazebo/share/turtlebot3_gazebo//launch/turtlebot3_dqn_stage4.launch.py
[44.297s] -- Installing: /home/tal/TB3_PC_WS/install/turtlebot3_gazebo/share/turtlebot3_gazebo//launch/turtlebot3_world.launch.py
[44.297s] -- Installing: /home/tal/TB3_PC_WS/install/turtlebot3_gazebo/share/turtlebot3_gazebo//launch/turtlebot3_dqn_stage1.launch.py
[44.297s] -- Installing: /home/tal/TB3_PC_WS/install/turtlebot3_gazebo/share/turtlebot3_gazebo//models
[44.297s] -- Installing: /home/tal/TB3_PC_WS/install/turtlebot3_gazebo/share/turtlebot3_gazebo//models/turtlebot3_house
[44.297s] -- Installing: /home/tal/TB3_PC_WS/install/turtlebot3_gazebo/share/turtlebot3_gazebo//models/turtlebot3_house/model.config
[44.297s] -- Installing: /home/tal/TB3_PC_WS/install/turtlebot3_gazebo/share/turtlebot3_gazebo//models/turtlebot3_house/model.sdf
[44.297s] -- Installing: /home/tal/TB3_PC_WS/install/turtlebot3_gazebo/share/turtlebot3_gazebo//models/turtlebot3_burger
[44.297s] -- Installing: /home/tal/TB3_PC_WS/install/turtlebot3_gazebo/share/turtlebot3_gazebo//models/turtlebot3_burger/model.config
[44.297s] -- Installing: /home/tal/TB3_PC_WS/install/turtlebot3_gazebo/share/turtlebot3_gazebo//models/turtlebot3_burger/model-1_4.sdf
[44.297s] -- Installing: /home/tal/TB3_PC_WS/install/turtlebot3_gazebo/share/turtlebot3_gazebo//models/turtlebot3_burger/model.sdf
[44.297s] -- Installing: /home/tal/TB3_PC_WS/install/turtlebot3_gazebo/share/turtlebot3_gazebo//models/turtlebot3_world
[44.298s] -- Installing: /home/tal/TB3_PC_WS/install/turtlebot3_gazebo/share/turtlebot3_gazebo//models/turtlebot3_world/model.config
[44.298s] -- Installing: /home/tal/TB3_PC_WS/install/turtlebot3_gazebo/share/turtlebot3_gazebo//models/turtlebot3_world/model-1_4.sdf
[44.298s] -- Installing: /home/tal/TB3_PC_WS/install/turtlebot3_gazebo/share/turtlebot3_gazebo//models/turtlebot3_world/meshes
[44.298s] -- Installing: /home/tal/TB3_PC_WS/install/turtlebot3_gazebo/share/turtlebot3_gazebo//models/turtlebot3_world/meshes/wall.dae
[44.298s] -- Installing: /home/tal/TB3_PC_WS/install/turtlebot3_gazebo/share/turtlebot3_gazebo//models/turtlebot3_world/meshes/hexagon.dae
[44.298s] -- Installing: /home/tal/TB3_PC_WS/install/turtlebot3_gazebo/share/turtlebot3_gazebo//models/turtlebot3_world/model.sdf
[44.298s] -- Installing: /home/tal/TB3_PC_WS/install/turtlebot3_gazebo/share/turtlebot3_gazebo//models/turtlebot3_dqn_world
[44.298s] -- Installing: /home/tal/TB3_PC_WS/install/turtlebot3_gazebo/share/turtlebot3_gazebo//models/turtlebot3_dqn_world/model.config
[44.298s] -- Installing: /home/tal/TB3_PC_WS/install/turtlebot3_gazebo/share/turtlebot3_gazebo//models/turtlebot3_dqn_world/obstacles
[44.298s] -- Installing: /home/tal/TB3_PC_WS/install/turtlebot3_gazebo/share/turtlebot3_gazebo//models/turtlebot3_dqn_world/obstacles/model.config
[44.298s] -- Installing: /home/tal/TB3_PC_WS/install/turtlebot3_gazebo/share/turtlebot3_gazebo//models/turtlebot3_dqn_world/obstacles/model.sdf
[44.298s] -- Installing: /home/tal/TB3_PC_WS/install/turtlebot3_gazebo/share/turtlebot3_gazebo//models/turtlebot3_dqn_world/goal_box
[44.298s] -- Installing: /home/tal/TB3_PC_WS/install/turtlebot3_gazebo/share/turtlebot3_gazebo//models/turtlebot3_dqn_world/goal_box/model.config
[44.299s] -- Installing: /home/tal/TB3_PC_WS/install/turtlebot3_gazebo/share/turtlebot3_gazebo//models/turtlebot3_dqn_world/goal_box/model.sdf
[44.299s] -- Installing: /home/tal/TB3_PC_WS/install/turtlebot3_gazebo/share/turtlebot3_gazebo//models/turtlebot3_dqn_world/inner_walls
[44.299s] -- Installing: /home/tal/TB3_PC_WS/install/turtlebot3_gazebo/share/turtlebot3_gazebo//models/turtlebot3_dqn_world/inner_walls/model.config
[44.299s] -- Installing: /home/tal/TB3_PC_WS/install/turtlebot3_gazebo/share/turtlebot3_gazebo//models/turtlebot3_dqn_world/inner_walls/model.sdf
[44.299s] -- Installing: /home/tal/TB3_PC_WS/install/turtlebot3_gazebo/share/turtlebot3_gazebo//models/turtlebot3_dqn_world/obstacle2
[44.299s] -- Installing: /home/tal/TB3_PC_WS/install/turtlebot3_gazebo/share/turtlebot3_gazebo//models/turtlebot3_dqn_world/obstacle2/model.config
[44.299s] -- Installing: /home/tal/TB3_PC_WS/install/turtlebot3_gazebo/share/turtlebot3_gazebo//models/turtlebot3_dqn_world/obstacle2/model.sdf
[44.299s] -- Installing: /home/tal/TB3_PC_WS/install/turtlebot3_gazebo/share/turtlebot3_gazebo//models/turtlebot3_dqn_world/model.sdf
[44.299s] -- Installing: /home/tal/TB3_PC_WS/install/turtlebot3_gazebo/share/turtlebot3_gazebo//models/turtlebot3_dqn_world/obstacle1
[44.299s] -- Installing: /home/tal/TB3_PC_WS/install/turtlebot3_gazebo/share/turtlebot3_gazebo//models/turtlebot3_dqn_world/obstacle1/model.config
[44.299s] -- Installing: /home/tal/TB3_PC_WS/install/turtlebot3_gazebo/share/turtlebot3_gazebo//models/turtlebot3_dqn_world/obstacle1/model.sdf
[44.299s] -- Installing: /home/tal/TB3_PC_WS/install/turtlebot3_gazebo/share/turtlebot3_gazebo//models/turtlebot3_dqn_world/obstacle_plugin
[44.299s] -- Installing: /home/tal/TB3_PC_WS/install/turtlebot3_gazebo/share/turtlebot3_gazebo//models/turtlebot3_dqn_world/obstacle_plugin/obstacle2.cc
[44.299s] -- Installing: /home/tal/TB3_PC_WS/install/turtlebot3_gazebo/share/turtlebot3_gazebo//models/turtlebot3_dqn_world/obstacle_plugin/CMakeLists.txt
[44.299s] -- Installing: /home/tal/TB3_PC_WS/install/turtlebot3_gazebo/share/turtlebot3_gazebo//models/turtlebot3_dqn_world/obstacle_plugin/obstacle1.cc
[44.300s] -- Installing: /home/tal/TB3_PC_WS/install/turtlebot3_gazebo/share/turtlebot3_gazebo//models/turtlebot3_dqn_world/obstacle_plugin/obstacles.cc
[44.300s] -- Installing: /home/tal/TB3_PC_WS/install/turtlebot3_gazebo/share/turtlebot3_gazebo//models/turtlebot3_waffle_pi
[44.300s] -- Installing: /home/tal/TB3_PC_WS/install/turtlebot3_gazebo/share/turtlebot3_gazebo//models/turtlebot3_waffle_pi/model.config
[44.300s] -- Installing: /home/tal/TB3_PC_WS/install/turtlebot3_gazebo/share/turtlebot3_gazebo//models/turtlebot3_waffle_pi/model-1_4_.sdf
[44.300s] -- Installing: /home/tal/TB3_PC_WS/install/turtlebot3_gazebo/share/turtlebot3_gazebo//models/turtlebot3_waffle_pi/model.sdf
[44.300s] -- Installing: /home/tal/TB3_PC_WS/install/turtlebot3_gazebo/share/turtlebot3_gazebo//models/turtlebot3_common
[44.300s] -- Installing: /home/tal/TB3_PC_WS/install/turtlebot3_gazebo/share/turtlebot3_gazebo//models/turtlebot3_common/model.config
[44.300s] -- Installing: /home/tal/TB3_PC_WS/install/turtlebot3_gazebo/share/turtlebot3_gazebo//models/turtlebot3_common/meshes
[44.300s] -- Installing: /home/tal/TB3_PC_WS/install/turtlebot3_gazebo/share/turtlebot3_gazebo//models/turtlebot3_common/meshes/lds.dae
[44.300s] -- Installing: /home/tal/TB3_PC_WS/install/turtlebot3_gazebo/share/turtlebot3_gazebo//models/turtlebot3_common/meshes/r200.dae
[44.301s] -- Installing: /home/tal/TB3_PC_WS/install/turtlebot3_gazebo/share/turtlebot3_gazebo//models/turtlebot3_common/meshes/tire.dae
[44.301s] -- Installing: /home/tal/TB3_PC_WS/install/turtlebot3_gazebo/share/turtlebot3_gazebo//models/turtlebot3_common/meshes/burger_base.dae
[44.301s] -- Installing: /home/tal/TB3_PC_WS/install/turtlebot3_gazebo/share/turtlebot3_gazebo//models/turtlebot3_common/meshes/waffle_base.dae
[44.301s] -- Installing: /home/tal/TB3_PC_WS/install/turtlebot3_gazebo/share/turtlebot3_gazebo//models/turtlebot3_common/meshes/waffle_pi_base.dae
[44.301s] -- Installing: /home/tal/TB3_PC_WS/install/turtlebot3_gazebo/share/turtlebot3_gazebo//models/turtlebot3_waffle
[44.301s] -- Installing: /home/tal/TB3_PC_WS/install/turtlebot3_gazebo/share/turtlebot3_gazebo//models/turtlebot3_waffle/model.config
[44.301s] -- Installing: /home/tal/TB3_PC_WS/install/turtlebot3_gazebo/share/turtlebot3_gazebo//models/turtlebot3_waffle/model-1_4.sdf
[44.301s] -- Installing: /home/tal/TB3_PC_WS/install/turtlebot3_gazebo/share/turtlebot3_gazebo//models/turtlebot3_waffle/model.sdf
[44.301s] -- Installing: /home/tal/TB3_PC_WS/install/turtlebot3_gazebo/share/turtlebot3_gazebo//rviz
[44.301s] -- Installing: /home/tal/TB3_PC_WS/install/turtlebot3_gazebo/share/turtlebot3_gazebo//rviz/tb3_gazebo.rviz
[44.301s] -- Installing: /home/tal/TB3_PC_WS/install/turtlebot3_gazebo/share/turtlebot3_gazebo//urdf
[44.301s] -- Installing: /home/tal/TB3_PC_WS/install/turtlebot3_gazebo/share/turtlebot3_gazebo//urdf/turtlebot3_waffle.urdf
[44.301s] -- Installing: /home/tal/TB3_PC_WS/install/turtlebot3_gazebo/share/turtlebot3_gazebo//urdf/turtlebot3_waffle_pi.urdf
[44.301s] -- Installing: /home/tal/TB3_PC_WS/install/turtlebot3_gazebo/share/turtlebot3_gazebo//urdf/turtlebot3_burger.urdf
[44.301s] -- Installing: /home/tal/TB3_PC_WS/install/turtlebot3_gazebo/share/turtlebot3_gazebo//urdf/common_properties.urdf
[44.302s] -- Installing: /home/tal/TB3_PC_WS/install/turtlebot3_gazebo/share/turtlebot3_gazebo//worlds
[44.302s] -- Installing: /home/tal/TB3_PC_WS/install/turtlebot3_gazebo/share/turtlebot3_gazebo//worlds/turtlebot3_dqn_stage4.world
[44.302s] -- Installing: /home/tal/TB3_PC_WS/install/turtlebot3_gazebo/share/turtlebot3_gazebo//worlds/turtlebot3_dqn_stage1.world
[44.302s] -- Installing: /home/tal/TB3_PC_WS/install/turtlebot3_gazebo/share/turtlebot3_gazebo//worlds/turtlebot3_dqn_stage3.world
[44.302s] -- Installing: /home/tal/TB3_PC_WS/install/turtlebot3_gazebo/share/turtlebot3_gazebo//worlds/turtlebot3_dqn_stage2.world
[44.302s] -- Installing: /home/tal/TB3_PC_WS/install/turtlebot3_gazebo/share/turtlebot3_gazebo//worlds/turtlebot3_world.world
[44.302s] -- Installing: /home/tal/TB3_PC_WS/install/turtlebot3_gazebo/share/turtlebot3_gazebo//worlds/empty_world.world
[44.302s] -- Installing: /home/tal/TB3_PC_WS/install/turtlebot3_gazebo/share/turtlebot3_gazebo//worlds/turtlebot3_house.world
[44.302s] -- Installing: /home/tal/TB3_PC_WS/install/turtlebot3_gazebo/include/
[44.302s] -- Installing: /home/tal/TB3_PC_WS/install/turtlebot3_gazebo/include//turtlebot3_gazebo
[44.302s] -- Installing: /home/tal/TB3_PC_WS/install/turtlebot3_gazebo/include//turtlebot3_gazebo/turtlebot3_drive.hpp
[44.302s] -- Installing: /home/tal/TB3_PC_WS/install/turtlebot3_gazebo/share/ament_index/resource_index/package_run_dependencies/turtlebot3_gazebo
[44.302s] -- Installing: /home/tal/TB3_PC_WS/install/turtlebot3_gazebo/share/ament_index/resource_index/parent_prefix_path/turtlebot3_gazebo
[44.302s] -- Installing: /home/tal/TB3_PC_WS/install/turtlebot3_gazebo/share/turtlebot3_gazebo/environment/ament_prefix_path.sh
[44.302s] -- Installing: /home/tal/TB3_PC_WS/install/turtlebot3_gazebo/share/turtlebot3_gazebo/environment/ament_prefix_path.dsv
[44.302s] -- Installing: /home/tal/TB3_PC_WS/install/turtlebot3_gazebo/share/turtlebot3_gazebo/environment/path.sh
[44.302s] -- Installing: /home/tal/TB3_PC_WS/install/turtlebot3_gazebo/share/turtlebot3_gazebo/environment/path.dsv
[44.302s] -- Installing: /home/tal/TB3_PC_WS/install/turtlebot3_gazebo/share/turtlebot3_gazebo/local_setup.bash
[44.302s] -- Installing: /home/tal/TB3_PC_WS/install/turtlebot3_gazebo/share/turtlebot3_gazebo/local_setup.sh
[44.302s] -- Installing: /home/tal/TB3_PC_WS/install/turtlebot3_gazebo/share/turtlebot3_gazebo/local_setup.zsh
[44.302s] -- Installing: /home/tal/TB3_PC_WS/install/turtlebot3_gazebo/share/turtlebot3_gazebo/local_setup.dsv
[44.302s] -- Installing: /home/tal/TB3_PC_WS/install/turtlebot3_gazebo/share/turtlebot3_gazebo/package.dsv
[44.303s] -- Installing: /home/tal/TB3_PC_WS/install/turtlebot3_gazebo/share/ament_index/resource_index/packages/turtlebot3_gazebo
[44.303s] -- Installing: /home/tal/TB3_PC_WS/install/turtlebot3_gazebo/share/turtlebot3_gazebo/cmake/ament_cmake_export_include_directories-extras.cmake
[44.303s] -- Installing: /home/tal/TB3_PC_WS/install/turtlebot3_gazebo/share/turtlebot3_gazebo/cmake/ament_cmake_export_dependencies-extras.cmake
[44.303s] -- Installing: /home/tal/TB3_PC_WS/install/turtlebot3_gazebo/share/turtlebot3_gazebo/cmake/turtlebot3_gazeboConfig.cmake
[44.303s] -- Installing: /home/tal/TB3_PC_WS/install/turtlebot3_gazebo/share/turtlebot3_gazebo/cmake/turtlebot3_gazeboConfig-version.cmake
[44.303s] -- Installing: /home/tal/TB3_PC_WS/install/turtlebot3_gazebo/share/turtlebot3_gazebo/package.xml
[44.307s] Invoked command in '/home/tal/TB3_PC_WS/build/turtlebot3_gazebo' returned '0': CMAKE_PREFIX_PATH=${CMAKE_PREFIX_PATH}:/home/tal/tut2_ws/install/my_robot_controller:/home/tal/tut_ws/install/my_robot_controller:/home/tal/tutorial_ws/install/launch_testing_examples:/home/tal/tutorial_ws/install/examples_rclpy_pointcloud_publisher:/home/tal/tutorial_ws/install/examples_rclpy_minimal_subscriber:/home/tal/tutorial_ws/install/examples_rclpy_minimal_service:/home/tal/tutorial_ws/install/examples_rclpy_minimal_publisher:/home/tal/tutorial_ws/install/examples_rclpy_minimal_client:/home/tal/tutorial_ws/install/examples_rclpy_minimal_action_server:/home/tal/tutorial_ws/install/examples_rclpy_minimal_action_client:/home/tal/tutorial_ws/install/examples_rclpy_guard_conditions:/home/tal/tutorial_ws/install/examples_rclpy_executors:/opt/ros/humble /usr/bin/cmake --install /home/tal/TB3_PC_WS/build/turtlebot3_gazebo
