[0.005s] Invoking command in '/home/tal/TB3_PC_WS/build/turtlebot3_simulations': CMAKE_PREFIX_PATH=/home/tal/TB3_PC_WS/install/turtlebot3_gazebo:/home/tal/TB3_PC_WS/install/turtlebot3_fake_node:/home/tal/TB3_PC_WS/install/turtlebot3_simulations:/home/tal/TB3_PC_WS/install/tb_run_script:/opt/ros/humble /usr/bin/cmake --build /home/tal/TB3_PC_WS/build/turtlebot3_simulations -- -j16 -l16
[0.025s] Invoked command in '/home/tal/TB3_PC_WS/build/turtlebot3_simulations' returned '0': CMAKE_PREFIX_PATH=/home/tal/TB3_PC_WS/install/turtlebot3_gazebo:/home/tal/TB3_PC_WS/install/turtlebot3_fake_node:/home/tal/TB3_PC_WS/install/turtlebot3_simulations:/home/tal/TB3_PC_WS/install/tb_run_script:/opt/ros/humble /usr/bin/cmake --build /home/tal/TB3_PC_WS/build/turtlebot3_simulations -- -j16 -l16
[0.037s] Invoking command in '/home/tal/TB3_PC_WS/build/turtlebot3_simulations': CMAKE_PREFIX_PATH=/home/tal/TB3_PC_WS/install/turtlebot3_gazebo:/home/tal/TB3_PC_WS/install/turtlebot3_fake_node:/home/tal/TB3_PC_WS/install/turtlebot3_simulations:/home/tal/TB3_PC_WS/install/tb_run_script:/opt/ros/humble /usr/bin/cmake --install /home/tal/TB3_PC_WS/build/turtlebot3_simulations
[0.041s] -- Install configuration: ""
[0.041s] -- Execute custom install script
[0.041s] -- Up-to-date symlink: /home/tal/TB3_PC_WS/install/turtlebot3_simulations/share/ament_index/resource_index/package_run_dependencies/turtlebot3_simulations
[0.041s] -- Up-to-date symlink: /home/tal/TB3_PC_WS/install/turtlebot3_simulations/share/ament_index/resource_index/parent_prefix_path/turtlebot3_simulations
[0.041s] -- Up-to-date symlink: /home/tal/TB3_PC_WS/install/turtlebot3_simulations/share/turtlebot3_simulations/environment/ament_prefix_path.sh
[0.041s] -- Up-to-date symlink: /home/tal/TB3_PC_WS/install/turtlebot3_simulations/share/turtlebot3_simulations/environment/ament_prefix_path.dsv
[0.041s] -- Up-to-date symlink: /home/tal/TB3_PC_WS/install/turtlebot3_simulations/share/turtlebot3_simulations/environment/path.sh
[0.041s] -- Up-to-date symlink: /home/tal/TB3_PC_WS/install/turtlebot3_simulations/share/turtlebot3_simulations/environment/path.dsv
[0.042s] -- Up-to-date symlink: /home/tal/TB3_PC_WS/install/turtlebot3_simulations/share/turtlebot3_simulations/local_setup.bash
[0.042s] -- Up-to-date symlink: /home/tal/TB3_PC_WS/install/turtlebot3_simulations/share/turtlebot3_simulations/local_setup.sh
[0.042s] -- Up-to-date symlink: /home/tal/TB3_PC_WS/install/turtlebot3_simulations/share/turtlebot3_simulations/local_setup.zsh
[0.042s] -- Up-to-date symlink: /home/tal/TB3_PC_WS/install/turtlebot3_simulations/share/turtlebot3_simulations/local_setup.dsv
[0.042s] -- Symlinking: /home/tal/TB3_PC_WS/install/turtlebot3_simulations/share/turtlebot3_simulations/package.dsv
[0.047s] -- Up-to-date symlink: /home/tal/TB3_PC_WS/install/turtlebot3_simulations/share/ament_index/resource_index/packages/turtlebot3_simulations
[0.047s] -- Up-to-date symlink: /home/tal/TB3_PC_WS/install/turtlebot3_simulations/share/turtlebot3_simulations/cmake/turtlebot3_simulationsConfig.cmake
[0.047s] -- Up-to-date symlink: /home/tal/TB3_PC_WS/install/turtlebot3_simulations/share/turtlebot3_simulations/cmake/turtlebot3_simulationsConfig-version.cmake
[0.047s] -- Up-to-date symlink: /home/tal/TB3_PC_WS/install/turtlebot3_simulations/share/turtlebot3_simulations/package.xml
[0.048s] Invoked command in '/home/tal/TB3_PC_WS/build/turtlebot3_simulations' returned '0': CMAKE_PREFIX_PATH=/home/tal/TB3_PC_WS/install/turtlebot3_gazebo:/home/tal/TB3_PC_WS/install/turtlebot3_fake_node:/home/tal/TB3_PC_WS/install/turtlebot3_simulations:/home/tal/TB3_PC_WS/install/tb_run_script:/opt/ros/humble /usr/bin/cmake --install /home/tal/TB3_PC_WS/build/turtlebot3_simulations
