[0.438s] Invoking command in '/home/tal/TB3_PC_WS/src/turtlebot3/turtlebot3_example': CMAKE_PREFIX_PATH=/home/tal/TB3_PC_WS/install/turtlebot3_msgs:/opt/ros/noetic:/home/tal/TB3_PC_WS/install/turtlebot3:/home/tal/TB3_PC_WS/install/turtlebot3_bringup:/home/tal/TB3_PC_WS/install/turtlebot3_node:/home/tal/TB3_PC_WS/install/turtlebot3_navigation2:/home/tal/TB3_PC_WS/install/turtlebot3_description:/home/tal/TB3_PC_WS/install/turtlebot3_cartographer:/home/tal/TB3_PC_WS/install/turtlebot3_simulations:/home/tal/TB3_PC_WS/install/turtlebot3_gazebo:/home/tal/TB3_PC_WS/install/turtlebot3_fake_node:/home/tal/TB3_PC_WS/install/ros1_bridge LD_LIBRARY_PATH=/home/tal/TB3_PC_WS/install/turtlebot3_msgs/lib:/opt/ros/noetic/lib:/usr/lib/x86_64-linux-gnu/gazebo-11/plugins:/opt/ros/galactic/opt/yaml_cpp_vendor/lib:/opt/ros/galactic/lib/x86_64-linux-gnu:/opt/ros/galactic/lib PYTHONPATH=/home/tal/TB3_PC_WS/build/turtlebot3_example/prefix_override:/home/tal/.local/lib/python3.8/site-packages/colcon_core/task/python/colcon_distutils_commands:/home/tal/TB3_PC_WS/install/turtlebot3_example/lib/python3.8/site-packages:/home/tal/TB3_PC_WS/install/turtlebot3_msgs/lib/python3.8/site-packages:/opt/ros/noetic/lib/python3/dist-packages:/home/tal/TB3_PC_WS/install/turtlebot3_teleop/lib/python3.8/site-packages:/home/tal/TB3_PC_WS/install/turtlebot3_example/lib/python3.8/site-packages:/home/tal/TB3_PC_WS/install/tb_run_script/lib/python3.8/site-packages:/opt/ros/galactic/lib/python3.8/site-packages:/home/tal/TB3_PC_WS/install/tb_run_script/lib/python3.10/site-packages /usr/bin/python3 -W ignore:setup.py install is deprecated setup.py egg_info --egg-base ../../../build/turtlebot3_example build --build-base /home/tal/TB3_PC_WS/build/turtlebot3_example/build install --record /home/tal/TB3_PC_WS/build/turtlebot3_example/install.log --single-version-externally-managed install_data
[0.582s] running egg_info
[0.582s] creating ../../../build/turtlebot3_example/turtlebot3_example.egg-info
[0.583s] writing ../../../build/turtlebot3_example/turtlebot3_example.egg-info/PKG-INFO
[0.583s] writing dependency_links to ../../../build/turtlebot3_example/turtlebot3_example.egg-info/dependency_links.txt
[0.583s] writing entry points to ../../../build/turtlebot3_example/turtlebot3_example.egg-info/entry_points.txt
[0.583s] writing requirements to ../../../build/turtlebot3_example/turtlebot3_example.egg-info/requires.txt
[0.583s] writing top-level names to ../../../build/turtlebot3_example/turtlebot3_example.egg-info/top_level.txt
[0.584s] writing manifest file '../../../build/turtlebot3_example/turtlebot3_example.egg-info/SOURCES.txt'
[0.610s] reading manifest file '../../../build/turtlebot3_example/turtlebot3_example.egg-info/SOURCES.txt'
[0.611s] writing manifest file '../../../build/turtlebot3_example/turtlebot3_example.egg-info/SOURCES.txt'
[0.611s] running build
[0.611s] running build_py
[0.611s] creating /home/tal/TB3_PC_WS/build/turtlebot3_example/build
[0.611s] creating /home/tal/TB3_PC_WS/build/turtlebot3_example/build/lib
[0.611s] creating /home/tal/TB3_PC_WS/build/turtlebot3_example/build/lib/turtlebot3_example
[0.611s] copying turtlebot3_example/__init__.py -> /home/tal/TB3_PC_WS/build/turtlebot3_example/build/lib/turtlebot3_example
[0.611s] creating /home/tal/TB3_PC_WS/build/turtlebot3_example/build/lib/turtlebot3_example/turtlebot3_patrol_server
[0.611s] copying turtlebot3_example/turtlebot3_patrol_server/turtlebot3_path.py -> /home/tal/TB3_PC_WS/build/turtlebot3_example/build/lib/turtlebot3_example/turtlebot3_patrol_server
[0.611s] copying turtlebot3_example/turtlebot3_patrol_server/__init__.py -> /home/tal/TB3_PC_WS/build/turtlebot3_example/build/lib/turtlebot3_example/turtlebot3_patrol_server
[0.611s] copying turtlebot3_example/turtlebot3_patrol_server/main.py -> /home/tal/TB3_PC_WS/build/turtlebot3_example/build/lib/turtlebot3_example/turtlebot3_patrol_server
[0.612s] copying turtlebot3_example/turtlebot3_patrol_server/turtlebot3_patrol_server.py -> /home/tal/TB3_PC_WS/build/turtlebot3_example/build/lib/turtlebot3_example/turtlebot3_patrol_server
[0.612s] creating /home/tal/TB3_PC_WS/build/turtlebot3_example/build/lib/turtlebot3_example/turtlebot3_position_control
[0.612s] copying turtlebot3_example/turtlebot3_position_control/turtlebot3_path.py -> /home/tal/TB3_PC_WS/build/turtlebot3_example/build/lib/turtlebot3_example/turtlebot3_position_control
[0.612s] copying turtlebot3_example/turtlebot3_position_control/__init__.py -> /home/tal/TB3_PC_WS/build/turtlebot3_example/build/lib/turtlebot3_example/turtlebot3_position_control
[0.612s] copying turtlebot3_example/turtlebot3_position_control/main.py -> /home/tal/TB3_PC_WS/build/turtlebot3_example/build/lib/turtlebot3_example/turtlebot3_position_control
[0.612s] copying turtlebot3_example/turtlebot3_position_control/turtlebot3_position_control.py -> /home/tal/TB3_PC_WS/build/turtlebot3_example/build/lib/turtlebot3_example/turtlebot3_position_control
[0.612s] creating /home/tal/TB3_PC_WS/build/turtlebot3_example/build/lib/turtlebot3_example/turtlebot3_obstacle_detection
[0.612s] copying turtlebot3_example/turtlebot3_obstacle_detection/__init__.py -> /home/tal/TB3_PC_WS/build/turtlebot3_example/build/lib/turtlebot3_example/turtlebot3_obstacle_detection
[0.612s] copying turtlebot3_example/turtlebot3_obstacle_detection/main.py -> /home/tal/TB3_PC_WS/build/turtlebot3_example/build/lib/turtlebot3_example/turtlebot3_obstacle_detection
[0.612s] copying turtlebot3_example/turtlebot3_obstacle_detection/turtlebot3_obstacle_detection.py -> /home/tal/TB3_PC_WS/build/turtlebot3_example/build/lib/turtlebot3_example/turtlebot3_obstacle_detection
[0.612s] creating /home/tal/TB3_PC_WS/build/turtlebot3_example/build/lib/turtlebot3_example/turtlebot3_patrol_client
[0.612s] copying turtlebot3_example/turtlebot3_patrol_client/__init__.py -> /home/tal/TB3_PC_WS/build/turtlebot3_example/build/lib/turtlebot3_example/turtlebot3_patrol_client
[0.612s] copying turtlebot3_example/turtlebot3_patrol_client/main.py -> /home/tal/TB3_PC_WS/build/turtlebot3_example/build/lib/turtlebot3_example/turtlebot3_patrol_client
[0.612s] copying turtlebot3_example/turtlebot3_patrol_client/turtlebot3_patrol_client.py -> /home/tal/TB3_PC_WS/build/turtlebot3_example/build/lib/turtlebot3_example/turtlebot3_patrol_client
[0.612s] running install
[0.613s] running install_lib
[0.613s] creating /home/tal/TB3_PC_WS/install/turtlebot3_example/lib/python3.8/site-packages/turtlebot3_example
[0.614s] creating /home/tal/TB3_PC_WS/install/turtlebot3_example/lib/python3.8/site-packages/turtlebot3_example/turtlebot3_patrol_server
[0.614s] copying /home/tal/TB3_PC_WS/build/turtlebot3_example/build/lib/turtlebot3_example/turtlebot3_patrol_server/turtlebot3_path.py -> /home/tal/TB3_PC_WS/install/turtlebot3_example/lib/python3.8/site-packages/turtlebot3_example/turtlebot3_patrol_server
[0.614s] copying /home/tal/TB3_PC_WS/build/turtlebot3_example/build/lib/turtlebot3_example/turtlebot3_patrol_server/__init__.py -> /home/tal/TB3_PC_WS/install/turtlebot3_example/lib/python3.8/site-packages/turtlebot3_example/turtlebot3_patrol_server
[0.614s] copying /home/tal/TB3_PC_WS/build/turtlebot3_example/build/lib/turtlebot3_example/turtlebot3_patrol_server/main.py -> /home/tal/TB3_PC_WS/install/turtlebot3_example/lib/python3.8/site-packages/turtlebot3_example/turtlebot3_patrol_server
[0.614s] copying /home/tal/TB3_PC_WS/build/turtlebot3_example/build/lib/turtlebot3_example/turtlebot3_patrol_server/turtlebot3_patrol_server.py -> /home/tal/TB3_PC_WS/install/turtlebot3_example/lib/python3.8/site-packages/turtlebot3_example/turtlebot3_patrol_server
[0.614s] creating /home/tal/TB3_PC_WS/install/turtlebot3_example/lib/python3.8/site-packages/turtlebot3_example/turtlebot3_position_control
[0.614s] copying /home/tal/TB3_PC_WS/build/turtlebot3_example/build/lib/turtlebot3_example/turtlebot3_position_control/turtlebot3_path.py -> /home/tal/TB3_PC_WS/install/turtlebot3_example/lib/python3.8/site-packages/turtlebot3_example/turtlebot3_position_control
[0.614s] copying /home/tal/TB3_PC_WS/build/turtlebot3_example/build/lib/turtlebot3_example/turtlebot3_position_control/__init__.py -> /home/tal/TB3_PC_WS/install/turtlebot3_example/lib/python3.8/site-packages/turtlebot3_example/turtlebot3_position_control
[0.614s] copying /home/tal/TB3_PC_WS/build/turtlebot3_example/build/lib/turtlebot3_example/turtlebot3_position_control/main.py -> /home/tal/TB3_PC_WS/install/turtlebot3_example/lib/python3.8/site-packages/turtlebot3_example/turtlebot3_position_control
[0.614s] copying /home/tal/TB3_PC_WS/build/turtlebot3_example/build/lib/turtlebot3_example/turtlebot3_position_control/turtlebot3_position_control.py -> /home/tal/TB3_PC_WS/install/turtlebot3_example/lib/python3.8/site-packages/turtlebot3_example/turtlebot3_position_control
[0.614s] creating /home/tal/TB3_PC_WS/install/turtlebot3_example/lib/python3.8/site-packages/turtlebot3_example/turtlebot3_obstacle_detection
[0.614s] copying /home/tal/TB3_PC_WS/build/turtlebot3_example/build/lib/turtlebot3_example/turtlebot3_obstacle_detection/__init__.py -> /home/tal/TB3_PC_WS/install/turtlebot3_example/lib/python3.8/site-packages/turtlebot3_example/turtlebot3_obstacle_detection
[0.614s] copying /home/tal/TB3_PC_WS/build/turtlebot3_example/build/lib/turtlebot3_example/turtlebot3_obstacle_detection/main.py -> /home/tal/TB3_PC_WS/install/turtlebot3_example/lib/python3.8/site-packages/turtlebot3_example/turtlebot3_obstacle_detection
[0.614s] copying /home/tal/TB3_PC_WS/build/turtlebot3_example/build/lib/turtlebot3_example/turtlebot3_obstacle_detection/turtlebot3_obstacle_detection.py -> /home/tal/TB3_PC_WS/install/turtlebot3_example/lib/python3.8/site-packages/turtlebot3_example/turtlebot3_obstacle_detection
[0.614s] copying /home/tal/TB3_PC_WS/build/turtlebot3_example/build/lib/turtlebot3_example/__init__.py -> /home/tal/TB3_PC_WS/install/turtlebot3_example/lib/python3.8/site-packages/turtlebot3_example
[0.614s] creating /home/tal/TB3_PC_WS/install/turtlebot3_example/lib/python3.8/site-packages/turtlebot3_example/turtlebot3_patrol_client
[0.614s] copying /home/tal/TB3_PC_WS/build/turtlebot3_example/build/lib/turtlebot3_example/turtlebot3_patrol_client/__init__.py -> /home/tal/TB3_PC_WS/install/turtlebot3_example/lib/python3.8/site-packages/turtlebot3_example/turtlebot3_patrol_client
[0.615s] copying /home/tal/TB3_PC_WS/build/turtlebot3_example/build/lib/turtlebot3_example/turtlebot3_patrol_client/main.py -> /home/tal/TB3_PC_WS/install/turtlebot3_example/lib/python3.8/site-packages/turtlebot3_example/turtlebot3_patrol_client
[0.615s] copying /home/tal/TB3_PC_WS/build/turtlebot3_example/build/lib/turtlebot3_example/turtlebot3_patrol_client/turtlebot3_patrol_client.py -> /home/tal/TB3_PC_WS/install/turtlebot3_example/lib/python3.8/site-packages/turtlebot3_example/turtlebot3_patrol_client
[0.615s] byte-compiling /home/tal/TB3_PC_WS/install/turtlebot3_example/lib/python3.8/site-packages/turtlebot3_example/turtlebot3_patrol_server/turtlebot3_path.py to turtlebot3_path.cpython-38.pyc
[0.616s] byte-compiling /home/tal/TB3_PC_WS/install/turtlebot3_example/lib/python3.8/site-packages/turtlebot3_example/turtlebot3_patrol_server/__init__.py to __init__.cpython-38.pyc
[0.616s] byte-compiling /home/tal/TB3_PC_WS/install/turtlebot3_example/lib/python3.8/site-packages/turtlebot3_example/turtlebot3_patrol_server/main.py to main.cpython-38.pyc
[0.616s] byte-compiling /home/tal/TB3_PC_WS/install/turtlebot3_example/lib/python3.8/site-packages/turtlebot3_example/turtlebot3_patrol_server/turtlebot3_patrol_server.py to turtlebot3_patrol_server.cpython-38.pyc
[0.616s] byte-compiling /home/tal/TB3_PC_WS/install/turtlebot3_example/lib/python3.8/site-packages/turtlebot3_example/turtlebot3_position_control/turtlebot3_path.py to turtlebot3_path.cpython-38.pyc
[0.616s] byte-compiling /home/tal/TB3_PC_WS/install/turtlebot3_example/lib/python3.8/site-packages/turtlebot3_example/turtlebot3_position_control/__init__.py to __init__.cpython-38.pyc
[0.617s] byte-compiling /home/tal/TB3_PC_WS/install/turtlebot3_example/lib/python3.8/site-packages/turtlebot3_example/turtlebot3_position_control/main.py to main.cpython-38.pyc
[0.617s] byte-compiling /home/tal/TB3_PC_WS/install/turtlebot3_example/lib/python3.8/site-packages/turtlebot3_example/turtlebot3_position_control/turtlebot3_position_control.py to turtlebot3_position_control.cpython-38.pyc
[0.617s] byte-compiling /home/tal/TB3_PC_WS/install/turtlebot3_example/lib/python3.8/site-packages/turtlebot3_example/turtlebot3_obstacle_detection/__init__.py to __init__.cpython-38.pyc
[0.617s] byte-compiling /home/tal/TB3_PC_WS/install/turtlebot3_example/lib/python3.8/site-packages/turtlebot3_example/turtlebot3_obstacle_detection/main.py to main.cpython-38.pyc
[0.617s] byte-compiling /home/tal/TB3_PC_WS/install/turtlebot3_example/lib/python3.8/site-packages/turtlebot3_example/turtlebot3_obstacle_detection/turtlebot3_obstacle_detection.py to turtlebot3_obstacle_detection.cpython-38.pyc
[0.618s] byte-compiling /home/tal/TB3_PC_WS/install/turtlebot3_example/lib/python3.8/site-packages/turtlebot3_example/__init__.py to __init__.cpython-38.pyc
[0.618s] byte-compiling /home/tal/TB3_PC_WS/install/turtlebot3_example/lib/python3.8/site-packages/turtlebot3_example/turtlebot3_patrol_client/__init__.py to __init__.cpython-38.pyc
[0.618s] byte-compiling /home/tal/TB3_PC_WS/install/turtlebot3_example/lib/python3.8/site-packages/turtlebot3_example/turtlebot3_patrol_client/main.py to main.cpython-38.pyc
[0.618s] byte-compiling /home/tal/TB3_PC_WS/install/turtlebot3_example/lib/python3.8/site-packages/turtlebot3_example/turtlebot3_patrol_client/turtlebot3_patrol_client.py to turtlebot3_patrol_client.cpython-38.pyc
[0.618s] running install_data
[0.618s] creating /home/tal/TB3_PC_WS/install/turtlebot3_example/share/ament_index
[0.619s] creating /home/tal/TB3_PC_WS/install/turtlebot3_example/share/ament_index/resource_index
[0.619s] creating /home/tal/TB3_PC_WS/install/turtlebot3_example/share/ament_index/resource_index/packages
[0.619s] copying resource/turtlebot3_example -> /home/tal/TB3_PC_WS/install/turtlebot3_example/share/ament_index/resource_index/packages
[0.619s] copying package.xml -> /home/tal/TB3_PC_WS/install/turtlebot3_example/share/turtlebot3_example
[0.619s] running install_egg_info
[0.620s] Copying ../../../build/turtlebot3_example/turtlebot3_example.egg-info to /home/tal/TB3_PC_WS/install/turtlebot3_example/lib/python3.8/site-packages/turtlebot3_example-2.1.5-py3.8.egg-info
[0.620s] running install_scripts
[0.633s] Installing turtlebot3_obstacle_detection script to /home/tal/TB3_PC_WS/install/turtlebot3_example/lib/turtlebot3_example
[0.634s] Installing turtlebot3_patrol_client script to /home/tal/TB3_PC_WS/install/turtlebot3_example/lib/turtlebot3_example
[0.634s] Installing turtlebot3_patrol_server script to /home/tal/TB3_PC_WS/install/turtlebot3_example/lib/turtlebot3_example
[0.634s] Installing turtlebot3_position_control script to /home/tal/TB3_PC_WS/install/turtlebot3_example/lib/turtlebot3_example
[0.634s] writing list of installed files to '/home/tal/TB3_PC_WS/build/turtlebot3_example/install.log'
[0.657s] Invoked command in '/home/tal/TB3_PC_WS/src/turtlebot3/turtlebot3_example' returned '0': CMAKE_PREFIX_PATH=/home/tal/TB3_PC_WS/install/turtlebot3_msgs:/opt/ros/noetic:/home/tal/TB3_PC_WS/install/turtlebot3:/home/tal/TB3_PC_WS/install/turtlebot3_bringup:/home/tal/TB3_PC_WS/install/turtlebot3_node:/home/tal/TB3_PC_WS/install/turtlebot3_navigation2:/home/tal/TB3_PC_WS/install/turtlebot3_description:/home/tal/TB3_PC_WS/install/turtlebot3_cartographer:/home/tal/TB3_PC_WS/install/turtlebot3_simulations:/home/tal/TB3_PC_WS/install/turtlebot3_gazebo:/home/tal/TB3_PC_WS/install/turtlebot3_fake_node:/home/tal/TB3_PC_WS/install/ros1_bridge LD_LIBRARY_PATH=/home/tal/TB3_PC_WS/install/turtlebot3_msgs/lib:/opt/ros/noetic/lib:/usr/lib/x86_64-linux-gnu/gazebo-11/plugins:/opt/ros/galactic/opt/yaml_cpp_vendor/lib:/opt/ros/galactic/lib/x86_64-linux-gnu:/opt/ros/galactic/lib PYTHONPATH=/home/tal/TB3_PC_WS/build/turtlebot3_example/prefix_override:/home/tal/.local/lib/python3.8/site-packages/colcon_core/task/python/colcon_distutils_commands:/home/tal/TB3_PC_WS/install/turtlebot3_example/lib/python3.8/site-packages:/home/tal/TB3_PC_WS/install/turtlebot3_msgs/lib/python3.8/site-packages:/opt/ros/noetic/lib/python3/dist-packages:/home/tal/TB3_PC_WS/install/turtlebot3_teleop/lib/python3.8/site-packages:/home/tal/TB3_PC_WS/install/turtlebot3_example/lib/python3.8/site-packages:/home/tal/TB3_PC_WS/install/tb_run_script/lib/python3.8/site-packages:/opt/ros/galactic/lib/python3.8/site-packages:/home/tal/TB3_PC_WS/install/tb_run_script/lib/python3.10/site-packages /usr/bin/python3 -W ignore:setup.py install is deprecated setup.py egg_info --egg-base ../../../build/turtlebot3_example build --build-base /home/tal/TB3_PC_WS/build/turtlebot3_example/build install --record /home/tal/TB3_PC_WS/build/turtlebot3_example/install.log --single-version-externally-managed install_data
