[0.104s] DEBUG:colcon:Command line arguments: ['/usr/bin/colcon', 'build', '--packages-select', 'ros1_bridge']
[0.104s] DEBUG:colcon:Parsed command line arguments: Namespace(allow_overriding=[], ament_cmake_args=None, base_paths=['.'], build_base='build', catkin_cmake_args=None, catkin_skip_building_tests=False, cmake_args=None, cmake_clean_cache=False, cmake_clean_first=False, cmake_force_configure=False, cmake_target=None, cmake_target_skip_unavailable=False, continue_on_error=False, event_handlers=None, executor='parallel', ignore_user_meta=False, install_base='install', log_base=None, log_level=None, main=<bound method BuildVerb.main of <colcon_core.verb.build.BuildVerb object at 0x7f7f24192d90>>, merge_install=False, metas=['./colcon.meta'], packages_above=None, packages_above_and_dependencies=None, packages_above_depth=None, packages_end=None, packages_ignore=None, packages_ignore_regex=None, packages_select=['ros1_bridge'], packages_select_build_failed=False, packages_select_by_dep=None, packages_select_regex=None, packages_select_test_failures=False, packages_skip=None, packages_skip_build_finished=False, packages_skip_by_dep=None, packages_skip_regex=None, packages_skip_test_passed=False, packages_skip_up_to=None, packages_start=None, packages_up_to=None, packages_up_to_regex=None, parallel_workers=16, paths=None, symlink_install=False, test_result_base=None, verb_extension=<colcon_core.verb.build.BuildVerb object at 0x7f7f24192d90>, verb_name='build', verb_parser=<colcon_defaults.argument_parser.defaults.DefaultArgumentsDecorator object at 0x7f7f2419e340>)
[0.235s] Level 1:colcon.colcon_core.package_discovery:discover_packages(colcon_meta) check parameters
[0.235s] Level 1:colcon.colcon_core.package_discovery:discover_packages(recursive) check parameters
[0.235s] Level 1:colcon.colcon_core.package_discovery:discover_packages(ignore) check parameters
[0.235s] Level 1:colcon.colcon_core.package_discovery:discover_packages(path) check parameters
[0.235s] Level 1:colcon.colcon_core.package_discovery:discover_packages(colcon_meta) discover
[0.235s] Level 1:colcon.colcon_core.package_discovery:discover_packages(recursive) discover
[0.235s] INFO:colcon.colcon_core.package_discovery:Crawling recursively for packages in '/home/tal/TB3_PC_WS'
[0.235s] Level 1:colcon.colcon_core.package_identification:_identify(.) by extensions ['ignore', 'ignore_ament_install']
[0.235s] Level 1:colcon.colcon_core.package_identification:_identify(.) by extension 'ignore'
[0.235s] Level 1:colcon.colcon_core.package_identification:_identify(.) by extension 'ignore_ament_install'
[0.235s] Level 1:colcon.colcon_core.package_identification:_identify(.) by extensions ['colcon_pkg']
[0.235s] Level 1:colcon.colcon_core.package_identification:_identify(.) by extension 'colcon_pkg'
[0.235s] Level 1:colcon.colcon_core.package_identification:_identify(.) by extensions ['colcon_meta']
[0.235s] Level 1:colcon.colcon_core.package_identification:_identify(.) by extension 'colcon_meta'
[0.235s] Level 1:colcon.colcon_core.package_identification:_identify(.) by extensions ['ros']
[0.235s] Level 1:colcon.colcon_core.package_identification:_identify(.) by extension 'ros'
[0.241s] Level 1:colcon.colcon_core.package_identification:_identify(.) by extensions ['cmake', 'python']
[0.241s] Level 1:colcon.colcon_core.package_identification:_identify(.) by extension 'cmake'
[0.242s] Level 1:colcon.colcon_core.package_identification:_identify(.) by extension 'python'
[0.242s] Level 1:colcon.colcon_core.package_identification:_identify(.) by extensions ['python_setup_py']
[0.242s] Level 1:colcon.colcon_core.package_identification:_identify(.) by extension 'python_setup_py'
[0.242s] Level 1:colcon.colcon_core.package_identification:_identify(build) by extensions ['ignore', 'ignore_ament_install']
[0.242s] Level 1:colcon.colcon_core.package_identification:_identify(build) by extension 'ignore'
[0.242s] Level 1:colcon.colcon_core.package_identification:_identify(build) ignored
[0.242s] Level 1:colcon.colcon_core.package_identification:_identify(install) by extensions ['ignore', 'ignore_ament_install']
[0.242s] Level 1:colcon.colcon_core.package_identification:_identify(install) by extension 'ignore'
[0.242s] Level 1:colcon.colcon_core.package_identification:_identify(install) ignored
[0.242s] Level 1:colcon.colcon_core.package_identification:_identify(install_scripts) by extensions ['ignore', 'ignore_ament_install']
[0.242s] Level 1:colcon.colcon_core.package_identification:_identify(install_scripts) by extension 'ignore'
[0.242s] Level 1:colcon.colcon_core.package_identification:_identify(install_scripts) by extension 'ignore_ament_install'
[0.242s] Level 1:colcon.colcon_core.package_identification:_identify(install_scripts) by extensions ['colcon_pkg']
[0.242s] Level 1:colcon.colcon_core.package_identification:_identify(install_scripts) by extension 'colcon_pkg'
[0.242s] Level 1:colcon.colcon_core.package_identification:_identify(install_scripts) by extensions ['colcon_meta']
[0.242s] Level 1:colcon.colcon_core.package_identification:_identify(install_scripts) by extension 'colcon_meta'
[0.242s] Level 1:colcon.colcon_core.package_identification:_identify(install_scripts) by extensions ['ros']
[0.242s] Level 1:colcon.colcon_core.package_identification:_identify(install_scripts) by extension 'ros'
[0.242s] Level 1:colcon.colcon_core.package_identification:_identify(install_scripts) by extensions ['cmake', 'python']
[0.242s] Level 1:colcon.colcon_core.package_identification:_identify(install_scripts) by extension 'cmake'
[0.242s] Level 1:colcon.colcon_core.package_identification:_identify(install_scripts) by extension 'python'
[0.242s] Level 1:colcon.colcon_core.package_identification:_identify(install_scripts) by extensions ['python_setup_py']
[0.242s] Level 1:colcon.colcon_core.package_identification:_identify(install_scripts) by extension 'python_setup_py'
[0.242s] Level 1:colcon.colcon_core.package_identification:_identify(install_scripts/ros1_ros2_installation) by extensions ['ignore', 'ignore_ament_install']
[0.242s] Level 1:colcon.colcon_core.package_identification:_identify(install_scripts/ros1_ros2_installation) by extension 'ignore'
[0.242s] Level 1:colcon.colcon_core.package_identification:_identify(install_scripts/ros1_ros2_installation) by extension 'ignore_ament_install'
[0.242s] Level 1:colcon.colcon_core.package_identification:_identify(install_scripts/ros1_ros2_installation) by extensions ['colcon_pkg']
[0.242s] Level 1:colcon.colcon_core.package_identification:_identify(install_scripts/ros1_ros2_installation) by extension 'colcon_pkg'
[0.242s] Level 1:colcon.colcon_core.package_identification:_identify(install_scripts/ros1_ros2_installation) by extensions ['colcon_meta']
[0.242s] Level 1:colcon.colcon_core.package_identification:_identify(install_scripts/ros1_ros2_installation) by extension 'colcon_meta'
[0.243s] Level 1:colcon.colcon_core.package_identification:_identify(install_scripts/ros1_ros2_installation) by extensions ['ros']
[0.243s] Level 1:colcon.colcon_core.package_identification:_identify(install_scripts/ros1_ros2_installation) by extension 'ros'
[0.243s] Level 1:colcon.colcon_core.package_identification:_identify(install_scripts/ros1_ros2_installation) by extensions ['cmake', 'python']
[0.243s] Level 1:colcon.colcon_core.package_identification:_identify(install_scripts/ros1_ros2_installation) by extension 'cmake'
[0.243s] Level 1:colcon.colcon_core.package_identification:_identify(install_scripts/ros1_ros2_installation) by extension 'python'
[0.243s] Level 1:colcon.colcon_core.package_identification:_identify(install_scripts/ros1_ros2_installation) by extensions ['python_setup_py']
[0.243s] Level 1:colcon.colcon_core.package_identification:_identify(install_scripts/ros1_ros2_installation) by extension 'python_setup_py'
[0.243s] Level 1:colcon.colcon_core.package_identification:_identify(log) by extensions ['ignore', 'ignore_ament_install']
[0.243s] Level 1:colcon.colcon_core.package_identification:_identify(log) by extension 'ignore'
[0.243s] Level 1:colcon.colcon_core.package_identification:_identify(log) ignored
[0.243s] Level 1:colcon.colcon_core.package_identification:_identify(src) by extensions ['ignore', 'ignore_ament_install']
[0.243s] Level 1:colcon.colcon_core.package_identification:_identify(src) by extension 'ignore'
[0.243s] Level 1:colcon.colcon_core.package_identification:_identify(src) by extension 'ignore_ament_install'
[0.243s] Level 1:colcon.colcon_core.package_identification:_identify(src) by extensions ['colcon_pkg']
[0.243s] Level 1:colcon.colcon_core.package_identification:_identify(src) by extension 'colcon_pkg'
[0.243s] Level 1:colcon.colcon_core.package_identification:_identify(src) by extensions ['colcon_meta']
[0.243s] Level 1:colcon.colcon_core.package_identification:_identify(src) by extension 'colcon_meta'
[0.243s] Level 1:colcon.colcon_core.package_identification:_identify(src) by extensions ['ros']
[0.243s] Level 1:colcon.colcon_core.package_identification:_identify(src) by extension 'ros'
[0.243s] Level 1:colcon.colcon_core.package_identification:_identify(src) by extensions ['cmake', 'python']
[0.243s] Level 1:colcon.colcon_core.package_identification:_identify(src) by extension 'cmake'
[0.243s] Level 1:colcon.colcon_core.package_identification:_identify(src) by extension 'python'
[0.243s] Level 1:colcon.colcon_core.package_identification:_identify(src) by extensions ['python_setup_py']
[0.243s] Level 1:colcon.colcon_core.package_identification:_identify(src) by extension 'python_setup_py'
[0.243s] Level 1:colcon.colcon_core.package_identification:_identify(src/ros1_bridge-master) by extensions ['ignore', 'ignore_ament_install']
[0.243s] Level 1:colcon.colcon_core.package_identification:_identify(src/ros1_bridge-master) by extension 'ignore'
[0.243s] Level 1:colcon.colcon_core.package_identification:_identify(src/ros1_bridge-master) by extension 'ignore_ament_install'
[0.243s] Level 1:colcon.colcon_core.package_identification:_identify(src/ros1_bridge-master) by extensions ['colcon_pkg']
[0.243s] Level 1:colcon.colcon_core.package_identification:_identify(src/ros1_bridge-master) by extension 'colcon_pkg'
[0.243s] Level 1:colcon.colcon_core.package_identification:_identify(src/ros1_bridge-master) by extensions ['colcon_meta']
[0.243s] Level 1:colcon.colcon_core.package_identification:_identify(src/ros1_bridge-master) by extension 'colcon_meta'
[0.243s] Level 1:colcon.colcon_core.package_identification:_identify(src/ros1_bridge-master) by extensions ['ros']
[0.243s] Level 1:colcon.colcon_core.package_identification:_identify(src/ros1_bridge-master) by extension 'ros'
[0.245s] DEBUG:colcon.colcon_core.package_identification:Package 'src/ros1_bridge-master' with type 'ros.ament_cmake' and name 'ros1_bridge'
[0.245s] Level 1:colcon.colcon_core.package_identification:_identify(src/tb_run_script) by extensions ['ignore', 'ignore_ament_install']
[0.245s] Level 1:colcon.colcon_core.package_identification:_identify(src/tb_run_script) by extension 'ignore'
[0.245s] Level 1:colcon.colcon_core.package_identification:_identify(src/tb_run_script) by extension 'ignore_ament_install'
[0.245s] Level 1:colcon.colcon_core.package_identification:_identify(src/tb_run_script) by extensions ['colcon_pkg']
[0.245s] Level 1:colcon.colcon_core.package_identification:_identify(src/tb_run_script) by extension 'colcon_pkg'
[0.245s] Level 1:colcon.colcon_core.package_identification:_identify(src/tb_run_script) by extensions ['colcon_meta']
[0.245s] Level 1:colcon.colcon_core.package_identification:_identify(src/tb_run_script) by extension 'colcon_meta'
[0.245s] Level 1:colcon.colcon_core.package_identification:_identify(src/tb_run_script) by extensions ['ros']
[0.245s] Level 1:colcon.colcon_core.package_identification:_identify(src/tb_run_script) by extension 'ros'
[0.246s] DEBUG:colcon.colcon_core.package_identification:Package 'src/tb_run_script' with type 'ros.ament_python' and name 'tb_run_script'
[0.246s] Level 1:colcon.colcon_core.package_identification:_identify(src/turtlebot3_simulations-humble-devel) by extensions ['ignore', 'ignore_ament_install']
[0.246s] Level 1:colcon.colcon_core.package_identification:_identify(src/turtlebot3_simulations-humble-devel) by extension 'ignore'
[0.246s] Level 1:colcon.colcon_core.package_identification:_identify(src/turtlebot3_simulations-humble-devel) by extension 'ignore_ament_install'
[0.246s] Level 1:colcon.colcon_core.package_identification:_identify(src/turtlebot3_simulations-humble-devel) by extensions ['colcon_pkg']
[0.246s] Level 1:colcon.colcon_core.package_identification:_identify(src/turtlebot3_simulations-humble-devel) by extension 'colcon_pkg'
[0.246s] Level 1:colcon.colcon_core.package_identification:_identify(src/turtlebot3_simulations-humble-devel) by extensions ['colcon_meta']
[0.246s] Level 1:colcon.colcon_core.package_identification:_identify(src/turtlebot3_simulations-humble-devel) by extension 'colcon_meta'
[0.246s] Level 1:colcon.colcon_core.package_identification:_identify(src/turtlebot3_simulations-humble-devel) by extensions ['ros']
[0.246s] Level 1:colcon.colcon_core.package_identification:_identify(src/turtlebot3_simulations-humble-devel) by extension 'ros'
[0.246s] Level 1:colcon.colcon_core.package_identification:_identify(src/turtlebot3_simulations-humble-devel) by extensions ['cmake', 'python']
[0.246s] Level 1:colcon.colcon_core.package_identification:_identify(src/turtlebot3_simulations-humble-devel) by extension 'cmake'
[0.246s] Level 1:colcon.colcon_core.package_identification:_identify(src/turtlebot3_simulations-humble-devel) by extension 'python'
[0.246s] Level 1:colcon.colcon_core.package_identification:_identify(src/turtlebot3_simulations-humble-devel) by extensions ['python_setup_py']
[0.246s] Level 1:colcon.colcon_core.package_identification:_identify(src/turtlebot3_simulations-humble-devel) by extension 'python_setup_py'
[0.246s] Level 1:colcon.colcon_core.package_identification:_identify(src/turtlebot3_simulations-humble-devel/turtlebot3_fake_node) by extensions ['ignore', 'ignore_ament_install']
[0.246s] Level 1:colcon.colcon_core.package_identification:_identify(src/turtlebot3_simulations-humble-devel/turtlebot3_fake_node) by extension 'ignore'
[0.246s] Level 1:colcon.colcon_core.package_identification:_identify(src/turtlebot3_simulations-humble-devel/turtlebot3_fake_node) by extension 'ignore_ament_install'
[0.246s] Level 1:colcon.colcon_core.package_identification:_identify(src/turtlebot3_simulations-humble-devel/turtlebot3_fake_node) by extensions ['colcon_pkg']
[0.246s] Level 1:colcon.colcon_core.package_identification:_identify(src/turtlebot3_simulations-humble-devel/turtlebot3_fake_node) by extension 'colcon_pkg'
[0.246s] Level 1:colcon.colcon_core.package_identification:_identify(src/turtlebot3_simulations-humble-devel/turtlebot3_fake_node) by extensions ['colcon_meta']
[0.246s] Level 1:colcon.colcon_core.package_identification:_identify(src/turtlebot3_simulations-humble-devel/turtlebot3_fake_node) by extension 'colcon_meta'
[0.246s] Level 1:colcon.colcon_core.package_identification:_identify(src/turtlebot3_simulations-humble-devel/turtlebot3_fake_node) by extensions ['ros']
[0.246s] Level 1:colcon.colcon_core.package_identification:_identify(src/turtlebot3_simulations-humble-devel/turtlebot3_fake_node) by extension 'ros'
[0.247s] DEBUG:colcon.colcon_core.package_identification:Package 'src/turtlebot3_simulations-humble-devel/turtlebot3_fake_node' with type 'ros.ament_cmake' and name 'turtlebot3_fake_node'
[0.247s] Level 1:colcon.colcon_core.package_identification:_identify(src/turtlebot3_simulations-humble-devel/turtlebot3_gazebo) by extensions ['ignore', 'ignore_ament_install']
[0.247s] Level 1:colcon.colcon_core.package_identification:_identify(src/turtlebot3_simulations-humble-devel/turtlebot3_gazebo) by extension 'ignore'
[0.247s] Level 1:colcon.colcon_core.package_identification:_identify(src/turtlebot3_simulations-humble-devel/turtlebot3_gazebo) by extension 'ignore_ament_install'
[0.247s] Level 1:colcon.colcon_core.package_identification:_identify(src/turtlebot3_simulations-humble-devel/turtlebot3_gazebo) by extensions ['colcon_pkg']
[0.247s] Level 1:colcon.colcon_core.package_identification:_identify(src/turtlebot3_simulations-humble-devel/turtlebot3_gazebo) by extension 'colcon_pkg'
[0.247s] Level 1:colcon.colcon_core.package_identification:_identify(src/turtlebot3_simulations-humble-devel/turtlebot3_gazebo) by extensions ['colcon_meta']
[0.247s] Level 1:colcon.colcon_core.package_identification:_identify(src/turtlebot3_simulations-humble-devel/turtlebot3_gazebo) by extension 'colcon_meta'
[0.247s] Level 1:colcon.colcon_core.package_identification:_identify(src/turtlebot3_simulations-humble-devel/turtlebot3_gazebo) by extensions ['ros']
[0.247s] Level 1:colcon.colcon_core.package_identification:_identify(src/turtlebot3_simulations-humble-devel/turtlebot3_gazebo) by extension 'ros'
[0.248s] DEBUG:colcon.colcon_core.package_identification:Package 'src/turtlebot3_simulations-humble-devel/turtlebot3_gazebo' with type 'ros.ament_cmake' and name 'turtlebot3_gazebo'
[0.248s] Level 1:colcon.colcon_core.package_identification:_identify(src/turtlebot3_simulations-humble-devel/turtlebot3_simulations) by extensions ['ignore', 'ignore_ament_install']
[0.248s] Level 1:colcon.colcon_core.package_identification:_identify(src/turtlebot3_simulations-humble-devel/turtlebot3_simulations) by extension 'ignore'
[0.248s] Level 1:colcon.colcon_core.package_identification:_identify(src/turtlebot3_simulations-humble-devel/turtlebot3_simulations) by extension 'ignore_ament_install'
[0.248s] Level 1:colcon.colcon_core.package_identification:_identify(src/turtlebot3_simulations-humble-devel/turtlebot3_simulations) by extensions ['colcon_pkg']
[0.248s] Level 1:colcon.colcon_core.package_identification:_identify(src/turtlebot3_simulations-humble-devel/turtlebot3_simulations) by extension 'colcon_pkg'
[0.248s] Level 1:colcon.colcon_core.package_identification:_identify(src/turtlebot3_simulations-humble-devel/turtlebot3_simulations) by extensions ['colcon_meta']
[0.248s] Level 1:colcon.colcon_core.package_identification:_identify(src/turtlebot3_simulations-humble-devel/turtlebot3_simulations) by extension 'colcon_meta'
[0.248s] Level 1:colcon.colcon_core.package_identification:_identify(src/turtlebot3_simulations-humble-devel/turtlebot3_simulations) by extensions ['ros']
[0.248s] Level 1:colcon.colcon_core.package_identification:_identify(src/turtlebot3_simulations-humble-devel/turtlebot3_simulations) by extension 'ros'
[0.249s] DEBUG:colcon.colcon_core.package_identification:Package 'src/turtlebot3_simulations-humble-devel/turtlebot3_simulations' with type 'ros.ament_cmake' and name 'turtlebot3_simulations'
[0.249s] Level 1:colcon.colcon_core.package_discovery:discover_packages(recursive) using defaults
[0.249s] Level 1:colcon.colcon_core.package_discovery:discover_packages(ignore) discover
[0.249s] Level 1:colcon.colcon_core.package_discovery:discover_packages(ignore) using defaults
[0.249s] Level 1:colcon.colcon_core.package_discovery:discover_packages(path) discover
[0.249s] Level 1:colcon.colcon_core.package_discovery:discover_packages(path) using defaults
[0.258s] INFO:colcon.colcon_core.package_selection:Skipping not selected package 'tb_run_script' in 'src/tb_run_script'
[0.258s] INFO:colcon.colcon_core.package_selection:Skipping not selected package 'turtlebot3_fake_node' in 'src/turtlebot3_simulations-humble-devel/turtlebot3_fake_node'
[0.258s] INFO:colcon.colcon_core.package_selection:Skipping not selected package 'turtlebot3_gazebo' in 'src/turtlebot3_simulations-humble-devel/turtlebot3_gazebo'
[0.258s] INFO:colcon.colcon_core.package_selection:Skipping not selected package 'turtlebot3_simulations' in 'src/turtlebot3_simulations-humble-devel/turtlebot3_simulations'
[0.258s] Level 1:colcon.colcon_core.package_discovery:discover_packages(prefix_path) check parameters
[0.258s] Level 1:colcon.colcon_core.package_discovery:discover_packages(prefix_path) discover
[0.259s] DEBUG:colcon.colcon_installed_package_information.package_discovery:Found 5 installed packages in /home/tal/TB3_PC_WS/install
[0.259s] DEBUG:colcon.colcon_installed_package_information.package_discovery:Found 210 installed packages in /opt/ros/galactic
[0.260s] Level 1:colcon.colcon_core.package_discovery:discover_packages(prefix_path) using defaults
[0.281s] Level 5:colcon.colcon_core.verb:set package 'ros1_bridge' build argument 'cmake_args' from command line to 'None'
[0.281s] Level 5:colcon.colcon_core.verb:set package 'ros1_bridge' build argument 'cmake_target' from command line to 'None'
[0.282s] Level 5:colcon.colcon_core.verb:set package 'ros1_bridge' build argument 'cmake_target_skip_unavailable' from command line to 'False'
[0.282s] Level 5:colcon.colcon_core.verb:set package 'ros1_bridge' build argument 'cmake_clean_cache' from command line to 'False'
[0.282s] Level 5:colcon.colcon_core.verb:set package 'ros1_bridge' build argument 'cmake_clean_first' from command line to 'False'
[0.282s] Level 5:colcon.colcon_core.verb:set package 'ros1_bridge' build argument 'cmake_force_configure' from command line to 'False'
[0.282s] Level 5:colcon.colcon_core.verb:set package 'ros1_bridge' build argument 'ament_cmake_args' from command line to 'None'
[0.282s] Level 5:colcon.colcon_core.verb:set package 'ros1_bridge' build argument 'catkin_cmake_args' from command line to 'None'
[0.282s] Level 5:colcon.colcon_core.verb:set package 'ros1_bridge' build argument 'catkin_skip_building_tests' from command line to 'False'
[0.282s] DEBUG:colcon.colcon_core.verb:Building package 'ros1_bridge' with the following arguments: {'ament_cmake_args': None, 'build_base': '/home/tal/TB3_PC_WS/build/ros1_bridge', 'catkin_cmake_args': None, 'catkin_skip_building_tests': False, 'cmake_args': None, 'cmake_clean_cache': False, 'cmake_clean_first': False, 'cmake_force_configure': False, 'cmake_target': None, 'cmake_target_skip_unavailable': False, 'install_base': '/home/tal/TB3_PC_WS/install/ros1_bridge', 'merge_install': False, 'path': '/home/tal/TB3_PC_WS/src/ros1_bridge-master', 'symlink_install': False, 'test_result_base': None}
[0.282s] INFO:colcon.colcon_core.executor:Executing jobs using 'parallel' executor
[0.282s] DEBUG:colcon.colcon_parallel_executor.executor.parallel:run_until_complete
[0.282s] INFO:colcon.colcon_ros.task.ament_cmake.build:Building ROS package in '/home/tal/TB3_PC_WS/src/ros1_bridge-master' with build type 'ament_cmake'
[0.282s] INFO:colcon.colcon_cmake.task.cmake.build:Building CMake package in '/home/tal/TB3_PC_WS/src/ros1_bridge-master'
[0.283s] INFO:colcon.colcon_core.plugin_system:Skipping extension 'colcon_core.shell.bat': Not used on non-Windows systems
[0.284s] INFO:colcon.colcon_core.shell:Skip shell extension 'powershell' for command environment: Not usable outside of PowerShell
[0.284s] DEBUG:colcon.colcon_core.shell:Skip shell extension 'dsv' for command environment
[0.285s] DEBUG:colcon.colcon_core.shell:Ignoring prefix path '/opt/ros/noetic'
[0.290s] DEBUG:colcon.colcon_core.event_handler.log_command:Invoking command in '/home/tal/TB3_PC_WS/build/ros1_bridge': CMAKE_PREFIX_PATH=/home/tal/TB3_PC_WS/install/turtlebot3_simulations:/home/tal/TB3_PC_WS/install/turtlebot3_gazebo:/home/tal/TB3_PC_WS/install/turtlebot3_fake_node:/home/tal/TB3_PC_WS/install/ros1_bridge:/opt/ros/galactic:/home/tal/TB3_PC_WS/install/tb_run_script:/opt/ros/noetic /usr/bin/cmake --build /home/tal/TB3_PC_WS/build/ros1_bridge -- -j16 -l16
[7.246s] DEBUG:colcon.colcon_core.event_handler.log_command:Invoked command in '/home/tal/TB3_PC_WS/build/ros1_bridge' returned '2': CMAKE_PREFIX_PATH=/home/tal/TB3_PC_WS/install/turtlebot3_simulations:/home/tal/TB3_PC_WS/install/turtlebot3_gazebo:/home/tal/TB3_PC_WS/install/turtlebot3_fake_node:/home/tal/TB3_PC_WS/install/ros1_bridge:/opt/ros/galactic:/home/tal/TB3_PC_WS/install/tb_run_script:/opt/ros/noetic /usr/bin/cmake --build /home/tal/TB3_PC_WS/build/ros1_bridge -- -j16 -l16
[7.523s] Level 1:colcon.colcon_core.environment:create_environment_scripts_only(ros1_bridge)
[7.524s] Level 1:colcon.colcon_core.environment:checking '/home/tal/TB3_PC_WS/install/ros1_bridge' for CMake module files
[7.525s] Level 1:colcon.colcon_core.environment:checking '/home/tal/TB3_PC_WS/install/ros1_bridge' for CMake config files
[7.525s] Level 1:colcon.colcon_core.shell:create_environment_hook('ros1_bridge', 'cmake_prefix_path')
[7.525s] INFO:colcon.colcon_core.shell:Creating environment hook '/home/tal/TB3_PC_WS/install/ros1_bridge/share/ros1_bridge/hook/cmake_prefix_path.ps1'
[7.526s] INFO:colcon.colcon_core.shell:Creating environment descriptor '/home/tal/TB3_PC_WS/install/ros1_bridge/share/ros1_bridge/hook/cmake_prefix_path.dsv'
[7.526s] INFO:colcon.colcon_core.shell:Creating environment hook '/home/tal/TB3_PC_WS/install/ros1_bridge/share/ros1_bridge/hook/cmake_prefix_path.sh'
[7.526s] Level 1:colcon.colcon_core.environment:checking '/home/tal/TB3_PC_WS/install/ros1_bridge/bin'
[7.526s] Level 1:colcon.colcon_core.environment:checking '/home/tal/TB3_PC_WS/install/ros1_bridge/lib/pkgconfig/ros1_bridge.pc'
[7.527s] Level 1:colcon.colcon_core.environment:checking '/home/tal/TB3_PC_WS/install/ros1_bridge/lib/python3.8/site-packages'
[7.527s] Level 1:colcon.colcon_core.environment:checking '/home/tal/TB3_PC_WS/install/ros1_bridge/bin'
[7.527s] INFO:colcon.colcon_core.shell:Creating package script '/home/tal/TB3_PC_WS/install/ros1_bridge/share/ros1_bridge/package.ps1'
[7.527s] INFO:colcon.colcon_core.shell:Creating package descriptor '/home/tal/TB3_PC_WS/install/ros1_bridge/share/ros1_bridge/package.dsv'
[7.528s] INFO:colcon.colcon_core.shell:Creating package script '/home/tal/TB3_PC_WS/install/ros1_bridge/share/ros1_bridge/package.sh'
[7.528s] INFO:colcon.colcon_core.shell:Creating package script '/home/tal/TB3_PC_WS/install/ros1_bridge/share/ros1_bridge/package.bash'
[7.529s] INFO:colcon.colcon_core.shell:Creating package script '/home/tal/TB3_PC_WS/install/ros1_bridge/share/ros1_bridge/package.zsh'
[7.529s] Level 1:colcon.colcon_core.environment:create_file_with_runtime_dependencies(/home/tal/TB3_PC_WS/install/ros1_bridge/share/colcon-core/packages/ros1_bridge)
[7.539s] DEBUG:colcon.colcon_parallel_executor.executor.parallel:closing loop
[7.540s] DEBUG:colcon.colcon_parallel_executor.executor.parallel:loop closed
[7.540s] DEBUG:colcon.colcon_parallel_executor.executor.parallel:run_until_complete finished with '2'
[7.540s] DEBUG:colcon.colcon_core.event_reactor:joining thread
[7.544s] INFO:colcon.colcon_core.plugin_system:Skipping extension 'colcon_notification.desktop_notification.terminal_notifier': Not used on non-Darwin systems
[7.544s] INFO:colcon.colcon_core.plugin_system:Skipping extension 'colcon_notification.desktop_notification.win32': Not used on non-Windows systems
[7.544s] INFO:colcon.colcon_notification.desktop_notification:Sending desktop notification using 'notify2'
[7.557s] DEBUG:colcon.colcon_core.event_reactor:joined thread
[7.558s] INFO:colcon.colcon_core.shell:Creating prefix script '/home/tal/TB3_PC_WS/install/local_setup.ps1'
[7.558s] INFO:colcon.colcon_core.shell:Creating prefix util module '/home/tal/TB3_PC_WS/install/_local_setup_util_ps1.py'
[7.559s] INFO:colcon.colcon_core.shell:Creating prefix chain script '/home/tal/TB3_PC_WS/install/setup.ps1'
[7.560s] INFO:colcon.colcon_core.shell:Creating prefix script '/home/tal/TB3_PC_WS/install/local_setup.sh'
[7.561s] INFO:colcon.colcon_core.shell:Creating prefix util module '/home/tal/TB3_PC_WS/install/_local_setup_util_sh.py'
[7.561s] INFO:colcon.colcon_core.shell:Creating prefix chain script '/home/tal/TB3_PC_WS/install/setup.sh'
[7.563s] INFO:colcon.colcon_core.shell:Creating prefix script '/home/tal/TB3_PC_WS/install/local_setup.bash'
[7.563s] INFO:colcon.colcon_core.shell:Creating prefix chain script '/home/tal/TB3_PC_WS/install/setup.bash'
[7.564s] INFO:colcon.colcon_core.shell:Creating prefix script '/home/tal/TB3_PC_WS/install/local_setup.zsh'
[7.565s] INFO:colcon.colcon_core.shell:Creating prefix chain script '/home/tal/TB3_PC_WS/install/setup.zsh'
