[0.015s] Invoking command in '/home/tal/TB3_PC_WS/build/turtlebot3_gazebo': CMAKE_PREFIX_PATH=/home/tal/TB3_PC_WS/install/turtlebot3_simulations:/home/tal/TB3_PC_WS/install/turtlebot3_gazebo:/home/tal/TB3_PC_WS/install/turtlebot3_fake_node:/home/tal/TB3_PC_WS/install/ros1_bridge:/opt/ros/galactic:/home/tal/TB3_PC_WS/install/tb_run_script:/opt/ros/noetic /usr/bin/cmake /home/tal/TB3_PC_WS/src/turtlebot3_simulations-humble-devel/turtlebot3_gazebo -DCMAKE_INSTALL_PREFIX=/home/tal/TB3_PC_WS/install/turtlebot3_gazebo
[0.047s] -- The C compiler identification is GNU 9.4.0
[0.078s] -- The CXX compiler identification is GNU 9.4.0
[0.080s] -- Check for working C compiler: /usr/bin/cc
[0.120s] -- Check for working C compiler: /usr/bin/cc -- works
[0.120s] -- Detecting C compiler ABI info
[0.160s] -- Detecting C compiler ABI info - done
[0.166s] -- Detecting C compile features
[0.166s] -- Detecting C compile features - done
[0.168s] -- Check for working CXX compiler: /usr/bin/c++
[0.213s] -- Check for working CXX compiler: /usr/bin/c++ -- works
[0.213s] -- Detecting CXX compiler ABI info
[0.258s] -- Detecting CXX compiler ABI info - done
[0.265s] -- Detecting CXX compile features
[0.266s] -- Detecting CXX compile features - done
[0.267s] -- Found ament_cmake: 1.1.6 (/opt/ros/galactic/share/ament_cmake/cmake)
[0.278s] -- Found PythonInterp: /usr/bin/python3 (found suitable version "3.8.10", minimum required is "3") 
[0.278s] -- Using PYTHON_EXECUTABLE: /usr/bin/python3
[0.325s] CMake Error at CMakeLists.txt:23 (find_package):
[0.325s]   By not providing "Findgazebo.cmake" in CMAKE_MODULE_PATH this project has
[0.325s]   asked CMake to find a package configuration file provided by "gazebo", but
[0.325s]   CMake did not find one.
[0.325s] 
[0.325s]   Could not find a package configuration file provided by "gazebo" with any
[0.325s]   of the following names:
[0.325s] 
[0.325s]     gazeboConfig.cmake
[0.326s]     gazebo-config.cmake
[0.326s] 
[0.326s]   Add the installation prefix of "gazebo" to CMAKE_PREFIX_PATH or set
[0.326s]   "gazebo_DIR" to a directory containing one of the above files.  If "gazebo"
[0.326s]   provides a separate development package or SDK, be sure it has been
[0.326s]   installed.
[0.326s] 
[0.326s] 
[0.326s] -- Configuring incomplete, errors occurred!
[0.326s] See also "/home/tal/TB3_PC_WS/build/turtlebot3_gazebo/CMakeFiles/CMakeOutput.log".
[0.328s] Invoked command in '/home/tal/TB3_PC_WS/build/turtlebot3_gazebo' returned '1': CMAKE_PREFIX_PATH=/home/tal/TB3_PC_WS/install/turtlebot3_simulations:/home/tal/TB3_PC_WS/install/turtlebot3_gazebo:/home/tal/TB3_PC_WS/install/turtlebot3_fake_node:/home/tal/TB3_PC_WS/install/ros1_bridge:/opt/ros/galactic:/home/tal/TB3_PC_WS/install/tb_run_script:/opt/ros/noetic /usr/bin/cmake /home/tal/TB3_PC_WS/src/turtlebot3_simulations-humble-devel/turtlebot3_gazebo -DCMAKE_INSTALL_PREFIX=/home/tal/TB3_PC_WS/install/turtlebot3_gazebo
