[0.024s] Invoking command in '/home/tal/TB3_PC_WS/build/turtlebot3_navigation2': CMAKE_PREFIX_PATH=/home/tal/TB3_PC_WS/install/turtlebot3_teleop:/home/tal/TB3_PC_WS/install/turtlebot3_example:/opt/ros/galactic:/home/tal/TB3_PC_WS/install/tb_run_script:${CMAKE_PREFIX_PATH} /usr/bin/cmake /home/tal/TB3_PC_WS/src/turtlebot3/turtlebot3_navigation2 -DCMAKE_INSTALL_PREFIX=/home/tal/TB3_PC_WS/install/turtlebot3_navigation2
[0.362s] -- The C compiler identification is GNU 9.4.0
[0.362s] -- The CXX compiler identification is GNU 9.4.0
[0.362s] -- Check for working C compiler: /usr/bin/cc
[0.362s] -- Check for working C compiler: /usr/bin/cc -- works
[0.362s] -- Detecting C compiler ABI info
[0.362s] -- Detecting C compiler ABI info - done
[0.362s] -- Detecting C compile features
[0.362s] -- Detecting C compile features - done
[0.363s] -- Check for working CXX compiler: /usr/bin/c++
[0.363s] -- Check for working CXX compiler: /usr/bin/c++ -- works
[0.363s] -- Detecting CXX compiler ABI info
[0.363s] -- Detecting CXX compiler ABI info - done
[0.363s] -- Detecting CXX compile features
[0.363s] -- Detecting CXX compile features - done
[0.363s] -- Found ament_cmake: 1.1.6 (/opt/ros/galactic/share/ament_cmake/cmake)
[0.364s] -- Found PythonInterp: /usr/bin/python3 (found suitable version "3.8.10", minimum required is "3") 
[0.364s] -- Using PYTHON_EXECUTABLE: /usr/bin/python3
[0.429s] -- Configuring done
[0.430s] -- Generating done
[0.430s] -- Build files have been written to: /home/tal/TB3_PC_WS/build/turtlebot3_navigation2
[0.433s] Invoked command in '/home/tal/TB3_PC_WS/build/turtlebot3_navigation2' returned '0': CMAKE_PREFIX_PATH=/home/tal/TB3_PC_WS/install/turtlebot3_teleop:/home/tal/TB3_PC_WS/install/turtlebot3_example:/opt/ros/galactic:/home/tal/TB3_PC_WS/install/tb_run_script:${CMAKE_PREFIX_PATH} /usr/bin/cmake /home/tal/TB3_PC_WS/src/turtlebot3/turtlebot3_navigation2 -DCMAKE_INSTALL_PREFIX=/home/tal/TB3_PC_WS/install/turtlebot3_navigation2
[0.436s] Invoking command in '/home/tal/TB3_PC_WS/build/turtlebot3_navigation2': CMAKE_PREFIX_PATH=/home/tal/TB3_PC_WS/install/turtlebot3_teleop:/home/tal/TB3_PC_WS/install/turtlebot3_example:/opt/ros/galactic:/home/tal/TB3_PC_WS/install/tb_run_script:${CMAKE_PREFIX_PATH} /usr/bin/cmake --build /home/tal/TB3_PC_WS/build/turtlebot3_navigation2 -- -j16 -l16
[0.459s] Invoked command in '/home/tal/TB3_PC_WS/build/turtlebot3_navigation2' returned '0': CMAKE_PREFIX_PATH=/home/tal/TB3_PC_WS/install/turtlebot3_teleop:/home/tal/TB3_PC_WS/install/turtlebot3_example:/opt/ros/galactic:/home/tal/TB3_PC_WS/install/tb_run_script:${CMAKE_PREFIX_PATH} /usr/bin/cmake --build /home/tal/TB3_PC_WS/build/turtlebot3_navigation2 -- -j16 -l16
[0.480s] Invoking command in '/home/tal/TB3_PC_WS/build/turtlebot3_navigation2': CMAKE_PREFIX_PATH=/home/tal/TB3_PC_WS/install/turtlebot3_teleop:/home/tal/TB3_PC_WS/install/turtlebot3_example:/opt/ros/galactic:/home/tal/TB3_PC_WS/install/tb_run_script:${CMAKE_PREFIX_PATH} /usr/bin/cmake --install /home/tal/TB3_PC_WS/build/turtlebot3_navigation2
[0.487s] -- Install configuration: ""
[0.489s] -- Installing: /home/tal/TB3_PC_WS/install/turtlebot3_navigation2/share/turtlebot3_navigation2/launch
[0.490s] -- Installing: /home/tal/TB3_PC_WS/install/turtlebot3_navigation2/share/turtlebot3_navigation2/launch/navigation2.launch.py
[0.491s] -- Installing: /home/tal/TB3_PC_WS/install/turtlebot3_navigation2/share/turtlebot3_navigation2/map
[0.491s] -- Installing: /home/tal/TB3_PC_WS/install/turtlebot3_navigation2/share/turtlebot3_navigation2/map/map.yaml
[0.491s] -- Installing: /home/tal/TB3_PC_WS/install/turtlebot3_navigation2/share/turtlebot3_navigation2/map/map.pgm
[0.491s] -- Installing: /home/tal/TB3_PC_WS/install/turtlebot3_navigation2/share/turtlebot3_navigation2/param
[0.491s] -- Installing: /home/tal/TB3_PC_WS/install/turtlebot3_navigation2/share/turtlebot3_navigation2/param/burger.yaml
[0.491s] -- Installing: /home/tal/TB3_PC_WS/install/turtlebot3_navigation2/share/turtlebot3_navigation2/param/waffle_pi.yaml
[0.491s] -- Installing: /home/tal/TB3_PC_WS/install/turtlebot3_navigation2/share/turtlebot3_navigation2/param/waffle.yaml
[0.491s] -- Installing: /home/tal/TB3_PC_WS/install/turtlebot3_navigation2/share/turtlebot3_navigation2/rviz
[0.491s] -- Installing: /home/tal/TB3_PC_WS/install/turtlebot3_navigation2/share/turtlebot3_navigation2/rviz/tb3_navigation2.rviz
[0.491s] -- Installing: /home/tal/TB3_PC_WS/install/turtlebot3_navigation2/share/ament_index/resource_index/package_run_dependencies/turtlebot3_navigation2
[0.492s] -- Installing: /home/tal/TB3_PC_WS/install/turtlebot3_navigation2/share/ament_index/resource_index/parent_prefix_path/turtlebot3_navigation2
[0.492s] -- Installing: /home/tal/TB3_PC_WS/install/turtlebot3_navigation2/share/turtlebot3_navigation2/environment/ament_prefix_path.sh
[0.492s] -- Installing: /home/tal/TB3_PC_WS/install/turtlebot3_navigation2/share/turtlebot3_navigation2/environment/ament_prefix_path.dsv
[0.492s] -- Installing: /home/tal/TB3_PC_WS/install/turtlebot3_navigation2/share/turtlebot3_navigation2/environment/path.sh
[0.492s] -- Installing: /home/tal/TB3_PC_WS/install/turtlebot3_navigation2/share/turtlebot3_navigation2/environment/path.dsv
[0.492s] -- Installing: /home/tal/TB3_PC_WS/install/turtlebot3_navigation2/share/turtlebot3_navigation2/local_setup.bash
[0.492s] -- Installing: /home/tal/TB3_PC_WS/install/turtlebot3_navigation2/share/turtlebot3_navigation2/local_setup.sh
[0.492s] -- Installing: /home/tal/TB3_PC_WS/install/turtlebot3_navigation2/share/turtlebot3_navigation2/local_setup.zsh
[0.492s] -- Installing: /home/tal/TB3_PC_WS/install/turtlebot3_navigation2/share/turtlebot3_navigation2/local_setup.dsv
[0.492s] -- Installing: /home/tal/TB3_PC_WS/install/turtlebot3_navigation2/share/turtlebot3_navigation2/package.dsv
[0.492s] -- Installing: /home/tal/TB3_PC_WS/install/turtlebot3_navigation2/share/ament_index/resource_index/packages/turtlebot3_navigation2
[0.492s] -- Installing: /home/tal/TB3_PC_WS/install/turtlebot3_navigation2/share/turtlebot3_navigation2/cmake/turtlebot3_navigation2Config.cmake
[0.492s] -- Installing: /home/tal/TB3_PC_WS/install/turtlebot3_navigation2/share/turtlebot3_navigation2/cmake/turtlebot3_navigation2Config-version.cmake
[0.493s] -- Installing: /home/tal/TB3_PC_WS/install/turtlebot3_navigation2/share/turtlebot3_navigation2/package.xml
[0.493s] Invoked command in '/home/tal/TB3_PC_WS/build/turtlebot3_navigation2' returned '0': CMAKE_PREFIX_PATH=/home/tal/TB3_PC_WS/install/turtlebot3_teleop:/home/tal/TB3_PC_WS/install/turtlebot3_example:/opt/ros/galactic:/home/tal/TB3_PC_WS/install/tb_run_script:${CMAKE_PREFIX_PATH} /usr/bin/cmake --install /home/tal/TB3_PC_WS/build/turtlebot3_navigation2
