[0.038s] Invoking command in '/home/tal/TB3_PC_WS/build/turtlebot3_fake_node': CMAKE_PREFIX_PATH=${CMAKE_PREFIX_PATH}:/home/tal/tut2_ws/install/my_robot_controller:/home/tal/tut_ws/install/my_robot_controller:/home/tal/tutorial_ws/install/launch_testing_examples:/home/tal/tutorial_ws/install/examples_rclpy_pointcloud_publisher:/home/tal/tutorial_ws/install/examples_rclpy_minimal_subscriber:/home/tal/tutorial_ws/install/examples_rclpy_minimal_service:/home/tal/tutorial_ws/install/examples_rclpy_minimal_publisher:/home/tal/tutorial_ws/install/examples_rclpy_minimal_client:/home/tal/tutorial_ws/install/examples_rclpy_minimal_action_server:/home/tal/tutorial_ws/install/examples_rclpy_minimal_action_client:/home/tal/tutorial_ws/install/examples_rclpy_guard_conditions:/home/tal/tutorial_ws/install/examples_rclpy_executors:/opt/ros/humble /usr/bin/cmake /home/tal/TB3_PC_WS/src/turtlebot3_simulations/turtlebot3_fake_node -DCMAKE_INSTALL_PREFIX=/home/tal/TB3_PC_WS/install/turtlebot3_fake_node
[0.199s] -- The C compiler identification is GNU 11.4.0
[0.269s] -- The CXX compiler identification is GNU 11.4.0
[0.274s] -- Detecting C compiler ABI info
[0.394s] -- Detecting C compiler ABI info - done
[0.398s] -- Check for working C compiler: /usr/bin/cc - skipped
[0.398s] -- Detecting C compile features
[0.399s] -- Detecting C compile features - done
[0.401s] -- Detecting CXX compiler ABI info
[0.585s] -- Detecting CXX compiler ABI info - done
[0.590s] -- Check for working CXX compiler: /usr/bin/c++ - skipped
[0.590s] -- Detecting CXX compile features
[0.590s] -- Detecting CXX compile features - done
[0.593s] -- Found ament_cmake: 1.3.9 (/opt/ros/humble/share/ament_cmake/cmake)
[0.863s] -- Found Python3: /usr/bin/python3 (found version "3.10.12") found components: Interpreter 
[0.964s] -- Found geometry_msgs: 4.2.3 (/opt/ros/humble/share/geometry_msgs/cmake)
[0.977s] -- Found rosidl_generator_c: 3.1.5 (/opt/ros/humble/share/rosidl_generator_c/cmake)
[0.981s] -- Found rosidl_adapter: 3.1.5 (/opt/ros/humble/share/rosidl_adapter/cmake)
[0.987s] -- Found rosidl_generator_cpp: 3.1.5 (/opt/ros/humble/share/rosidl_generator_cpp/cmake)
[1.001s] -- Using all available rosidl_typesupport_c: rosidl_typesupport_fastrtps_c;rosidl_typesupport_introspection_c
[1.065s] -- Using all available rosidl_typesupport_cpp: rosidl_typesupport_fastrtps_cpp;rosidl_typesupport_introspection_cpp
[1.219s] -- Found nav_msgs: 4.2.3 (/opt/ros/humble/share/nav_msgs/cmake)
[1.326s] -- Found rclcpp: 16.0.9 (/opt/ros/humble/share/rclcpp/cmake)
[1.383s] -- Found rmw_implementation_cmake: 6.1.2 (/opt/ros/humble/share/rmw_implementation_cmake/cmake)
[1.385s] -- Found rmw_fastrtps_cpp: 6.2.6 (/opt/ros/humble/share/rmw_fastrtps_cpp/cmake)
[1.577s] -- Found OpenSSL: /usr/lib/x86_64-linux-gnu/libcrypto.so (found version "3.0.2")  
[1.577s] -- Found FastRTPS: /opt/ros/humble/include  
[1.604s] -- Using RMW implementation 'rmw_fastrtps_cpp' as default
[1.611s] -- Looking for pthread.h
[1.724s] -- Looking for pthread.h - found
[1.724s] -- Performing Test CMAKE_HAVE_LIBC_PTHREAD
[1.888s] -- Performing Test CMAKE_HAVE_LIBC_PTHREAD - Success
[1.888s] -- Found Threads: TRUE  
[2.024s] -- Found sensor_msgs: 4.2.3 (/opt/ros/humble/share/sensor_msgs/cmake)
[2.154s] -- Found tf2: 0.25.6 (/opt/ros/humble/share/tf2/cmake)
[2.165s] -- Found tf2_msgs: 0.25.6 (/opt/ros/humble/share/tf2_msgs/cmake)
[2.505s] -- Found turtlebot3_msgs: 2.2.3 (/opt/ros/humble/share/turtlebot3_msgs/cmake)
[2.713s] -- Configuring done
[2.735s] -- Generating done
[2.735s] -- Build files have been written to: /home/tal/TB3_PC_WS/build/turtlebot3_fake_node
[2.745s] Invoked command in '/home/tal/TB3_PC_WS/build/turtlebot3_fake_node' returned '0': CMAKE_PREFIX_PATH=${CMAKE_PREFIX_PATH}:/home/tal/tut2_ws/install/my_robot_controller:/home/tal/tut_ws/install/my_robot_controller:/home/tal/tutorial_ws/install/launch_testing_examples:/home/tal/tutorial_ws/install/examples_rclpy_pointcloud_publisher:/home/tal/tutorial_ws/install/examples_rclpy_minimal_subscriber:/home/tal/tutorial_ws/install/examples_rclpy_minimal_service:/home/tal/tutorial_ws/install/examples_rclpy_minimal_publisher:/home/tal/tutorial_ws/install/examples_rclpy_minimal_client:/home/tal/tutorial_ws/install/examples_rclpy_minimal_action_server:/home/tal/tutorial_ws/install/examples_rclpy_minimal_action_client:/home/tal/tutorial_ws/install/examples_rclpy_guard_conditions:/home/tal/tutorial_ws/install/examples_rclpy_executors:/opt/ros/humble /usr/bin/cmake /home/tal/TB3_PC_WS/src/turtlebot3_simulations/turtlebot3_fake_node -DCMAKE_INSTALL_PREFIX=/home/tal/TB3_PC_WS/install/turtlebot3_fake_node
[2.746s] Invoking command in '/home/tal/TB3_PC_WS/build/turtlebot3_fake_node': CMAKE_PREFIX_PATH=${CMAKE_PREFIX_PATH}:/home/tal/tut2_ws/install/my_robot_controller:/home/tal/tut_ws/install/my_robot_controller:/home/tal/tutorial_ws/install/launch_testing_examples:/home/tal/tutorial_ws/install/examples_rclpy_pointcloud_publisher:/home/tal/tutorial_ws/install/examples_rclpy_minimal_subscriber:/home/tal/tutorial_ws/install/examples_rclpy_minimal_service:/home/tal/tutorial_ws/install/examples_rclpy_minimal_publisher:/home/tal/tutorial_ws/install/examples_rclpy_minimal_client:/home/tal/tutorial_ws/install/examples_rclpy_minimal_action_server:/home/tal/tutorial_ws/install/examples_rclpy_minimal_action_client:/home/tal/tutorial_ws/install/examples_rclpy_guard_conditions:/home/tal/tutorial_ws/install/examples_rclpy_executors:/opt/ros/humble /usr/bin/cmake --build /home/tal/TB3_PC_WS/build/turtlebot3_fake_node -- -j6 -l6
[6.047s] [ 50%] [32mBuilding CXX object CMakeFiles/turtlebot3_fake_node.dir/src/turtlebot3_fake_node.cpp.o[0m
[37.875s] [100%] [32m[1mLinking CXX executable turtlebot3_fake_node[0m
[38.707s] [100%] Built target turtlebot3_fake_node
[38.721s] Invoked command in '/home/tal/TB3_PC_WS/build/turtlebot3_fake_node' returned '0': CMAKE_PREFIX_PATH=${CMAKE_PREFIX_PATH}:/home/tal/tut2_ws/install/my_robot_controller:/home/tal/tut_ws/install/my_robot_controller:/home/tal/tutorial_ws/install/launch_testing_examples:/home/tal/tutorial_ws/install/examples_rclpy_pointcloud_publisher:/home/tal/tutorial_ws/install/examples_rclpy_minimal_subscriber:/home/tal/tutorial_ws/install/examples_rclpy_minimal_service:/home/tal/tutorial_ws/install/examples_rclpy_minimal_publisher:/home/tal/tutorial_ws/install/examples_rclpy_minimal_client:/home/tal/tutorial_ws/install/examples_rclpy_minimal_action_server:/home/tal/tutorial_ws/install/examples_rclpy_minimal_action_client:/home/tal/tutorial_ws/install/examples_rclpy_guard_conditions:/home/tal/tutorial_ws/install/examples_rclpy_executors:/opt/ros/humble /usr/bin/cmake --build /home/tal/TB3_PC_WS/build/turtlebot3_fake_node -- -j6 -l6
[39.534s] Invoking command in '/home/tal/TB3_PC_WS/build/turtlebot3_fake_node': CMAKE_PREFIX_PATH=${CMAKE_PREFIX_PATH}:/home/tal/tut2_ws/install/my_robot_controller:/home/tal/tut_ws/install/my_robot_controller:/home/tal/tutorial_ws/install/launch_testing_examples:/home/tal/tutorial_ws/install/examples_rclpy_pointcloud_publisher:/home/tal/tutorial_ws/install/examples_rclpy_minimal_subscriber:/home/tal/tutorial_ws/install/examples_rclpy_minimal_service:/home/tal/tutorial_ws/install/examples_rclpy_minimal_publisher:/home/tal/tutorial_ws/install/examples_rclpy_minimal_client:/home/tal/tutorial_ws/install/examples_rclpy_minimal_action_server:/home/tal/tutorial_ws/install/examples_rclpy_minimal_action_client:/home/tal/tutorial_ws/install/examples_rclpy_guard_conditions:/home/tal/tutorial_ws/install/examples_rclpy_executors:/opt/ros/humble /usr/bin/cmake --install /home/tal/TB3_PC_WS/build/turtlebot3_fake_node
[39.535s] -- Install configuration: ""
[39.535s] -- Installing: /home/tal/TB3_PC_WS/install/turtlebot3_fake_node/lib/turtlebot3_fake_node/turtlebot3_fake_node
[39.535s] -- Set runtime path of "/home/tal/TB3_PC_WS/install/turtlebot3_fake_node/lib/turtlebot3_fake_node/turtlebot3_fake_node" to ""
[39.535s] -- Installing: /home/tal/TB3_PC_WS/install/turtlebot3_fake_node/share/turtlebot3_fake_node/launch
[39.535s] -- Installing: /home/tal/TB3_PC_WS/install/turtlebot3_fake_node/share/turtlebot3_fake_node/launch/rviz2.launch.py
[39.535s] -- Installing: /home/tal/TB3_PC_WS/install/turtlebot3_fake_node/share/turtlebot3_fake_node/launch/turtlebot3_fake_node.launch.py
[39.535s] -- Installing: /home/tal/TB3_PC_WS/install/turtlebot3_fake_node/share/turtlebot3_fake_node/param
[39.535s] -- Installing: /home/tal/TB3_PC_WS/install/turtlebot3_fake_node/share/turtlebot3_fake_node/param/waffle_pi.yaml
[39.535s] -- Installing: /home/tal/TB3_PC_WS/install/turtlebot3_fake_node/share/turtlebot3_fake_node/param/waffle.yaml
[39.535s] -- Installing: /home/tal/TB3_PC_WS/install/turtlebot3_fake_node/share/turtlebot3_fake_node/param/burger.yaml
[39.535s] -- Installing: /home/tal/TB3_PC_WS/install/turtlebot3_fake_node/include/
[39.535s] -- Installing: /home/tal/TB3_PC_WS/install/turtlebot3_fake_node/include//turtlebot3_fake_node
[39.535s] -- Installing: /home/tal/TB3_PC_WS/install/turtlebot3_fake_node/include//turtlebot3_fake_node/turtlebot3_fake_node.hpp
[39.535s] -- Installing: /home/tal/TB3_PC_WS/install/turtlebot3_fake_node/share/ament_index/resource_index/package_run_dependencies/turtlebot3_fake_node
[39.535s] -- Installing: /home/tal/TB3_PC_WS/install/turtlebot3_fake_node/share/ament_index/resource_index/parent_prefix_path/turtlebot3_fake_node
[39.536s] -- Installing: /home/tal/TB3_PC_WS/install/turtlebot3_fake_node/share/turtlebot3_fake_node/environment/ament_prefix_path.sh
[39.536s] -- Installing: /home/tal/TB3_PC_WS/install/turtlebot3_fake_node/share/turtlebot3_fake_node/environment/ament_prefix_path.dsv
[39.536s] -- Installing: /home/tal/TB3_PC_WS/install/turtlebot3_fake_node/share/turtlebot3_fake_node/environment/path.sh
[39.536s] -- Installing: /home/tal/TB3_PC_WS/install/turtlebot3_fake_node/share/turtlebot3_fake_node/environment/path.dsv
[39.536s] -- Installing: /home/tal/TB3_PC_WS/install/turtlebot3_fake_node/share/turtlebot3_fake_node/local_setup.bash
[39.536s] -- Installing: /home/tal/TB3_PC_WS/install/turtlebot3_fake_node/share/turtlebot3_fake_node/local_setup.sh
[39.536s] -- Installing: /home/tal/TB3_PC_WS/install/turtlebot3_fake_node/share/turtlebot3_fake_node/local_setup.zsh
[39.536s] -- Installing: /home/tal/TB3_PC_WS/install/turtlebot3_fake_node/share/turtlebot3_fake_node/local_setup.dsv
[39.536s] -- Installing: /home/tal/TB3_PC_WS/install/turtlebot3_fake_node/share/turtlebot3_fake_node/package.dsv
[39.536s] -- Installing: /home/tal/TB3_PC_WS/install/turtlebot3_fake_node/share/ament_index/resource_index/packages/turtlebot3_fake_node
[39.536s] -- Installing: /home/tal/TB3_PC_WS/install/turtlebot3_fake_node/share/turtlebot3_fake_node/cmake/ament_cmake_export_include_directories-extras.cmake
[39.536s] -- Installing: /home/tal/TB3_PC_WS/install/turtlebot3_fake_node/share/turtlebot3_fake_node/cmake/ament_cmake_export_dependencies-extras.cmake
[39.536s] -- Installing: /home/tal/TB3_PC_WS/install/turtlebot3_fake_node/share/turtlebot3_fake_node/cmake/turtlebot3_fake_nodeConfig.cmake
[39.536s] -- Installing: /home/tal/TB3_PC_WS/install/turtlebot3_fake_node/share/turtlebot3_fake_node/cmake/turtlebot3_fake_nodeConfig-version.cmake
[39.536s] -- Installing: /home/tal/TB3_PC_WS/install/turtlebot3_fake_node/share/turtlebot3_fake_node/package.xml
[39.537s] Invoked command in '/home/tal/TB3_PC_WS/build/turtlebot3_fake_node' returned '0': CMAKE_PREFIX_PATH=${CMAKE_PREFIX_PATH}:/home/tal/tut2_ws/install/my_robot_controller:/home/tal/tut_ws/install/my_robot_controller:/home/tal/tutorial_ws/install/launch_testing_examples:/home/tal/tutorial_ws/install/examples_rclpy_pointcloud_publisher:/home/tal/tutorial_ws/install/examples_rclpy_minimal_subscriber:/home/tal/tutorial_ws/install/examples_rclpy_minimal_service:/home/tal/tutorial_ws/install/examples_rclpy_minimal_publisher:/home/tal/tutorial_ws/install/examples_rclpy_minimal_client:/home/tal/tutorial_ws/install/examples_rclpy_minimal_action_server:/home/tal/tutorial_ws/install/examples_rclpy_minimal_action_client:/home/tal/tutorial_ws/install/examples_rclpy_guard_conditions:/home/tal/tutorial_ws/install/examples_rclpy_executors:/opt/ros/humble /usr/bin/cmake --install /home/tal/TB3_PC_WS/build/turtlebot3_fake_node
