[0.006s] Invoking command in '/home/tal/TB3_PC_WS/ros2_galactic/build/turtlebot3_bringup': AMENT_PREFIX_PATH=/home/tal/TB3_PC_WS/ros2_galactic/install/turtlebot3_node:/home/tal/TB3_PC_WS/ros2_galactic/install/turtlebot3_msgs:/home/tal/TB3_PC_WS/ros2_galactic/install/turtlebot3_description:${AMENT_PREFIX_PATH} CMAKE_PREFIX_PATH=/home/tal/TB3_PC_WS/ros2_galactic/install/turtlebot3_node:/home/tal/TB3_PC_WS/ros2_galactic/install/turtlebot3_msgs:/home/tal/TB3_PC_WS/ros2_galactic/install/turtlebot3_description:/opt/ros/galactic:${CMAKE_PREFIX_PATH} LD_LIBRARY_PATH=/home/tal/TB3_PC_WS/ros2_galactic/install/turtlebot3_msgs/lib:${LD_LIBRARY_PATH} PYTHONPATH=/home/tal/TB3_PC_WS/ros2_galactic/install/turtlebot3_msgs/lib/python3.8/site-packages:${PYTHONPATH} /usr/bin/cmake /home/tal/TB3_PC_WS/ros2_galactic/src/turtlebot3-main/turtlebot3_bringup -DCMAKE_INSTALL_PREFIX=/home/tal/TB3_PC_WS/ros2_galactic/install/turtlebot3_bringup
[0.043s] -- The C compiler identification is GNU 9.4.0
[0.079s] -- The CXX compiler identification is GNU 9.4.0
[0.082s] -- Check for working C compiler: /usr/bin/cc
[0.147s] -- Check for working C compiler: /usr/bin/cc -- works
[0.148s] -- Detecting C compiler ABI info
[0.226s] -- Detecting C compiler ABI info - done
[0.233s] -- Detecting C compile features
[0.233s] -- Detecting C compile features - done
[0.235s] -- Check for working CXX compiler: /usr/bin/c++
[0.298s] -- Check for working CXX compiler: /usr/bin/c++ -- works
[0.299s] -- Detecting CXX compiler ABI info
[0.379s] -- Detecting CXX compiler ABI info - done
[0.385s] -- Detecting CXX compile features
[0.385s] -- Detecting CXX compile features - done
[0.387s] -- Found ament_cmake: 1.1.6 (/opt/ros/galactic/share/ament_cmake/cmake)
[0.398s] -- Found PythonInterp: /usr/bin/python3 (found suitable version "3.8.10", minimum required is "3") 
[0.398s] -- Using PYTHON_EXECUTABLE: /usr/bin/python3
[0.475s] -- Configuring done
[0.476s] -- Generating done
[0.476s] -- Build files have been written to: /home/tal/TB3_PC_WS/ros2_galactic/build/turtlebot3_bringup
[0.478s] Invoked command in '/home/tal/TB3_PC_WS/ros2_galactic/build/turtlebot3_bringup' returned '0': AMENT_PREFIX_PATH=/home/tal/TB3_PC_WS/ros2_galactic/install/turtlebot3_node:/home/tal/TB3_PC_WS/ros2_galactic/install/turtlebot3_msgs:/home/tal/TB3_PC_WS/ros2_galactic/install/turtlebot3_description:${AMENT_PREFIX_PATH} CMAKE_PREFIX_PATH=/home/tal/TB3_PC_WS/ros2_galactic/install/turtlebot3_node:/home/tal/TB3_PC_WS/ros2_galactic/install/turtlebot3_msgs:/home/tal/TB3_PC_WS/ros2_galactic/install/turtlebot3_description:/opt/ros/galactic:${CMAKE_PREFIX_PATH} LD_LIBRARY_PATH=/home/tal/TB3_PC_WS/ros2_galactic/install/turtlebot3_msgs/lib:${LD_LIBRARY_PATH} PYTHONPATH=/home/tal/TB3_PC_WS/ros2_galactic/install/turtlebot3_msgs/lib/python3.8/site-packages:${PYTHONPATH} /usr/bin/cmake /home/tal/TB3_PC_WS/ros2_galactic/src/turtlebot3-main/turtlebot3_bringup -DCMAKE_INSTALL_PREFIX=/home/tal/TB3_PC_WS/ros2_galactic/install/turtlebot3_bringup
[0.480s] Invoking command in '/home/tal/TB3_PC_WS/ros2_galactic/build/turtlebot3_bringup': AMENT_PREFIX_PATH=/home/tal/TB3_PC_WS/ros2_galactic/install/turtlebot3_node:/home/tal/TB3_PC_WS/ros2_galactic/install/turtlebot3_msgs:/home/tal/TB3_PC_WS/ros2_galactic/install/turtlebot3_description:${AMENT_PREFIX_PATH} CMAKE_PREFIX_PATH=/home/tal/TB3_PC_WS/ros2_galactic/install/turtlebot3_node:/home/tal/TB3_PC_WS/ros2_galactic/install/turtlebot3_msgs:/home/tal/TB3_PC_WS/ros2_galactic/install/turtlebot3_description:/opt/ros/galactic:${CMAKE_PREFIX_PATH} LD_LIBRARY_PATH=/home/tal/TB3_PC_WS/ros2_galactic/install/turtlebot3_msgs/lib:${LD_LIBRARY_PATH} PYTHONPATH=/home/tal/TB3_PC_WS/ros2_galactic/install/turtlebot3_msgs/lib/python3.8/site-packages:${PYTHONPATH} /usr/bin/cmake --build /home/tal/TB3_PC_WS/ros2_galactic/build/turtlebot3_bringup -- -j16 -l16
[0.509s] Invoked command in '/home/tal/TB3_PC_WS/ros2_galactic/build/turtlebot3_bringup' returned '0': AMENT_PREFIX_PATH=/home/tal/TB3_PC_WS/ros2_galactic/install/turtlebot3_node:/home/tal/TB3_PC_WS/ros2_galactic/install/turtlebot3_msgs:/home/tal/TB3_PC_WS/ros2_galactic/install/turtlebot3_description:${AMENT_PREFIX_PATH} CMAKE_PREFIX_PATH=/home/tal/TB3_PC_WS/ros2_galactic/install/turtlebot3_node:/home/tal/TB3_PC_WS/ros2_galactic/install/turtlebot3_msgs:/home/tal/TB3_PC_WS/ros2_galactic/install/turtlebot3_description:/opt/ros/galactic:${CMAKE_PREFIX_PATH} LD_LIBRARY_PATH=/home/tal/TB3_PC_WS/ros2_galactic/install/turtlebot3_msgs/lib:${LD_LIBRARY_PATH} PYTHONPATH=/home/tal/TB3_PC_WS/ros2_galactic/install/turtlebot3_msgs/lib/python3.8/site-packages:${PYTHONPATH} /usr/bin/cmake --build /home/tal/TB3_PC_WS/ros2_galactic/build/turtlebot3_bringup -- -j16 -l16
[0.539s] Invoking command in '/home/tal/TB3_PC_WS/ros2_galactic/build/turtlebot3_bringup': AMENT_PREFIX_PATH=/home/tal/TB3_PC_WS/ros2_galactic/install/turtlebot3_node:/home/tal/TB3_PC_WS/ros2_galactic/install/turtlebot3_msgs:/home/tal/TB3_PC_WS/ros2_galactic/install/turtlebot3_description:${AMENT_PREFIX_PATH} CMAKE_PREFIX_PATH=/home/tal/TB3_PC_WS/ros2_galactic/install/turtlebot3_node:/home/tal/TB3_PC_WS/ros2_galactic/install/turtlebot3_msgs:/home/tal/TB3_PC_WS/ros2_galactic/install/turtlebot3_description:/opt/ros/galactic:${CMAKE_PREFIX_PATH} LD_LIBRARY_PATH=/home/tal/TB3_PC_WS/ros2_galactic/install/turtlebot3_msgs/lib:${LD_LIBRARY_PATH} PYTHONPATH=/home/tal/TB3_PC_WS/ros2_galactic/install/turtlebot3_msgs/lib/python3.8/site-packages:${PYTHONPATH} /usr/bin/cmake --install /home/tal/TB3_PC_WS/ros2_galactic/build/turtlebot3_bringup
[0.547s] -- Install configuration: ""
[0.548s] -- Installing: /home/tal/TB3_PC_WS/ros2_galactic/install/turtlebot3_bringup/share/turtlebot3_bringup/launch
[0.548s] -- Installing: /home/tal/TB3_PC_WS/ros2_galactic/install/turtlebot3_bringup/share/turtlebot3_bringup/launch/turtlebot3_state_publisher.launch.py
[0.548s] -- Installing: /home/tal/TB3_PC_WS/ros2_galactic/install/turtlebot3_bringup/share/turtlebot3_bringup/launch/robot.launch.py
[0.548s] -- Installing: /home/tal/TB3_PC_WS/ros2_galactic/install/turtlebot3_bringup/share/turtlebot3_bringup/launch/rviz2.launch.py
[0.548s] -- Installing: /home/tal/TB3_PC_WS/ros2_galactic/install/turtlebot3_bringup/share/turtlebot3_bringup/param
[0.548s] -- Installing: /home/tal/TB3_PC_WS/ros2_galactic/install/turtlebot3_bringup/share/turtlebot3_bringup/param/burger.yaml
[0.549s] -- Installing: /home/tal/TB3_PC_WS/ros2_galactic/install/turtlebot3_bringup/share/turtlebot3_bringup/param/waffle_pi.yaml
[0.549s] -- Installing: /home/tal/TB3_PC_WS/ros2_galactic/install/turtlebot3_bringup/share/turtlebot3_bringup/param/waffle.yaml
[0.549s] -- Installing: /home/tal/TB3_PC_WS/ros2_galactic/install/turtlebot3_bringup/share/turtlebot3_bringup/script
[0.549s] -- Installing: /home/tal/TB3_PC_WS/ros2_galactic/install/turtlebot3_bringup/share/turtlebot3_bringup/script/99-turtlebot3-cdc.rules
[0.549s] -- Installing: /home/tal/TB3_PC_WS/ros2_galactic/install/turtlebot3_bringup/share/turtlebot3_bringup/script/create_udev_rules
[0.549s] -- Installing: /home/tal/TB3_PC_WS/ros2_galactic/install/turtlebot3_bringup/share/ament_index/resource_index/package_run_dependencies/turtlebot3_bringup
[0.549s] -- Installing: /home/tal/TB3_PC_WS/ros2_galactic/install/turtlebot3_bringup/share/ament_index/resource_index/parent_prefix_path/turtlebot3_bringup
[0.549s] -- Installing: /home/tal/TB3_PC_WS/ros2_galactic/install/turtlebot3_bringup/share/turtlebot3_bringup/environment/ament_prefix_path.sh
[0.549s] -- Installing: /home/tal/TB3_PC_WS/ros2_galactic/install/turtlebot3_bringup/share/turtlebot3_bringup/environment/ament_prefix_path.dsv
[0.549s] -- Installing: /home/tal/TB3_PC_WS/ros2_galactic/install/turtlebot3_bringup/share/turtlebot3_bringup/environment/path.sh
[0.550s] -- Installing: /home/tal/TB3_PC_WS/ros2_galactic/install/turtlebot3_bringup/share/turtlebot3_bringup/environment/path.dsv
[0.550s] -- Installing: /home/tal/TB3_PC_WS/ros2_galactic/install/turtlebot3_bringup/share/turtlebot3_bringup/local_setup.bash
[0.550s] -- Installing: /home/tal/TB3_PC_WS/ros2_galactic/install/turtlebot3_bringup/share/turtlebot3_bringup/local_setup.sh
[0.550s] -- Installing: /home/tal/TB3_PC_WS/ros2_galactic/install/turtlebot3_bringup/share/turtlebot3_bringup/local_setup.zsh
[0.550s] -- Installing: /home/tal/TB3_PC_WS/ros2_galactic/install/turtlebot3_bringup/share/turtlebot3_bringup/local_setup.dsv
[0.550s] -- Installing: /home/tal/TB3_PC_WS/ros2_galactic/install/turtlebot3_bringup/share/turtlebot3_bringup/package.dsv
[0.550s] -- Installing: /home/tal/TB3_PC_WS/ros2_galactic/install/turtlebot3_bringup/share/ament_index/resource_index/packages/turtlebot3_bringup
[0.550s] -- Installing: /home/tal/TB3_PC_WS/ros2_galactic/install/turtlebot3_bringup/share/turtlebot3_bringup/cmake/turtlebot3_bringupConfig.cmake
[0.550s] -- Installing: /home/tal/TB3_PC_WS/ros2_galactic/install/turtlebot3_bringup/share/turtlebot3_bringup/cmake/turtlebot3_bringupConfig-version.cmake
[0.550s] -- Installing: /home/tal/TB3_PC_WS/ros2_galactic/install/turtlebot3_bringup/share/turtlebot3_bringup/package.xml
[0.551s] Invoked command in '/home/tal/TB3_PC_WS/ros2_galactic/build/turtlebot3_bringup' returned '0': AMENT_PREFIX_PATH=/home/tal/TB3_PC_WS/ros2_galactic/install/turtlebot3_node:/home/tal/TB3_PC_WS/ros2_galactic/install/turtlebot3_msgs:/home/tal/TB3_PC_WS/ros2_galactic/install/turtlebot3_description:${AMENT_PREFIX_PATH} CMAKE_PREFIX_PATH=/home/tal/TB3_PC_WS/ros2_galactic/install/turtlebot3_node:/home/tal/TB3_PC_WS/ros2_galactic/install/turtlebot3_msgs:/home/tal/TB3_PC_WS/ros2_galactic/install/turtlebot3_description:/opt/ros/galactic:${CMAKE_PREFIX_PATH} LD_LIBRARY_PATH=/home/tal/TB3_PC_WS/ros2_galactic/install/turtlebot3_msgs/lib:${LD_LIBRARY_PATH} PYTHONPATH=/home/tal/TB3_PC_WS/ros2_galactic/install/turtlebot3_msgs/lib/python3.8/site-packages:${PYTHONPATH} /usr/bin/cmake --install /home/tal/TB3_PC_WS/ros2_galactic/build/turtlebot3_bringup
