[0.004s] Invoking command in '/home/tal/TB3_PC_WS/build/turtlebot3_simulations': AMENT_PREFIX_PATH=/home/tal/TB3_PC_WS/install/turtlebot3_gazebo:/home/tal/TB3_PC_WS/install/turtlebot3_fake_node:${AMENT_PREFIX_PATH} CMAKE_PREFIX_PATH=/home/tal/TB3_PC_WS/install/turtlebot3_gazebo:/home/tal/TB3_PC_WS/install/turtlebot3_fake_node:/opt/ros/humble /usr/bin/cmake /home/tal/TB3_PC_WS/src/turtlebot3_simulations-humble-devel/turtlebot3_simulations -DAMENT_CMAKE_SYMLINK_INSTALL=1 -DCMAKE_INSTALL_PREFIX=/home/tal/TB3_PC_WS/install/turtlebot3_simulations
[0.041s] -- The C compiler identification is GNU 11.4.0
[0.095s] -- The CXX compiler identification is GNU 11.4.0
[0.099s] -- Detecting C compiler ABI info
[0.135s] -- Detecting C compiler ABI info - done
[0.140s] -- Check for working C compiler: /usr/bin/cc - skipped
[0.140s] -- Detecting C compile features
[0.140s] -- Detecting C compile features - done
[0.142s] -- Detecting CXX compiler ABI info
[0.186s] -- Detecting CXX compiler ABI info - done
[0.190s] -- Check for working CXX compiler: /usr/bin/c++ - skipped
[0.190s] -- Detecting CXX compile features
[0.190s] -- Detecting CXX compile features - done
[0.192s] -- Found ament_cmake: 1.3.10 (/opt/ros/humble/share/ament_cmake/cmake)
[0.291s] -- Found Python3: /usr/bin/python3 (found version "3.10.12") found components: Interpreter 
[0.326s] -- Override CMake install command with custom implementation using symlinks instead of copying resources
[0.378s] -- Configuring done
[0.379s] -- Generating done
[0.380s] -- Build files have been written to: /home/tal/TB3_PC_WS/build/turtlebot3_simulations
[0.382s] Invoked command in '/home/tal/TB3_PC_WS/build/turtlebot3_simulations' returned '0': AMENT_PREFIX_PATH=/home/tal/TB3_PC_WS/install/turtlebot3_gazebo:/home/tal/TB3_PC_WS/install/turtlebot3_fake_node:${AMENT_PREFIX_PATH} CMAKE_PREFIX_PATH=/home/tal/TB3_PC_WS/install/turtlebot3_gazebo:/home/tal/TB3_PC_WS/install/turtlebot3_fake_node:/opt/ros/humble /usr/bin/cmake /home/tal/TB3_PC_WS/src/turtlebot3_simulations-humble-devel/turtlebot3_simulations -DAMENT_CMAKE_SYMLINK_INSTALL=1 -DCMAKE_INSTALL_PREFIX=/home/tal/TB3_PC_WS/install/turtlebot3_simulations
[0.383s] Invoking command in '/home/tal/TB3_PC_WS/build/turtlebot3_simulations': AMENT_PREFIX_PATH=/home/tal/TB3_PC_WS/install/turtlebot3_gazebo:/home/tal/TB3_PC_WS/install/turtlebot3_fake_node:${AMENT_PREFIX_PATH} CMAKE_PREFIX_PATH=/home/tal/TB3_PC_WS/install/turtlebot3_gazebo:/home/tal/TB3_PC_WS/install/turtlebot3_fake_node:/opt/ros/humble /usr/bin/cmake --build /home/tal/TB3_PC_WS/build/turtlebot3_simulations -- -j16 -l16
[0.404s] Invoked command in '/home/tal/TB3_PC_WS/build/turtlebot3_simulations' returned '0': AMENT_PREFIX_PATH=/home/tal/TB3_PC_WS/install/turtlebot3_gazebo:/home/tal/TB3_PC_WS/install/turtlebot3_fake_node:${AMENT_PREFIX_PATH} CMAKE_PREFIX_PATH=/home/tal/TB3_PC_WS/install/turtlebot3_gazebo:/home/tal/TB3_PC_WS/install/turtlebot3_fake_node:/opt/ros/humble /usr/bin/cmake --build /home/tal/TB3_PC_WS/build/turtlebot3_simulations -- -j16 -l16
[0.418s] Invoking command in '/home/tal/TB3_PC_WS/build/turtlebot3_simulations': AMENT_PREFIX_PATH=/home/tal/TB3_PC_WS/install/turtlebot3_gazebo:/home/tal/TB3_PC_WS/install/turtlebot3_fake_node:${AMENT_PREFIX_PATH} CMAKE_PREFIX_PATH=/home/tal/TB3_PC_WS/install/turtlebot3_gazebo:/home/tal/TB3_PC_WS/install/turtlebot3_fake_node:/opt/ros/humble /usr/bin/cmake --install /home/tal/TB3_PC_WS/build/turtlebot3_simulations
[0.422s] -- Install configuration: ""
[0.422s] -- Execute custom install script
[0.422s] -- Symlinking: /home/tal/TB3_PC_WS/install/turtlebot3_simulations/share/ament_index/resource_index/package_run_dependencies/turtlebot3_simulations
[0.427s] -- Symlinking: /home/tal/TB3_PC_WS/install/turtlebot3_simulations/share/ament_index/resource_index/parent_prefix_path/turtlebot3_simulations
[0.431s] -- Symlinking: /home/tal/TB3_PC_WS/install/turtlebot3_simulations/share/turtlebot3_simulations/environment/ament_prefix_path.sh
[0.438s] -- Symlinking: /home/tal/TB3_PC_WS/install/turtlebot3_simulations/share/turtlebot3_simulations/environment/ament_prefix_path.dsv
[0.444s] -- Symlinking: /home/tal/TB3_PC_WS/install/turtlebot3_simulations/share/turtlebot3_simulations/environment/path.sh
[0.454s] -- Symlinking: /home/tal/TB3_PC_WS/install/turtlebot3_simulations/share/turtlebot3_simulations/environment/path.dsv
[0.465s] -- Symlinking: /home/tal/TB3_PC_WS/install/turtlebot3_simulations/share/turtlebot3_simulations/local_setup.bash
[0.475s] -- Symlinking: /home/tal/TB3_PC_WS/install/turtlebot3_simulations/share/turtlebot3_simulations/local_setup.sh
[0.484s] -- Symlinking: /home/tal/TB3_PC_WS/install/turtlebot3_simulations/share/turtlebot3_simulations/local_setup.zsh
[0.494s] -- Symlinking: /home/tal/TB3_PC_WS/install/turtlebot3_simulations/share/turtlebot3_simulations/local_setup.dsv
[0.507s] -- Symlinking: /home/tal/TB3_PC_WS/install/turtlebot3_simulations/share/turtlebot3_simulations/package.dsv
[0.516s] -- Symlinking: /home/tal/TB3_PC_WS/install/turtlebot3_simulations/share/ament_index/resource_index/packages/turtlebot3_simulations
[0.520s] -- Symlinking: /home/tal/TB3_PC_WS/install/turtlebot3_simulations/share/turtlebot3_simulations/cmake/turtlebot3_simulationsConfig.cmake
[0.524s] -- Symlinking: /home/tal/TB3_PC_WS/install/turtlebot3_simulations/share/turtlebot3_simulations/cmake/turtlebot3_simulationsConfig-version.cmake
[0.529s] -- Symlinking: /home/tal/TB3_PC_WS/install/turtlebot3_simulations/share/turtlebot3_simulations/package.xml
[0.534s] Invoked command in '/home/tal/TB3_PC_WS/build/turtlebot3_simulations' returned '0': AMENT_PREFIX_PATH=/home/tal/TB3_PC_WS/install/turtlebot3_gazebo:/home/tal/TB3_PC_WS/install/turtlebot3_fake_node:${AMENT_PREFIX_PATH} CMAKE_PREFIX_PATH=/home/tal/TB3_PC_WS/install/turtlebot3_gazebo:/home/tal/TB3_PC_WS/install/turtlebot3_fake_node:/opt/ros/humble /usr/bin/cmake --install /home/tal/TB3_PC_WS/build/turtlebot3_simulations
