[0.055s] Invoking command in '/home/tal/TB3_PC_WS/build/compressed_depth_image_transport': CMAKE_PREFIX_PATH=${CMAKE_PREFIX_PATH}:/home/tal/tut2_ws/install/my_robot_controller:/home/tal/tut_ws/install/my_robot_controller:/home/tal/tutorial_ws/install/launch_testing_examples:/home/tal/tutorial_ws/install/examples_rclpy_pointcloud_publisher:/home/tal/tutorial_ws/install/examples_rclpy_minimal_subscriber:/home/tal/tutorial_ws/install/examples_rclpy_minimal_service:/home/tal/tutorial_ws/install/examples_rclpy_minimal_publisher:/home/tal/tutorial_ws/install/examples_rclpy_minimal_client:/home/tal/tutorial_ws/install/examples_rclpy_minimal_action_server:/home/tal/tutorial_ws/install/examples_rclpy_minimal_action_client:/home/tal/tutorial_ws/install/examples_rclpy_guard_conditions:/home/tal/tutorial_ws/install/examples_rclpy_executors:/opt/ros/humble /usr/bin/cmake /home/tal/TB3_PC_WS/src/image_transport_plugins/compressed_depth_image_transport -DCMAKE_INSTALL_PREFIX=/home/tal/TB3_PC_WS/install/compressed_depth_image_transport
[0.153s] -- The C compiler identification is GNU 11.4.0
[0.265s] -- The CXX compiler identification is GNU 11.4.0
[0.271s] -- Detecting C compiler ABI info
[0.374s] -- Detecting C compiler ABI info - done
[0.379s] -- Check for working C compiler: /usr/bin/cc - skipped
[0.379s] -- Detecting C compile features
[0.379s] -- Detecting C compile features - done
[0.381s] -- Detecting CXX compiler ABI info
[0.501s] -- Detecting CXX compiler ABI info - done
[0.503s] -- Check for working CXX compiler: /usr/bin/c++ - skipped
[0.503s] -- Detecting CXX compile features
[0.504s] -- Detecting CXX compile features - done
[0.575s] -- Found ament_cmake: 1.3.9 (/opt/ros/humble/share/ament_cmake/cmake)
[0.801s] -- Found Python3: /usr/bin/python3 (found version "3.10.12") found components: Interpreter 
[0.930s] -- Found image_transport: 3.1.9 (/opt/ros/humble/share/image_transport/cmake)
[0.985s] -- Found rosidl_generator_c: 3.1.5 (/opt/ros/humble/share/rosidl_generator_c/cmake)
[0.988s] -- Found rosidl_adapter: 3.1.5 (/opt/ros/humble/share/rosidl_adapter/cmake)
[0.994s] -- Found rosidl_generator_cpp: 3.1.5 (/opt/ros/humble/share/rosidl_generator_cpp/cmake)
[1.004s] -- Using all available rosidl_typesupport_c: rosidl_typesupport_fastrtps_c;rosidl_typesupport_introspection_c
[1.020s] -- Using all available rosidl_typesupport_cpp: rosidl_typesupport_fastrtps_cpp;rosidl_typesupport_introspection_cpp
[1.115s] -- Found rmw_implementation_cmake: 6.1.2 (/opt/ros/humble/share/rmw_implementation_cmake/cmake)
[1.136s] -- Found rmw_fastrtps_cpp: 6.2.6 (/opt/ros/humble/share/rmw_fastrtps_cpp/cmake)
[1.292s] -- Found OpenSSL: /usr/lib/x86_64-linux-gnu/libcrypto.so (found version "3.0.2")  
[1.348s] -- Found FastRTPS: /opt/ros/humble/include  
[1.396s] -- Using RMW implementation 'rmw_fastrtps_cpp' as default
[1.397s] -- Looking for pthread.h
[1.501s] -- Looking for pthread.h - found
[1.501s] -- Performing Test CMAKE_HAVE_LIBC_PTHREAD
[1.632s] -- Performing Test CMAKE_HAVE_LIBC_PTHREAD - Success
[1.632s] -- Found Threads: TRUE  
[2.135s] -- Found cv_bridge: 3.2.1 (/opt/ros/humble/share/cv_bridge/cmake)
[2.135s] -- Found OpenCV: /usr (found version "4.5.4") 
[2.235s] -- Configuring done
[2.235s] -- Generating done
[2.235s] -- Build files have been written to: /home/tal/TB3_PC_WS/build/compressed_depth_image_transport
[2.242s] Invoked command in '/home/tal/TB3_PC_WS/build/compressed_depth_image_transport' returned '0': CMAKE_PREFIX_PATH=${CMAKE_PREFIX_PATH}:/home/tal/tut2_ws/install/my_robot_controller:/home/tal/tut_ws/install/my_robot_controller:/home/tal/tutorial_ws/install/launch_testing_examples:/home/tal/tutorial_ws/install/examples_rclpy_pointcloud_publisher:/home/tal/tutorial_ws/install/examples_rclpy_minimal_subscriber:/home/tal/tutorial_ws/install/examples_rclpy_minimal_service:/home/tal/tutorial_ws/install/examples_rclpy_minimal_publisher:/home/tal/tutorial_ws/install/examples_rclpy_minimal_client:/home/tal/tutorial_ws/install/examples_rclpy_minimal_action_server:/home/tal/tutorial_ws/install/examples_rclpy_minimal_action_client:/home/tal/tutorial_ws/install/examples_rclpy_guard_conditions:/home/tal/tutorial_ws/install/examples_rclpy_executors:/opt/ros/humble /usr/bin/cmake /home/tal/TB3_PC_WS/src/image_transport_plugins/compressed_depth_image_transport -DCMAKE_INSTALL_PREFIX=/home/tal/TB3_PC_WS/install/compressed_depth_image_transport
[2.245s] Invoking command in '/home/tal/TB3_PC_WS/build/compressed_depth_image_transport': CMAKE_PREFIX_PATH=${CMAKE_PREFIX_PATH}:/home/tal/tut2_ws/install/my_robot_controller:/home/tal/tut_ws/install/my_robot_controller:/home/tal/tutorial_ws/install/launch_testing_examples:/home/tal/tutorial_ws/install/examples_rclpy_pointcloud_publisher:/home/tal/tutorial_ws/install/examples_rclpy_minimal_subscriber:/home/tal/tutorial_ws/install/examples_rclpy_minimal_service:/home/tal/tutorial_ws/install/examples_rclpy_minimal_publisher:/home/tal/tutorial_ws/install/examples_rclpy_minimal_client:/home/tal/tutorial_ws/install/examples_rclpy_minimal_action_server:/home/tal/tutorial_ws/install/examples_rclpy_minimal_action_client:/home/tal/tutorial_ws/install/examples_rclpy_guard_conditions:/home/tal/tutorial_ws/install/examples_rclpy_executors:/opt/ros/humble /usr/bin/cmake --build /home/tal/TB3_PC_WS/build/compressed_depth_image_transport -- -j6 -l6
[2.466s] [ 20%] [32mBuilding CXX object CMakeFiles/compressed_depth_image_transport.dir/src/compressed_depth_subscriber.cpp.o[0m
[2.466s] [ 40%] [32mBuilding CXX object CMakeFiles/compressed_depth_image_transport.dir/src/manifest.cpp.o[0m
[2.466s] [ 60%] [32mBuilding CXX object CMakeFiles/compressed_depth_image_transport.dir/src/compressed_depth_publisher.cpp.o[0m
[2.466s] [ 80%] [32mBuilding CXX object CMakeFiles/compressed_depth_image_transport.dir/src/codec.cpp.o[0m
[30.100s] [100%] [32m[1mLinking CXX shared library libcompressed_depth_image_transport.so[0m
[32.337s] [100%] Built target compressed_depth_image_transport
[32.455s] Invoked command in '/home/tal/TB3_PC_WS/build/compressed_depth_image_transport' returned '0': CMAKE_PREFIX_PATH=${CMAKE_PREFIX_PATH}:/home/tal/tut2_ws/install/my_robot_controller:/home/tal/tut_ws/install/my_robot_controller:/home/tal/tutorial_ws/install/launch_testing_examples:/home/tal/tutorial_ws/install/examples_rclpy_pointcloud_publisher:/home/tal/tutorial_ws/install/examples_rclpy_minimal_subscriber:/home/tal/tutorial_ws/install/examples_rclpy_minimal_service:/home/tal/tutorial_ws/install/examples_rclpy_minimal_publisher:/home/tal/tutorial_ws/install/examples_rclpy_minimal_client:/home/tal/tutorial_ws/install/examples_rclpy_minimal_action_server:/home/tal/tutorial_ws/install/examples_rclpy_minimal_action_client:/home/tal/tutorial_ws/install/examples_rclpy_guard_conditions:/home/tal/tutorial_ws/install/examples_rclpy_executors:/opt/ros/humble /usr/bin/cmake --build /home/tal/TB3_PC_WS/build/compressed_depth_image_transport -- -j6 -l6
[33.377s] Invoking command in '/home/tal/TB3_PC_WS/build/compressed_depth_image_transport': CMAKE_PREFIX_PATH=${CMAKE_PREFIX_PATH}:/home/tal/tut2_ws/install/my_robot_controller:/home/tal/tut_ws/install/my_robot_controller:/home/tal/tutorial_ws/install/launch_testing_examples:/home/tal/tutorial_ws/install/examples_rclpy_pointcloud_publisher:/home/tal/tutorial_ws/install/examples_rclpy_minimal_subscriber:/home/tal/tutorial_ws/install/examples_rclpy_minimal_service:/home/tal/tutorial_ws/install/examples_rclpy_minimal_publisher:/home/tal/tutorial_ws/install/examples_rclpy_minimal_client:/home/tal/tutorial_ws/install/examples_rclpy_minimal_action_server:/home/tal/tutorial_ws/install/examples_rclpy_minimal_action_client:/home/tal/tutorial_ws/install/examples_rclpy_guard_conditions:/home/tal/tutorial_ws/install/examples_rclpy_executors:/opt/ros/humble /usr/bin/cmake --install /home/tal/TB3_PC_WS/build/compressed_depth_image_transport
[33.432s] -- Install configuration: ""
[33.432s] -- Installing: /home/tal/TB3_PC_WS/install/compressed_depth_image_transport/lib/libcompressed_depth_image_transport.so
[33.432s] -- Set runtime path of "/home/tal/TB3_PC_WS/install/compressed_depth_image_transport/lib/libcompressed_depth_image_transport.so" to ""
[33.432s] -- Installing: /home/tal/TB3_PC_WS/install/compressed_depth_image_transport/include
[33.432s] -- Installing: /home/tal/TB3_PC_WS/install/compressed_depth_image_transport/include/compressed_depth_image_transport
[33.432s] -- Installing: /home/tal/TB3_PC_WS/install/compressed_depth_image_transport/include/compressed_depth_image_transport/codec.h
[33.432s] -- Installing: /home/tal/TB3_PC_WS/install/compressed_depth_image_transport/include/compressed_depth_image_transport/compressed_depth_publisher.h
[33.432s] -- Installing: /home/tal/TB3_PC_WS/install/compressed_depth_image_transport/include/compressed_depth_image_transport/compression_common.h
[33.432s] -- Installing: /home/tal/TB3_PC_WS/install/compressed_depth_image_transport/include/compressed_depth_image_transport/compressed_depth_subscriber.h
[33.432s] -- Installing: /home/tal/TB3_PC_WS/install/compressed_depth_image_transport/share/compressed_depth_image_transport/compressed_depth_plugins.xml
[33.432s] -- Installing: /home/tal/TB3_PC_WS/install/compressed_depth_image_transport/share/ament_index/resource_index/package_run_dependencies/compressed_depth_image_transport
[33.432s] -- Installing: /home/tal/TB3_PC_WS/install/compressed_depth_image_transport/share/ament_index/resource_index/parent_prefix_path/compressed_depth_image_transport
[33.432s] -- Installing: /home/tal/TB3_PC_WS/install/compressed_depth_image_transport/share/compressed_depth_image_transport/environment/ament_prefix_path.sh
[33.433s] -- Installing: /home/tal/TB3_PC_WS/install/compressed_depth_image_transport/share/compressed_depth_image_transport/environment/ament_prefix_path.dsv
[33.433s] -- Installing: /home/tal/TB3_PC_WS/install/compressed_depth_image_transport/share/compressed_depth_image_transport/environment/path.sh
[33.433s] -- Installing: /home/tal/TB3_PC_WS/install/compressed_depth_image_transport/share/compressed_depth_image_transport/environment/path.dsv
[33.433s] -- Installing: /home/tal/TB3_PC_WS/install/compressed_depth_image_transport/share/compressed_depth_image_transport/local_setup.bash
[33.433s] -- Installing: /home/tal/TB3_PC_WS/install/compressed_depth_image_transport/share/compressed_depth_image_transport/local_setup.sh
[33.433s] -- Installing: /home/tal/TB3_PC_WS/install/compressed_depth_image_transport/share/compressed_depth_image_transport/local_setup.zsh
[33.433s] -- Installing: /home/tal/TB3_PC_WS/install/compressed_depth_image_transport/share/compressed_depth_image_transport/local_setup.dsv
[33.433s] -- Installing: /home/tal/TB3_PC_WS/install/compressed_depth_image_transport/share/compressed_depth_image_transport/package.dsv
[33.433s] -- Installing: /home/tal/TB3_PC_WS/install/compressed_depth_image_transport/share/ament_index/resource_index/packages/compressed_depth_image_transport
[33.433s] -- Installing: /home/tal/TB3_PC_WS/install/compressed_depth_image_transport/share/ament_index/resource_index/image_transport__pluginlib__plugin/compressed_depth_image_transport
[33.433s] -- Installing: /home/tal/TB3_PC_WS/install/compressed_depth_image_transport/share/compressed_depth_image_transport/cmake/compressed_depth_image_transportConfig.cmake
[33.433s] -- Installing: /home/tal/TB3_PC_WS/install/compressed_depth_image_transport/share/compressed_depth_image_transport/cmake/compressed_depth_image_transportConfig-version.cmake
[33.434s] -- Installing: /home/tal/TB3_PC_WS/install/compressed_depth_image_transport/share/compressed_depth_image_transport/package.xml
[33.584s] Invoked command in '/home/tal/TB3_PC_WS/build/compressed_depth_image_transport' returned '0': CMAKE_PREFIX_PATH=${CMAKE_PREFIX_PATH}:/home/tal/tut2_ws/install/my_robot_controller:/home/tal/tut_ws/install/my_robot_controller:/home/tal/tutorial_ws/install/launch_testing_examples:/home/tal/tutorial_ws/install/examples_rclpy_pointcloud_publisher:/home/tal/tutorial_ws/install/examples_rclpy_minimal_subscriber:/home/tal/tutorial_ws/install/examples_rclpy_minimal_service:/home/tal/tutorial_ws/install/examples_rclpy_minimal_publisher:/home/tal/tutorial_ws/install/examples_rclpy_minimal_client:/home/tal/tutorial_ws/install/examples_rclpy_minimal_action_server:/home/tal/tutorial_ws/install/examples_rclpy_minimal_action_client:/home/tal/tutorial_ws/install/examples_rclpy_guard_conditions:/home/tal/tutorial_ws/install/examples_rclpy_executors:/opt/ros/humble /usr/bin/cmake --install /home/tal/TB3_PC_WS/build/compressed_depth_image_transport
