[0.599s] Invoking command in '/home/tal/TB3_PC_WS/src/turtlebot3/turtlebot3_teleop': PYTHONPATH=/home/tal/TB3_PC_WS/build/turtlebot3_teleop/prefix_override:/home/tal/.local/lib/python3.8/site-packages/colcon_core/task/python/colcon_distutils_commands:/home/tal/TB3_PC_WS/install/turtlebot3_teleop/lib/python3.8/site-packages:${PYTHONPATH} /usr/bin/python3 -W ignore:setup.py install is deprecated setup.py egg_info --egg-base ../../../build/turtlebot3_teleop build --build-base /home/tal/TB3_PC_WS/build/turtlebot3_teleop/build install --record /home/tal/TB3_PC_WS/build/turtlebot3_teleop/install.log --single-version-externally-managed install_data
[0.715s] running egg_info
[0.715s] writing ../../../build/turtlebot3_teleop/turtlebot3_teleop.egg-info/PKG-INFO
[0.716s] writing dependency_links to ../../../build/turtlebot3_teleop/turtlebot3_teleop.egg-info/dependency_links.txt
[0.716s] writing entry points to ../../../build/turtlebot3_teleop/turtlebot3_teleop.egg-info/entry_points.txt
[0.716s] writing requirements to ../../../build/turtlebot3_teleop/turtlebot3_teleop.egg-info/requires.txt
[0.716s] writing top-level names to ../../../build/turtlebot3_teleop/turtlebot3_teleop.egg-info/top_level.txt
[0.738s] reading manifest file '../../../build/turtlebot3_teleop/turtlebot3_teleop.egg-info/SOURCES.txt'
[0.738s] writing manifest file '../../../build/turtlebot3_teleop/turtlebot3_teleop.egg-info/SOURCES.txt'
[0.739s] running build
[0.739s] running build_py
[0.739s] running install
[0.740s] running install_lib
[0.741s] running install_data
[0.741s] running install_egg_info
[0.742s] removing '/home/tal/TB3_PC_WS/install/turtlebot3_teleop/lib/python3.8/site-packages/turtlebot3_teleop-2.1.5-py3.8.egg-info' (and everything under it)
[0.742s] Copying ../../../build/turtlebot3_teleop/turtlebot3_teleop.egg-info to /home/tal/TB3_PC_WS/install/turtlebot3_teleop/lib/python3.8/site-packages/turtlebot3_teleop-2.1.5-py3.8.egg-info
[0.743s] running install_scripts
[0.754s] Installing teleop_keyboard script to /home/tal/TB3_PC_WS/install/turtlebot3_teleop/lib/turtlebot3_teleop
[0.755s] writing list of installed files to '/home/tal/TB3_PC_WS/build/turtlebot3_teleop/install.log'
[0.770s] Invoked command in '/home/tal/TB3_PC_WS/src/turtlebot3/turtlebot3_teleop' returned '0': PYTHONPATH=/home/tal/TB3_PC_WS/build/turtlebot3_teleop/prefix_override:/home/tal/.local/lib/python3.8/site-packages/colcon_core/task/python/colcon_distutils_commands:/home/tal/TB3_PC_WS/install/turtlebot3_teleop/lib/python3.8/site-packages:${PYTHONPATH} /usr/bin/python3 -W ignore:setup.py install is deprecated setup.py egg_info --egg-base ../../../build/turtlebot3_teleop build --build-base /home/tal/TB3_PC_WS/build/turtlebot3_teleop/build install --record /home/tal/TB3_PC_WS/build/turtlebot3_teleop/install.log --single-version-externally-managed install_data
