[0.014s] Invoking command in '/home/tal/TB3_PC_WS/build/ros1_bridge': CMAKE_PREFIX_PATH=/home/tal/TB3_PC_WS/install/turtlebot3_simulations:/home/tal/TB3_PC_WS/install/turtlebot3_gazebo:/home/tal/TB3_PC_WS/install/turtlebot3_fake_node:/home/tal/TB3_PC_WS/install/ros1_bridge:/opt/ros/galactic:/home/tal/TB3_PC_WS/install/tb_run_script:/opt/ros/noetic /usr/bin/cmake /home/tal/TB3_PC_WS/src/ros1_bridge-master -DCMAKE_INSTALL_PREFIX=/home/tal/TB3_PC_WS/install/ros1_bridge
[0.045s] -- The C compiler identification is GNU 9.4.0
[0.075s] -- The CXX compiler identification is GNU 9.4.0
[0.078s] -- Check for working C compiler: /usr/bin/cc
[0.117s] -- Check for working C compiler: /usr/bin/cc -- works
[0.117s] -- Detecting C compiler ABI info
[0.158s] -- Detecting C compiler ABI info - done
[0.164s] -- Detecting C compile features
[0.164s] -- Detecting C compile features - done
[0.166s] -- Check for working CXX compiler: /usr/bin/c++
[0.210s] -- Check for working CXX compiler: /usr/bin/c++ -- works
[0.210s] -- Detecting CXX compiler ABI info
[0.256s] -- Detecting CXX compiler ABI info - done
[0.263s] -- Detecting CXX compile features
[0.263s] -- Detecting CXX compile features - done
[0.264s] -- Found rmw: 3.3.1 (/opt/ros/galactic/share/rmw/cmake)
[0.275s] -- Found PythonInterp: /usr/bin/python3 (found suitable version "3.8.10", minimum required is "3") 
[0.275s] -- Using PYTHON_EXECUTABLE: /usr/bin/python3
[0.331s] -- Found rclcpp: 9.2.2 (/opt/ros/galactic/share/rclcpp/cmake)
[0.347s] -- Using single rosidl_typesupport_c: rosidl_typesupport_introspection_c
[0.351s] -- Found rosidl_adapter: 2.2.3 (/opt/ros/galactic/share/rosidl_adapter/cmake)
[0.363s] -- Using single rosidl_typesupport_cpp: rosidl_typesupport_introspection_cpp
[0.396s] -- Found rmw_implementation_cmake: 3.3.1 (/opt/ros/galactic/share/rmw_implementation_cmake/cmake)
[0.397s] -- Found rmw_cyclonedds_cpp: 0.22.6 (/opt/ros/galactic/share/rmw_cyclonedds_cpp/cmake)
[0.408s] -- Using RMW implementation 'rmw_cyclonedds_cpp' as default
[0.408s] -- Looking for pthread.h
[0.449s] -- Looking for pthread.h - found
[0.449s] -- Performing Test CMAKE_HAVE_LIBC_PTHREAD
[0.488s] -- Performing Test CMAKE_HAVE_LIBC_PTHREAD - Failed
[0.488s] -- Looking for pthread_create in pthreads
[0.517s] -- Looking for pthread_create in pthreads - not found
[0.518s] -- Looking for pthread_create in pthread
[0.557s] -- Looking for pthread_create in pthread - found
[0.557s] -- Found Threads: TRUE  
[0.645s] -- Found PkgConfig: /usr/bin/pkg-config (found version "0.29.1") 
[0.647s] -- Checking for module 'roscpp'
[0.654s] --   Found roscpp, version 1.17.0
[0.672s] -- Checking for module 'std_msgs'
[0.678s] --   Found std_msgs, version 0.5.13
[0.909s] -- Checking for module 'actionlib'
[0.916s] --   Found actionlib, version 1.14.0
[0.936s] -- Checking for module 'actionlib_msgs'
[0.941s] --   Found actionlib_msgs, version 1.13.1
[0.963s] -- Checking for module 'bond'
[0.973s] --   Found bond, version 1.8.6
[0.993s] -- Checking for module 'diagnostic_msgs'
[0.998s] --   Found diagnostic_msgs, version 1.13.1
[1.015s] -- Checking for module 'dynamic_reconfigure'
[1.021s] --   Found dynamic_reconfigure, version 1.7.3
[1.039s] -- Checking for module 'geometry_msgs'
[1.045s] --   Found geometry_msgs, version 1.13.1
[1.074s] -- Checking for module 'nav_msgs'
[1.083s] --   Found nav_msgs, version 1.13.1
[1.103s] -- Checking for module 'rosgraph_msgs'
[1.109s] --   Found rosgraph_msgs, version 1.11.3
[1.126s] -- Checking for module 'sensor_msgs'
[1.133s] --   Found sensor_msgs, version 1.13.1
[1.150s] -- Checking for module 'shape_msgs'
[1.156s] --   Found shape_msgs, version 1.13.1
[1.175s] -- Checking for module 'stereo_msgs'
[1.182s] --   Found stereo_msgs, version 1.13.1
[1.204s] -- Checking for module 'trajectory_msgs'
[1.210s] --   Found trajectory_msgs, version 1.13.1
[1.227s] -- Checking for module 'visualization_msgs'
[1.233s] --   Found visualization_msgs, version 1.13.1
[1.253s] -- Checking for module 'std_srvs'
[1.268s] --   Found std_srvs, version 1.11.3
[1.303s] -- Checking for module 'topic_tools'
[1.311s] --   Found topic_tools, version 1.17.0
[1.329s] -- Found ament_lint_auto: 0.10.7 (/opt/ros/galactic/share/ament_lint_auto/cmake)
[1.330s] -- Found diagnostic_msgs: 2.2.4 (/opt/ros/galactic/share/diagnostic_msgs/cmake)
[1.355s] -- Checking for module 'roslaunch'
[1.361s] --   Found roslaunch, version 1.17.0
[1.453s] -- Found python_cmake_module: 0.8.1 (/opt/ros/galactic/share/python_cmake_module/cmake)
[1.462s] -- Found PythonInterp: /usr/bin/python3 (found suitable version "3.8.10", minimum required is "3.5") 
[1.465s] -- Found PythonLibs: /usr/lib/x86_64-linux-gnu/libpython3.8.so (found suitable version "3.8.10", minimum required is "3.5") 
[1.465s] -- Using PYTHON_EXECUTABLE: /usr/bin/python3
[1.465s] -- Using PYTHON_INCLUDE_DIRS: /usr/include/python3.8
[1.465s] -- Using PYTHON_LIBRARIES: /usr/lib/x86_64-linux-gnu/libpython3.8.so
[1.473s] -- Found PythonExtra: .so  
[1.528s] -- Found gtest sources under '/opt/ros/galactic/src/gtest_vendor': C++ tests using 'Google Test' will be built
[1.530s] -- Check if compiler accepts -pthread
[1.574s] -- Check if compiler accepts -pthread - yes
[1.621s] -- Added test 'copyright' to check source files copyright and LICENSE
[1.623s] -- Added test 'cppcheck' to perform static code analysis on C / C++ code
[1.623s] -- Configured cppcheck include dirs: 
[1.623s] -- Configured cppcheck exclude dirs and/or files: 
[1.624s] -- Added test 'cpplint' to check C / C++ code against the Google style
[1.624s] -- Configured cpplint exclude dirs and/or files: 
[1.624s] -- Added test 'flake8' to check Python code syntax and style conventions
[1.625s] -- Added test 'lint_cmake' to check CMake code style
[1.625s] -- Added test 'pep257' to check Python code against some of the style conventions in PEP 257
[1.626s] -- Added test 'uncrustify' to check C / C++ code style
[1.626s] -- Configured uncrustify additional arguments: 
[1.626s] -- Added test 'xmllint' to check XML markup files
[1.651s] -- Found action_msgs: 1.0.3 (/opt/ros/galactic/share/action_msgs/cmake)
[1.671s] -- Found actionlib_msgs: 2.2.4 (/opt/ros/galactic/share/actionlib_msgs/cmake)
[1.671s] -- Found builtin_interfaces: 1.0.3 (/opt/ros/galactic/share/builtin_interfaces/cmake)
[1.690s] -- Found composition_interfaces: 1.0.3 (/opt/ros/galactic/share/composition_interfaces/cmake)
[1.690s] -- Found diagnostic_msgs: 2.2.4 (/opt/ros/galactic/share/diagnostic_msgs/cmake)
[1.722s] -- Found example_interfaces: 0.9.2 (/opt/ros/galactic/share/example_interfaces/cmake)
[1.723s] -- Found geometry_msgs: 2.2.4 (/opt/ros/galactic/share/geometry_msgs/cmake)
[1.723s] -- Found libstatistics_collector: 1.1.1 (/opt/ros/galactic/share/libstatistics_collector/cmake)
[1.729s] -- Found lifecycle_msgs: 1.0.3 (/opt/ros/galactic/share/lifecycle_msgs/cmake)
[1.768s] -- Found nav_msgs: 2.2.4 (/opt/ros/galactic/share/nav_msgs/cmake)
[1.769s] -- Found rcl_interfaces: 1.0.3 (/opt/ros/galactic/share/rcl_interfaces/cmake)
[1.769s] -- Found rmw_dds_common: 1.2.1 (/opt/ros/galactic/share/rmw_dds_common/cmake)
[1.779s] -- Found rosbag2_interfaces: 0.9.2 (/opt/ros/galactic/share/rosbag2_interfaces/cmake)
[1.779s] -- Found rosgraph_msgs: 1.0.3 (/opt/ros/galactic/share/rosgraph_msgs/cmake)
[1.779s] -- Found sensor_msgs: 2.2.4 (/opt/ros/galactic/share/sensor_msgs/cmake)
[1.814s] -- Found shape_msgs: 2.2.4 (/opt/ros/galactic/share/shape_msgs/cmake)
[1.814s] -- Found statistics_msgs: 1.0.3 (/opt/ros/galactic/share/statistics_msgs/cmake)
[1.814s] -- Found std_msgs: 2.2.4 (/opt/ros/galactic/share/std_msgs/cmake)
[1.820s] -- Found std_srvs: 2.2.4 (/opt/ros/galactic/share/std_srvs/cmake)
[1.883s] -- Found stereo_msgs: 2.2.4 (/opt/ros/galactic/share/stereo_msgs/cmake)
[1.959s] -- Found tf2_msgs: 0.17.5 (/opt/ros/galactic/share/tf2_msgs/cmake)
[1.999s] -- Found trajectory_msgs: 2.2.4 (/opt/ros/galactic/share/trajectory_msgs/cmake)
[2.028s] -- Found turtlesim: 1.3.4 (/opt/ros/galactic/share/turtlesim/cmake)
[2.028s] -- Found unique_identifier_msgs: 2.2.1 (/opt/ros/galactic/share/unique_identifier_msgs/cmake)
[2.068s] -- Found visualization_msgs: 2.2.4 (/opt/ros/galactic/share/visualization_msgs/cmake)
[2.123s] -- Found Python3: /usr/bin/python3.8 (found version "3.8.10") found components: Interpreter 
[2.180s] -- Configuring done
[2.287s] -- Generating done
[2.289s] -- Build files have been written to: /home/tal/TB3_PC_WS/build/ros1_bridge
