-- Found rmw: 3.3.1 (/opt/ros/galactic/share/rmw/cmake)
-- Found PythonInterp: /usr/bin/python3 (found suitable version "3.8.10", minimum required is "3") 
-- Using PYTHON_EXECUTABLE: /usr/bin/python3
-- Found rclcpp: 9.2.2 (/opt/ros/galactic/share/rclcpp/cmake)
-- Using single rosidl_typesupport_c: rosidl_typesupport_introspection_c
-- Found rosidl_adapter: 2.2.3 (/opt/ros/galactic/share/rosidl_adapter/cmake)
-- Using single rosidl_typesupport_cpp: rosidl_typesupport_introspection_cpp
-- Found rmw_implementation_cmake: 3.3.1 (/opt/ros/galactic/share/rmw_implementation_cmake/cmake)
-- Found rmw_cyclonedds_cpp: 0.22.6 (/opt/ros/galactic/share/rmw_cyclonedds_cpp/cmake)
-- Using RMW implementation 'rmw_cyclonedds_cpp' as default
-- Found ament_lint_auto: 0.10.7 (/opt/ros/galactic/share/ament_lint_auto/cmake)
-- Found diagnostic_msgs: 2.2.4 (/opt/ros/galactic/share/diagnostic_msgs/cmake)
-- Found python_cmake_module: 0.8.1 (/opt/ros/galactic/share/python_cmake_module/cmake)
-- Found PythonInterp: /usr/bin/python3 (found suitable version "3.8.10", minimum required is "3.5") 
-- Using PYTHON_EXECUTABLE: /usr/bin/python3
-- Using PYTHON_INCLUDE_DIRS: /usr/include/python3.8
-- Using PYTHON_LIBRARIES: /usr/lib/x86_64-linux-gnu/libpython3.8.so
-- Found gtest sources under '/opt/ros/galactic/src/gtest_vendor': C++ tests using 'Google Test' will be built
-- Added test 'copyright' to check source files copyright and LICENSE
-- Added test 'cppcheck' to perform static code analysis on C / C++ code
-- Configured cppcheck include dirs: 
-- Configured cppcheck exclude dirs and/or files: 
-- Added test 'cpplint' to check C / C++ code against the Google style
-- Configured cpplint exclude dirs and/or files: 
-- Added test 'flake8' to check Python code syntax and style conventions
-- Added test 'lint_cmake' to check CMake code style
-- Added test 'pep257' to check Python code against some of the style conventions in PEP 257
-- Added test 'uncrustify' to check C / C++ code style
-- Configured uncrustify additional arguments: 
-- Added test 'xmllint' to check XML markup files
-- Found action_msgs: 1.0.3 (/opt/ros/galactic/share/action_msgs/cmake)
-- Found actionlib_msgs: 2.2.4 (/opt/ros/galactic/share/actionlib_msgs/cmake)
-- Found builtin_interfaces: 1.0.3 (/opt/ros/galactic/share/builtin_interfaces/cmake)
-- Found composition_interfaces: 1.0.3 (/opt/ros/galactic/share/composition_interfaces/cmake)
-- Found control_msgs: 3.0.0 (/opt/ros/galactic/share/control_msgs/cmake)
-- Found controller_manager_msgs: 1.6.0 (/opt/ros/galactic/share/controller_manager_msgs/cmake)
-- Found diagnostic_msgs: 2.2.4 (/opt/ros/galactic/share/diagnostic_msgs/cmake)
-- Found example_interfaces: 0.9.2 (/opt/ros/galactic/share/example_interfaces/cmake)
-- Found gazebo_msgs: 3.5.2 (/opt/ros/galactic/share/gazebo_msgs/cmake)
-- Found geometry_msgs: 2.2.4 (/opt/ros/galactic/share/geometry_msgs/cmake)
-- Found libstatistics_collector: 1.1.1 (/opt/ros/galactic/share/libstatistics_collector/cmake)
-- Found lifecycle_msgs: 1.0.3 (/opt/ros/galactic/share/lifecycle_msgs/cmake)
-- Found nav_msgs: 2.2.4 (/opt/ros/galactic/share/nav_msgs/cmake)
-- Found rcl_interfaces: 1.0.3 (/opt/ros/galactic/share/rcl_interfaces/cmake)
-- Found rmw_dds_common: 1.2.1 (/opt/ros/galactic/share/rmw_dds_common/cmake)
-- Found rosbag2_interfaces: 0.9.2 (/opt/ros/galactic/share/rosbag2_interfaces/cmake)
-- Found rosgraph_msgs: 1.0.3 (/opt/ros/galactic/share/rosgraph_msgs/cmake)
-- Found sensor_msgs: 2.2.4 (/opt/ros/galactic/share/sensor_msgs/cmake)
-- Found shape_msgs: 2.2.4 (/opt/ros/galactic/share/shape_msgs/cmake)
-- Found statistics_msgs: 1.0.3 (/opt/ros/galactic/share/statistics_msgs/cmake)
-- Found std_msgs: 2.2.4 (/opt/ros/galactic/share/std_msgs/cmake)
-- Found std_srvs: 2.2.4 (/opt/ros/galactic/share/std_srvs/cmake)
-- Found stereo_msgs: 2.2.4 (/opt/ros/galactic/share/stereo_msgs/cmake)
-- Found tf2_msgs: 0.17.5 (/opt/ros/galactic/share/tf2_msgs/cmake)
-- Found trajectory_msgs: 2.2.4 (/opt/ros/galactic/share/trajectory_msgs/cmake)
-- Found turtlesim: 1.3.4 (/opt/ros/galactic/share/turtlesim/cmake)
-- Found unique_identifier_msgs: 2.2.1 (/opt/ros/galactic/share/unique_identifier_msgs/cmake)
-- Found visualization_msgs: 2.2.4 (/opt/ros/galactic/share/visualization_msgs/cmake)
-- Configuring done
-- Generating done
-- Build files have been written to: /home/tal/TB3_PC_WS/build/ros1_bridge
[35m[1mScanning dependencies of target test_ros1_client[0m
[35m[1mScanning dependencies of target test_ros1_server[0m
[35m[1mScanning dependencies of target test_ros2_server_cpp[0m
[35m[1mScanning dependencies of target simple_bridge[0m
[35m[1mScanning dependencies of target test_ros2_client_cpp[0m
[35m[1mScanning dependencies of target simple_bridge_1_to_2[0m
[35m[1mScanning dependencies of target simple_bridge_2_to_1[0m
[  1%] Built target gtest
[  1%] Built target gtest_main
[  1%] [32mBuilding CXX object CMakeFiles/test_ros1_client.dir/test/test_ros1_client.cpp.o[0m
[  1%] Built target ament_cmake_python_copy_ros1_bridge
[  1%] [32mBuilding CXX object CMakeFiles/test_ros1_server.dir/test/test_ros1_server.cpp.o[0m
[  1%] [32mBuilding CXX object CMakeFiles/test_ros2_client_cpp.dir/test/test_ros2_client.cpp.o[0m
[  1%] [32mBuilding CXX object CMakeFiles/simple_bridge_2_to_1.dir/src/simple_bridge_2_to_1.cpp.o[0m
[  2%] [32mBuilding CXX object CMakeFiles/simple_bridge_1_to_2.dir/src/simple_bridge_1_to_2.cpp.o[0m
[  2%] [32mBuilding CXX object CMakeFiles/simple_bridge.dir/src/simple_bridge.cpp.o[0m
[  3%] [32mBuilding CXX object CMakeFiles/test_ros2_server_cpp.dir/test/test_ros2_server.cpp.o[0m
[  3%] [32m[1mLinking CXX executable test_ros1_client[0m
[  4%] [32m[1mLinking CXX executable test_ros1_server[0m
[  4%] Built target test_ros1_client
[  4%] Built target test_ros1_server
[  4%] [32m[1mLinking CXX executable test_ros2_server_cpp[0m
[  4%] Built target test_ros2_server_cpp
[  4%] [32m[1mLinking CXX executable test_ros2_client_cpp[0m
[  4%] Built target test_ros2_client_cpp
[  4%] [32m[1mLinking CXX executable simple_bridge_1_to_2[0m
[  4%] Built target simple_bridge_1_to_2
[  4%] [32m[1mLinking CXX executable simple_bridge_2_to_1[0m
[  4%] Built target simple_bridge_2_to_1
[  4%] [32m[1mLinking CXX executable simple_bridge[0m
[  4%] Built target simple_bridge
