[0.356s] Invoking command in '/home/tal/TB3_PC_WS/build/tb_run_script': PYTHONPATH=/home/tal/TB3_PC_WS/build/tb_run_script/prefix_override:/usr/lib/python3/dist-packages/colcon_core/task/python/colcon_distutils_commands:/home/tal/TB3_PC_WS/install/tb_run_script/lib/python3.10/site-packages:${PYTHONPATH} /usr/bin/python3 -W ignore:setup.py install is deprecated setup.py develop --editable --build-directory /home/tal/TB3_PC_WS/build/tb_run_script/build --no-deps symlink_data
[0.505s] running develop
[0.506s] /usr/lib/python3/dist-packages/setuptools/command/easy_install.py:158: EasyInstallDeprecationWarning: easy_install command is deprecated. Use build and pip and other standards-based tools.
[0.506s]   warnings.warn(
[0.595s] running egg_info
[0.595s] creating tb_run_script.egg-info
[0.595s] writing tb_run_script.egg-info/PKG-INFO
[0.595s] writing dependency_links to tb_run_script.egg-info/dependency_links.txt
[0.595s] writing entry points to tb_run_script.egg-info/entry_points.txt
[0.595s] writing requirements to tb_run_script.egg-info/requires.txt
[0.595s] writing top-level names to tb_run_script.egg-info/top_level.txt
[0.596s] writing manifest file 'tb_run_script.egg-info/SOURCES.txt'
[0.597s] reading manifest file 'tb_run_script.egg-info/SOURCES.txt'
[0.597s] writing manifest file 'tb_run_script.egg-info/SOURCES.txt'
[0.598s] running build_ext
[0.598s] Creating /home/tal/TB3_PC_WS/install/tb_run_script/lib/python3.10/site-packages/tb-run-script.egg-link (link to .)
[0.598s] Installing run_script script to /home/tal/TB3_PC_WS/install/tb_run_script/lib/tb_run_script
[0.598s] 
[0.598s] Installed /home/tal/TB3_PC_WS/build/tb_run_script
[0.598s] running symlink_data
[0.598s] creating /home/tal/TB3_PC_WS/install/tb_run_script/share/ament_index
[0.598s] creating /home/tal/TB3_PC_WS/install/tb_run_script/share/ament_index/resource_index
[0.599s] creating /home/tal/TB3_PC_WS/install/tb_run_script/share/ament_index/resource_index/packages
[0.599s] symbolically linking /home/tal/TB3_PC_WS/build/tb_run_script/resource/tb_run_script -> /home/tal/TB3_PC_WS/install/tb_run_script/share/ament_index/resource_index/packages
[0.599s] symbolically linking /home/tal/TB3_PC_WS/build/tb_run_script/package.xml -> /home/tal/TB3_PC_WS/install/tb_run_script/share/tb_run_script
[0.615s] Invoked command in '/home/tal/TB3_PC_WS/build/tb_run_script' returned '0': PYTHONPATH=/home/tal/TB3_PC_WS/build/tb_run_script/prefix_override:/usr/lib/python3/dist-packages/colcon_core/task/python/colcon_distutils_commands:/home/tal/TB3_PC_WS/install/tb_run_script/lib/python3.10/site-packages:${PYTHONPATH} /usr/bin/python3 -W ignore:setup.py install is deprecated setup.py develop --editable --build-directory /home/tal/TB3_PC_WS/build/tb_run_script/build --no-deps symlink_data
