[0.014s] Invoking command in '/home/tal/TB3_PC_WS/ros2_galactic/build/turtlebot3_node': AMENT_PREFIX_PATH=/home/tal/TB3_PC_WS/ros2_galactic/install/turtlebot3_msgs:${AMENT_PREFIX_PATH} CMAKE_PREFIX_PATH=/home/tal/TB3_PC_WS/ros2_galactic/install/turtlebot3_msgs:/opt/ros/galactic:${CMAKE_PREFIX_PATH} LD_LIBRARY_PATH=/home/tal/TB3_PC_WS/ros2_galactic/install/turtlebot3_msgs/lib:${LD_LIBRARY_PATH} PYTHONPATH=/home/tal/TB3_PC_WS/ros2_galactic/install/turtlebot3_msgs/lib/python3.8/site-packages:${PYTHONPATH} /usr/bin/cmake /home/tal/TB3_PC_WS/ros2_galactic/src/turtlebot3-main/turtlebot3_node -DCMAKE_INSTALL_PREFIX=/home/tal/TB3_PC_WS/ros2_galactic/install/turtlebot3_node
[0.147s] -- The C compiler identification is GNU 9.4.0
[0.147s] -- The CXX compiler identification is GNU 9.4.0
[0.147s] -- Check for working C compiler: /usr/bin/cc
[0.147s] -- Check for working C compiler: /usr/bin/cc -- works
[0.147s] -- Detecting C compiler ABI info
[0.161s] -- Detecting C compiler ABI info - done
[0.168s] -- Detecting C compile features
[0.168s] -- Detecting C compile features - done
[0.169s] -- Check for working CXX compiler: /usr/bin/c++
[0.217s] -- Check for working CXX compiler: /usr/bin/c++ -- works
[0.217s] -- Detecting CXX compiler ABI info
[0.264s] -- Detecting CXX compiler ABI info - done
[0.272s] -- Detecting CXX compile features
[0.272s] -- Detecting CXX compile features - done
[0.273s] -- Found ament_cmake: 1.1.6 (/opt/ros/galactic/share/ament_cmake/cmake)
[0.285s] -- Found PythonInterp: /usr/bin/python3 (found suitable version "3.8.10", minimum required is "3") 
[0.285s] -- Using PYTHON_EXECUTABLE: /usr/bin/python3
[0.334s] -- Found dynamixel_sdk: 3.7.40 (/opt/ros/galactic/share/dynamixel_sdk/cmake)
[0.336s] -- Found geometry_msgs: 2.2.4 (/opt/ros/galactic/share/geometry_msgs/cmake)
[0.352s] -- Using single rosidl_typesupport_c: rosidl_typesupport_introspection_c
[0.355s] -- Found rosidl_adapter: 2.2.3 (/opt/ros/galactic/share/rosidl_adapter/cmake)
[0.366s] -- Using single rosidl_typesupport_cpp: rosidl_typesupport_introspection_cpp
[0.415s] -- Found message_filters: 3.2.6 (/opt/ros/galactic/share/message_filters/cmake)
[0.448s] -- Found rmw_implementation_cmake: 3.3.1 (/opt/ros/galactic/share/rmw_implementation_cmake/cmake)
[0.449s] -- Found rmw_cyclonedds_cpp: 0.22.6 (/opt/ros/galactic/share/rmw_cyclonedds_cpp/cmake)
[0.460s] -- Using RMW implementation 'rmw_cyclonedds_cpp' as default
[0.460s] -- Looking for pthread.h
[0.500s] -- Looking for pthread.h - found
[0.500s] -- Performing Test CMAKE_HAVE_LIBC_PTHREAD
[0.540s] -- Performing Test CMAKE_HAVE_LIBC_PTHREAD - Failed
[0.541s] -- Looking for pthread_create in pthreads
[0.573s] -- Looking for pthread_create in pthreads - not found
[0.574s] -- Looking for pthread_create in pthread
[0.642s] -- Looking for pthread_create in pthread - found
[0.642s] -- Found Threads: TRUE  
[0.738s] -- Found nav_msgs: 2.2.4 (/opt/ros/galactic/share/nav_msgs/cmake)
[0.779s] -- Found sensor_msgs: 2.2.4 (/opt/ros/galactic/share/sensor_msgs/cmake)
[0.819s] -- Found std_srvs: 2.2.4 (/opt/ros/galactic/share/std_srvs/cmake)
[0.826s] -- Found tf2: 0.17.5 (/opt/ros/galactic/share/tf2/cmake)
[0.832s] -- Found tf2_ros: 0.17.5 (/opt/ros/galactic/share/tf2_ros/cmake)
[1.017s] -- Found turtlebot3_msgs: 2.2.3 (/home/tal/TB3_PC_WS/ros2_galactic/install/turtlebot3_msgs/share/turtlebot3_msgs/cmake)
[1.105s] -- Configuring done
[1.117s] -- Generating done
[1.118s] -- Build files have been written to: /home/tal/TB3_PC_WS/ros2_galactic/build/turtlebot3_node
[1.122s] Invoked command in '/home/tal/TB3_PC_WS/ros2_galactic/build/turtlebot3_node' returned '0': AMENT_PREFIX_PATH=/home/tal/TB3_PC_WS/ros2_galactic/install/turtlebot3_msgs:${AMENT_PREFIX_PATH} CMAKE_PREFIX_PATH=/home/tal/TB3_PC_WS/ros2_galactic/install/turtlebot3_msgs:/opt/ros/galactic:${CMAKE_PREFIX_PATH} LD_LIBRARY_PATH=/home/tal/TB3_PC_WS/ros2_galactic/install/turtlebot3_msgs/lib:${LD_LIBRARY_PATH} PYTHONPATH=/home/tal/TB3_PC_WS/ros2_galactic/install/turtlebot3_msgs/lib/python3.8/site-packages:${PYTHONPATH} /usr/bin/cmake /home/tal/TB3_PC_WS/ros2_galactic/src/turtlebot3-main/turtlebot3_node -DCMAKE_INSTALL_PREFIX=/home/tal/TB3_PC_WS/ros2_galactic/install/turtlebot3_node
[1.124s] Invoking command in '/home/tal/TB3_PC_WS/ros2_galactic/build/turtlebot3_node': AMENT_PREFIX_PATH=/home/tal/TB3_PC_WS/ros2_galactic/install/turtlebot3_msgs:${AMENT_PREFIX_PATH} CMAKE_PREFIX_PATH=/home/tal/TB3_PC_WS/ros2_galactic/install/turtlebot3_msgs:/opt/ros/galactic:${CMAKE_PREFIX_PATH} LD_LIBRARY_PATH=/home/tal/TB3_PC_WS/ros2_galactic/install/turtlebot3_msgs/lib:${LD_LIBRARY_PATH} PYTHONPATH=/home/tal/TB3_PC_WS/ros2_galactic/install/turtlebot3_msgs/lib/python3.8/site-packages:${PYTHONPATH} /usr/bin/cmake --build /home/tal/TB3_PC_WS/ros2_galactic/build/turtlebot3_node -- -j16 -l16
[1.146s] [35m[1mScanning dependencies of target turtlebot3_node_lib[0m
[1.203s] [ 14%] [32mBuilding CXX object CMakeFiles/turtlebot3_node_lib.dir/src/devices/motor_power.cpp.o[0m
[1.203s] [ 14%] [32mBuilding CXX object CMakeFiles/turtlebot3_node_lib.dir/src/devices/reset.cpp.o[0m
[1.203s] [ 21%] [32mBuilding CXX object CMakeFiles/turtlebot3_node_lib.dir/src/devices/sound.cpp.o[0m
[1.204s] [ 28%] [32mBuilding CXX object CMakeFiles/turtlebot3_node_lib.dir/src/odometry.cpp.o[0m
[1.204s] [ 35%] [32mBuilding CXX object CMakeFiles/turtlebot3_node_lib.dir/src/turtlebot3.cpp.o[0m
[1.205s] [ 42%] [32mBuilding CXX object CMakeFiles/turtlebot3_node_lib.dir/src/dynamixel_sdk_wrapper.cpp.o[0m
[1.205s] [ 50%] [32mBuilding CXX object CMakeFiles/turtlebot3_node_lib.dir/src/diff_drive_controller.cpp.o[0m
[1.205s] [ 57%] [32mBuilding CXX object CMakeFiles/turtlebot3_node_lib.dir/src/sensors/joint_state.cpp.o[0m
[1.206s] [ 64%] [32mBuilding CXX object CMakeFiles/turtlebot3_node_lib.dir/src/sensors/battery_state.cpp.o[0m
[1.207s] [ 71%] [32mBuilding CXX object CMakeFiles/turtlebot3_node_lib.dir/src/sensors/imu.cpp.o[0m
[1.207s] [ 78%] [32mBuilding CXX object CMakeFiles/turtlebot3_node_lib.dir/src/sensors/sensor_state.cpp.o[0m
[9.528s] [ 85%] [32m[1mLinking CXX static library libturtlebot3_node_lib.a[0m
[9.741s] [ 85%] Built target turtlebot3_node_lib
[9.748s] [35m[1mScanning dependencies of target turtlebot3_ros[0m
[9.782s] [ 92%] [32mBuilding CXX object CMakeFiles/turtlebot3_ros.dir/src/node_main.cpp.o[0m
[11.279s] [100%] [32m[1mLinking CXX executable turtlebot3_ros[0m
[11.913s] [100%] Built target turtlebot3_ros
[11.920s] Invoked command in '/home/tal/TB3_PC_WS/ros2_galactic/build/turtlebot3_node' returned '0': AMENT_PREFIX_PATH=/home/tal/TB3_PC_WS/ros2_galactic/install/turtlebot3_msgs:${AMENT_PREFIX_PATH} CMAKE_PREFIX_PATH=/home/tal/TB3_PC_WS/ros2_galactic/install/turtlebot3_msgs:/opt/ros/galactic:${CMAKE_PREFIX_PATH} LD_LIBRARY_PATH=/home/tal/TB3_PC_WS/ros2_galactic/install/turtlebot3_msgs/lib:${LD_LIBRARY_PATH} PYTHONPATH=/home/tal/TB3_PC_WS/ros2_galactic/install/turtlebot3_msgs/lib/python3.8/site-packages:${PYTHONPATH} /usr/bin/cmake --build /home/tal/TB3_PC_WS/ros2_galactic/build/turtlebot3_node -- -j16 -l16
[11.941s] Invoking command in '/home/tal/TB3_PC_WS/ros2_galactic/build/turtlebot3_node': AMENT_PREFIX_PATH=/home/tal/TB3_PC_WS/ros2_galactic/install/turtlebot3_msgs:${AMENT_PREFIX_PATH} CMAKE_PREFIX_PATH=/home/tal/TB3_PC_WS/ros2_galactic/install/turtlebot3_msgs:/opt/ros/galactic:${CMAKE_PREFIX_PATH} LD_LIBRARY_PATH=/home/tal/TB3_PC_WS/ros2_galactic/install/turtlebot3_msgs/lib:${LD_LIBRARY_PATH} PYTHONPATH=/home/tal/TB3_PC_WS/ros2_galactic/install/turtlebot3_msgs/lib/python3.8/site-packages:${PYTHONPATH} /usr/bin/cmake --install /home/tal/TB3_PC_WS/ros2_galactic/build/turtlebot3_node
[11.946s] -- Install configuration: ""
[11.946s] -- Installing: /home/tal/TB3_PC_WS/ros2_galactic/install/turtlebot3_node/share/turtlebot3_node/param
[11.946s] -- Installing: /home/tal/TB3_PC_WS/ros2_galactic/install/turtlebot3_node/share/turtlebot3_node/param/burger.yaml
[11.946s] -- Installing: /home/tal/TB3_PC_WS/ros2_galactic/install/turtlebot3_node/share/turtlebot3_node/param/waffle_pi.yaml
[11.946s] -- Installing: /home/tal/TB3_PC_WS/ros2_galactic/install/turtlebot3_node/share/turtlebot3_node/param/waffle.yaml
[11.946s] -- Installing: /home/tal/TB3_PC_WS/ros2_galactic/install/turtlebot3_node/lib/turtlebot3_node/turtlebot3_ros
[11.951s] -- Set runtime path of "/home/tal/TB3_PC_WS/ros2_galactic/install/turtlebot3_node/lib/turtlebot3_node/turtlebot3_ros" to ""
[11.951s] -- Installing: /home/tal/TB3_PC_WS/ros2_galactic/install/turtlebot3_node/share/ament_index/resource_index/package_run_dependencies/turtlebot3_node
[11.951s] -- Installing: /home/tal/TB3_PC_WS/ros2_galactic/install/turtlebot3_node/share/ament_index/resource_index/parent_prefix_path/turtlebot3_node
[11.951s] -- Installing: /home/tal/TB3_PC_WS/ros2_galactic/install/turtlebot3_node/share/turtlebot3_node/environment/ament_prefix_path.sh
[11.951s] -- Installing: /home/tal/TB3_PC_WS/ros2_galactic/install/turtlebot3_node/share/turtlebot3_node/environment/ament_prefix_path.dsv
[11.951s] -- Installing: /home/tal/TB3_PC_WS/ros2_galactic/install/turtlebot3_node/share/turtlebot3_node/environment/path.sh
[11.951s] -- Installing: /home/tal/TB3_PC_WS/ros2_galactic/install/turtlebot3_node/share/turtlebot3_node/environment/path.dsv
[11.951s] -- Installing: /home/tal/TB3_PC_WS/ros2_galactic/install/turtlebot3_node/share/turtlebot3_node/local_setup.bash
[11.951s] -- Installing: /home/tal/TB3_PC_WS/ros2_galactic/install/turtlebot3_node/share/turtlebot3_node/local_setup.sh
[11.951s] -- Installing: /home/tal/TB3_PC_WS/ros2_galactic/install/turtlebot3_node/share/turtlebot3_node/local_setup.zsh
[11.951s] -- Installing: /home/tal/TB3_PC_WS/ros2_galactic/install/turtlebot3_node/share/turtlebot3_node/local_setup.dsv
[11.951s] -- Installing: /home/tal/TB3_PC_WS/ros2_galactic/install/turtlebot3_node/share/turtlebot3_node/package.dsv
[11.951s] -- Installing: /home/tal/TB3_PC_WS/ros2_galactic/install/turtlebot3_node/share/ament_index/resource_index/packages/turtlebot3_node
[11.951s] -- Installing: /home/tal/TB3_PC_WS/ros2_galactic/install/turtlebot3_node/share/turtlebot3_node/cmake/ament_cmake_export_include_directories-extras.cmake
[11.951s] -- Installing: /home/tal/TB3_PC_WS/ros2_galactic/install/turtlebot3_node/share/turtlebot3_node/cmake/turtlebot3_nodeConfig.cmake
[11.951s] -- Installing: /home/tal/TB3_PC_WS/ros2_galactic/install/turtlebot3_node/share/turtlebot3_node/cmake/turtlebot3_nodeConfig-version.cmake
[11.951s] -- Installing: /home/tal/TB3_PC_WS/ros2_galactic/install/turtlebot3_node/share/turtlebot3_node/package.xml
[11.953s] Invoked command in '/home/tal/TB3_PC_WS/ros2_galactic/build/turtlebot3_node' returned '0': AMENT_PREFIX_PATH=/home/tal/TB3_PC_WS/ros2_galactic/install/turtlebot3_msgs:${AMENT_PREFIX_PATH} CMAKE_PREFIX_PATH=/home/tal/TB3_PC_WS/ros2_galactic/install/turtlebot3_msgs:/opt/ros/galactic:${CMAKE_PREFIX_PATH} LD_LIBRARY_PATH=/home/tal/TB3_PC_WS/ros2_galactic/install/turtlebot3_msgs/lib:${LD_LIBRARY_PATH} PYTHONPATH=/home/tal/TB3_PC_WS/ros2_galactic/install/turtlebot3_msgs/lib/python3.8/site-packages:${PYTHONPATH} /usr/bin/cmake --install /home/tal/TB3_PC_WS/ros2_galactic/build/turtlebot3_node
