[0.017s] Invoking command in '/home/tal/TB3_PC_WS/build/turtlebot3_gazebo': CMAKE_PREFIX_PATH=${CMAKE_PREFIX_PATH}:/home/tal/turtlebot3_ws/install/tb_run_script:/home/tal/tut2_ws/install/my_robot_controller:/home/tal/tut_ws/install/my_robot_controller:/home/tal/tutorial_ws/install/launch_testing_examples:/home/tal/tutorial_ws/install/examples_rclpy_pointcloud_publisher:/home/tal/tutorial_ws/install/examples_rclpy_minimal_subscriber:/home/tal/tutorial_ws/install/examples_rclpy_minimal_service:/home/tal/tutorial_ws/install/examples_rclpy_minimal_publisher:/home/tal/tutorial_ws/install/examples_rclpy_minimal_client:/home/tal/tutorial_ws/install/examples_rclpy_minimal_action_server:/home/tal/tutorial_ws/install/examples_rclpy_minimal_action_client:/home/tal/tutorial_ws/install/examples_rclpy_guard_conditions:/home/tal/tutorial_ws/install/examples_rclpy_executors:/opt/ros/humble /usr/bin/cmake --build /home/tal/TB3_PC_WS/build/turtlebot3_gazebo -- -j6 -l6
[0.234s] [35m[1mConsolidate compiler generated dependencies of target obstacle2[0m
[0.234s] [35m[1mConsolidate compiler generated dependencies of target obstacles[0m
[0.241s] [35m[1mConsolidate compiler generated dependencies of target turtlebot3_drive[0m
[0.262s] [ 25%] Built target obstacle2
[0.271s] [35m[1mConsolidate compiler generated dependencies of target obstacle1[0m
[0.275s] [ 50%] Built target obstacles
[0.280s] [ 75%] Built target turtlebot3_drive
[0.344s] [100%] Built target obstacle1
[0.493s] Invoked command in '/home/tal/TB3_PC_WS/build/turtlebot3_gazebo' returned '0': CMAKE_PREFIX_PATH=${CMAKE_PREFIX_PATH}:/home/tal/turtlebot3_ws/install/tb_run_script:/home/tal/tut2_ws/install/my_robot_controller:/home/tal/tut_ws/install/my_robot_controller:/home/tal/tutorial_ws/install/launch_testing_examples:/home/tal/tutorial_ws/install/examples_rclpy_pointcloud_publisher:/home/tal/tutorial_ws/install/examples_rclpy_minimal_subscriber:/home/tal/tutorial_ws/install/examples_rclpy_minimal_service:/home/tal/tutorial_ws/install/examples_rclpy_minimal_publisher:/home/tal/tutorial_ws/install/examples_rclpy_minimal_client:/home/tal/tutorial_ws/install/examples_rclpy_minimal_action_server:/home/tal/tutorial_ws/install/examples_rclpy_minimal_action_client:/home/tal/tutorial_ws/install/examples_rclpy_guard_conditions:/home/tal/tutorial_ws/install/examples_rclpy_executors:/opt/ros/humble /usr/bin/cmake --build /home/tal/TB3_PC_WS/build/turtlebot3_gazebo -- -j6 -l6
[0.804s] Invoking command in '/home/tal/TB3_PC_WS/build/turtlebot3_gazebo': CMAKE_PREFIX_PATH=${CMAKE_PREFIX_PATH}:/home/tal/turtlebot3_ws/install/tb_run_script:/home/tal/tut2_ws/install/my_robot_controller:/home/tal/tut_ws/install/my_robot_controller:/home/tal/tutorial_ws/install/launch_testing_examples:/home/tal/tutorial_ws/install/examples_rclpy_pointcloud_publisher:/home/tal/tutorial_ws/install/examples_rclpy_minimal_subscriber:/home/tal/tutorial_ws/install/examples_rclpy_minimal_service:/home/tal/tutorial_ws/install/examples_rclpy_minimal_publisher:/home/tal/tutorial_ws/install/examples_rclpy_minimal_client:/home/tal/tutorial_ws/install/examples_rclpy_minimal_action_server:/home/tal/tutorial_ws/install/examples_rclpy_minimal_action_client:/home/tal/tutorial_ws/install/examples_rclpy_guard_conditions:/home/tal/tutorial_ws/install/examples_rclpy_executors:/opt/ros/humble /usr/bin/cmake --install /home/tal/TB3_PC_WS/build/turtlebot3_gazebo
[0.810s] -- Install configuration: ""
[0.810s] -- Up-to-date: /home/tal/TB3_PC_WS/install/turtlebot3_gazebo/lib/turtlebot3_gazebo/turtlebot3_drive
[0.810s] -- Up-to-date: /home/tal/TB3_PC_WS/install/turtlebot3_gazebo/share/turtlebot3_gazebo//launch
[0.810s] -- Installing: /home/tal/TB3_PC_WS/install/turtlebot3_gazebo/share/turtlebot3_gazebo//launch/robot_state_publisher.launch.py
[0.810s] -- Installing: /home/tal/TB3_PC_WS/install/turtlebot3_gazebo/share/turtlebot3_gazebo//launch/spawn_turtlebot3.launch.py
[0.810s] -- Installing: /home/tal/TB3_PC_WS/install/turtlebot3_gazebo/share/turtlebot3_gazebo//launch/turtlebot3_dqn_stage2.launch.py
[0.811s] -- Installing: /home/tal/TB3_PC_WS/install/turtlebot3_gazebo/share/turtlebot3_gazebo//launch/turtlebot3_dqn_stage3.launch.py
[0.811s] -- Up-to-date: /home/tal/TB3_PC_WS/install/turtlebot3_gazebo/share/turtlebot3_gazebo//launch/__pycache__
[0.811s] -- Up-to-date: /home/tal/TB3_PC_WS/install/turtlebot3_gazebo/share/turtlebot3_gazebo//launch/__pycache__/turtlebot3_world.launch.cpython-310.pyc
[0.811s] -- Installing: /home/tal/TB3_PC_WS/install/turtlebot3_gazebo/share/turtlebot3_gazebo//launch/turtlebot3_house.launch.py
[0.811s] -- Installing: /home/tal/TB3_PC_WS/install/turtlebot3_gazebo/share/turtlebot3_gazebo//launch/empty_world.launch.py
[0.811s] -- Installing: /home/tal/TB3_PC_WS/install/turtlebot3_gazebo/share/turtlebot3_gazebo//launch/turtlebot3_dqn_stage4.launch.py
[0.811s] -- Installing: /home/tal/TB3_PC_WS/install/turtlebot3_gazebo/share/turtlebot3_gazebo//launch/turtlebot3_world.launch.py
[0.811s] -- Installing: /home/tal/TB3_PC_WS/install/turtlebot3_gazebo/share/turtlebot3_gazebo//launch/turtlebot3_dqn_stage1.launch.py
[0.811s] -- Installing: /home/tal/TB3_PC_WS/install/turtlebot3_gazebo/share/turtlebot3_gazebo//models
[0.812s] -- Installing: /home/tal/TB3_PC_WS/install/turtlebot3_gazebo/share/turtlebot3_gazebo//models/turtlebot3_house
[0.812s] -- Installing: /home/tal/TB3_PC_WS/install/turtlebot3_gazebo/share/turtlebot3_gazebo//models/turtlebot3_house/model.config
[0.812s] -- Installing: /home/tal/TB3_PC_WS/install/turtlebot3_gazebo/share/turtlebot3_gazebo//models/turtlebot3_house/model.sdf
[0.812s] -- Installing: /home/tal/TB3_PC_WS/install/turtlebot3_gazebo/share/turtlebot3_gazebo//models/turtlebot3_burger
[0.812s] -- Installing: /home/tal/TB3_PC_WS/install/turtlebot3_gazebo/share/turtlebot3_gazebo//models/turtlebot3_burger/model.config
[0.812s] -- Installing: /home/tal/TB3_PC_WS/install/turtlebot3_gazebo/share/turtlebot3_gazebo//models/turtlebot3_burger/model-1_4.sdf
[0.812s] -- Installing: /home/tal/TB3_PC_WS/install/turtlebot3_gazebo/share/turtlebot3_gazebo//models/turtlebot3_burger/model.sdf
[0.812s] -- Installing: /home/tal/TB3_PC_WS/install/turtlebot3_gazebo/share/turtlebot3_gazebo//models/turtlebot3_world
[0.812s] -- Installing: /home/tal/TB3_PC_WS/install/turtlebot3_gazebo/share/turtlebot3_gazebo//models/turtlebot3_world/model.config
[0.812s] -- Installing: /home/tal/TB3_PC_WS/install/turtlebot3_gazebo/share/turtlebot3_gazebo//models/turtlebot3_world/model-1_4.sdf
[0.813s] -- Installing: /home/tal/TB3_PC_WS/install/turtlebot3_gazebo/share/turtlebot3_gazebo//models/turtlebot3_world/meshes
[0.813s] -- Installing: /home/tal/TB3_PC_WS/install/turtlebot3_gazebo/share/turtlebot3_gazebo//models/turtlebot3_world/meshes/wall.dae
[0.813s] -- Installing: /home/tal/TB3_PC_WS/install/turtlebot3_gazebo/share/turtlebot3_gazebo//models/turtlebot3_world/meshes/hexagon.dae
[0.813s] -- Installing: /home/tal/TB3_PC_WS/install/turtlebot3_gazebo/share/turtlebot3_gazebo//models/turtlebot3_world/model.sdf
[0.813s] -- Installing: /home/tal/TB3_PC_WS/install/turtlebot3_gazebo/share/turtlebot3_gazebo//models/turtlebot3_dqn_world
[0.813s] -- Installing: /home/tal/TB3_PC_WS/install/turtlebot3_gazebo/share/turtlebot3_gazebo//models/turtlebot3_dqn_world/model.config
[0.813s] -- Installing: /home/tal/TB3_PC_WS/install/turtlebot3_gazebo/share/turtlebot3_gazebo//models/turtlebot3_dqn_world/obstacles
[0.813s] -- Installing: /home/tal/TB3_PC_WS/install/turtlebot3_gazebo/share/turtlebot3_gazebo//models/turtlebot3_dqn_world/obstacles/model.config
[0.813s] -- Installing: /home/tal/TB3_PC_WS/install/turtlebot3_gazebo/share/turtlebot3_gazebo//models/turtlebot3_dqn_world/obstacles/model.sdf
[0.813s] -- Installing: /home/tal/TB3_PC_WS/install/turtlebot3_gazebo/share/turtlebot3_gazebo//models/turtlebot3_dqn_world/goal_box
[0.813s] -- Installing: /home/tal/TB3_PC_WS/install/turtlebot3_gazebo/share/turtlebot3_gazebo//models/turtlebot3_dqn_world/goal_box/model.config
[0.814s] -- Installing: /home/tal/TB3_PC_WS/install/turtlebot3_gazebo/share/turtlebot3_gazebo//models/turtlebot3_dqn_world/goal_box/model.sdf
[0.814s] -- Installing: /home/tal/TB3_PC_WS/install/turtlebot3_gazebo/share/turtlebot3_gazebo//models/turtlebot3_dqn_world/inner_walls
[0.814s] -- Installing: /home/tal/TB3_PC_WS/install/turtlebot3_gazebo/share/turtlebot3_gazebo//models/turtlebot3_dqn_world/inner_walls/model.config
[0.814s] -- Installing: /home/tal/TB3_PC_WS/install/turtlebot3_gazebo/share/turtlebot3_gazebo//models/turtlebot3_dqn_world/inner_walls/model.sdf
[0.815s] -- Installing: /home/tal/TB3_PC_WS/install/turtlebot3_gazebo/share/turtlebot3_gazebo//models/turtlebot3_dqn_world/obstacle2
[0.815s] -- Installing: /home/tal/TB3_PC_WS/install/turtlebot3_gazebo/share/turtlebot3_gazebo//models/turtlebot3_dqn_world/obstacle2/model.config
[0.816s] -- Installing: /home/tal/TB3_PC_WS/install/turtlebot3_gazebo/share/turtlebot3_gazebo//models/turtlebot3_dqn_world/obstacle2/model.sdf
[0.816s] -- Installing: /home/tal/TB3_PC_WS/install/turtlebot3_gazebo/share/turtlebot3_gazebo//models/turtlebot3_dqn_world/model.sdf
[0.816s] -- Installing: /home/tal/TB3_PC_WS/install/turtlebot3_gazebo/share/turtlebot3_gazebo//models/turtlebot3_dqn_world/obstacle1
[0.816s] -- Installing: /home/tal/TB3_PC_WS/install/turtlebot3_gazebo/share/turtlebot3_gazebo//models/turtlebot3_dqn_world/obstacle1/model.config
[0.816s] -- Installing: /home/tal/TB3_PC_WS/install/turtlebot3_gazebo/share/turtlebot3_gazebo//models/turtlebot3_dqn_world/obstacle1/model.sdf
[0.816s] -- Installing: /home/tal/TB3_PC_WS/install/turtlebot3_gazebo/share/turtlebot3_gazebo//models/turtlebot3_dqn_world/obstacle_plugin
[0.818s] -- Installing: /home/tal/TB3_PC_WS/install/turtlebot3_gazebo/share/turtlebot3_gazebo//models/turtlebot3_dqn_world/obstacle_plugin/obstacle2.cc
[0.818s] -- Installing: /home/tal/TB3_PC_WS/install/turtlebot3_gazebo/share/turtlebot3_gazebo//models/turtlebot3_dqn_world/obstacle_plugin/CMakeLists.txt
[0.818s] -- Installing: /home/tal/TB3_PC_WS/install/turtlebot3_gazebo/share/turtlebot3_gazebo//models/turtlebot3_dqn_world/obstacle_plugin/obstacle1.cc
[0.818s] -- Installing: /home/tal/TB3_PC_WS/install/turtlebot3_gazebo/share/turtlebot3_gazebo//models/turtlebot3_dqn_world/obstacle_plugin/obstacles.cc
[0.818s] -- Installing: /home/tal/TB3_PC_WS/install/turtlebot3_gazebo/share/turtlebot3_gazebo//models/turtlebot3_waffle_pi
[0.818s] -- Installing: /home/tal/TB3_PC_WS/install/turtlebot3_gazebo/share/turtlebot3_gazebo//models/turtlebot3_waffle_pi/model.config
[0.818s] -- Installing: /home/tal/TB3_PC_WS/install/turtlebot3_gazebo/share/turtlebot3_gazebo//models/turtlebot3_waffle_pi/model-1_4_.sdf
[0.818s] -- Installing: /home/tal/TB3_PC_WS/install/turtlebot3_gazebo/share/turtlebot3_gazebo//models/turtlebot3_waffle_pi/model.sdf
[0.818s] -- Installing: /home/tal/TB3_PC_WS/install/turtlebot3_gazebo/share/turtlebot3_gazebo//models/turtlebot3_common
[0.819s] -- Installing: /home/tal/TB3_PC_WS/install/turtlebot3_gazebo/share/turtlebot3_gazebo//models/turtlebot3_common/model.config
[0.819s] -- Installing: /home/tal/TB3_PC_WS/install/turtlebot3_gazebo/share/turtlebot3_gazebo//models/turtlebot3_common/meshes
[0.819s] -- Installing: /home/tal/TB3_PC_WS/install/turtlebot3_gazebo/share/turtlebot3_gazebo//models/turtlebot3_common/meshes/lds.dae
[0.819s] -- Installing: /home/tal/TB3_PC_WS/install/turtlebot3_gazebo/share/turtlebot3_gazebo//models/turtlebot3_common/meshes/r200.dae
[0.819s] -- Installing: /home/tal/TB3_PC_WS/install/turtlebot3_gazebo/share/turtlebot3_gazebo//models/turtlebot3_common/meshes/tire.dae
[0.819s] -- Installing: /home/tal/TB3_PC_WS/install/turtlebot3_gazebo/share/turtlebot3_gazebo//models/turtlebot3_common/meshes/burger_base.dae
[0.819s] -- Installing: /home/tal/TB3_PC_WS/install/turtlebot3_gazebo/share/turtlebot3_gazebo//models/turtlebot3_common/meshes/waffle_base.dae
[0.819s] -- Installing: /home/tal/TB3_PC_WS/install/turtlebot3_gazebo/share/turtlebot3_gazebo//models/turtlebot3_common/meshes/waffle_pi_base.dae
[0.820s] -- Installing: /home/tal/TB3_PC_WS/install/turtlebot3_gazebo/share/turtlebot3_gazebo//models/turtlebot3_waffle
[0.820s] -- Installing: /home/tal/TB3_PC_WS/install/turtlebot3_gazebo/share/turtlebot3_gazebo//models/turtlebot3_waffle/model.config
[0.820s] -- Installing: /home/tal/TB3_PC_WS/install/turtlebot3_gazebo/share/turtlebot3_gazebo//models/turtlebot3_waffle/model-1_4.sdf
[0.820s] -- Installing: /home/tal/TB3_PC_WS/install/turtlebot3_gazebo/share/turtlebot3_gazebo//models/turtlebot3_waffle/model.sdf
[0.820s] -- Installing: /home/tal/TB3_PC_WS/install/turtlebot3_gazebo/share/turtlebot3_gazebo//rviz
[0.821s] -- Installing: /home/tal/TB3_PC_WS/install/turtlebot3_gazebo/share/turtlebot3_gazebo//rviz/tb3_gazebo.rviz
[0.821s] -- Installing: /home/tal/TB3_PC_WS/install/turtlebot3_gazebo/share/turtlebot3_gazebo//urdf
[0.821s] -- Installing: /home/tal/TB3_PC_WS/install/turtlebot3_gazebo/share/turtlebot3_gazebo//urdf/turtlebot3_waffle.urdf
[0.821s] -- Installing: /home/tal/TB3_PC_WS/install/turtlebot3_gazebo/share/turtlebot3_gazebo//urdf/turtlebot3_waffle_pi.urdf
[0.821s] -- Installing: /home/tal/TB3_PC_WS/install/turtlebot3_gazebo/share/turtlebot3_gazebo//urdf/turtlebot3_burger.urdf
[0.821s] -- Installing: /home/tal/TB3_PC_WS/install/turtlebot3_gazebo/share/turtlebot3_gazebo//urdf/common_properties.urdf
[0.821s] -- Installing: /home/tal/TB3_PC_WS/install/turtlebot3_gazebo/share/turtlebot3_gazebo//worlds
[0.821s] -- Installing: /home/tal/TB3_PC_WS/install/turtlebot3_gazebo/share/turtlebot3_gazebo//worlds/turtlebot3_dqn_stage4.world
[0.821s] -- Installing: /home/tal/TB3_PC_WS/install/turtlebot3_gazebo/share/turtlebot3_gazebo//worlds/turtlebot3_dqn_stage1.world
[0.822s] -- Installing: /home/tal/TB3_PC_WS/install/turtlebot3_gazebo/share/turtlebot3_gazebo//worlds/turtlebot3_dqn_stage3.world
[0.822s] -- Installing: /home/tal/TB3_PC_WS/install/turtlebot3_gazebo/share/turtlebot3_gazebo//worlds/turtlebot3_dqn_stage2.world
[0.822s] -- Installing: /home/tal/TB3_PC_WS/install/turtlebot3_gazebo/share/turtlebot3_gazebo//worlds/turtlebot3_world.world
[0.822s] -- Installing: /home/tal/TB3_PC_WS/install/turtlebot3_gazebo/share/turtlebot3_gazebo//worlds/empty_world.world
[0.822s] -- Installing: /home/tal/TB3_PC_WS/install/turtlebot3_gazebo/share/turtlebot3_gazebo//worlds/turtlebot3_house.world
[0.822s] -- Installing: /home/tal/TB3_PC_WS/install/turtlebot3_gazebo/include/
[0.823s] -- Installing: /home/tal/TB3_PC_WS/install/turtlebot3_gazebo/include//turtlebot3_gazebo
[0.823s] -- Installing: /home/tal/TB3_PC_WS/install/turtlebot3_gazebo/include//turtlebot3_gazebo/turtlebot3_drive.hpp
[0.823s] -- Installing: /home/tal/TB3_PC_WS/install/turtlebot3_gazebo/share/ament_index/resource_index/package_run_dependencies/turtlebot3_gazebo
[0.823s] -- Installing: /home/tal/TB3_PC_WS/install/turtlebot3_gazebo/share/ament_index/resource_index/parent_prefix_path/turtlebot3_gazebo
[0.823s] -- Installing: /home/tal/TB3_PC_WS/install/turtlebot3_gazebo/share/turtlebot3_gazebo/environment/ament_prefix_path.sh
[0.823s] -- Installing: /home/tal/TB3_PC_WS/install/turtlebot3_gazebo/share/turtlebot3_gazebo/environment/ament_prefix_path.dsv
[0.823s] -- Installing: /home/tal/TB3_PC_WS/install/turtlebot3_gazebo/share/turtlebot3_gazebo/environment/path.sh
[0.823s] -- Installing: /home/tal/TB3_PC_WS/install/turtlebot3_gazebo/share/turtlebot3_gazebo/environment/path.dsv
[0.823s] -- Installing: /home/tal/TB3_PC_WS/install/turtlebot3_gazebo/share/turtlebot3_gazebo/local_setup.bash
[0.823s] -- Installing: /home/tal/TB3_PC_WS/install/turtlebot3_gazebo/share/turtlebot3_gazebo/local_setup.sh
[0.823s] -- Installing: /home/tal/TB3_PC_WS/install/turtlebot3_gazebo/share/turtlebot3_gazebo/local_setup.zsh
[0.824s] -- Installing: /home/tal/TB3_PC_WS/install/turtlebot3_gazebo/share/turtlebot3_gazebo/local_setup.dsv
[0.824s] -- Installing: /home/tal/TB3_PC_WS/install/turtlebot3_gazebo/share/turtlebot3_gazebo/package.dsv
[0.824s] -- Installing: /home/tal/TB3_PC_WS/install/turtlebot3_gazebo/share/ament_index/resource_index/packages/turtlebot3_gazebo
[0.824s] -- Installing: /home/tal/TB3_PC_WS/install/turtlebot3_gazebo/share/turtlebot3_gazebo/cmake/ament_cmake_export_include_directories-extras.cmake
[0.824s] -- Installing: /home/tal/TB3_PC_WS/install/turtlebot3_gazebo/share/turtlebot3_gazebo/cmake/ament_cmake_export_dependencies-extras.cmake
[0.824s] -- Installing: /home/tal/TB3_PC_WS/install/turtlebot3_gazebo/share/turtlebot3_gazebo/cmake/turtlebot3_gazeboConfig.cmake
[0.824s] -- Installing: /home/tal/TB3_PC_WS/install/turtlebot3_gazebo/share/turtlebot3_gazebo/cmake/turtlebot3_gazeboConfig-version.cmake
[0.824s] -- Installing: /home/tal/TB3_PC_WS/install/turtlebot3_gazebo/share/turtlebot3_gazebo/package.xml
[0.832s] Invoked command in '/home/tal/TB3_PC_WS/build/turtlebot3_gazebo' returned '0': CMAKE_PREFIX_PATH=${CMAKE_PREFIX_PATH}:/home/tal/turtlebot3_ws/install/tb_run_script:/home/tal/tut2_ws/install/my_robot_controller:/home/tal/tut_ws/install/my_robot_controller:/home/tal/tutorial_ws/install/launch_testing_examples:/home/tal/tutorial_ws/install/examples_rclpy_pointcloud_publisher:/home/tal/tutorial_ws/install/examples_rclpy_minimal_subscriber:/home/tal/tutorial_ws/install/examples_rclpy_minimal_service:/home/tal/tutorial_ws/install/examples_rclpy_minimal_publisher:/home/tal/tutorial_ws/install/examples_rclpy_minimal_client:/home/tal/tutorial_ws/install/examples_rclpy_minimal_action_server:/home/tal/tutorial_ws/install/examples_rclpy_minimal_action_client:/home/tal/tutorial_ws/install/examples_rclpy_guard_conditions:/home/tal/tutorial_ws/install/examples_rclpy_executors:/opt/ros/humble /usr/bin/cmake --install /home/tal/TB3_PC_WS/build/turtlebot3_gazebo
