[0.382s] Invoking command in '/home/tal/TB3_PC_WS/src/turtlebot3/turtlebot3_example': AMENT_PREFIX_PATH=/home/tal/TB3_PC_WS/install/turtlebot3_msgs:${AMENT_PREFIX_PATH} CMAKE_PREFIX_PATH=/home/tal/TB3_PC_WS/install/turtlebot3_msgs LD_LIBRARY_PATH=/home/tal/TB3_PC_WS/install/turtlebot3_msgs/lib:${LD_LIBRARY_PATH} PYTHONPATH=/home/tal/TB3_PC_WS/build/turtlebot3_example/prefix_override:/home/tal/.local/lib/python3.8/site-packages/colcon_core/task/python/colcon_distutils_commands:/home/tal/TB3_PC_WS/install/turtlebot3_example/lib/python3.8/site-packages:/home/tal/TB3_PC_WS/install/turtlebot3_msgs/lib/python3.8/site-packages:${PYTHONPATH} /usr/bin/python3 -W ignore:setup.py install is deprecated setup.py egg_info --egg-base ../../../build/turtlebot3_example build --build-base /home/tal/TB3_PC_WS/build/turtlebot3_example/build install --record /home/tal/TB3_PC_WS/build/turtlebot3_example/install.log --single-version-externally-managed install_data
[0.483s] running egg_info
[0.484s] writing ../../../build/turtlebot3_example/turtlebot3_example.egg-info/PKG-INFO
[0.484s] writing dependency_links to ../../../build/turtlebot3_example/turtlebot3_example.egg-info/dependency_links.txt
[0.484s] writing entry points to ../../../build/turtlebot3_example/turtlebot3_example.egg-info/entry_points.txt
[0.484s] writing requirements to ../../../build/turtlebot3_example/turtlebot3_example.egg-info/requires.txt
[0.484s] writing top-level names to ../../../build/turtlebot3_example/turtlebot3_example.egg-info/top_level.txt
[0.503s] reading manifest file '../../../build/turtlebot3_example/turtlebot3_example.egg-info/SOURCES.txt'
[0.504s] writing manifest file '../../../build/turtlebot3_example/turtlebot3_example.egg-info/SOURCES.txt'
[0.504s] running build
[0.504s] running build_py
[0.505s] running install
[0.506s] running install_lib
[0.508s] running install_data
[0.508s] running install_egg_info
[0.509s] removing '/home/tal/TB3_PC_WS/install/turtlebot3_example/lib/python3.8/site-packages/turtlebot3_example-2.1.5-py3.8.egg-info' (and everything under it)
[0.509s] Copying ../../../build/turtlebot3_example/turtlebot3_example.egg-info to /home/tal/TB3_PC_WS/install/turtlebot3_example/lib/python3.8/site-packages/turtlebot3_example-2.1.5-py3.8.egg-info
[0.509s] running install_scripts
[0.518s] Installing turtlebot3_obstacle_detection script to /home/tal/TB3_PC_WS/install/turtlebot3_example/lib/turtlebot3_example
[0.519s] Installing turtlebot3_patrol_client script to /home/tal/TB3_PC_WS/install/turtlebot3_example/lib/turtlebot3_example
[0.519s] Installing turtlebot3_patrol_server script to /home/tal/TB3_PC_WS/install/turtlebot3_example/lib/turtlebot3_example
[0.519s] Installing turtlebot3_position_control script to /home/tal/TB3_PC_WS/install/turtlebot3_example/lib/turtlebot3_example
[0.519s] writing list of installed files to '/home/tal/TB3_PC_WS/build/turtlebot3_example/install.log'
[0.529s] Invoked command in '/home/tal/TB3_PC_WS/src/turtlebot3/turtlebot3_example' returned '0': AMENT_PREFIX_PATH=/home/tal/TB3_PC_WS/install/turtlebot3_msgs:${AMENT_PREFIX_PATH} CMAKE_PREFIX_PATH=/home/tal/TB3_PC_WS/install/turtlebot3_msgs LD_LIBRARY_PATH=/home/tal/TB3_PC_WS/install/turtlebot3_msgs/lib:${LD_LIBRARY_PATH} PYTHONPATH=/home/tal/TB3_PC_WS/build/turtlebot3_example/prefix_override:/home/tal/.local/lib/python3.8/site-packages/colcon_core/task/python/colcon_distutils_commands:/home/tal/TB3_PC_WS/install/turtlebot3_example/lib/python3.8/site-packages:/home/tal/TB3_PC_WS/install/turtlebot3_msgs/lib/python3.8/site-packages:${PYTHONPATH} /usr/bin/python3 -W ignore:setup.py install is deprecated setup.py egg_info --egg-base ../../../build/turtlebot3_example build --build-base /home/tal/TB3_PC_WS/build/turtlebot3_example/build install --record /home/tal/TB3_PC_WS/build/turtlebot3_example/install.log --single-version-externally-managed install_data
