[0.028s] Invoking command in '/home/tal/TB3_PC_WS/build/turtlebot3_description': CMAKE_PREFIX_PATH=/home/tal/TB3_PC_WS/install/turtlebot3_teleop:/home/tal/TB3_PC_WS/install/turtlebot3_example:/opt/ros/galactic:/home/tal/TB3_PC_WS/install/tb_run_script:${CMAKE_PREFIX_PATH} /usr/bin/cmake --build /home/tal/TB3_PC_WS/build/turtlebot3_description -- -j16 -l16
[0.300s] Invoked command in '/home/tal/TB3_PC_WS/build/turtlebot3_description' returned '0': CMAKE_PREFIX_PATH=/home/tal/TB3_PC_WS/install/turtlebot3_teleop:/home/tal/TB3_PC_WS/install/turtlebot3_example:/opt/ros/galactic:/home/tal/TB3_PC_WS/install/tb_run_script:${CMAKE_PREFIX_PATH} /usr/bin/cmake --build /home/tal/TB3_PC_WS/build/turtlebot3_description -- -j16 -l16
[0.319s] Invoking command in '/home/tal/TB3_PC_WS/build/turtlebot3_description': CMAKE_PREFIX_PATH=/home/tal/TB3_PC_WS/install/turtlebot3_teleop:/home/tal/TB3_PC_WS/install/turtlebot3_example:/opt/ros/galactic:/home/tal/TB3_PC_WS/install/tb_run_script:${CMAKE_PREFIX_PATH} /usr/bin/cmake --install /home/tal/TB3_PC_WS/build/turtlebot3_description
[0.326s] -- Install configuration: ""
[0.326s] -- Up-to-date: /home/tal/TB3_PC_WS/install/turtlebot3_description/share/turtlebot3_description/meshes
[0.327s] -- Up-to-date: /home/tal/TB3_PC_WS/install/turtlebot3_description/share/turtlebot3_description/meshes/wheels
[0.327s] -- Up-to-date: /home/tal/TB3_PC_WS/install/turtlebot3_description/share/turtlebot3_description/meshes/wheels/left_tire.stl
[0.327s] -- Up-to-date: /home/tal/TB3_PC_WS/install/turtlebot3_description/share/turtlebot3_description/meshes/wheels/right_tire.stl
[0.328s] -- Up-to-date: /home/tal/TB3_PC_WS/install/turtlebot3_description/share/turtlebot3_description/meshes/bases
[0.328s] -- Up-to-date: /home/tal/TB3_PC_WS/install/turtlebot3_description/share/turtlebot3_description/meshes/bases/burger_base.stl
[0.328s] -- Up-to-date: /home/tal/TB3_PC_WS/install/turtlebot3_description/share/turtlebot3_description/meshes/bases/waffle_pi_base.stl
[0.328s] -- Up-to-date: /home/tal/TB3_PC_WS/install/turtlebot3_description/share/turtlebot3_description/meshes/bases/waffle_base.stl
[0.328s] -- Up-to-date: /home/tal/TB3_PC_WS/install/turtlebot3_description/share/turtlebot3_description/meshes/sensors
[0.328s] -- Up-to-date: /home/tal/TB3_PC_WS/install/turtlebot3_description/share/turtlebot3_description/meshes/sensors/astra.jpg
[0.328s] -- Up-to-date: /home/tal/TB3_PC_WS/install/turtlebot3_description/share/turtlebot3_description/meshes/sensors/astra.dae
[0.328s] -- Up-to-date: /home/tal/TB3_PC_WS/install/turtlebot3_description/share/turtlebot3_description/meshes/sensors/lds.stl
[0.328s] -- Up-to-date: /home/tal/TB3_PC_WS/install/turtlebot3_description/share/turtlebot3_description/meshes/sensors/r200.dae
[0.329s] -- Up-to-date: /home/tal/TB3_PC_WS/install/turtlebot3_description/share/turtlebot3_description/meshes/sensors/r200.jpg
[0.329s] -- Up-to-date: /home/tal/TB3_PC_WS/install/turtlebot3_description/share/turtlebot3_description/rviz
[0.329s] -- Up-to-date: /home/tal/TB3_PC_WS/install/turtlebot3_description/share/turtlebot3_description/rviz/model.rviz
[0.329s] -- Up-to-date: /home/tal/TB3_PC_WS/install/turtlebot3_description/share/turtlebot3_description/urdf
[0.329s] -- Up-to-date: /home/tal/TB3_PC_WS/install/turtlebot3_description/share/turtlebot3_description/urdf/common_properties.urdf
[0.329s] -- Up-to-date: /home/tal/TB3_PC_WS/install/turtlebot3_description/share/turtlebot3_description/urdf/turtlebot3_waffle.urdf
[0.329s] -- Up-to-date: /home/tal/TB3_PC_WS/install/turtlebot3_description/share/turtlebot3_description/urdf/turtlebot3_waffle_pi.urdf
[0.329s] -- Up-to-date: /home/tal/TB3_PC_WS/install/turtlebot3_description/share/turtlebot3_description/urdf/turtlebot3_burger.urdf
[0.329s] -- Up-to-date: /home/tal/TB3_PC_WS/install/turtlebot3_description/share/ament_index/resource_index/package_run_dependencies/turtlebot3_description
[0.330s] -- Up-to-date: /home/tal/TB3_PC_WS/install/turtlebot3_description/share/ament_index/resource_index/parent_prefix_path/turtlebot3_description
[0.331s] -- Up-to-date: /home/tal/TB3_PC_WS/install/turtlebot3_description/share/turtlebot3_description/environment/ament_prefix_path.sh
[0.331s] -- Up-to-date: /home/tal/TB3_PC_WS/install/turtlebot3_description/share/turtlebot3_description/environment/ament_prefix_path.dsv
[0.331s] -- Up-to-date: /home/tal/TB3_PC_WS/install/turtlebot3_description/share/turtlebot3_description/environment/path.sh
[0.331s] -- Up-to-date: /home/tal/TB3_PC_WS/install/turtlebot3_description/share/turtlebot3_description/environment/path.dsv
[0.332s] -- Up-to-date: /home/tal/TB3_PC_WS/install/turtlebot3_description/share/turtlebot3_description/local_setup.bash
[0.332s] -- Up-to-date: /home/tal/TB3_PC_WS/install/turtlebot3_description/share/turtlebot3_description/local_setup.sh
[0.332s] -- Up-to-date: /home/tal/TB3_PC_WS/install/turtlebot3_description/share/turtlebot3_description/local_setup.zsh
[0.332s] -- Up-to-date: /home/tal/TB3_PC_WS/install/turtlebot3_description/share/turtlebot3_description/local_setup.dsv
[0.332s] -- Up-to-date: /home/tal/TB3_PC_WS/install/turtlebot3_description/share/turtlebot3_description/package.dsv
[0.333s] -- Up-to-date: /home/tal/TB3_PC_WS/install/turtlebot3_description/share/ament_index/resource_index/packages/turtlebot3_description
[0.333s] -- Up-to-date: /home/tal/TB3_PC_WS/install/turtlebot3_description/share/turtlebot3_description/cmake/turtlebot3_descriptionConfig.cmake
[0.333s] -- Up-to-date: /home/tal/TB3_PC_WS/install/turtlebot3_description/share/turtlebot3_description/cmake/turtlebot3_descriptionConfig-version.cmake
[0.333s] -- Up-to-date: /home/tal/TB3_PC_WS/install/turtlebot3_description/share/turtlebot3_description/package.xml
[0.334s] Invoked command in '/home/tal/TB3_PC_WS/build/turtlebot3_description' returned '0': CMAKE_PREFIX_PATH=/home/tal/TB3_PC_WS/install/turtlebot3_teleop:/home/tal/TB3_PC_WS/install/turtlebot3_example:/opt/ros/galactic:/home/tal/TB3_PC_WS/install/tb_run_script:${CMAKE_PREFIX_PATH} /usr/bin/cmake --install /home/tal/TB3_PC_WS/build/turtlebot3_description
