[0.029s] Invoking command in '/home/tal/TB3_PC_WS/build/turtlebot3_navigation2': CMAKE_PREFIX_PATH=/opt/ros/galactic /usr/bin/cmake --build /home/tal/TB3_PC_WS/build/turtlebot3_navigation2 -- -j16 -l16
[0.269s] Invoked command in '/home/tal/TB3_PC_WS/build/turtlebot3_navigation2' returned '0': CMAKE_PREFIX_PATH=/opt/ros/galactic /usr/bin/cmake --build /home/tal/TB3_PC_WS/build/turtlebot3_navigation2 -- -j16 -l16
[0.291s] Invoking command in '/home/tal/TB3_PC_WS/build/turtlebot3_navigation2': CMAKE_PREFIX_PATH=/opt/ros/galactic /usr/bin/cmake --install /home/tal/TB3_PC_WS/build/turtlebot3_navigation2
[0.296s] -- Install configuration: ""
[0.296s] -- Up-to-date: /home/tal/TB3_PC_WS/install/turtlebot3_navigation2/share/turtlebot3_navigation2/launch
[0.297s] -- Up-to-date: /home/tal/TB3_PC_WS/install/turtlebot3_navigation2/share/turtlebot3_navigation2/launch/navigation2.launch.py
[0.297s] -- Up-to-date: /home/tal/TB3_PC_WS/install/turtlebot3_navigation2/share/turtlebot3_navigation2/map
[0.297s] -- Up-to-date: /home/tal/TB3_PC_WS/install/turtlebot3_navigation2/share/turtlebot3_navigation2/map/map.yaml
[0.297s] -- Up-to-date: /home/tal/TB3_PC_WS/install/turtlebot3_navigation2/share/turtlebot3_navigation2/map/map.pgm
[0.297s] -- Up-to-date: /home/tal/TB3_PC_WS/install/turtlebot3_navigation2/share/turtlebot3_navigation2/param
[0.297s] -- Up-to-date: /home/tal/TB3_PC_WS/install/turtlebot3_navigation2/share/turtlebot3_navigation2/param/burger.yaml
[0.297s] -- Up-to-date: /home/tal/TB3_PC_WS/install/turtlebot3_navigation2/share/turtlebot3_navigation2/param/waffle_pi.yaml
[0.297s] -- Up-to-date: /home/tal/TB3_PC_WS/install/turtlebot3_navigation2/share/turtlebot3_navigation2/param/waffle.yaml
[0.297s] -- Up-to-date: /home/tal/TB3_PC_WS/install/turtlebot3_navigation2/share/turtlebot3_navigation2/rviz
[0.297s] -- Up-to-date: /home/tal/TB3_PC_WS/install/turtlebot3_navigation2/share/turtlebot3_navigation2/rviz/tb3_navigation2.rviz
[0.298s] -- Up-to-date: /home/tal/TB3_PC_WS/install/turtlebot3_navigation2/share/ament_index/resource_index/package_run_dependencies/turtlebot3_navigation2
[0.298s] -- Up-to-date: /home/tal/TB3_PC_WS/install/turtlebot3_navigation2/share/ament_index/resource_index/parent_prefix_path/turtlebot3_navigation2
[0.298s] -- Up-to-date: /home/tal/TB3_PC_WS/install/turtlebot3_navigation2/share/turtlebot3_navigation2/environment/ament_prefix_path.sh
[0.298s] -- Up-to-date: /home/tal/TB3_PC_WS/install/turtlebot3_navigation2/share/turtlebot3_navigation2/environment/ament_prefix_path.dsv
[0.298s] -- Up-to-date: /home/tal/TB3_PC_WS/install/turtlebot3_navigation2/share/turtlebot3_navigation2/environment/path.sh
[0.298s] -- Up-to-date: /home/tal/TB3_PC_WS/install/turtlebot3_navigation2/share/turtlebot3_navigation2/environment/path.dsv
[0.298s] -- Up-to-date: /home/tal/TB3_PC_WS/install/turtlebot3_navigation2/share/turtlebot3_navigation2/local_setup.bash
[0.298s] -- Up-to-date: /home/tal/TB3_PC_WS/install/turtlebot3_navigation2/share/turtlebot3_navigation2/local_setup.sh
[0.298s] -- Up-to-date: /home/tal/TB3_PC_WS/install/turtlebot3_navigation2/share/turtlebot3_navigation2/local_setup.zsh
[0.298s] -- Up-to-date: /home/tal/TB3_PC_WS/install/turtlebot3_navigation2/share/turtlebot3_navigation2/local_setup.dsv
[0.298s] -- Installing: /home/tal/TB3_PC_WS/install/turtlebot3_navigation2/share/turtlebot3_navigation2/package.dsv
[0.299s] -- Up-to-date: /home/tal/TB3_PC_WS/install/turtlebot3_navigation2/share/ament_index/resource_index/packages/turtlebot3_navigation2
[0.299s] -- Up-to-date: /home/tal/TB3_PC_WS/install/turtlebot3_navigation2/share/turtlebot3_navigation2/cmake/turtlebot3_navigation2Config.cmake
[0.299s] -- Up-to-date: /home/tal/TB3_PC_WS/install/turtlebot3_navigation2/share/turtlebot3_navigation2/cmake/turtlebot3_navigation2Config-version.cmake
[0.299s] -- Up-to-date: /home/tal/TB3_PC_WS/install/turtlebot3_navigation2/share/turtlebot3_navigation2/package.xml
[0.319s] Invoked command in '/home/tal/TB3_PC_WS/build/turtlebot3_navigation2' returned '0': CMAKE_PREFIX_PATH=/opt/ros/galactic /usr/bin/cmake --install /home/tal/TB3_PC_WS/build/turtlebot3_navigation2
