[0.068s] DEBUG:colcon:Command line arguments: ['/usr/bin/colcon', 'build', '--symlink-install']
[0.068s] DEBUG:colcon:Parsed command line arguments: Namespace(log_base=None, log_level=None, verb_name='build', build_base='build', install_base='install', merge_install=False, symlink_install=True, test_result_base=None, continue_on_error=False, executor='parallel', parallel_workers=16, event_handlers=None, ignore_user_meta=False, metas=['./colcon.meta'], base_paths=['.'], packages_ignore=None, packages_ignore_regex=None, paths=None, packages_up_to=None, packages_up_to_regex=None, packages_above=None, packages_above_and_dependencies=None, packages_above_depth=None, packages_select_by_dep=None, packages_skip_by_dep=None, packages_skip_up_to=None, packages_select_build_failed=False, packages_skip_build_finished=False, packages_select_test_failures=False, packages_skip_test_passed=False, packages_select=None, packages_skip=None, packages_select_regex=None, packages_skip_regex=None, packages_start=None, packages_end=None, cmake_args=None, cmake_target=None, cmake_target_skip_unavailable=False, cmake_clean_cache=False, cmake_clean_first=False, cmake_force_configure=False, ament_cmake_args=None, catkin_cmake_args=None, catkin_skip_building_tests=False, verb_parser=<colcon_defaults.argument_parser.defaults.DefaultArgumentsDecorator object at 0x759bb7443670>, verb_extension=<colcon_core.verb.build.BuildVerb object at 0x759bb7443220>, main=<bound method BuildVerb.main of <colcon_core.verb.build.BuildVerb object at 0x759bb7443220>>)
[0.154s] Level 1:colcon.colcon_core.package_discovery:discover_packages(colcon_meta) check parameters
[0.154s] Level 1:colcon.colcon_core.package_discovery:discover_packages(recursive) check parameters
[0.154s] Level 1:colcon.colcon_core.package_discovery:discover_packages(ignore) check parameters
[0.154s] Level 1:colcon.colcon_core.package_discovery:discover_packages(path) check parameters
[0.154s] Level 1:colcon.colcon_core.package_discovery:discover_packages(colcon_meta) discover
[0.155s] Level 1:colcon.colcon_core.package_discovery:discover_packages(recursive) discover
[0.155s] INFO:colcon.colcon_core.package_discovery:Crawling recursively for packages in '/home/tal/TB3_PC_WS'
[0.155s] Level 1:colcon.colcon_core.package_identification:_identify(.) by extensions ['ignore', 'ignore_ament_install']
[0.155s] Level 1:colcon.colcon_core.package_identification:_identify(.) by extension 'ignore'
[0.155s] Level 1:colcon.colcon_core.package_identification:_identify(.) by extension 'ignore_ament_install'
[0.155s] Level 1:colcon.colcon_core.package_identification:_identify(.) by extensions ['colcon_pkg']
[0.155s] Level 1:colcon.colcon_core.package_identification:_identify(.) by extension 'colcon_pkg'
[0.155s] Level 1:colcon.colcon_core.package_identification:_identify(.) by extensions ['colcon_meta']
[0.155s] Level 1:colcon.colcon_core.package_identification:_identify(.) by extension 'colcon_meta'
[0.155s] Level 1:colcon.colcon_core.package_identification:_identify(.) by extensions ['ros']
[0.155s] Level 1:colcon.colcon_core.package_identification:_identify(.) by extension 'ros'
[0.161s] Level 1:colcon.colcon_core.package_identification:_identify(.) by extensions ['cmake', 'python']
[0.161s] Level 1:colcon.colcon_core.package_identification:_identify(.) by extension 'cmake'
[0.161s] Level 1:colcon.colcon_core.package_identification:_identify(.) by extension 'python'
[0.161s] Level 1:colcon.colcon_core.package_identification:_identify(.) by extensions ['python_setup_py']
[0.161s] Level 1:colcon.colcon_core.package_identification:_identify(.) by extension 'python_setup_py'
[0.161s] Level 1:colcon.colcon_core.package_identification:_identify(build) by extensions ['ignore', 'ignore_ament_install']
[0.161s] Level 1:colcon.colcon_core.package_identification:_identify(build) by extension 'ignore'
[0.161s] Level 1:colcon.colcon_core.package_identification:_identify(build) ignored
[0.161s] Level 1:colcon.colcon_core.package_identification:_identify(install) by extensions ['ignore', 'ignore_ament_install']
[0.161s] Level 1:colcon.colcon_core.package_identification:_identify(install) by extension 'ignore'
[0.161s] Level 1:colcon.colcon_core.package_identification:_identify(install) ignored
[0.161s] Level 1:colcon.colcon_core.package_identification:_identify(install_scripts) by extensions ['ignore', 'ignore_ament_install']
[0.161s] Level 1:colcon.colcon_core.package_identification:_identify(install_scripts) by extension 'ignore'
[0.161s] Level 1:colcon.colcon_core.package_identification:_identify(install_scripts) by extension 'ignore_ament_install'
[0.161s] Level 1:colcon.colcon_core.package_identification:_identify(install_scripts) by extensions ['colcon_pkg']
[0.161s] Level 1:colcon.colcon_core.package_identification:_identify(install_scripts) by extension 'colcon_pkg'
[0.161s] Level 1:colcon.colcon_core.package_identification:_identify(install_scripts) by extensions ['colcon_meta']
[0.161s] Level 1:colcon.colcon_core.package_identification:_identify(install_scripts) by extension 'colcon_meta'
[0.161s] Level 1:colcon.colcon_core.package_identification:_identify(install_scripts) by extensions ['ros']
[0.161s] Level 1:colcon.colcon_core.package_identification:_identify(install_scripts) by extension 'ros'
[0.161s] Level 1:colcon.colcon_core.package_identification:_identify(install_scripts) by extensions ['cmake', 'python']
[0.161s] Level 1:colcon.colcon_core.package_identification:_identify(install_scripts) by extension 'cmake'
[0.161s] Level 1:colcon.colcon_core.package_identification:_identify(install_scripts) by extension 'python'
[0.161s] Level 1:colcon.colcon_core.package_identification:_identify(install_scripts) by extensions ['python_setup_py']
[0.161s] Level 1:colcon.colcon_core.package_identification:_identify(install_scripts) by extension 'python_setup_py'
[0.162s] Level 1:colcon.colcon_core.package_identification:_identify(log) by extensions ['ignore', 'ignore_ament_install']
[0.162s] Level 1:colcon.colcon_core.package_identification:_identify(log) by extension 'ignore'
[0.162s] Level 1:colcon.colcon_core.package_identification:_identify(log) ignored
[0.162s] Level 1:colcon.colcon_core.package_identification:_identify(src) by extensions ['ignore', 'ignore_ament_install']
[0.162s] Level 1:colcon.colcon_core.package_identification:_identify(src) by extension 'ignore'
[0.162s] Level 1:colcon.colcon_core.package_identification:_identify(src) by extension 'ignore_ament_install'
[0.162s] Level 1:colcon.colcon_core.package_identification:_identify(src) by extensions ['colcon_pkg']
[0.162s] Level 1:colcon.colcon_core.package_identification:_identify(src) by extension 'colcon_pkg'
[0.162s] Level 1:colcon.colcon_core.package_identification:_identify(src) by extensions ['colcon_meta']
[0.162s] Level 1:colcon.colcon_core.package_identification:_identify(src) by extension 'colcon_meta'
[0.162s] Level 1:colcon.colcon_core.package_identification:_identify(src) by extensions ['ros']
[0.162s] Level 1:colcon.colcon_core.package_identification:_identify(src) by extension 'ros'
[0.162s] Level 1:colcon.colcon_core.package_identification:_identify(src) by extensions ['cmake', 'python']
[0.162s] Level 1:colcon.colcon_core.package_identification:_identify(src) by extension 'cmake'
[0.162s] Level 1:colcon.colcon_core.package_identification:_identify(src) by extension 'python'
[0.162s] Level 1:colcon.colcon_core.package_identification:_identify(src) by extensions ['python_setup_py']
[0.162s] Level 1:colcon.colcon_core.package_identification:_identify(src) by extension 'python_setup_py'
[0.162s] Level 1:colcon.colcon_core.package_identification:_identify(src/tb_run_script) by extensions ['ignore', 'ignore_ament_install']
[0.162s] Level 1:colcon.colcon_core.package_identification:_identify(src/tb_run_script) by extension 'ignore'
[0.162s] Level 1:colcon.colcon_core.package_identification:_identify(src/tb_run_script) by extension 'ignore_ament_install'
[0.162s] Level 1:colcon.colcon_core.package_identification:_identify(src/tb_run_script) by extensions ['colcon_pkg']
[0.162s] Level 1:colcon.colcon_core.package_identification:_identify(src/tb_run_script) by extension 'colcon_pkg'
[0.162s] Level 1:colcon.colcon_core.package_identification:_identify(src/tb_run_script) by extensions ['colcon_meta']
[0.162s] Level 1:colcon.colcon_core.package_identification:_identify(src/tb_run_script) by extension 'colcon_meta'
[0.162s] Level 1:colcon.colcon_core.package_identification:_identify(src/tb_run_script) by extensions ['ros']
[0.162s] Level 1:colcon.colcon_core.package_identification:_identify(src/tb_run_script) by extension 'ros'
[0.164s] DEBUG:colcon.colcon_core.package_identification:Package 'src/tb_run_script' with type 'ros.ament_python' and name 'tb_run_script'
[0.164s] Level 1:colcon.colcon_core.package_identification:_identify(src/turtlebot3_simulations-humble-devel) by extensions ['ignore', 'ignore_ament_install']
[0.164s] Level 1:colcon.colcon_core.package_identification:_identify(src/turtlebot3_simulations-humble-devel) by extension 'ignore'
[0.164s] Level 1:colcon.colcon_core.package_identification:_identify(src/turtlebot3_simulations-humble-devel) by extension 'ignore_ament_install'
[0.164s] Level 1:colcon.colcon_core.package_identification:_identify(src/turtlebot3_simulations-humble-devel) by extensions ['colcon_pkg']
[0.164s] Level 1:colcon.colcon_core.package_identification:_identify(src/turtlebot3_simulations-humble-devel) by extension 'colcon_pkg'
[0.164s] Level 1:colcon.colcon_core.package_identification:_identify(src/turtlebot3_simulations-humble-devel) by extensions ['colcon_meta']
[0.164s] Level 1:colcon.colcon_core.package_identification:_identify(src/turtlebot3_simulations-humble-devel) by extension 'colcon_meta'
[0.164s] Level 1:colcon.colcon_core.package_identification:_identify(src/turtlebot3_simulations-humble-devel) by extensions ['ros']
[0.164s] Level 1:colcon.colcon_core.package_identification:_identify(src/turtlebot3_simulations-humble-devel) by extension 'ros'
[0.164s] Level 1:colcon.colcon_core.package_identification:_identify(src/turtlebot3_simulations-humble-devel) by extensions ['cmake', 'python']
[0.164s] Level 1:colcon.colcon_core.package_identification:_identify(src/turtlebot3_simulations-humble-devel) by extension 'cmake'
[0.164s] Level 1:colcon.colcon_core.package_identification:_identify(src/turtlebot3_simulations-humble-devel) by extension 'python'
[0.164s] Level 1:colcon.colcon_core.package_identification:_identify(src/turtlebot3_simulations-humble-devel) by extensions ['python_setup_py']
[0.164s] Level 1:colcon.colcon_core.package_identification:_identify(src/turtlebot3_simulations-humble-devel) by extension 'python_setup_py'
[0.164s] Level 1:colcon.colcon_core.package_identification:_identify(src/turtlebot3_simulations-humble-devel/turtlebot3_fake_node) by extensions ['ignore', 'ignore_ament_install']
[0.164s] Level 1:colcon.colcon_core.package_identification:_identify(src/turtlebot3_simulations-humble-devel/turtlebot3_fake_node) by extension 'ignore'
[0.164s] Level 1:colcon.colcon_core.package_identification:_identify(src/turtlebot3_simulations-humble-devel/turtlebot3_fake_node) by extension 'ignore_ament_install'
[0.164s] Level 1:colcon.colcon_core.package_identification:_identify(src/turtlebot3_simulations-humble-devel/turtlebot3_fake_node) by extensions ['colcon_pkg']
[0.164s] Level 1:colcon.colcon_core.package_identification:_identify(src/turtlebot3_simulations-humble-devel/turtlebot3_fake_node) by extension 'colcon_pkg'
[0.164s] Level 1:colcon.colcon_core.package_identification:_identify(src/turtlebot3_simulations-humble-devel/turtlebot3_fake_node) by extensions ['colcon_meta']
[0.164s] Level 1:colcon.colcon_core.package_identification:_identify(src/turtlebot3_simulations-humble-devel/turtlebot3_fake_node) by extension 'colcon_meta'
[0.164s] Level 1:colcon.colcon_core.package_identification:_identify(src/turtlebot3_simulations-humble-devel/turtlebot3_fake_node) by extensions ['ros']
[0.164s] Level 1:colcon.colcon_core.package_identification:_identify(src/turtlebot3_simulations-humble-devel/turtlebot3_fake_node) by extension 'ros'
[0.165s] DEBUG:colcon.colcon_core.package_identification:Package 'src/turtlebot3_simulations-humble-devel/turtlebot3_fake_node' with type 'ros.ament_cmake' and name 'turtlebot3_fake_node'
[0.165s] Level 1:colcon.colcon_core.package_identification:_identify(src/turtlebot3_simulations-humble-devel/turtlebot3_gazebo) by extensions ['ignore', 'ignore_ament_install']
[0.165s] Level 1:colcon.colcon_core.package_identification:_identify(src/turtlebot3_simulations-humble-devel/turtlebot3_gazebo) by extension 'ignore'
[0.165s] Level 1:colcon.colcon_core.package_identification:_identify(src/turtlebot3_simulations-humble-devel/turtlebot3_gazebo) by extension 'ignore_ament_install'
[0.165s] Level 1:colcon.colcon_core.package_identification:_identify(src/turtlebot3_simulations-humble-devel/turtlebot3_gazebo) by extensions ['colcon_pkg']
[0.165s] Level 1:colcon.colcon_core.package_identification:_identify(src/turtlebot3_simulations-humble-devel/turtlebot3_gazebo) by extension 'colcon_pkg'
[0.165s] Level 1:colcon.colcon_core.package_identification:_identify(src/turtlebot3_simulations-humble-devel/turtlebot3_gazebo) by extensions ['colcon_meta']
[0.165s] Level 1:colcon.colcon_core.package_identification:_identify(src/turtlebot3_simulations-humble-devel/turtlebot3_gazebo) by extension 'colcon_meta'
[0.165s] Level 1:colcon.colcon_core.package_identification:_identify(src/turtlebot3_simulations-humble-devel/turtlebot3_gazebo) by extensions ['ros']
[0.165s] Level 1:colcon.colcon_core.package_identification:_identify(src/turtlebot3_simulations-humble-devel/turtlebot3_gazebo) by extension 'ros'
[0.166s] DEBUG:colcon.colcon_core.package_identification:Package 'src/turtlebot3_simulations-humble-devel/turtlebot3_gazebo' with type 'ros.ament_cmake' and name 'turtlebot3_gazebo'
[0.166s] Level 1:colcon.colcon_core.package_identification:_identify(src/turtlebot3_simulations-humble-devel/turtlebot3_simulations) by extensions ['ignore', 'ignore_ament_install']
[0.166s] Level 1:colcon.colcon_core.package_identification:_identify(src/turtlebot3_simulations-humble-devel/turtlebot3_simulations) by extension 'ignore'
[0.166s] Level 1:colcon.colcon_core.package_identification:_identify(src/turtlebot3_simulations-humble-devel/turtlebot3_simulations) by extension 'ignore_ament_install'
[0.166s] Level 1:colcon.colcon_core.package_identification:_identify(src/turtlebot3_simulations-humble-devel/turtlebot3_simulations) by extensions ['colcon_pkg']
[0.166s] Level 1:colcon.colcon_core.package_identification:_identify(src/turtlebot3_simulations-humble-devel/turtlebot3_simulations) by extension 'colcon_pkg'
[0.166s] Level 1:colcon.colcon_core.package_identification:_identify(src/turtlebot3_simulations-humble-devel/turtlebot3_simulations) by extensions ['colcon_meta']
[0.166s] Level 1:colcon.colcon_core.package_identification:_identify(src/turtlebot3_simulations-humble-devel/turtlebot3_simulations) by extension 'colcon_meta'
[0.166s] Level 1:colcon.colcon_core.package_identification:_identify(src/turtlebot3_simulations-humble-devel/turtlebot3_simulations) by extensions ['ros']
[0.166s] Level 1:colcon.colcon_core.package_identification:_identify(src/turtlebot3_simulations-humble-devel/turtlebot3_simulations) by extension 'ros'
[0.166s] DEBUG:colcon.colcon_core.package_identification:Package 'src/turtlebot3_simulations-humble-devel/turtlebot3_simulations' with type 'ros.ament_cmake' and name 'turtlebot3_simulations'
[0.166s] Level 1:colcon.colcon_core.package_discovery:discover_packages(recursive) using defaults
[0.166s] Level 1:colcon.colcon_core.package_discovery:discover_packages(ignore) discover
[0.166s] Level 1:colcon.colcon_core.package_discovery:discover_packages(ignore) using defaults
[0.166s] Level 1:colcon.colcon_core.package_discovery:discover_packages(path) discover
[0.166s] Level 1:colcon.colcon_core.package_discovery:discover_packages(path) using defaults
[0.183s] Level 5:colcon.colcon_core.verb:set package 'tb_run_script' build argument 'cmake_args' from command line to 'None'
[0.183s] Level 5:colcon.colcon_core.verb:set package 'tb_run_script' build argument 'cmake_target' from command line to 'None'
[0.183s] Level 5:colcon.colcon_core.verb:set package 'tb_run_script' build argument 'cmake_target_skip_unavailable' from command line to 'False'
[0.183s] Level 5:colcon.colcon_core.verb:set package 'tb_run_script' build argument 'cmake_clean_cache' from command line to 'False'
[0.183s] Level 5:colcon.colcon_core.verb:set package 'tb_run_script' build argument 'cmake_clean_first' from command line to 'False'
[0.183s] Level 5:colcon.colcon_core.verb:set package 'tb_run_script' build argument 'cmake_force_configure' from command line to 'False'
[0.183s] Level 5:colcon.colcon_core.verb:set package 'tb_run_script' build argument 'ament_cmake_args' from command line to 'None'
[0.183s] Level 5:colcon.colcon_core.verb:set package 'tb_run_script' build argument 'catkin_cmake_args' from command line to 'None'
[0.183s] Level 5:colcon.colcon_core.verb:set package 'tb_run_script' build argument 'catkin_skip_building_tests' from command line to 'False'
[0.183s] DEBUG:colcon.colcon_core.verb:Building package 'tb_run_script' with the following arguments: {'ament_cmake_args': None, 'build_base': '/home/tal/TB3_PC_WS/build/tb_run_script', 'catkin_cmake_args': None, 'catkin_skip_building_tests': False, 'cmake_args': None, 'cmake_clean_cache': False, 'cmake_clean_first': False, 'cmake_force_configure': False, 'cmake_target': None, 'cmake_target_skip_unavailable': False, 'install_base': '/home/tal/TB3_PC_WS/install/tb_run_script', 'merge_install': False, 'path': '/home/tal/TB3_PC_WS/src/tb_run_script', 'symlink_install': True, 'test_result_base': None}
[0.183s] Level 5:colcon.colcon_core.verb:set package 'turtlebot3_fake_node' build argument 'cmake_args' from command line to 'None'
[0.183s] Level 5:colcon.colcon_core.verb:set package 'turtlebot3_fake_node' build argument 'cmake_target' from command line to 'None'
[0.183s] Level 5:colcon.colcon_core.verb:set package 'turtlebot3_fake_node' build argument 'cmake_target_skip_unavailable' from command line to 'False'
[0.183s] Level 5:colcon.colcon_core.verb:set package 'turtlebot3_fake_node' build argument 'cmake_clean_cache' from command line to 'False'
[0.183s] Level 5:colcon.colcon_core.verb:set package 'turtlebot3_fake_node' build argument 'cmake_clean_first' from command line to 'False'
[0.183s] Level 5:colcon.colcon_core.verb:set package 'turtlebot3_fake_node' build argument 'cmake_force_configure' from command line to 'False'
[0.183s] Level 5:colcon.colcon_core.verb:set package 'turtlebot3_fake_node' build argument 'ament_cmake_args' from command line to 'None'
[0.183s] Level 5:colcon.colcon_core.verb:set package 'turtlebot3_fake_node' build argument 'catkin_cmake_args' from command line to 'None'
[0.183s] Level 5:colcon.colcon_core.verb:set package 'turtlebot3_fake_node' build argument 'catkin_skip_building_tests' from command line to 'False'
[0.183s] DEBUG:colcon.colcon_core.verb:Building package 'turtlebot3_fake_node' with the following arguments: {'ament_cmake_args': None, 'build_base': '/home/tal/TB3_PC_WS/build/turtlebot3_fake_node', 'catkin_cmake_args': None, 'catkin_skip_building_tests': False, 'cmake_args': None, 'cmake_clean_cache': False, 'cmake_clean_first': False, 'cmake_force_configure': False, 'cmake_target': None, 'cmake_target_skip_unavailable': False, 'install_base': '/home/tal/TB3_PC_WS/install/turtlebot3_fake_node', 'merge_install': False, 'path': '/home/tal/TB3_PC_WS/src/turtlebot3_simulations-humble-devel/turtlebot3_fake_node', 'symlink_install': True, 'test_result_base': None}
[0.184s] Level 5:colcon.colcon_core.verb:set package 'turtlebot3_gazebo' build argument 'cmake_args' from command line to 'None'
[0.184s] Level 5:colcon.colcon_core.verb:set package 'turtlebot3_gazebo' build argument 'cmake_target' from command line to 'None'
[0.184s] Level 5:colcon.colcon_core.verb:set package 'turtlebot3_gazebo' build argument 'cmake_target_skip_unavailable' from command line to 'False'
[0.184s] Level 5:colcon.colcon_core.verb:set package 'turtlebot3_gazebo' build argument 'cmake_clean_cache' from command line to 'False'
[0.184s] Level 5:colcon.colcon_core.verb:set package 'turtlebot3_gazebo' build argument 'cmake_clean_first' from command line to 'False'
[0.184s] Level 5:colcon.colcon_core.verb:set package 'turtlebot3_gazebo' build argument 'cmake_force_configure' from command line to 'False'
[0.184s] Level 5:colcon.colcon_core.verb:set package 'turtlebot3_gazebo' build argument 'ament_cmake_args' from command line to 'None'
[0.184s] Level 5:colcon.colcon_core.verb:set package 'turtlebot3_gazebo' build argument 'catkin_cmake_args' from command line to 'None'
[0.184s] Level 5:colcon.colcon_core.verb:set package 'turtlebot3_gazebo' build argument 'catkin_skip_building_tests' from command line to 'False'
[0.184s] DEBUG:colcon.colcon_core.verb:Building package 'turtlebot3_gazebo' with the following arguments: {'ament_cmake_args': None, 'build_base': '/home/tal/TB3_PC_WS/build/turtlebot3_gazebo', 'catkin_cmake_args': None, 'catkin_skip_building_tests': False, 'cmake_args': None, 'cmake_clean_cache': False, 'cmake_clean_first': False, 'cmake_force_configure': False, 'cmake_target': None, 'cmake_target_skip_unavailable': False, 'install_base': '/home/tal/TB3_PC_WS/install/turtlebot3_gazebo', 'merge_install': False, 'path': '/home/tal/TB3_PC_WS/src/turtlebot3_simulations-humble-devel/turtlebot3_gazebo', 'symlink_install': True, 'test_result_base': None}
[0.184s] Level 5:colcon.colcon_core.verb:set package 'turtlebot3_simulations' build argument 'cmake_args' from command line to 'None'
[0.184s] Level 5:colcon.colcon_core.verb:set package 'turtlebot3_simulations' build argument 'cmake_target' from command line to 'None'
[0.184s] Level 5:colcon.colcon_core.verb:set package 'turtlebot3_simulations' build argument 'cmake_target_skip_unavailable' from command line to 'False'
[0.184s] Level 5:colcon.colcon_core.verb:set package 'turtlebot3_simulations' build argument 'cmake_clean_cache' from command line to 'False'
[0.184s] Level 5:colcon.colcon_core.verb:set package 'turtlebot3_simulations' build argument 'cmake_clean_first' from command line to 'False'
[0.184s] Level 5:colcon.colcon_core.verb:set package 'turtlebot3_simulations' build argument 'cmake_force_configure' from command line to 'False'
[0.184s] Level 5:colcon.colcon_core.verb:set package 'turtlebot3_simulations' build argument 'ament_cmake_args' from command line to 'None'
[0.184s] Level 5:colcon.colcon_core.verb:set package 'turtlebot3_simulations' build argument 'catkin_cmake_args' from command line to 'None'
[0.184s] Level 5:colcon.colcon_core.verb:set package 'turtlebot3_simulations' build argument 'catkin_skip_building_tests' from command line to 'False'
[0.184s] DEBUG:colcon.colcon_core.verb:Building package 'turtlebot3_simulations' with the following arguments: {'ament_cmake_args': None, 'build_base': '/home/tal/TB3_PC_WS/build/turtlebot3_simulations', 'catkin_cmake_args': None, 'catkin_skip_building_tests': False, 'cmake_args': None, 'cmake_clean_cache': False, 'cmake_clean_first': False, 'cmake_force_configure': False, 'cmake_target': None, 'cmake_target_skip_unavailable': False, 'install_base': '/home/tal/TB3_PC_WS/install/turtlebot3_simulations', 'merge_install': False, 'path': '/home/tal/TB3_PC_WS/src/turtlebot3_simulations-humble-devel/turtlebot3_simulations', 'symlink_install': True, 'test_result_base': None}
[0.184s] INFO:colcon.colcon_core.executor:Executing jobs using 'parallel' executor
[0.185s] DEBUG:colcon.colcon_parallel_executor.executor.parallel:run_until_complete
[0.185s] INFO:colcon.colcon_ros.task.ament_cmake.build:Building ROS package in '/home/tal/TB3_PC_WS/src/turtlebot3_simulations-humble-devel/turtlebot3_fake_node' with build type 'ament_cmake'
[0.185s] INFO:colcon.colcon_cmake.task.cmake.build:Building CMake package in '/home/tal/TB3_PC_WS/src/turtlebot3_simulations-humble-devel/turtlebot3_fake_node'
[0.186s] INFO:colcon.colcon_core.plugin_system:Skipping extension 'colcon_core.shell.bat': Not used on non-Windows systems
[0.186s] INFO:colcon.colcon_core.shell:Skip shell extension 'powershell' for command environment: Not usable outside of PowerShell
[0.186s] DEBUG:colcon.colcon_core.shell:Skip shell extension 'dsv' for command environment
[0.188s] INFO:colcon.colcon_ros.task.ament_cmake.build:Building ROS package in '/home/tal/TB3_PC_WS/src/turtlebot3_simulations-humble-devel/turtlebot3_gazebo' with build type 'ament_cmake'
[0.188s] INFO:colcon.colcon_cmake.task.cmake.build:Building CMake package in '/home/tal/TB3_PC_WS/src/turtlebot3_simulations-humble-devel/turtlebot3_gazebo'
[0.188s] INFO:colcon.colcon_core.shell:Skip shell extension 'powershell' for command environment: Not usable outside of PowerShell
[0.188s] DEBUG:colcon.colcon_core.shell:Skip shell extension 'dsv' for command environment
[0.190s] INFO:colcon.colcon_ros.task.ament_python.build:Building ROS package in '/home/tal/TB3_PC_WS/src/tb_run_script' with build type 'ament_python'
[0.190s] Level 1:colcon.colcon_core.shell:create_environment_hook('tb_run_script', 'ament_prefix_path')
[0.190s] INFO:colcon.colcon_core.shell:Creating environment hook '/home/tal/TB3_PC_WS/install/tb_run_script/share/tb_run_script/hook/ament_prefix_path.ps1'
[0.191s] INFO:colcon.colcon_core.shell:Creating environment descriptor '/home/tal/TB3_PC_WS/install/tb_run_script/share/tb_run_script/hook/ament_prefix_path.dsv'
[0.191s] INFO:colcon.colcon_core.shell:Creating environment hook '/home/tal/TB3_PC_WS/install/tb_run_script/share/tb_run_script/hook/ament_prefix_path.sh'
[0.192s] INFO:colcon.colcon_core.shell:Skip shell extension 'powershell' for command environment: Not usable outside of PowerShell
[0.192s] DEBUG:colcon.colcon_core.shell:Skip shell extension 'dsv' for command environment
[0.196s] DEBUG:colcon.colcon_core.event_handler.log_command:Invoking command in '/home/tal/TB3_PC_WS/build/turtlebot3_fake_node': CMAKE_PREFIX_PATH=/opt/ros/humble /usr/bin/cmake /home/tal/TB3_PC_WS/src/turtlebot3_simulations-humble-devel/turtlebot3_fake_node -DAMENT_CMAKE_SYMLINK_INSTALL=1 -DCMAKE_INSTALL_PREFIX=/home/tal/TB3_PC_WS/install/turtlebot3_fake_node
[0.197s] DEBUG:colcon.colcon_core.event_handler.log_command:Invoking command in '/home/tal/TB3_PC_WS/build/turtlebot3_gazebo': CMAKE_PREFIX_PATH=/opt/ros/humble /usr/bin/cmake /home/tal/TB3_PC_WS/src/turtlebot3_simulations-humble-devel/turtlebot3_gazebo -DAMENT_CMAKE_SYMLINK_INSTALL=1 -DCMAKE_INSTALL_PREFIX=/home/tal/TB3_PC_WS/install/turtlebot3_gazebo
[0.341s] INFO:colcon.colcon_core.task.python.build:Building Python package in '/home/tal/TB3_PC_WS/src/tb_run_script'
[0.342s] INFO:colcon.colcon_core.shell:Skip shell extension 'powershell' for command environment: Not usable outside of PowerShell
[0.342s] DEBUG:colcon.colcon_core.shell:Skip shell extension 'dsv' for command environment
[0.547s] DEBUG:colcon.colcon_core.event_handler.log_command:Invoking command in '/home/tal/TB3_PC_WS/build/tb_run_script': PYTHONPATH=/home/tal/TB3_PC_WS/build/tb_run_script/prefix_override:/usr/lib/python3/dist-packages/colcon_core/task/python/colcon_distutils_commands:/home/tal/TB3_PC_WS/install/tb_run_script/lib/python3.10/site-packages:${PYTHONPATH} /usr/bin/python3 -W ignore:setup.py install is deprecated setup.py develop --editable --build-directory /home/tal/TB3_PC_WS/build/tb_run_script/build --no-deps symlink_data
[0.805s] Level 1:colcon.colcon_core.shell:create_environment_hook('tb_run_script', 'pythonpath_develop')
[0.805s] INFO:colcon.colcon_core.shell:Creating environment hook '/home/tal/TB3_PC_WS/build/tb_run_script/share/tb_run_script/hook/pythonpath_develop.ps1'
[0.806s] DEBUG:colcon.colcon_core.event_handler.log_command:Invoked command in '/home/tal/TB3_PC_WS/build/tb_run_script' returned '0': PYTHONPATH=/home/tal/TB3_PC_WS/build/tb_run_script/prefix_override:/usr/lib/python3/dist-packages/colcon_core/task/python/colcon_distutils_commands:/home/tal/TB3_PC_WS/install/tb_run_script/lib/python3.10/site-packages:${PYTHONPATH} /usr/bin/python3 -W ignore:setup.py install is deprecated setup.py develop --editable --build-directory /home/tal/TB3_PC_WS/build/tb_run_script/build --no-deps symlink_data
[0.806s] INFO:colcon.colcon_core.shell:Creating environment descriptor '/home/tal/TB3_PC_WS/build/tb_run_script/share/tb_run_script/hook/pythonpath_develop.dsv'
[0.806s] INFO:colcon.colcon_core.shell:Creating environment hook '/home/tal/TB3_PC_WS/build/tb_run_script/share/tb_run_script/hook/pythonpath_develop.sh'
[0.808s] Level 1:colcon.colcon_core.environment:checking '/home/tal/TB3_PC_WS/install/tb_run_script' for CMake module files
[0.808s] Level 1:colcon.colcon_core.environment:checking '/home/tal/TB3_PC_WS/install/tb_run_script' for CMake config files
[0.808s] Level 1:colcon.colcon_core.environment:checking '/home/tal/TB3_PC_WS/install/tb_run_script/lib'
[0.808s] Level 1:colcon.colcon_core.environment:checking '/home/tal/TB3_PC_WS/install/tb_run_script/bin'
[0.808s] Level 1:colcon.colcon_core.environment:checking '/home/tal/TB3_PC_WS/install/tb_run_script/lib/pkgconfig/tb_run_script.pc'
[0.808s] Level 1:colcon.colcon_core.environment:checking '/home/tal/TB3_PC_WS/install/tb_run_script/lib/python3.10/site-packages'
[0.808s] Level 1:colcon.colcon_core.shell:create_environment_hook('tb_run_script', 'pythonpath')
[0.809s] INFO:colcon.colcon_core.shell:Creating environment hook '/home/tal/TB3_PC_WS/install/tb_run_script/share/tb_run_script/hook/pythonpath.ps1'
[0.809s] INFO:colcon.colcon_core.shell:Creating environment descriptor '/home/tal/TB3_PC_WS/install/tb_run_script/share/tb_run_script/hook/pythonpath.dsv'
[0.809s] INFO:colcon.colcon_core.shell:Creating environment hook '/home/tal/TB3_PC_WS/install/tb_run_script/share/tb_run_script/hook/pythonpath.sh'
[0.809s] Level 1:colcon.colcon_core.environment:checking '/home/tal/TB3_PC_WS/install/tb_run_script/bin'
[0.809s] Level 1:colcon.colcon_core.environment:create_environment_scripts_only(tb_run_script)
[0.810s] INFO:colcon.colcon_core.shell:Creating package script '/home/tal/TB3_PC_WS/install/tb_run_script/share/tb_run_script/package.ps1'
[0.810s] INFO:colcon.colcon_core.shell:Creating package descriptor '/home/tal/TB3_PC_WS/install/tb_run_script/share/tb_run_script/package.dsv'
[0.810s] INFO:colcon.colcon_core.shell:Creating package script '/home/tal/TB3_PC_WS/install/tb_run_script/share/tb_run_script/package.sh'
[0.811s] INFO:colcon.colcon_core.shell:Creating package script '/home/tal/TB3_PC_WS/install/tb_run_script/share/tb_run_script/package.bash'
[0.811s] INFO:colcon.colcon_core.shell:Creating package script '/home/tal/TB3_PC_WS/install/tb_run_script/share/tb_run_script/package.zsh'
[0.812s] Level 1:colcon.colcon_core.environment:create_file_with_runtime_dependencies(/home/tal/TB3_PC_WS/install/tb_run_script/share/colcon-core/packages/tb_run_script)
[0.908s] DEBUG:colcon.colcon_core.event_handler.log_command:Invoked command in '/home/tal/TB3_PC_WS/build/turtlebot3_fake_node' returned '0': CMAKE_PREFIX_PATH=/opt/ros/humble /usr/bin/cmake /home/tal/TB3_PC_WS/src/turtlebot3_simulations-humble-devel/turtlebot3_fake_node -DAMENT_CMAKE_SYMLINK_INSTALL=1 -DCMAKE_INSTALL_PREFIX=/home/tal/TB3_PC_WS/install/turtlebot3_fake_node
[0.908s] DEBUG:colcon.colcon_core.event_handler.log_command:Invoking command in '/home/tal/TB3_PC_WS/build/turtlebot3_fake_node': CMAKE_PREFIX_PATH=/opt/ros/humble /usr/bin/cmake --build /home/tal/TB3_PC_WS/build/turtlebot3_fake_node -- -j16 -l16
[1.329s] DEBUG:colcon.colcon_core.event_handler.log_command:Invoked command in '/home/tal/TB3_PC_WS/build/turtlebot3_gazebo' returned '0': CMAKE_PREFIX_PATH=/opt/ros/humble /usr/bin/cmake /home/tal/TB3_PC_WS/src/turtlebot3_simulations-humble-devel/turtlebot3_gazebo -DAMENT_CMAKE_SYMLINK_INSTALL=1 -DCMAKE_INSTALL_PREFIX=/home/tal/TB3_PC_WS/install/turtlebot3_gazebo
[1.330s] DEBUG:colcon.colcon_core.event_handler.log_command:Invoking command in '/home/tal/TB3_PC_WS/build/turtlebot3_gazebo': CMAKE_PREFIX_PATH=/opt/ros/humble /usr/bin/cmake --build /home/tal/TB3_PC_WS/build/turtlebot3_gazebo -- -j16 -l16
[7.518s] DEBUG:colcon.colcon_core.event_handler.log_command:Invoked command in '/home/tal/TB3_PC_WS/build/turtlebot3_fake_node' returned '0': CMAKE_PREFIX_PATH=/opt/ros/humble /usr/bin/cmake --build /home/tal/TB3_PC_WS/build/turtlebot3_fake_node -- -j16 -l16
[7.539s] DEBUG:colcon.colcon_core.event_handler.log_command:Invoking command in '/home/tal/TB3_PC_WS/build/turtlebot3_fake_node': CMAKE_PREFIX_PATH=/opt/ros/humble /usr/bin/cmake --install /home/tal/TB3_PC_WS/build/turtlebot3_fake_node
[7.687s] Level 1:colcon.colcon_core.environment:create_environment_scripts_only(turtlebot3_fake_node)
[7.688s] Level 1:colcon.colcon_core.environment:checking '/home/tal/TB3_PC_WS/install/turtlebot3_fake_node' for CMake module files
[7.688s] DEBUG:colcon.colcon_core.event_handler.log_command:Invoked command in '/home/tal/TB3_PC_WS/build/turtlebot3_fake_node' returned '0': CMAKE_PREFIX_PATH=/opt/ros/humble /usr/bin/cmake --install /home/tal/TB3_PC_WS/build/turtlebot3_fake_node
[7.688s] Level 1:colcon.colcon_core.environment:checking '/home/tal/TB3_PC_WS/install/turtlebot3_fake_node' for CMake config files
[7.688s] Level 1:colcon.colcon_core.shell:create_environment_hook('turtlebot3_fake_node', 'cmake_prefix_path')
[7.689s] INFO:colcon.colcon_core.shell:Creating environment hook '/home/tal/TB3_PC_WS/install/turtlebot3_fake_node/share/turtlebot3_fake_node/hook/cmake_prefix_path.ps1'
[7.689s] INFO:colcon.colcon_core.shell:Creating environment descriptor '/home/tal/TB3_PC_WS/install/turtlebot3_fake_node/share/turtlebot3_fake_node/hook/cmake_prefix_path.dsv'
[7.689s] INFO:colcon.colcon_core.shell:Creating environment hook '/home/tal/TB3_PC_WS/install/turtlebot3_fake_node/share/turtlebot3_fake_node/hook/cmake_prefix_path.sh'
[7.690s] Level 1:colcon.colcon_core.environment:checking '/home/tal/TB3_PC_WS/install/turtlebot3_fake_node/lib'
[7.690s] Level 1:colcon.colcon_core.environment:checking '/home/tal/TB3_PC_WS/install/turtlebot3_fake_node/bin'
[7.690s] Level 1:colcon.colcon_core.environment:checking '/home/tal/TB3_PC_WS/install/turtlebot3_fake_node/lib/pkgconfig/turtlebot3_fake_node.pc'
[7.690s] Level 1:colcon.colcon_core.environment:checking '/home/tal/TB3_PC_WS/install/turtlebot3_fake_node/lib/python3.10/site-packages'
[7.690s] Level 1:colcon.colcon_core.environment:checking '/home/tal/TB3_PC_WS/install/turtlebot3_fake_node/bin'
[7.690s] INFO:colcon.colcon_core.shell:Creating package script '/home/tal/TB3_PC_WS/install/turtlebot3_fake_node/share/turtlebot3_fake_node/package.ps1'
[7.690s] INFO:colcon.colcon_core.shell:Creating package descriptor '/home/tal/TB3_PC_WS/install/turtlebot3_fake_node/share/turtlebot3_fake_node/package.dsv'
[7.691s] INFO:colcon.colcon_core.shell:Creating package script '/home/tal/TB3_PC_WS/install/turtlebot3_fake_node/share/turtlebot3_fake_node/package.sh'
[7.691s] INFO:colcon.colcon_core.shell:Creating package script '/home/tal/TB3_PC_WS/install/turtlebot3_fake_node/share/turtlebot3_fake_node/package.bash'
[7.691s] INFO:colcon.colcon_core.shell:Creating package script '/home/tal/TB3_PC_WS/install/turtlebot3_fake_node/share/turtlebot3_fake_node/package.zsh'
[7.691s] Level 1:colcon.colcon_core.environment:create_file_with_runtime_dependencies(/home/tal/TB3_PC_WS/install/turtlebot3_fake_node/share/colcon-core/packages/turtlebot3_fake_node)
[7.706s] Level 1:colcon.colcon_core.environment:create_environment_scripts_only(turtlebot3_fake_node)
[7.707s] Level 1:colcon.colcon_core.environment:checking '/home/tal/TB3_PC_WS/install/turtlebot3_fake_node' for CMake module files
[7.707s] Level 1:colcon.colcon_core.environment:checking '/home/tal/TB3_PC_WS/install/turtlebot3_fake_node' for CMake config files
[7.707s] Level 1:colcon.colcon_core.shell:create_environment_hook('turtlebot3_fake_node', 'cmake_prefix_path')
[7.707s] INFO:colcon.colcon_core.shell:Creating environment hook '/home/tal/TB3_PC_WS/install/turtlebot3_fake_node/share/turtlebot3_fake_node/hook/cmake_prefix_path.ps1'
[7.708s] INFO:colcon.colcon_core.shell:Creating environment descriptor '/home/tal/TB3_PC_WS/install/turtlebot3_fake_node/share/turtlebot3_fake_node/hook/cmake_prefix_path.dsv'
[7.708s] INFO:colcon.colcon_core.shell:Creating environment hook '/home/tal/TB3_PC_WS/install/turtlebot3_fake_node/share/turtlebot3_fake_node/hook/cmake_prefix_path.sh'
[7.708s] Level 1:colcon.colcon_core.environment:checking '/home/tal/TB3_PC_WS/install/turtlebot3_fake_node/lib'
[7.708s] Level 1:colcon.colcon_core.environment:checking '/home/tal/TB3_PC_WS/install/turtlebot3_fake_node/bin'
[7.708s] Level 1:colcon.colcon_core.environment:checking '/home/tal/TB3_PC_WS/install/turtlebot3_fake_node/lib/pkgconfig/turtlebot3_fake_node.pc'
[7.709s] Level 1:colcon.colcon_core.environment:checking '/home/tal/TB3_PC_WS/install/turtlebot3_fake_node/lib/python3.10/site-packages'
[7.709s] Level 1:colcon.colcon_core.environment:checking '/home/tal/TB3_PC_WS/install/turtlebot3_fake_node/bin'
[7.709s] INFO:colcon.colcon_core.shell:Creating package script '/home/tal/TB3_PC_WS/install/turtlebot3_fake_node/share/turtlebot3_fake_node/package.ps1'
[7.709s] INFO:colcon.colcon_core.shell:Creating package descriptor '/home/tal/TB3_PC_WS/install/turtlebot3_fake_node/share/turtlebot3_fake_node/package.dsv'
[7.710s] INFO:colcon.colcon_core.shell:Creating package script '/home/tal/TB3_PC_WS/install/turtlebot3_fake_node/share/turtlebot3_fake_node/package.sh'
[7.710s] INFO:colcon.colcon_core.shell:Creating package script '/home/tal/TB3_PC_WS/install/turtlebot3_fake_node/share/turtlebot3_fake_node/package.bash'
[7.710s] INFO:colcon.colcon_core.shell:Creating package script '/home/tal/TB3_PC_WS/install/turtlebot3_fake_node/share/turtlebot3_fake_node/package.zsh'
[7.710s] Level 1:colcon.colcon_core.environment:create_file_with_runtime_dependencies(/home/tal/TB3_PC_WS/install/turtlebot3_fake_node/share/colcon-core/packages/turtlebot3_fake_node)
[9.310s] DEBUG:colcon.colcon_core.event_handler.log_command:Invoked command in '/home/tal/TB3_PC_WS/build/turtlebot3_gazebo' returned '0': CMAKE_PREFIX_PATH=/opt/ros/humble /usr/bin/cmake --build /home/tal/TB3_PC_WS/build/turtlebot3_gazebo -- -j16 -l16
[9.329s] DEBUG:colcon.colcon_core.event_handler.log_command:Invoking command in '/home/tal/TB3_PC_WS/build/turtlebot3_gazebo': CMAKE_PREFIX_PATH=/opt/ros/humble /usr/bin/cmake --install /home/tal/TB3_PC_WS/build/turtlebot3_gazebo
[9.856s] Level 1:colcon.colcon_core.environment:create_environment_scripts_only(turtlebot3_gazebo)
[9.856s] Level 1:colcon.colcon_core.environment:checking '/home/tal/TB3_PC_WS/install/turtlebot3_gazebo' for CMake module files
[9.856s] DEBUG:colcon.colcon_core.event_handler.log_command:Invoked command in '/home/tal/TB3_PC_WS/build/turtlebot3_gazebo' returned '0': CMAKE_PREFIX_PATH=/opt/ros/humble /usr/bin/cmake --install /home/tal/TB3_PC_WS/build/turtlebot3_gazebo
[9.856s] Level 1:colcon.colcon_core.environment:checking '/home/tal/TB3_PC_WS/install/turtlebot3_gazebo' for CMake config files
[9.857s] Level 1:colcon.colcon_core.shell:create_environment_hook('turtlebot3_gazebo', 'cmake_prefix_path')
[9.857s] INFO:colcon.colcon_core.shell:Creating environment hook '/home/tal/TB3_PC_WS/install/turtlebot3_gazebo/share/turtlebot3_gazebo/hook/cmake_prefix_path.ps1'
[9.857s] INFO:colcon.colcon_core.shell:Creating environment descriptor '/home/tal/TB3_PC_WS/install/turtlebot3_gazebo/share/turtlebot3_gazebo/hook/cmake_prefix_path.dsv'
[9.857s] INFO:colcon.colcon_core.shell:Creating environment hook '/home/tal/TB3_PC_WS/install/turtlebot3_gazebo/share/turtlebot3_gazebo/hook/cmake_prefix_path.sh'
[9.858s] Level 1:colcon.colcon_core.environment:checking '/home/tal/TB3_PC_WS/install/turtlebot3_gazebo/lib'
[9.858s] Level 1:colcon.colcon_core.environment:checking '/home/tal/TB3_PC_WS/install/turtlebot3_gazebo/bin'
[9.858s] Level 1:colcon.colcon_core.environment:checking '/home/tal/TB3_PC_WS/install/turtlebot3_gazebo/lib/pkgconfig/turtlebot3_gazebo.pc'
[9.858s] Level 1:colcon.colcon_core.environment:checking '/home/tal/TB3_PC_WS/install/turtlebot3_gazebo/lib/python3.10/site-packages'
[9.858s] Level 1:colcon.colcon_core.environment:checking '/home/tal/TB3_PC_WS/install/turtlebot3_gazebo/bin'
[9.858s] INFO:colcon.colcon_core.shell:Creating package script '/home/tal/TB3_PC_WS/install/turtlebot3_gazebo/share/turtlebot3_gazebo/package.ps1'
[9.858s] INFO:colcon.colcon_core.shell:Creating package descriptor '/home/tal/TB3_PC_WS/install/turtlebot3_gazebo/share/turtlebot3_gazebo/package.dsv'
[9.859s] INFO:colcon.colcon_core.shell:Creating package script '/home/tal/TB3_PC_WS/install/turtlebot3_gazebo/share/turtlebot3_gazebo/package.sh'
[9.859s] INFO:colcon.colcon_core.shell:Creating package script '/home/tal/TB3_PC_WS/install/turtlebot3_gazebo/share/turtlebot3_gazebo/package.bash'
[9.859s] INFO:colcon.colcon_core.shell:Creating package script '/home/tal/TB3_PC_WS/install/turtlebot3_gazebo/share/turtlebot3_gazebo/package.zsh'
[9.859s] Level 1:colcon.colcon_core.environment:create_file_with_runtime_dependencies(/home/tal/TB3_PC_WS/install/turtlebot3_gazebo/share/colcon-core/packages/turtlebot3_gazebo)
[9.877s] Level 1:colcon.colcon_core.environment:create_environment_scripts_only(turtlebot3_gazebo)
[9.877s] Level 1:colcon.colcon_core.environment:checking '/home/tal/TB3_PC_WS/install/turtlebot3_gazebo' for CMake module files
[9.877s] Level 1:colcon.colcon_core.environment:checking '/home/tal/TB3_PC_WS/install/turtlebot3_gazebo' for CMake config files
[9.878s] Level 1:colcon.colcon_core.shell:create_environment_hook('turtlebot3_gazebo', 'cmake_prefix_path')
[9.878s] INFO:colcon.colcon_core.shell:Creating environment hook '/home/tal/TB3_PC_WS/install/turtlebot3_gazebo/share/turtlebot3_gazebo/hook/cmake_prefix_path.ps1'
[9.878s] INFO:colcon.colcon_core.shell:Creating environment descriptor '/home/tal/TB3_PC_WS/install/turtlebot3_gazebo/share/turtlebot3_gazebo/hook/cmake_prefix_path.dsv'
[9.879s] INFO:colcon.colcon_core.shell:Creating environment hook '/home/tal/TB3_PC_WS/install/turtlebot3_gazebo/share/turtlebot3_gazebo/hook/cmake_prefix_path.sh'
[9.879s] Level 1:colcon.colcon_core.environment:checking '/home/tal/TB3_PC_WS/install/turtlebot3_gazebo/lib'
[9.879s] Level 1:colcon.colcon_core.environment:checking '/home/tal/TB3_PC_WS/install/turtlebot3_gazebo/bin'
[9.879s] Level 1:colcon.colcon_core.environment:checking '/home/tal/TB3_PC_WS/install/turtlebot3_gazebo/lib/pkgconfig/turtlebot3_gazebo.pc'
[9.879s] Level 1:colcon.colcon_core.environment:checking '/home/tal/TB3_PC_WS/install/turtlebot3_gazebo/lib/python3.10/site-packages'
[9.879s] Level 1:colcon.colcon_core.environment:checking '/home/tal/TB3_PC_WS/install/turtlebot3_gazebo/bin'
[9.879s] INFO:colcon.colcon_core.shell:Creating package script '/home/tal/TB3_PC_WS/install/turtlebot3_gazebo/share/turtlebot3_gazebo/package.ps1'
[9.880s] INFO:colcon.colcon_core.shell:Creating package descriptor '/home/tal/TB3_PC_WS/install/turtlebot3_gazebo/share/turtlebot3_gazebo/package.dsv'
[9.880s] INFO:colcon.colcon_core.shell:Creating package script '/home/tal/TB3_PC_WS/install/turtlebot3_gazebo/share/turtlebot3_gazebo/package.sh'
[9.880s] INFO:colcon.colcon_core.shell:Creating package script '/home/tal/TB3_PC_WS/install/turtlebot3_gazebo/share/turtlebot3_gazebo/package.bash'
[9.880s] INFO:colcon.colcon_core.shell:Creating package script '/home/tal/TB3_PC_WS/install/turtlebot3_gazebo/share/turtlebot3_gazebo/package.zsh'
[9.881s] Level 1:colcon.colcon_core.environment:create_file_with_runtime_dependencies(/home/tal/TB3_PC_WS/install/turtlebot3_gazebo/share/colcon-core/packages/turtlebot3_gazebo)
[9.881s] INFO:colcon.colcon_ros.task.ament_cmake.build:Building ROS package in '/home/tal/TB3_PC_WS/src/turtlebot3_simulations-humble-devel/turtlebot3_simulations' with build type 'ament_cmake'
[9.881s] INFO:colcon.colcon_cmake.task.cmake.build:Building CMake package in '/home/tal/TB3_PC_WS/src/turtlebot3_simulations-humble-devel/turtlebot3_simulations'
[9.881s] INFO:colcon.colcon_core.shell:Skip shell extension 'powershell' for command environment: Not usable outside of PowerShell
[9.881s] DEBUG:colcon.colcon_core.shell:Skip shell extension 'dsv' for command environment
[9.885s] DEBUG:colcon.colcon_core.event_handler.log_command:Invoking command in '/home/tal/TB3_PC_WS/build/turtlebot3_simulations': AMENT_PREFIX_PATH=/home/tal/TB3_PC_WS/install/turtlebot3_gazebo:/home/tal/TB3_PC_WS/install/turtlebot3_fake_node:${AMENT_PREFIX_PATH} CMAKE_PREFIX_PATH=/home/tal/TB3_PC_WS/install/turtlebot3_gazebo:/home/tal/TB3_PC_WS/install/turtlebot3_fake_node:/opt/ros/humble /usr/bin/cmake /home/tal/TB3_PC_WS/src/turtlebot3_simulations-humble-devel/turtlebot3_simulations -DAMENT_CMAKE_SYMLINK_INSTALL=1 -DCMAKE_INSTALL_PREFIX=/home/tal/TB3_PC_WS/install/turtlebot3_simulations
[10.264s] DEBUG:colcon.colcon_core.event_handler.log_command:Invoked command in '/home/tal/TB3_PC_WS/build/turtlebot3_simulations' returned '0': AMENT_PREFIX_PATH=/home/tal/TB3_PC_WS/install/turtlebot3_gazebo:/home/tal/TB3_PC_WS/install/turtlebot3_fake_node:${AMENT_PREFIX_PATH} CMAKE_PREFIX_PATH=/home/tal/TB3_PC_WS/install/turtlebot3_gazebo:/home/tal/TB3_PC_WS/install/turtlebot3_fake_node:/opt/ros/humble /usr/bin/cmake /home/tal/TB3_PC_WS/src/turtlebot3_simulations-humble-devel/turtlebot3_simulations -DAMENT_CMAKE_SYMLINK_INSTALL=1 -DCMAKE_INSTALL_PREFIX=/home/tal/TB3_PC_WS/install/turtlebot3_simulations
[10.265s] DEBUG:colcon.colcon_core.event_handler.log_command:Invoking command in '/home/tal/TB3_PC_WS/build/turtlebot3_simulations': AMENT_PREFIX_PATH=/home/tal/TB3_PC_WS/install/turtlebot3_gazebo:/home/tal/TB3_PC_WS/install/turtlebot3_fake_node:${AMENT_PREFIX_PATH} CMAKE_PREFIX_PATH=/home/tal/TB3_PC_WS/install/turtlebot3_gazebo:/home/tal/TB3_PC_WS/install/turtlebot3_fake_node:/opt/ros/humble /usr/bin/cmake --build /home/tal/TB3_PC_WS/build/turtlebot3_simulations -- -j16 -l16
[10.286s] DEBUG:colcon.colcon_core.event_handler.log_command:Invoked command in '/home/tal/TB3_PC_WS/build/turtlebot3_simulations' returned '0': AMENT_PREFIX_PATH=/home/tal/TB3_PC_WS/install/turtlebot3_gazebo:/home/tal/TB3_PC_WS/install/turtlebot3_fake_node:${AMENT_PREFIX_PATH} CMAKE_PREFIX_PATH=/home/tal/TB3_PC_WS/install/turtlebot3_gazebo:/home/tal/TB3_PC_WS/install/turtlebot3_fake_node:/opt/ros/humble /usr/bin/cmake --build /home/tal/TB3_PC_WS/build/turtlebot3_simulations -- -j16 -l16
[10.300s] DEBUG:colcon.colcon_core.event_handler.log_command:Invoking command in '/home/tal/TB3_PC_WS/build/turtlebot3_simulations': AMENT_PREFIX_PATH=/home/tal/TB3_PC_WS/install/turtlebot3_gazebo:/home/tal/TB3_PC_WS/install/turtlebot3_fake_node:${AMENT_PREFIX_PATH} CMAKE_PREFIX_PATH=/home/tal/TB3_PC_WS/install/turtlebot3_gazebo:/home/tal/TB3_PC_WS/install/turtlebot3_fake_node:/opt/ros/humble /usr/bin/cmake --install /home/tal/TB3_PC_WS/build/turtlebot3_simulations
[10.415s] Level 1:colcon.colcon_core.environment:create_environment_scripts_only(turtlebot3_simulations)
[10.415s] Level 1:colcon.colcon_core.environment:checking '/home/tal/TB3_PC_WS/install/turtlebot3_simulations' for CMake module files
[10.416s] DEBUG:colcon.colcon_core.event_handler.log_command:Invoked command in '/home/tal/TB3_PC_WS/build/turtlebot3_simulations' returned '0': AMENT_PREFIX_PATH=/home/tal/TB3_PC_WS/install/turtlebot3_gazebo:/home/tal/TB3_PC_WS/install/turtlebot3_fake_node:${AMENT_PREFIX_PATH} CMAKE_PREFIX_PATH=/home/tal/TB3_PC_WS/install/turtlebot3_gazebo:/home/tal/TB3_PC_WS/install/turtlebot3_fake_node:/opt/ros/humble /usr/bin/cmake --install /home/tal/TB3_PC_WS/build/turtlebot3_simulations
[10.416s] Level 1:colcon.colcon_core.environment:checking '/home/tal/TB3_PC_WS/install/turtlebot3_simulations' for CMake config files
[10.416s] Level 1:colcon.colcon_core.shell:create_environment_hook('turtlebot3_simulations', 'cmake_prefix_path')
[10.416s] INFO:colcon.colcon_core.shell:Creating environment hook '/home/tal/TB3_PC_WS/install/turtlebot3_simulations/share/turtlebot3_simulations/hook/cmake_prefix_path.ps1'
[10.416s] INFO:colcon.colcon_core.shell:Creating environment descriptor '/home/tal/TB3_PC_WS/install/turtlebot3_simulations/share/turtlebot3_simulations/hook/cmake_prefix_path.dsv'
[10.417s] INFO:colcon.colcon_core.shell:Creating environment hook '/home/tal/TB3_PC_WS/install/turtlebot3_simulations/share/turtlebot3_simulations/hook/cmake_prefix_path.sh'
[10.417s] Level 1:colcon.colcon_core.environment:checking '/home/tal/TB3_PC_WS/install/turtlebot3_simulations/bin'
[10.417s] Level 1:colcon.colcon_core.environment:checking '/home/tal/TB3_PC_WS/install/turtlebot3_simulations/lib/pkgconfig/turtlebot3_simulations.pc'
[10.417s] Level 1:colcon.colcon_core.environment:checking '/home/tal/TB3_PC_WS/install/turtlebot3_simulations/lib/python3.10/site-packages'
[10.417s] Level 1:colcon.colcon_core.environment:checking '/home/tal/TB3_PC_WS/install/turtlebot3_simulations/bin'
[10.417s] INFO:colcon.colcon_core.shell:Creating package script '/home/tal/TB3_PC_WS/install/turtlebot3_simulations/share/turtlebot3_simulations/package.ps1'
[10.418s] INFO:colcon.colcon_core.shell:Creating package descriptor '/home/tal/TB3_PC_WS/install/turtlebot3_simulations/share/turtlebot3_simulations/package.dsv'
[10.418s] INFO:colcon.colcon_core.shell:Creating package script '/home/tal/TB3_PC_WS/install/turtlebot3_simulations/share/turtlebot3_simulations/package.sh'
[10.418s] INFO:colcon.colcon_core.shell:Creating package script '/home/tal/TB3_PC_WS/install/turtlebot3_simulations/share/turtlebot3_simulations/package.bash'
[10.419s] INFO:colcon.colcon_core.shell:Creating package script '/home/tal/TB3_PC_WS/install/turtlebot3_simulations/share/turtlebot3_simulations/package.zsh'
[10.419s] Level 1:colcon.colcon_core.environment:create_file_with_runtime_dependencies(/home/tal/TB3_PC_WS/install/turtlebot3_simulations/share/colcon-core/packages/turtlebot3_simulations)
[10.435s] Level 1:colcon.colcon_core.environment:create_environment_scripts_only(turtlebot3_simulations)
[10.435s] Level 1:colcon.colcon_core.environment:checking '/home/tal/TB3_PC_WS/install/turtlebot3_simulations' for CMake module files
[10.435s] Level 1:colcon.colcon_core.environment:checking '/home/tal/TB3_PC_WS/install/turtlebot3_simulations' for CMake config files
[10.435s] Level 1:colcon.colcon_core.shell:create_environment_hook('turtlebot3_simulations', 'cmake_prefix_path')
[10.435s] INFO:colcon.colcon_core.shell:Creating environment hook '/home/tal/TB3_PC_WS/install/turtlebot3_simulations/share/turtlebot3_simulations/hook/cmake_prefix_path.ps1'
[10.435s] INFO:colcon.colcon_core.shell:Creating environment descriptor '/home/tal/TB3_PC_WS/install/turtlebot3_simulations/share/turtlebot3_simulations/hook/cmake_prefix_path.dsv'
[10.436s] INFO:colcon.colcon_core.shell:Creating environment hook '/home/tal/TB3_PC_WS/install/turtlebot3_simulations/share/turtlebot3_simulations/hook/cmake_prefix_path.sh'
[10.436s] Level 1:colcon.colcon_core.environment:checking '/home/tal/TB3_PC_WS/install/turtlebot3_simulations/bin'
[10.436s] Level 1:colcon.colcon_core.environment:checking '/home/tal/TB3_PC_WS/install/turtlebot3_simulations/lib/pkgconfig/turtlebot3_simulations.pc'
[10.436s] Level 1:colcon.colcon_core.environment:checking '/home/tal/TB3_PC_WS/install/turtlebot3_simulations/lib/python3.10/site-packages'
[10.436s] Level 1:colcon.colcon_core.environment:checking '/home/tal/TB3_PC_WS/install/turtlebot3_simulations/bin'
[10.436s] INFO:colcon.colcon_core.shell:Creating package script '/home/tal/TB3_PC_WS/install/turtlebot3_simulations/share/turtlebot3_simulations/package.ps1'
[10.437s] INFO:colcon.colcon_core.shell:Creating package descriptor '/home/tal/TB3_PC_WS/install/turtlebot3_simulations/share/turtlebot3_simulations/package.dsv'
[10.437s] INFO:colcon.colcon_core.shell:Creating package script '/home/tal/TB3_PC_WS/install/turtlebot3_simulations/share/turtlebot3_simulations/package.sh'
[10.437s] INFO:colcon.colcon_core.shell:Creating package script '/home/tal/TB3_PC_WS/install/turtlebot3_simulations/share/turtlebot3_simulations/package.bash'
[10.437s] INFO:colcon.colcon_core.shell:Creating package script '/home/tal/TB3_PC_WS/install/turtlebot3_simulations/share/turtlebot3_simulations/package.zsh'
[10.438s] Level 1:colcon.colcon_core.environment:create_file_with_runtime_dependencies(/home/tal/TB3_PC_WS/install/turtlebot3_simulations/share/colcon-core/packages/turtlebot3_simulations)
[10.438s] DEBUG:colcon.colcon_parallel_executor.executor.parallel:closing loop
[10.438s] DEBUG:colcon.colcon_parallel_executor.executor.parallel:loop closed
[10.438s] DEBUG:colcon.colcon_parallel_executor.executor.parallel:run_until_complete finished with '0'
[10.438s] DEBUG:colcon.colcon_core.event_reactor:joining thread
[10.441s] INFO:colcon.colcon_core.plugin_system:Skipping extension 'colcon_notification.desktop_notification.terminal_notifier': Not used on non-Darwin systems
[10.441s] INFO:colcon.colcon_core.plugin_system:Skipping extension 'colcon_notification.desktop_notification.win32': Not used on non-Windows systems
[10.441s] INFO:colcon.colcon_notification.desktop_notification:Sending desktop notification using 'notify2'
[10.447s] DEBUG:colcon.colcon_core.event_reactor:joined thread
[10.448s] INFO:colcon.colcon_core.shell:Creating prefix script '/home/tal/TB3_PC_WS/install/local_setup.ps1'
[10.448s] INFO:colcon.colcon_core.shell:Creating prefix util module '/home/tal/TB3_PC_WS/install/_local_setup_util_ps1.py'
[10.449s] INFO:colcon.colcon_core.shell:Creating prefix chain script '/home/tal/TB3_PC_WS/install/setup.ps1'
[10.449s] INFO:colcon.colcon_core.shell:Creating prefix script '/home/tal/TB3_PC_WS/install/local_setup.sh'
[10.450s] INFO:colcon.colcon_core.shell:Creating prefix util module '/home/tal/TB3_PC_WS/install/_local_setup_util_sh.py'
[10.450s] INFO:colcon.colcon_core.shell:Creating prefix chain script '/home/tal/TB3_PC_WS/install/setup.sh'
[10.451s] INFO:colcon.colcon_core.shell:Creating prefix script '/home/tal/TB3_PC_WS/install/local_setup.bash'
[10.451s] INFO:colcon.colcon_core.shell:Creating prefix chain script '/home/tal/TB3_PC_WS/install/setup.bash'
[10.452s] INFO:colcon.colcon_core.shell:Creating prefix script '/home/tal/TB3_PC_WS/install/local_setup.zsh'
[10.452s] INFO:colcon.colcon_core.shell:Creating prefix chain script '/home/tal/TB3_PC_WS/install/setup.zsh'
