[0.596s] Invoking command in '/home/tal/TB3_PC_WS/src/tb_run_script': PYTHONPATH=/home/tal/TB3_PC_WS/build/tb_run_script/prefix_override:/home/tal/.local/lib/python3.8/site-packages/colcon_core/task/python/colcon_distutils_commands:/home/tal/TB3_PC_WS/install/tb_run_script/lib/python3.8/site-packages:${PYTHONPATH} /usr/bin/python3 -W ignore:setup.py install is deprecated setup.py egg_info --egg-base ../../build/tb_run_script build --build-base /home/tal/TB3_PC_WS/build/tb_run_script/build install --record /home/tal/TB3_PC_WS/build/tb_run_script/install.log --single-version-externally-managed install_data
[0.714s] running egg_info
[0.715s] writing ../../build/tb_run_script/tb_run_script.egg-info/PKG-INFO
[0.715s] writing dependency_links to ../../build/tb_run_script/tb_run_script.egg-info/dependency_links.txt
[0.715s] writing entry points to ../../build/tb_run_script/tb_run_script.egg-info/entry_points.txt
[0.715s] writing requirements to ../../build/tb_run_script/tb_run_script.egg-info/requires.txt
[0.715s] writing top-level names to ../../build/tb_run_script/tb_run_script.egg-info/top_level.txt
[0.736s] reading manifest file '../../build/tb_run_script/tb_run_script.egg-info/SOURCES.txt'
[0.736s] writing manifest file '../../build/tb_run_script/tb_run_script.egg-info/SOURCES.txt'
[0.736s] running build
[0.736s] running build_py
[0.737s] running install
[0.737s] running install_lib
[0.738s] running install_data
[0.739s] running install_egg_info
[0.740s] removing '/home/tal/TB3_PC_WS/install/tb_run_script/lib/python3.8/site-packages/tb_run_script-0.0.0-py3.8.egg-info' (and everything under it)
[0.740s] Copying ../../build/tb_run_script/tb_run_script.egg-info to /home/tal/TB3_PC_WS/install/tb_run_script/lib/python3.8/site-packages/tb_run_script-0.0.0-py3.8.egg-info
[0.741s] running install_scripts
[0.752s] Installing run_script script to /home/tal/TB3_PC_WS/install/tb_run_script/lib/tb_run_script
[0.752s] writing list of installed files to '/home/tal/TB3_PC_WS/build/tb_run_script/install.log'
[0.772s] Invoked command in '/home/tal/TB3_PC_WS/src/tb_run_script' returned '0': PYTHONPATH=/home/tal/TB3_PC_WS/build/tb_run_script/prefix_override:/home/tal/.local/lib/python3.8/site-packages/colcon_core/task/python/colcon_distutils_commands:/home/tal/TB3_PC_WS/install/tb_run_script/lib/python3.8/site-packages:${PYTHONPATH} /usr/bin/python3 -W ignore:setup.py install is deprecated setup.py egg_info --egg-base ../../build/tb_run_script build --build-base /home/tal/TB3_PC_WS/build/tb_run_script/build install --record /home/tal/TB3_PC_WS/build/tb_run_script/install.log --single-version-externally-managed install_data
