[0.022s] Invoking command in '/home/tal/TB3_PC_WS/build/turtlebot3_cartographer': CMAKE_PREFIX_PATH=/home/tal/TB3_PC_WS/install/turtlebot3_teleop:/home/tal/TB3_PC_WS/install/turtlebot3_example:/opt/ros/galactic:/home/tal/TB3_PC_WS/install/tb_run_script:${CMAKE_PREFIX_PATH} /usr/bin/cmake /home/tal/TB3_PC_WS/src/turtlebot3/turtlebot3_cartographer -DCMAKE_INSTALL_PREFIX=/home/tal/TB3_PC_WS/install/turtlebot3_cartographer
[0.365s] -- The C compiler identification is GNU 9.4.0
[0.365s] -- The CXX compiler identification is GNU 9.4.0
[0.365s] -- Check for working C compiler: /usr/bin/cc
[0.365s] -- Check for working C compiler: /usr/bin/cc -- works
[0.365s] -- Detecting C compiler ABI info
[0.365s] -- Detecting C compiler ABI info - done
[0.365s] -- Detecting C compile features
[0.365s] -- Detecting C compile features - done
[0.365s] -- Check for working CXX compiler: /usr/bin/c++
[0.365s] -- Check for working CXX compiler: /usr/bin/c++ -- works
[0.365s] -- Detecting CXX compiler ABI info
[0.365s] -- Detecting CXX compiler ABI info - done
[0.366s] -- Detecting CXX compile features
[0.366s] -- Detecting CXX compile features - done
[0.366s] -- Found ament_cmake: 1.1.6 (/opt/ros/galactic/share/ament_cmake/cmake)
[0.366s] -- Found PythonInterp: /usr/bin/python3 (found suitable version "3.8.10", minimum required is "3") 
[0.366s] -- Using PYTHON_EXECUTABLE: /usr/bin/python3
[0.435s] -- Configuring done
[0.436s] -- Generating done
[0.436s] -- Build files have been written to: /home/tal/TB3_PC_WS/build/turtlebot3_cartographer
[0.442s] Invoked command in '/home/tal/TB3_PC_WS/build/turtlebot3_cartographer' returned '0': CMAKE_PREFIX_PATH=/home/tal/TB3_PC_WS/install/turtlebot3_teleop:/home/tal/TB3_PC_WS/install/turtlebot3_example:/opt/ros/galactic:/home/tal/TB3_PC_WS/install/tb_run_script:${CMAKE_PREFIX_PATH} /usr/bin/cmake /home/tal/TB3_PC_WS/src/turtlebot3/turtlebot3_cartographer -DCMAKE_INSTALL_PREFIX=/home/tal/TB3_PC_WS/install/turtlebot3_cartographer
[0.444s] Invoking command in '/home/tal/TB3_PC_WS/build/turtlebot3_cartographer': CMAKE_PREFIX_PATH=/home/tal/TB3_PC_WS/install/turtlebot3_teleop:/home/tal/TB3_PC_WS/install/turtlebot3_example:/opt/ros/galactic:/home/tal/TB3_PC_WS/install/tb_run_script:${CMAKE_PREFIX_PATH} /usr/bin/cmake --build /home/tal/TB3_PC_WS/build/turtlebot3_cartographer -- -j16 -l16
[0.470s] Invoked command in '/home/tal/TB3_PC_WS/build/turtlebot3_cartographer' returned '0': CMAKE_PREFIX_PATH=/home/tal/TB3_PC_WS/install/turtlebot3_teleop:/home/tal/TB3_PC_WS/install/turtlebot3_example:/opt/ros/galactic:/home/tal/TB3_PC_WS/install/tb_run_script:${CMAKE_PREFIX_PATH} /usr/bin/cmake --build /home/tal/TB3_PC_WS/build/turtlebot3_cartographer -- -j16 -l16
[0.490s] Invoking command in '/home/tal/TB3_PC_WS/build/turtlebot3_cartographer': CMAKE_PREFIX_PATH=/home/tal/TB3_PC_WS/install/turtlebot3_teleop:/home/tal/TB3_PC_WS/install/turtlebot3_example:/opt/ros/galactic:/home/tal/TB3_PC_WS/install/tb_run_script:${CMAKE_PREFIX_PATH} /usr/bin/cmake --install /home/tal/TB3_PC_WS/build/turtlebot3_cartographer
[0.498s] -- Install configuration: ""
[0.498s] -- Installing: /home/tal/TB3_PC_WS/install/turtlebot3_cartographer/share/turtlebot3_cartographer/config
[0.498s] -- Installing: /home/tal/TB3_PC_WS/install/turtlebot3_cartographer/share/turtlebot3_cartographer/config/turtlebot3_lds_2d.lua
[0.498s] -- Installing: /home/tal/TB3_PC_WS/install/turtlebot3_cartographer/share/turtlebot3_cartographer/launch
[0.498s] -- Installing: /home/tal/TB3_PC_WS/install/turtlebot3_cartographer/share/turtlebot3_cartographer/launch/occupancy_grid.launch.py
[0.498s] -- Installing: /home/tal/TB3_PC_WS/install/turtlebot3_cartographer/share/turtlebot3_cartographer/launch/cartographer.launch.py
[0.498s] -- Installing: /home/tal/TB3_PC_WS/install/turtlebot3_cartographer/share/turtlebot3_cartographer/rviz
[0.498s] -- Installing: /home/tal/TB3_PC_WS/install/turtlebot3_cartographer/share/turtlebot3_cartographer/rviz/tb3_cartographer.rviz
[0.498s] -- Installing: /home/tal/TB3_PC_WS/install/turtlebot3_cartographer/share/ament_index/resource_index/package_run_dependencies/turtlebot3_cartographer
[0.499s] -- Installing: /home/tal/TB3_PC_WS/install/turtlebot3_cartographer/share/ament_index/resource_index/parent_prefix_path/turtlebot3_cartographer
[0.499s] -- Installing: /home/tal/TB3_PC_WS/install/turtlebot3_cartographer/share/turtlebot3_cartographer/environment/ament_prefix_path.sh
[0.499s] -- Installing: /home/tal/TB3_PC_WS/install/turtlebot3_cartographer/share/turtlebot3_cartographer/environment/ament_prefix_path.dsv
[0.499s] -- Installing: /home/tal/TB3_PC_WS/install/turtlebot3_cartographer/share/turtlebot3_cartographer/environment/path.sh
[0.499s] -- Installing: /home/tal/TB3_PC_WS/install/turtlebot3_cartographer/share/turtlebot3_cartographer/environment/path.dsv
[0.499s] -- Installing: /home/tal/TB3_PC_WS/install/turtlebot3_cartographer/share/turtlebot3_cartographer/local_setup.bash
[0.499s] -- Installing: /home/tal/TB3_PC_WS/install/turtlebot3_cartographer/share/turtlebot3_cartographer/local_setup.sh
[0.499s] -- Installing: /home/tal/TB3_PC_WS/install/turtlebot3_cartographer/share/turtlebot3_cartographer/local_setup.zsh
[0.499s] -- Installing: /home/tal/TB3_PC_WS/install/turtlebot3_cartographer/share/turtlebot3_cartographer/local_setup.dsv
[0.499s] -- Installing: /home/tal/TB3_PC_WS/install/turtlebot3_cartographer/share/turtlebot3_cartographer/package.dsv
[0.499s] -- Installing: /home/tal/TB3_PC_WS/install/turtlebot3_cartographer/share/ament_index/resource_index/packages/turtlebot3_cartographer
[0.499s] -- Installing: /home/tal/TB3_PC_WS/install/turtlebot3_cartographer/share/turtlebot3_cartographer/cmake/turtlebot3_cartographerConfig.cmake
[0.499s] -- Installing: /home/tal/TB3_PC_WS/install/turtlebot3_cartographer/share/turtlebot3_cartographer/cmake/turtlebot3_cartographerConfig-version.cmake
[0.499s] -- Installing: /home/tal/TB3_PC_WS/install/turtlebot3_cartographer/share/turtlebot3_cartographer/package.xml
[0.509s] Invoked command in '/home/tal/TB3_PC_WS/build/turtlebot3_cartographer' returned '0': CMAKE_PREFIX_PATH=/home/tal/TB3_PC_WS/install/turtlebot3_teleop:/home/tal/TB3_PC_WS/install/turtlebot3_example:/opt/ros/galactic:/home/tal/TB3_PC_WS/install/tb_run_script:${CMAKE_PREFIX_PATH} /usr/bin/cmake --install /home/tal/TB3_PC_WS/build/turtlebot3_cartographer
