[0.008s] Invoking command in '/home/tal/TB3_PC_WS/build/turtlebot3_simulations': AMENT_PREFIX_PATH=/home/tal/TB3_PC_WS/install/turtlebot3_fake_node:/home/tal/TB3_PC_WS/install/turtlebot3_msgs:/home/tal/TB3_PC_WS/install/turtlebot3_gazebo:${AMENT_PREFIX_PATH} CMAKE_PREFIX_PATH=/home/tal/TB3_PC_WS/install/turtlebot3_fake_node:/home/tal/TB3_PC_WS/install/turtlebot3_msgs:/home/tal/TB3_PC_WS/install/turtlebot3_gazebo:/opt/ros/galactic LD_LIBRARY_PATH=/home/tal/TB3_PC_WS/install/turtlebot3_msgs/lib:${LD_LIBRARY_PATH} PYTHONPATH=/home/tal/TB3_PC_WS/install/turtlebot3_msgs/lib/python3.8/site-packages:${PYTHONPATH} /usr/bin/cmake --build /home/tal/TB3_PC_WS/build/turtlebot3_simulations -- -j16 -l16
[0.034s] Invoked command in '/home/tal/TB3_PC_WS/build/turtlebot3_simulations' returned '0': AMENT_PREFIX_PATH=/home/tal/TB3_PC_WS/install/turtlebot3_fake_node:/home/tal/TB3_PC_WS/install/turtlebot3_msgs:/home/tal/TB3_PC_WS/install/turtlebot3_gazebo:${AMENT_PREFIX_PATH} CMAKE_PREFIX_PATH=/home/tal/TB3_PC_WS/install/turtlebot3_fake_node:/home/tal/TB3_PC_WS/install/turtlebot3_msgs:/home/tal/TB3_PC_WS/install/turtlebot3_gazebo:/opt/ros/galactic LD_LIBRARY_PATH=/home/tal/TB3_PC_WS/install/turtlebot3_msgs/lib:${LD_LIBRARY_PATH} PYTHONPATH=/home/tal/TB3_PC_WS/install/turtlebot3_msgs/lib/python3.8/site-packages:${PYTHONPATH} /usr/bin/cmake --build /home/tal/TB3_PC_WS/build/turtlebot3_simulations -- -j16 -l16
[0.047s] Invoking command in '/home/tal/TB3_PC_WS/build/turtlebot3_simulations': AMENT_PREFIX_PATH=/home/tal/TB3_PC_WS/install/turtlebot3_fake_node:/home/tal/TB3_PC_WS/install/turtlebot3_msgs:/home/tal/TB3_PC_WS/install/turtlebot3_gazebo:${AMENT_PREFIX_PATH} CMAKE_PREFIX_PATH=/home/tal/TB3_PC_WS/install/turtlebot3_fake_node:/home/tal/TB3_PC_WS/install/turtlebot3_msgs:/home/tal/TB3_PC_WS/install/turtlebot3_gazebo:/opt/ros/galactic LD_LIBRARY_PATH=/home/tal/TB3_PC_WS/install/turtlebot3_msgs/lib:${LD_LIBRARY_PATH} PYTHONPATH=/home/tal/TB3_PC_WS/install/turtlebot3_msgs/lib/python3.8/site-packages:${PYTHONPATH} /usr/bin/cmake --install /home/tal/TB3_PC_WS/build/turtlebot3_simulations
[0.052s] -- Install configuration: ""
[0.053s] -- Up-to-date: /home/tal/TB3_PC_WS/install/turtlebot3_simulations/share/ament_index/resource_index/package_run_dependencies/turtlebot3_simulations
[0.053s] -- Up-to-date: /home/tal/TB3_PC_WS/install/turtlebot3_simulations/share/ament_index/resource_index/parent_prefix_path/turtlebot3_simulations
[0.053s] -- Up-to-date: /home/tal/TB3_PC_WS/install/turtlebot3_simulations/share/turtlebot3_simulations/environment/ament_prefix_path.sh
[0.053s] -- Up-to-date: /home/tal/TB3_PC_WS/install/turtlebot3_simulations/share/turtlebot3_simulations/environment/ament_prefix_path.dsv
[0.053s] -- Up-to-date: /home/tal/TB3_PC_WS/install/turtlebot3_simulations/share/turtlebot3_simulations/environment/path.sh
[0.053s] -- Up-to-date: /home/tal/TB3_PC_WS/install/turtlebot3_simulations/share/turtlebot3_simulations/environment/path.dsv
[0.053s] -- Up-to-date: /home/tal/TB3_PC_WS/install/turtlebot3_simulations/share/turtlebot3_simulations/local_setup.bash
[0.053s] -- Up-to-date: /home/tal/TB3_PC_WS/install/turtlebot3_simulations/share/turtlebot3_simulations/local_setup.sh
[0.053s] -- Up-to-date: /home/tal/TB3_PC_WS/install/turtlebot3_simulations/share/turtlebot3_simulations/local_setup.zsh
[0.053s] -- Up-to-date: /home/tal/TB3_PC_WS/install/turtlebot3_simulations/share/turtlebot3_simulations/local_setup.dsv
[0.053s] -- Installing: /home/tal/TB3_PC_WS/install/turtlebot3_simulations/share/turtlebot3_simulations/package.dsv
[0.054s] -- Up-to-date: /home/tal/TB3_PC_WS/install/turtlebot3_simulations/share/ament_index/resource_index/packages/turtlebot3_simulations
[0.054s] -- Up-to-date: /home/tal/TB3_PC_WS/install/turtlebot3_simulations/share/turtlebot3_simulations/cmake/turtlebot3_simulationsConfig.cmake
[0.054s] -- Up-to-date: /home/tal/TB3_PC_WS/install/turtlebot3_simulations/share/turtlebot3_simulations/cmake/turtlebot3_simulationsConfig-version.cmake
[0.054s] -- Up-to-date: /home/tal/TB3_PC_WS/install/turtlebot3_simulations/share/turtlebot3_simulations/package.xml
[0.056s] Invoked command in '/home/tal/TB3_PC_WS/build/turtlebot3_simulations' returned '0': AMENT_PREFIX_PATH=/home/tal/TB3_PC_WS/install/turtlebot3_fake_node:/home/tal/TB3_PC_WS/install/turtlebot3_msgs:/home/tal/TB3_PC_WS/install/turtlebot3_gazebo:${AMENT_PREFIX_PATH} CMAKE_PREFIX_PATH=/home/tal/TB3_PC_WS/install/turtlebot3_fake_node:/home/tal/TB3_PC_WS/install/turtlebot3_msgs:/home/tal/TB3_PC_WS/install/turtlebot3_gazebo:/opt/ros/galactic LD_LIBRARY_PATH=/home/tal/TB3_PC_WS/install/turtlebot3_msgs/lib:${LD_LIBRARY_PATH} PYTHONPATH=/home/tal/TB3_PC_WS/install/turtlebot3_msgs/lib/python3.8/site-packages:${PYTHONPATH} /usr/bin/cmake --install /home/tal/TB3_PC_WS/build/turtlebot3_simulations
