[0.010s] Invoking command in '/home/tal/TB3_PC_WS/build/turtlebot3_fake_node': CMAKE_PREFIX_PATH=/opt/ros/humble /usr/bin/cmake /home/tal/TB3_PC_WS/src/turtlebot3_simulations-humble-devel/turtlebot3_fake_node -DAMENT_CMAKE_SYMLINK_INSTALL=1 -DCMAKE_INSTALL_PREFIX=/home/tal/TB3_PC_WS/install/turtlebot3_fake_node
[0.040s] -- The C compiler identification is GNU 11.4.0
[0.072s] -- The CXX compiler identification is GNU 11.4.0
[0.076s] -- Detecting C compiler ABI info
[0.114s] -- Detecting C compiler ABI info - done
[0.118s] -- Check for working C compiler: /usr/bin/cc - skipped
[0.119s] -- Detecting C compile features
[0.119s] -- Detecting C compile features - done
[0.120s] -- Detecting CXX compiler ABI info
[0.166s] -- Detecting CXX compiler ABI info - done
[0.171s] -- Check for working CXX compiler: /usr/bin/c++ - skipped
[0.171s] -- Detecting CXX compile features
[0.171s] -- Detecting CXX compile features - done
[0.172s] -- Found ament_cmake: 1.3.10 (/opt/ros/humble/share/ament_cmake/cmake)
[0.261s] -- Found Python3: /usr/bin/python3 (found version "3.10.12") found components: Interpreter 
[0.297s] -- Override CMake install command with custom implementation using symlinks instead of copying resources
[0.311s] -- Found geometry_msgs: 4.2.4 (/opt/ros/humble/share/geometry_msgs/cmake)
[0.332s] -- Found rosidl_generator_c: 3.1.5 (/opt/ros/humble/share/rosidl_generator_c/cmake)
[0.335s] -- Found rosidl_adapter: 3.1.5 (/opt/ros/humble/share/rosidl_adapter/cmake)
[0.339s] -- Found rosidl_generator_cpp: 3.1.5 (/opt/ros/humble/share/rosidl_generator_cpp/cmake)
[0.347s] -- Using all available rosidl_typesupport_c: rosidl_typesupport_fastrtps_c;rosidl_typesupport_introspection_c
[0.356s] -- Using all available rosidl_typesupport_cpp: rosidl_typesupport_fastrtps_cpp;rosidl_typesupport_introspection_cpp
[0.380s] -- Found nav_msgs: 4.2.4 (/opt/ros/humble/share/nav_msgs/cmake)
[0.390s] -- Found rclcpp: 16.0.10 (/opt/ros/humble/share/rclcpp/cmake)
[0.411s] -- Found rmw_implementation_cmake: 6.1.2 (/opt/ros/humble/share/rmw_implementation_cmake/cmake)
[0.412s] -- Found rmw_fastrtps_cpp: 6.2.7 (/opt/ros/humble/share/rmw_fastrtps_cpp/cmake)
[0.458s] -- Found OpenSSL: /usr/lib/x86_64-linux-gnu/libcrypto.so (found version "3.0.2")  
[0.475s] -- Found FastRTPS: /opt/ros/humble/include  
[0.502s] -- Using RMW implementation 'rmw_fastrtps_cpp' as default
[0.507s] -- Looking for pthread.h
[0.548s] -- Looking for pthread.h - found
[0.549s] -- Performing Test CMAKE_HAVE_LIBC_PTHREAD
[0.590s] -- Performing Test CMAKE_HAVE_LIBC_PTHREAD - Success
[0.591s] -- Found Threads: TRUE  
[0.616s] -- Found sensor_msgs: 4.2.4 (/opt/ros/humble/share/sensor_msgs/cmake)
[0.627s] -- Found tf2: 0.25.8 (/opt/ros/humble/share/tf2/cmake)
[0.633s] -- Found tf2_msgs: 0.25.8 (/opt/ros/humble/share/tf2_msgs/cmake)
[0.657s] -- Found turtlebot3_msgs: 2.2.3 (/opt/ros/humble/share/turtlebot3_msgs/cmake)
[0.709s] -- Configuring done
[0.716s] -- Generating done
[0.716s] -- Build files have been written to: /home/tal/TB3_PC_WS/build/turtlebot3_fake_node
[0.722s] Invoked command in '/home/tal/TB3_PC_WS/build/turtlebot3_fake_node' returned '0': CMAKE_PREFIX_PATH=/opt/ros/humble /usr/bin/cmake /home/tal/TB3_PC_WS/src/turtlebot3_simulations-humble-devel/turtlebot3_fake_node -DAMENT_CMAKE_SYMLINK_INSTALL=1 -DCMAKE_INSTALL_PREFIX=/home/tal/TB3_PC_WS/install/turtlebot3_fake_node
[0.723s] Invoking command in '/home/tal/TB3_PC_WS/build/turtlebot3_fake_node': CMAKE_PREFIX_PATH=/opt/ros/humble /usr/bin/cmake --build /home/tal/TB3_PC_WS/build/turtlebot3_fake_node -- -j16 -l16
[0.751s] [ 50%] [32mBuilding CXX object CMakeFiles/turtlebot3_fake_node.dir/src/turtlebot3_fake_node.cpp.o[0m
[6.984s] [100%] [32m[1mLinking CXX executable turtlebot3_fake_node[0m
[7.325s] [100%] Built target turtlebot3_fake_node
[7.333s] Invoked command in '/home/tal/TB3_PC_WS/build/turtlebot3_fake_node' returned '0': CMAKE_PREFIX_PATH=/opt/ros/humble /usr/bin/cmake --build /home/tal/TB3_PC_WS/build/turtlebot3_fake_node -- -j16 -l16
[7.354s] Invoking command in '/home/tal/TB3_PC_WS/build/turtlebot3_fake_node': CMAKE_PREFIX_PATH=/opt/ros/humble /usr/bin/cmake --install /home/tal/TB3_PC_WS/build/turtlebot3_fake_node
[7.359s] -- Install configuration: ""
[7.359s] -- Execute custom install script
[7.359s] -- Symlinking: /home/tal/TB3_PC_WS/install/turtlebot3_fake_node/lib/turtlebot3_fake_node/turtlebot3_fake_node
[7.365s] -- Symlinking: /home/tal/TB3_PC_WS/install/turtlebot3_fake_node/share/turtlebot3_fake_node/launch/rviz2.launch.py
[7.371s] -- Symlinking: /home/tal/TB3_PC_WS/install/turtlebot3_fake_node/share/turtlebot3_fake_node/launch/turtlebot3_fake_node.launch.py
[7.377s] -- Symlinking: /home/tal/TB3_PC_WS/install/turtlebot3_fake_node/share/turtlebot3_fake_node/param/burger.yaml
[7.383s] -- Symlinking: /home/tal/TB3_PC_WS/install/turtlebot3_fake_node/share/turtlebot3_fake_node/param/waffle.yaml
[7.389s] -- Symlinking: /home/tal/TB3_PC_WS/install/turtlebot3_fake_node/share/turtlebot3_fake_node/param/waffle_pi.yaml
[7.395s] -- Symlinking: /home/tal/TB3_PC_WS/install/turtlebot3_fake_node/include//turtlebot3_fake_node/turtlebot3_fake_node.hpp
[7.401s] -- Symlinking: /home/tal/TB3_PC_WS/install/turtlebot3_fake_node/share/ament_index/resource_index/package_run_dependencies/turtlebot3_fake_node
[7.406s] -- Symlinking: /home/tal/TB3_PC_WS/install/turtlebot3_fake_node/share/ament_index/resource_index/parent_prefix_path/turtlebot3_fake_node
[7.412s] -- Symlinking: /home/tal/TB3_PC_WS/install/turtlebot3_fake_node/share/turtlebot3_fake_node/environment/ament_prefix_path.sh
[7.418s] -- Symlinking: /home/tal/TB3_PC_WS/install/turtlebot3_fake_node/share/turtlebot3_fake_node/environment/ament_prefix_path.dsv
[7.424s] -- Symlinking: /home/tal/TB3_PC_WS/install/turtlebot3_fake_node/share/turtlebot3_fake_node/environment/path.sh
[7.430s] -- Symlinking: /home/tal/TB3_PC_WS/install/turtlebot3_fake_node/share/turtlebot3_fake_node/environment/path.dsv
[7.436s] -- Symlinking: /home/tal/TB3_PC_WS/install/turtlebot3_fake_node/share/turtlebot3_fake_node/local_setup.bash
[7.442s] -- Symlinking: /home/tal/TB3_PC_WS/install/turtlebot3_fake_node/share/turtlebot3_fake_node/local_setup.sh
[7.448s] -- Symlinking: /home/tal/TB3_PC_WS/install/turtlebot3_fake_node/share/turtlebot3_fake_node/local_setup.zsh
[7.454s] -- Symlinking: /home/tal/TB3_PC_WS/install/turtlebot3_fake_node/share/turtlebot3_fake_node/local_setup.dsv
[7.460s] -- Symlinking: /home/tal/TB3_PC_WS/install/turtlebot3_fake_node/share/turtlebot3_fake_node/package.dsv
[7.466s] -- Symlinking: /home/tal/TB3_PC_WS/install/turtlebot3_fake_node/share/ament_index/resource_index/packages/turtlebot3_fake_node
[7.472s] -- Symlinking: /home/tal/TB3_PC_WS/install/turtlebot3_fake_node/share/turtlebot3_fake_node/cmake/ament_cmake_export_include_directories-extras.cmake
[7.478s] -- Symlinking: /home/tal/TB3_PC_WS/install/turtlebot3_fake_node/share/turtlebot3_fake_node/cmake/ament_cmake_export_dependencies-extras.cmake
[7.484s] -- Symlinking: /home/tal/TB3_PC_WS/install/turtlebot3_fake_node/share/turtlebot3_fake_node/cmake/turtlebot3_fake_nodeConfig.cmake
[7.490s] -- Symlinking: /home/tal/TB3_PC_WS/install/turtlebot3_fake_node/share/turtlebot3_fake_node/cmake/turtlebot3_fake_nodeConfig-version.cmake
[7.496s] -- Symlinking: /home/tal/TB3_PC_WS/install/turtlebot3_fake_node/share/turtlebot3_fake_node/package.xml
[7.503s] Invoked command in '/home/tal/TB3_PC_WS/build/turtlebot3_fake_node' returned '0': CMAKE_PREFIX_PATH=/opt/ros/humble /usr/bin/cmake --install /home/tal/TB3_PC_WS/build/turtlebot3_fake_node
