[0.016s] Invoking command in '/home/tal/TB3_PC_WS/build/turtlebot3_gazebo': CMAKE_PREFIX_PATH=/home/tal/TB3_PC_WS/install/turtlebot3_simulations:/home/tal/TB3_PC_WS/install/turtlebot3_gazebo:/home/tal/TB3_PC_WS/install/turtlebot3_fake_node:/home/tal/TB3_PC_WS/install/ros1_bridge:/opt/ros/galactic:/home/tal/TB3_PC_WS/install/tb_run_script:/opt/ros/noetic /usr/bin/cmake /home/tal/TB3_PC_WS/src/turtlebot3_simulations-humble-devel/turtlebot3_gazebo -DCMAKE_INSTALL_PREFIX=/home/tal/TB3_PC_WS/install/turtlebot3_gazebo
[0.024s] -- Found ament_cmake: 1.1.6 (/opt/ros/galactic/share/ament_cmake/cmake)
[0.034s] -- Using PYTHON_EXECUTABLE: /usr/bin/python3
[0.073s] -- Found PkgConfig: /usr/bin/pkg-config (found version "0.29.1") 
[0.075s] -- Checking for module 'bullet>=2.82'
[0.082s] --   Found bullet, version 2.88
[0.139s] -- Found ccd: /usr/include (found suitable version "2.0", minimum required is "2.0") 
[0.167s] -- Found fcl: /usr/include (found suitable version "0.5.0", minimum required is "0.3.2") 
[0.194s] -- Found assimp: /usr/include (found version "5.0.0") 
[0.206s] -- Found DART: /usr/include (Required is at least version "6.6") found components: dart 
[0.379s] -- Found Boost: /usr/lib/x86_64-linux-gnu/cmake/Boost-1.71.0/BoostConfig.cmake (found suitable version "1.71.0", minimum required is "1.40.0") found components: thread system filesystem program_options regex iostreams date_time 
[0.390s] -- Found Protobuf: /usr/lib/x86_64-linux-gnu/libprotobuf.so;-lpthread (found version "3.6.1") 
[0.392s] -- Looking for ignition-math6 -- found version 6.15.1
[0.396s] -- Searching for dependencies of ignition-math6
[0.397s] -- Looking for OGRE...
[0.397s] -- OGRE_PREFIX_WATCH changed.
[0.400s] -- Checking for module 'OGRE'
[0.410s] --   Found OGRE, version 1.9.0
[0.429s] -- Found Ogre Ghadamon (1.9.0)
[0.433s] -- Found OGRE: optimized;/usr/lib/x86_64-linux-gnu/libOgreMain.so;debug;/usr/lib/x86_64-linux-gnu/libOgreMain.so
[0.439s] -- Looking for OGRE_Paging...
[0.442s] -- Found OGRE_Paging: optimized;/usr/lib/x86_64-linux-gnu/libOgrePaging.so;debug;/usr/lib/x86_64-linux-gnu/libOgrePaging.so
[0.443s] -- Looking for OGRE_Terrain...
[0.445s] -- Found OGRE_Terrain: optimized;/usr/lib/x86_64-linux-gnu/libOgreTerrain.so;debug;/usr/lib/x86_64-linux-gnu/libOgreTerrain.so
[0.445s] -- Looking for OGRE_Property...
[0.448s] -- Found OGRE_Property: optimized;/usr/lib/x86_64-linux-gnu/libOgreProperty.so;debug;/usr/lib/x86_64-linux-gnu/libOgreProperty.so
[0.448s] -- Looking for OGRE_RTShaderSystem...
[0.450s] -- Found OGRE_RTShaderSystem: optimized;/usr/lib/x86_64-linux-gnu/libOgreRTShaderSystem.so;debug;/usr/lib/x86_64-linux-gnu/libOgreRTShaderSystem.so
[0.451s] -- Looking for OGRE_Volume...
[0.453s] -- Found OGRE_Volume: optimized;/usr/lib/x86_64-linux-gnu/libOgreVolume.so;debug;/usr/lib/x86_64-linux-gnu/libOgreVolume.so
[0.453s] -- Looking for OGRE_Overlay...
[0.456s] -- Found OGRE_Overlay: optimized;/usr/lib/x86_64-linux-gnu/libOgreOverlay.so;debug;/usr/lib/x86_64-linux-gnu/libOgreOverlay.so
[0.517s] -- Looking for ignition-math6 -- found version 6.15.1
[0.518s] -- Looking for ignition-transport8 -- found version 8.3.0
[0.518s] -- Searching for dependencies of ignition-transport8
[0.528s] -- Found Protobuf: /usr/lib/x86_64-linux-gnu/libprotobuf.so;-lpthread (found suitable version "3.6.1", minimum required is "3") 
[0.533s] -- Config-file not installed for ZeroMQ -- checking for pkg-config
[0.535s] -- Checking for module 'libzmq >= 4'
[0.542s] --   Found libzmq , version 4.3.2
[0.562s] -- Found ZeroMQ: TRUE (Required is at least version "4") 
[0.564s] -- Checking for module 'uuid'
[0.571s] --   Found uuid, version 2.34.0
[0.589s] -- Found UUID: TRUE  
[0.590s] -- Looking for ignition-msgs5 -- found version 5.10.0
[0.590s] -- Searching for dependencies of ignition-msgs5
[0.599s] -- Looking for ignition-math6 -- found version 6.15.1
[0.602s] -- Checking for module 'tinyxml2'
[0.610s] --   Found tinyxml2, version 6.2.0
[0.628s] -- Looking for ignition-msgs5 -- found version 5.10.0
[0.629s] -- Looking for ignition-common3 -- found version 3.14.2
[0.629s] -- Searching for dependencies of ignition-common3
[0.630s] -- Looking for dlfcn.h - found
[0.630s] -- Looking for libdl - found
[0.631s] -- Found DL: TRUE  
[0.635s] -- Searching for <ignition-common3> component [graphics]
[0.636s] -- Looking for ignition-common3-graphics -- found version 3.14.2
[0.636s] -- Searching for dependencies of ignition-common3-graphics
[0.636s] -- Looking for ignition-math6 -- found version 6.15.1
[0.638s] -- Looking for ignition-fuel_tools4 -- found version 4.6.0
[0.638s] -- Searching for dependencies of ignition-fuel_tools4
[0.672s] -- Found CURL: /usr/lib/x86_64-linux-gnu/libcurl.so (found version "7.68.0")  
[0.676s] -- Checking for module 'jsoncpp'
[0.683s] --   Found jsoncpp, version 1.7.4
[0.700s] -- Found JSONCPP: TRUE  
[0.703s] -- Checking for module 'libzip'
[0.710s] --   Found libzip, version 1.5.1
[0.728s] -- Found ZIP: TRUE  
[0.729s] -- Looking for ignition-common3 -- found version 3.14.2
[0.729s] -- Looking for ignition-math6 -- found version 6.15.1
[0.729s] -- Looking for ignition-msgs5 -- found version 5.10.0
[0.731s] -- Found gazebo_ros_pkgs: 3.5.2 (/opt/ros/galactic/share/gazebo_ros_pkgs/cmake)
[0.731s] -- Found geometry_msgs: 2.2.4 (/opt/ros/galactic/share/geometry_msgs/cmake)
[0.743s] -- Using single rosidl_typesupport_c: rosidl_typesupport_introspection_c
[0.747s] -- Found rosidl_adapter: 2.2.3 (/opt/ros/galactic/share/rosidl_adapter/cmake)
[0.757s] -- Using single rosidl_typesupport_cpp: rosidl_typesupport_introspection_cpp
[0.803s] -- Found nav_msgs: 2.2.4 (/opt/ros/galactic/share/nav_msgs/cmake)
[0.843s] -- Found rclcpp: 9.2.2 (/opt/ros/galactic/share/rclcpp/cmake)
[0.872s] -- Found rmw_implementation_cmake: 3.3.1 (/opt/ros/galactic/share/rmw_implementation_cmake/cmake)
[0.874s] -- Found rmw_cyclonedds_cpp: 0.22.6 (/opt/ros/galactic/share/rmw_cyclonedds_cpp/cmake)
[0.885s] -- Using RMW implementation 'rmw_cyclonedds_cpp' as default
[0.886s] -- Found Threads: TRUE  
[0.963s] -- Found sensor_msgs: 2.2.4 (/opt/ros/galactic/share/sensor_msgs/cmake)
[1.002s] -- Found tf2: 0.17.5 (/opt/ros/galactic/share/tf2/cmake)
[1.043s] -- Configuring done
[1.060s] -- Generating done
[1.061s] -- Build files have been written to: /home/tal/TB3_PC_WS/build/turtlebot3_gazebo
