[0.023s] Invoking command in '/home/tal/TB3_PC_WS/build/turtlebot3_description': CMAKE_PREFIX_PATH=/home/tal/TB3_PC_WS/install/turtlebot3_teleop:/home/tal/TB3_PC_WS/install/turtlebot3_example:/opt/ros/galactic:/home/tal/TB3_PC_WS/install/tb_run_script:${CMAKE_PREFIX_PATH} /usr/bin/cmake /home/tal/TB3_PC_WS/src/turtlebot3/turtlebot3_description -DCMAKE_INSTALL_PREFIX=/home/tal/TB3_PC_WS/install/turtlebot3_description
[0.367s] -- The C compiler identification is GNU 9.4.0
[0.367s] -- The CXX compiler identification is GNU 9.4.0
[0.367s] -- Check for working C compiler: /usr/bin/cc
[0.367s] -- Check for working C compiler: /usr/bin/cc -- works
[0.367s] -- Detecting C compiler ABI info
[0.367s] -- Detecting C compiler ABI info - done
[0.367s] -- Detecting C compile features
[0.367s] -- Detecting C compile features - done
[0.367s] -- Check for working CXX compiler: /usr/bin/c++
[0.367s] -- Check for working CXX compiler: /usr/bin/c++ -- works
[0.367s] -- Detecting CXX compiler ABI info
[0.367s] -- Detecting CXX compiler ABI info - done
[0.367s] -- Detecting CXX compile features
[0.367s] -- Detecting CXX compile features - done
[0.367s] -- Found ament_cmake: 1.1.6 (/opt/ros/galactic/share/ament_cmake/cmake)
[0.367s] -- Found PythonInterp: /usr/bin/python3 (found suitable version "3.8.10", minimum required is "3") 
[0.367s] -- Using PYTHON_EXECUTABLE: /usr/bin/python3
[0.394s] -- Found urdf: 2.5.2 (/opt/ros/galactic/share/urdf/cmake)
[0.481s] -- Configuring done
[0.482s] -- Generating done
[0.482s] -- Build files have been written to: /home/tal/TB3_PC_WS/build/turtlebot3_description
[0.494s] Invoked command in '/home/tal/TB3_PC_WS/build/turtlebot3_description' returned '0': CMAKE_PREFIX_PATH=/home/tal/TB3_PC_WS/install/turtlebot3_teleop:/home/tal/TB3_PC_WS/install/turtlebot3_example:/opt/ros/galactic:/home/tal/TB3_PC_WS/install/tb_run_script:${CMAKE_PREFIX_PATH} /usr/bin/cmake /home/tal/TB3_PC_WS/src/turtlebot3/turtlebot3_description -DCMAKE_INSTALL_PREFIX=/home/tal/TB3_PC_WS/install/turtlebot3_description
[0.499s] Invoking command in '/home/tal/TB3_PC_WS/build/turtlebot3_description': CMAKE_PREFIX_PATH=/home/tal/TB3_PC_WS/install/turtlebot3_teleop:/home/tal/TB3_PC_WS/install/turtlebot3_example:/opt/ros/galactic:/home/tal/TB3_PC_WS/install/tb_run_script:${CMAKE_PREFIX_PATH} /usr/bin/cmake --build /home/tal/TB3_PC_WS/build/turtlebot3_description -- -j16 -l16
[0.528s] Invoked command in '/home/tal/TB3_PC_WS/build/turtlebot3_description' returned '0': CMAKE_PREFIX_PATH=/home/tal/TB3_PC_WS/install/turtlebot3_teleop:/home/tal/TB3_PC_WS/install/turtlebot3_example:/opt/ros/galactic:/home/tal/TB3_PC_WS/install/tb_run_script:${CMAKE_PREFIX_PATH} /usr/bin/cmake --build /home/tal/TB3_PC_WS/build/turtlebot3_description -- -j16 -l16
[0.543s] Invoking command in '/home/tal/TB3_PC_WS/build/turtlebot3_description': CMAKE_PREFIX_PATH=/home/tal/TB3_PC_WS/install/turtlebot3_teleop:/home/tal/TB3_PC_WS/install/turtlebot3_example:/opt/ros/galactic:/home/tal/TB3_PC_WS/install/tb_run_script:${CMAKE_PREFIX_PATH} /usr/bin/cmake --install /home/tal/TB3_PC_WS/build/turtlebot3_description
[0.551s] -- Install configuration: ""
[0.551s] -- Installing: /home/tal/TB3_PC_WS/install/turtlebot3_description/share/turtlebot3_description/meshes
[0.551s] -- Installing: /home/tal/TB3_PC_WS/install/turtlebot3_description/share/turtlebot3_description/meshes/wheels
[0.551s] -- Installing: /home/tal/TB3_PC_WS/install/turtlebot3_description/share/turtlebot3_description/meshes/wheels/left_tire.stl
[0.552s] -- Installing: /home/tal/TB3_PC_WS/install/turtlebot3_description/share/turtlebot3_description/meshes/wheels/right_tire.stl
[0.552s] -- Installing: /home/tal/TB3_PC_WS/install/turtlebot3_description/share/turtlebot3_description/meshes/bases
[0.552s] -- Installing: /home/tal/TB3_PC_WS/install/turtlebot3_description/share/turtlebot3_description/meshes/bases/burger_base.stl
[0.555s] -- Installing: /home/tal/TB3_PC_WS/install/turtlebot3_description/share/turtlebot3_description/meshes/bases/waffle_pi_base.stl
[0.560s] -- Installing: /home/tal/TB3_PC_WS/install/turtlebot3_description/share/turtlebot3_description/meshes/bases/waffle_base.stl
[0.569s] -- Installing: /home/tal/TB3_PC_WS/install/turtlebot3_description/share/turtlebot3_description/meshes/sensors
[0.569s] -- Installing: /home/tal/TB3_PC_WS/install/turtlebot3_description/share/turtlebot3_description/meshes/sensors/astra.jpg
[0.569s] -- Installing: /home/tal/TB3_PC_WS/install/turtlebot3_description/share/turtlebot3_description/meshes/sensors/astra.dae
[0.574s] -- Installing: /home/tal/TB3_PC_WS/install/turtlebot3_description/share/turtlebot3_description/meshes/sensors/lds.stl
[0.574s] -- Installing: /home/tal/TB3_PC_WS/install/turtlebot3_description/share/turtlebot3_description/meshes/sensors/r200.dae
[0.574s] -- Installing: /home/tal/TB3_PC_WS/install/turtlebot3_description/share/turtlebot3_description/meshes/sensors/r200.jpg
[0.574s] -- Installing: /home/tal/TB3_PC_WS/install/turtlebot3_description/share/turtlebot3_description/rviz
[0.574s] -- Installing: /home/tal/TB3_PC_WS/install/turtlebot3_description/share/turtlebot3_description/rviz/model.rviz
[0.574s] -- Installing: /home/tal/TB3_PC_WS/install/turtlebot3_description/share/turtlebot3_description/urdf
[0.574s] -- Installing: /home/tal/TB3_PC_WS/install/turtlebot3_description/share/turtlebot3_description/urdf/common_properties.urdf
[0.574s] -- Installing: /home/tal/TB3_PC_WS/install/turtlebot3_description/share/turtlebot3_description/urdf/turtlebot3_waffle.urdf
[0.574s] -- Installing: /home/tal/TB3_PC_WS/install/turtlebot3_description/share/turtlebot3_description/urdf/turtlebot3_waffle_pi.urdf
[0.574s] -- Installing: /home/tal/TB3_PC_WS/install/turtlebot3_description/share/turtlebot3_description/urdf/turtlebot3_burger.urdf
[0.574s] -- Installing: /home/tal/TB3_PC_WS/install/turtlebot3_description/share/ament_index/resource_index/package_run_dependencies/turtlebot3_description
[0.574s] -- Installing: /home/tal/TB3_PC_WS/install/turtlebot3_description/share/ament_index/resource_index/parent_prefix_path/turtlebot3_description
[0.575s] -- Installing: /home/tal/TB3_PC_WS/install/turtlebot3_description/share/turtlebot3_description/environment/ament_prefix_path.sh
[0.575s] -- Installing: /home/tal/TB3_PC_WS/install/turtlebot3_description/share/turtlebot3_description/environment/ament_prefix_path.dsv
[0.575s] -- Installing: /home/tal/TB3_PC_WS/install/turtlebot3_description/share/turtlebot3_description/environment/path.sh
[0.575s] -- Installing: /home/tal/TB3_PC_WS/install/turtlebot3_description/share/turtlebot3_description/environment/path.dsv
[0.575s] -- Installing: /home/tal/TB3_PC_WS/install/turtlebot3_description/share/turtlebot3_description/local_setup.bash
[0.575s] -- Installing: /home/tal/TB3_PC_WS/install/turtlebot3_description/share/turtlebot3_description/local_setup.sh
[0.575s] -- Installing: /home/tal/TB3_PC_WS/install/turtlebot3_description/share/turtlebot3_description/local_setup.zsh
[0.575s] -- Installing: /home/tal/TB3_PC_WS/install/turtlebot3_description/share/turtlebot3_description/local_setup.dsv
[0.575s] -- Installing: /home/tal/TB3_PC_WS/install/turtlebot3_description/share/turtlebot3_description/package.dsv
[0.575s] -- Installing: /home/tal/TB3_PC_WS/install/turtlebot3_description/share/ament_index/resource_index/packages/turtlebot3_description
[0.575s] -- Installing: /home/tal/TB3_PC_WS/install/turtlebot3_description/share/turtlebot3_description/cmake/turtlebot3_descriptionConfig.cmake
[0.575s] -- Installing: /home/tal/TB3_PC_WS/install/turtlebot3_description/share/turtlebot3_description/cmake/turtlebot3_descriptionConfig-version.cmake
[0.575s] -- Installing: /home/tal/TB3_PC_WS/install/turtlebot3_description/share/turtlebot3_description/package.xml
[0.577s] Invoked command in '/home/tal/TB3_PC_WS/build/turtlebot3_description' returned '0': CMAKE_PREFIX_PATH=/home/tal/TB3_PC_WS/install/turtlebot3_teleop:/home/tal/TB3_PC_WS/install/turtlebot3_example:/opt/ros/galactic:/home/tal/TB3_PC_WS/install/tb_run_script:${CMAKE_PREFIX_PATH} /usr/bin/cmake --install /home/tal/TB3_PC_WS/build/turtlebot3_description
