[0.008s] Invoking command in '/home/tal/TB3_PC_WS/build/turtlebot3_bringup': AMENT_PREFIX_PATH=/home/tal/TB3_PC_WS/install/turtlebot3_node:/home/tal/TB3_PC_WS/install/turtlebot3_msgs:/home/tal/TB3_PC_WS/install/turtlebot3_description:${AMENT_PREFIX_PATH} CMAKE_PREFIX_PATH=/home/tal/TB3_PC_WS/install/turtlebot3_node:/home/tal/TB3_PC_WS/install/turtlebot3_msgs:/home/tal/TB3_PC_WS/install/turtlebot3_description:/opt/ros/galactic LD_LIBRARY_PATH=/home/tal/TB3_PC_WS/install/turtlebot3_msgs/lib:${LD_LIBRARY_PATH} PYTHONPATH=/home/tal/TB3_PC_WS/install/turtlebot3_msgs/lib/python3.8/site-packages:${PYTHONPATH} /usr/bin/cmake --build /home/tal/TB3_PC_WS/build/turtlebot3_bringup -- -j16 -l16
[0.039s] Invoked command in '/home/tal/TB3_PC_WS/build/turtlebot3_bringup' returned '0': AMENT_PREFIX_PATH=/home/tal/TB3_PC_WS/install/turtlebot3_node:/home/tal/TB3_PC_WS/install/turtlebot3_msgs:/home/tal/TB3_PC_WS/install/turtlebot3_description:${AMENT_PREFIX_PATH} CMAKE_PREFIX_PATH=/home/tal/TB3_PC_WS/install/turtlebot3_node:/home/tal/TB3_PC_WS/install/turtlebot3_msgs:/home/tal/TB3_PC_WS/install/turtlebot3_description:/opt/ros/galactic LD_LIBRARY_PATH=/home/tal/TB3_PC_WS/install/turtlebot3_msgs/lib:${LD_LIBRARY_PATH} PYTHONPATH=/home/tal/TB3_PC_WS/install/turtlebot3_msgs/lib/python3.8/site-packages:${PYTHONPATH} /usr/bin/cmake --build /home/tal/TB3_PC_WS/build/turtlebot3_bringup -- -j16 -l16
[0.052s] Invoking command in '/home/tal/TB3_PC_WS/build/turtlebot3_bringup': AMENT_PREFIX_PATH=/home/tal/TB3_PC_WS/install/turtlebot3_node:/home/tal/TB3_PC_WS/install/turtlebot3_msgs:/home/tal/TB3_PC_WS/install/turtlebot3_description:${AMENT_PREFIX_PATH} CMAKE_PREFIX_PATH=/home/tal/TB3_PC_WS/install/turtlebot3_node:/home/tal/TB3_PC_WS/install/turtlebot3_msgs:/home/tal/TB3_PC_WS/install/turtlebot3_description:/opt/ros/galactic LD_LIBRARY_PATH=/home/tal/TB3_PC_WS/install/turtlebot3_msgs/lib:${LD_LIBRARY_PATH} PYTHONPATH=/home/tal/TB3_PC_WS/install/turtlebot3_msgs/lib/python3.8/site-packages:${PYTHONPATH} /usr/bin/cmake --install /home/tal/TB3_PC_WS/build/turtlebot3_bringup
[0.057s] -- Install configuration: ""
[0.057s] -- Up-to-date: /home/tal/TB3_PC_WS/install/turtlebot3_bringup/share/turtlebot3_bringup/launch
[0.057s] -- Up-to-date: /home/tal/TB3_PC_WS/install/turtlebot3_bringup/share/turtlebot3_bringup/launch/turtlebot3_state_publisher.launch.py
[0.057s] -- Up-to-date: /home/tal/TB3_PC_WS/install/turtlebot3_bringup/share/turtlebot3_bringup/launch/robot.launch.py
[0.057s] -- Up-to-date: /home/tal/TB3_PC_WS/install/turtlebot3_bringup/share/turtlebot3_bringup/launch/rviz2.launch.py
[0.057s] -- Up-to-date: /home/tal/TB3_PC_WS/install/turtlebot3_bringup/share/turtlebot3_bringup/param
[0.057s] -- Up-to-date: /home/tal/TB3_PC_WS/install/turtlebot3_bringup/share/turtlebot3_bringup/param/burger.yaml
[0.057s] -- Up-to-date: /home/tal/TB3_PC_WS/install/turtlebot3_bringup/share/turtlebot3_bringup/param/waffle_pi.yaml
[0.058s] -- Up-to-date: /home/tal/TB3_PC_WS/install/turtlebot3_bringup/share/turtlebot3_bringup/param/waffle.yaml
[0.058s] -- Up-to-date: /home/tal/TB3_PC_WS/install/turtlebot3_bringup/share/turtlebot3_bringup/script
[0.058s] -- Up-to-date: /home/tal/TB3_PC_WS/install/turtlebot3_bringup/share/turtlebot3_bringup/script/99-turtlebot3-cdc.rules
[0.058s] -- Up-to-date: /home/tal/TB3_PC_WS/install/turtlebot3_bringup/share/turtlebot3_bringup/script/create_udev_rules
[0.058s] -- Up-to-date: /home/tal/TB3_PC_WS/install/turtlebot3_bringup/share/ament_index/resource_index/package_run_dependencies/turtlebot3_bringup
[0.058s] -- Up-to-date: /home/tal/TB3_PC_WS/install/turtlebot3_bringup/share/ament_index/resource_index/parent_prefix_path/turtlebot3_bringup
[0.058s] -- Up-to-date: /home/tal/TB3_PC_WS/install/turtlebot3_bringup/share/turtlebot3_bringup/environment/ament_prefix_path.sh
[0.058s] -- Up-to-date: /home/tal/TB3_PC_WS/install/turtlebot3_bringup/share/turtlebot3_bringup/environment/ament_prefix_path.dsv
[0.058s] -- Up-to-date: /home/tal/TB3_PC_WS/install/turtlebot3_bringup/share/turtlebot3_bringup/environment/path.sh
[0.059s] -- Up-to-date: /home/tal/TB3_PC_WS/install/turtlebot3_bringup/share/turtlebot3_bringup/environment/path.dsv
[0.059s] -- Up-to-date: /home/tal/TB3_PC_WS/install/turtlebot3_bringup/share/turtlebot3_bringup/local_setup.bash
[0.059s] -- Up-to-date: /home/tal/TB3_PC_WS/install/turtlebot3_bringup/share/turtlebot3_bringup/local_setup.sh
[0.059s] -- Up-to-date: /home/tal/TB3_PC_WS/install/turtlebot3_bringup/share/turtlebot3_bringup/local_setup.zsh
[0.059s] -- Up-to-date: /home/tal/TB3_PC_WS/install/turtlebot3_bringup/share/turtlebot3_bringup/local_setup.dsv
[0.059s] -- Installing: /home/tal/TB3_PC_WS/install/turtlebot3_bringup/share/turtlebot3_bringup/package.dsv
[0.059s] -- Up-to-date: /home/tal/TB3_PC_WS/install/turtlebot3_bringup/share/ament_index/resource_index/packages/turtlebot3_bringup
[0.059s] -- Up-to-date: /home/tal/TB3_PC_WS/install/turtlebot3_bringup/share/turtlebot3_bringup/cmake/turtlebot3_bringupConfig.cmake
[0.059s] -- Up-to-date: /home/tal/TB3_PC_WS/install/turtlebot3_bringup/share/turtlebot3_bringup/cmake/turtlebot3_bringupConfig-version.cmake
[0.059s] -- Up-to-date: /home/tal/TB3_PC_WS/install/turtlebot3_bringup/share/turtlebot3_bringup/package.xml
[0.061s] Invoked command in '/home/tal/TB3_PC_WS/build/turtlebot3_bringup' returned '0': AMENT_PREFIX_PATH=/home/tal/TB3_PC_WS/install/turtlebot3_node:/home/tal/TB3_PC_WS/install/turtlebot3_msgs:/home/tal/TB3_PC_WS/install/turtlebot3_description:${AMENT_PREFIX_PATH} CMAKE_PREFIX_PATH=/home/tal/TB3_PC_WS/install/turtlebot3_node:/home/tal/TB3_PC_WS/install/turtlebot3_msgs:/home/tal/TB3_PC_WS/install/turtlebot3_description:/opt/ros/galactic LD_LIBRARY_PATH=/home/tal/TB3_PC_WS/install/turtlebot3_msgs/lib:${LD_LIBRARY_PATH} PYTHONPATH=/home/tal/TB3_PC_WS/install/turtlebot3_msgs/lib/python3.8/site-packages:${PYTHONPATH} /usr/bin/cmake --install /home/tal/TB3_PC_WS/build/turtlebot3_bringup
