[0.025s] Invoking command in '/home/tal/TB3_PC_WS/ros2_galactic/build/turtlebot3_cartographer': CMAKE_PREFIX_PATH=/opt/ros/galactic:${CMAKE_PREFIX_PATH} /usr/bin/cmake /home/tal/TB3_PC_WS/ros2_galactic/src/turtlebot3-main/turtlebot3_cartographer -DCMAKE_INSTALL_PREFIX=/home/tal/TB3_PC_WS/ros2_galactic/install/turtlebot3_cartographer
[0.308s] -- The C compiler identification is GNU 9.4.0
[0.308s] -- The CXX compiler identification is GNU 9.4.0
[0.308s] -- Check for working C compiler: /usr/bin/cc
[0.308s] -- Check for working C compiler: /usr/bin/cc -- works
[0.308s] -- Detecting C compiler ABI info
[0.308s] -- Detecting C compiler ABI info - done
[0.308s] -- Detecting C compile features
[0.308s] -- Detecting C compile features - done
[0.308s] -- Check for working CXX compiler: /usr/bin/c++
[0.308s] -- Check for working CXX compiler: /usr/bin/c++ -- works
[0.309s] -- Detecting CXX compiler ABI info
[0.309s] -- Detecting CXX compiler ABI info - done
[0.309s] -- Detecting CXX compile features
[0.309s] -- Detecting CXX compile features - done
[0.309s] -- Found ament_cmake: 1.1.6 (/opt/ros/galactic/share/ament_cmake/cmake)
[0.309s] -- Found PythonInterp: /usr/bin/python3 (found suitable version "3.8.10", minimum required is "3") 
[0.309s] -- Using PYTHON_EXECUTABLE: /usr/bin/python3
[0.388s] -- Configuring done
[0.390s] -- Generating done
[0.391s] -- Build files have been written to: /home/tal/TB3_PC_WS/ros2_galactic/build/turtlebot3_cartographer
[0.395s] Invoked command in '/home/tal/TB3_PC_WS/ros2_galactic/build/turtlebot3_cartographer' returned '0': CMAKE_PREFIX_PATH=/opt/ros/galactic:${CMAKE_PREFIX_PATH} /usr/bin/cmake /home/tal/TB3_PC_WS/ros2_galactic/src/turtlebot3-main/turtlebot3_cartographer -DCMAKE_INSTALL_PREFIX=/home/tal/TB3_PC_WS/ros2_galactic/install/turtlebot3_cartographer
[0.397s] Invoking command in '/home/tal/TB3_PC_WS/ros2_galactic/build/turtlebot3_cartographer': CMAKE_PREFIX_PATH=/opt/ros/galactic:${CMAKE_PREFIX_PATH} /usr/bin/cmake --build /home/tal/TB3_PC_WS/ros2_galactic/build/turtlebot3_cartographer -- -j16 -l16
[0.422s] Invoked command in '/home/tal/TB3_PC_WS/ros2_galactic/build/turtlebot3_cartographer' returned '0': CMAKE_PREFIX_PATH=/opt/ros/galactic:${CMAKE_PREFIX_PATH} /usr/bin/cmake --build /home/tal/TB3_PC_WS/ros2_galactic/build/turtlebot3_cartographer -- -j16 -l16
[0.437s] Invoking command in '/home/tal/TB3_PC_WS/ros2_galactic/build/turtlebot3_cartographer': CMAKE_PREFIX_PATH=/opt/ros/galactic:${CMAKE_PREFIX_PATH} /usr/bin/cmake --install /home/tal/TB3_PC_WS/ros2_galactic/build/turtlebot3_cartographer
[0.442s] -- Install configuration: ""
[0.442s] -- Installing: /home/tal/TB3_PC_WS/ros2_galactic/install/turtlebot3_cartographer/share/turtlebot3_cartographer/config
[0.442s] -- Installing: /home/tal/TB3_PC_WS/ros2_galactic/install/turtlebot3_cartographer/share/turtlebot3_cartographer/config/turtlebot3_lds_2d.lua
[0.442s] -- Installing: /home/tal/TB3_PC_WS/ros2_galactic/install/turtlebot3_cartographer/share/turtlebot3_cartographer/launch
[0.442s] -- Installing: /home/tal/TB3_PC_WS/ros2_galactic/install/turtlebot3_cartographer/share/turtlebot3_cartographer/launch/occupancy_grid.launch.py
[0.442s] -- Installing: /home/tal/TB3_PC_WS/ros2_galactic/install/turtlebot3_cartographer/share/turtlebot3_cartographer/launch/cartographer.launch.py
[0.442s] -- Installing: /home/tal/TB3_PC_WS/ros2_galactic/install/turtlebot3_cartographer/share/turtlebot3_cartographer/rviz
[0.442s] -- Installing: /home/tal/TB3_PC_WS/ros2_galactic/install/turtlebot3_cartographer/share/turtlebot3_cartographer/rviz/tb3_cartographer.rviz
[0.442s] -- Installing: /home/tal/TB3_PC_WS/ros2_galactic/install/turtlebot3_cartographer/share/ament_index/resource_index/package_run_dependencies/turtlebot3_cartographer
[0.443s] -- Installing: /home/tal/TB3_PC_WS/ros2_galactic/install/turtlebot3_cartographer/share/ament_index/resource_index/parent_prefix_path/turtlebot3_cartographer
[0.443s] -- Installing: /home/tal/TB3_PC_WS/ros2_galactic/install/turtlebot3_cartographer/share/turtlebot3_cartographer/environment/ament_prefix_path.sh
[0.443s] -- Installing: /home/tal/TB3_PC_WS/ros2_galactic/install/turtlebot3_cartographer/share/turtlebot3_cartographer/environment/ament_prefix_path.dsv
[0.443s] -- Installing: /home/tal/TB3_PC_WS/ros2_galactic/install/turtlebot3_cartographer/share/turtlebot3_cartographer/environment/path.sh
[0.444s] -- Installing: /home/tal/TB3_PC_WS/ros2_galactic/install/turtlebot3_cartographer/share/turtlebot3_cartographer/environment/path.dsv
[0.444s] -- Installing: /home/tal/TB3_PC_WS/ros2_galactic/install/turtlebot3_cartographer/share/turtlebot3_cartographer/local_setup.bash
[0.444s] -- Installing: /home/tal/TB3_PC_WS/ros2_galactic/install/turtlebot3_cartographer/share/turtlebot3_cartographer/local_setup.sh
[0.444s] -- Installing: /home/tal/TB3_PC_WS/ros2_galactic/install/turtlebot3_cartographer/share/turtlebot3_cartographer/local_setup.zsh
[0.444s] -- Installing: /home/tal/TB3_PC_WS/ros2_galactic/install/turtlebot3_cartographer/share/turtlebot3_cartographer/local_setup.dsv
[0.444s] -- Installing: /home/tal/TB3_PC_WS/ros2_galactic/install/turtlebot3_cartographer/share/turtlebot3_cartographer/package.dsv
[0.444s] -- Installing: /home/tal/TB3_PC_WS/ros2_galactic/install/turtlebot3_cartographer/share/ament_index/resource_index/packages/turtlebot3_cartographer
[0.444s] -- Installing: /home/tal/TB3_PC_WS/ros2_galactic/install/turtlebot3_cartographer/share/turtlebot3_cartographer/cmake/turtlebot3_cartographerConfig.cmake
[0.444s] -- Installing: /home/tal/TB3_PC_WS/ros2_galactic/install/turtlebot3_cartographer/share/turtlebot3_cartographer/cmake/turtlebot3_cartographerConfig-version.cmake
[0.444s] -- Installing: /home/tal/TB3_PC_WS/ros2_galactic/install/turtlebot3_cartographer/share/turtlebot3_cartographer/package.xml
[0.450s] Invoked command in '/home/tal/TB3_PC_WS/ros2_galactic/build/turtlebot3_cartographer' returned '0': CMAKE_PREFIX_PATH=/opt/ros/galactic:${CMAKE_PREFIX_PATH} /usr/bin/cmake --install /home/tal/TB3_PC_WS/ros2_galactic/build/turtlebot3_cartographer
