[0.623s] Invoking command in '/home/tal/TB3_PC_WS/src/tb_run_script': PYTHONPATH=/home/tal/TB3_PC_WS/build/tb_run_script/prefix_override:/home/tal/.local/lib/python3.8/site-packages/colcon_core/task/python/colcon_distutils_commands:/home/tal/TB3_PC_WS/install/tb_run_script/lib/python3.8/site-packages:${PYTHONPATH} /usr/bin/python3 -W ignore:setup.py install is deprecated setup.py egg_info --egg-base ../../build/tb_run_script build --build-base /home/tal/TB3_PC_WS/build/tb_run_script/build install --record /home/tal/TB3_PC_WS/build/tb_run_script/install.log --single-version-externally-managed install_data
[0.745s] running egg_info
[0.746s] creating ../../build/tb_run_script/tb_run_script.egg-info
[0.746s] writing ../../build/tb_run_script/tb_run_script.egg-info/PKG-INFO
[0.746s] writing dependency_links to ../../build/tb_run_script/tb_run_script.egg-info/dependency_links.txt
[0.746s] writing entry points to ../../build/tb_run_script/tb_run_script.egg-info/entry_points.txt
[0.746s] writing requirements to ../../build/tb_run_script/tb_run_script.egg-info/requires.txt
[0.746s] writing top-level names to ../../build/tb_run_script/tb_run_script.egg-info/top_level.txt
[0.747s] writing manifest file '../../build/tb_run_script/tb_run_script.egg-info/SOURCES.txt'
[0.767s] reading manifest file '../../build/tb_run_script/tb_run_script.egg-info/SOURCES.txt'
[0.767s] writing manifest file '../../build/tb_run_script/tb_run_script.egg-info/SOURCES.txt'
[0.768s] running build
[0.768s] running build_py
[0.768s] creating /home/tal/TB3_PC_WS/build/tb_run_script/build
[0.768s] creating /home/tal/TB3_PC_WS/build/tb_run_script/build/lib
[0.768s] creating /home/tal/TB3_PC_WS/build/tb_run_script/build/lib/tb_run_script
[0.768s] copying tb_run_script/run_script (copy).py -> /home/tal/TB3_PC_WS/build/tb_run_script/build/lib/tb_run_script
[0.768s] copying tb_run_script/__init__.py -> /home/tal/TB3_PC_WS/build/tb_run_script/build/lib/tb_run_script
[0.768s] copying tb_run_script/run_script.py -> /home/tal/TB3_PC_WS/build/tb_run_script/build/lib/tb_run_script
[0.768s] running install
[0.768s] running install_lib
[0.769s] creating /home/tal/TB3_PC_WS/install/tb_run_script/lib/python3.8/site-packages/tb_run_script
[0.769s] copying /home/tal/TB3_PC_WS/build/tb_run_script/build/lib/tb_run_script/run_script (copy).py -> /home/tal/TB3_PC_WS/install/tb_run_script/lib/python3.8/site-packages/tb_run_script
[0.769s] copying /home/tal/TB3_PC_WS/build/tb_run_script/build/lib/tb_run_script/__init__.py -> /home/tal/TB3_PC_WS/install/tb_run_script/lib/python3.8/site-packages/tb_run_script
[0.769s] copying /home/tal/TB3_PC_WS/build/tb_run_script/build/lib/tb_run_script/run_script.py -> /home/tal/TB3_PC_WS/install/tb_run_script/lib/python3.8/site-packages/tb_run_script
[0.769s] byte-compiling /home/tal/TB3_PC_WS/install/tb_run_script/lib/python3.8/site-packages/tb_run_script/run_script (copy).py to run_script (copy).cpython-38.pyc
[0.771s] byte-compiling /home/tal/TB3_PC_WS/install/tb_run_script/lib/python3.8/site-packages/tb_run_script/__init__.py to __init__.cpython-38.pyc
[0.771s] byte-compiling /home/tal/TB3_PC_WS/install/tb_run_script/lib/python3.8/site-packages/tb_run_script/run_script.py to run_script.cpython-38.pyc
[0.772s] running install_data
[0.772s] creating /home/tal/TB3_PC_WS/install/tb_run_script/share/ament_index
[0.772s] creating /home/tal/TB3_PC_WS/install/tb_run_script/share/ament_index/resource_index
[0.772s] creating /home/tal/TB3_PC_WS/install/tb_run_script/share/ament_index/resource_index/packages
[0.773s] copying resource/tb_run_script -> /home/tal/TB3_PC_WS/install/tb_run_script/share/ament_index/resource_index/packages
[0.773s] copying package.xml -> /home/tal/TB3_PC_WS/install/tb_run_script/share/tb_run_script
[0.773s] running install_egg_info
[0.774s] Copying ../../build/tb_run_script/tb_run_script.egg-info to /home/tal/TB3_PC_WS/install/tb_run_script/lib/python3.8/site-packages/tb_run_script-0.0.0-py3.8.egg-info
[0.774s] running install_scripts
[0.785s] Installing run_script script to /home/tal/TB3_PC_WS/install/tb_run_script/lib/tb_run_script
[0.785s] writing list of installed files to '/home/tal/TB3_PC_WS/build/tb_run_script/install.log'
[0.801s] Invoked command in '/home/tal/TB3_PC_WS/src/tb_run_script' returned '0': PYTHONPATH=/home/tal/TB3_PC_WS/build/tb_run_script/prefix_override:/home/tal/.local/lib/python3.8/site-packages/colcon_core/task/python/colcon_distutils_commands:/home/tal/TB3_PC_WS/install/tb_run_script/lib/python3.8/site-packages:${PYTHONPATH} /usr/bin/python3 -W ignore:setup.py install is deprecated setup.py egg_info --egg-base ../../build/tb_run_script build --build-base /home/tal/TB3_PC_WS/build/tb_run_script/build install --record /home/tal/TB3_PC_WS/build/tb_run_script/install.log --single-version-externally-managed install_data
