[0.069s] DEBUG:colcon:Command line arguments: ['/usr/bin/colcon', 'build', '--symlink-install', '--packages-select', 'ros1_bridge', '--cmake-force-configure']
[0.069s] DEBUG:colcon:Parsed command line arguments: Namespace(log_base=None, log_level=None, verb_name='build', build_base='build', install_base='install', merge_install=False, symlink_install=True, test_result_base=None, continue_on_error=False, executor='parallel', parallel_workers=16, event_handlers=None, ignore_user_meta=False, metas=['./colcon.meta'], base_paths=['.'], packages_ignore=None, packages_ignore_regex=None, paths=None, packages_up_to=None, packages_up_to_regex=None, packages_above=None, packages_above_and_dependencies=None, packages_above_depth=None, packages_select_by_dep=None, packages_skip_by_dep=None, packages_skip_up_to=None, packages_select_build_failed=False, packages_skip_build_finished=False, packages_select_test_failures=False, packages_skip_test_passed=False, packages_select=['ros1_bridge'], packages_skip=None, packages_select_regex=None, packages_skip_regex=None, packages_start=None, packages_end=None, cmake_args=None, cmake_target=None, cmake_target_skip_unavailable=False, cmake_clean_cache=False, cmake_clean_first=False, cmake_force_configure=True, ament_cmake_args=None, catkin_cmake_args=None, catkin_skip_building_tests=False, verb_parser=<colcon_defaults.argument_parser.defaults.DefaultArgumentsDecorator object at 0x7003717473d0>, verb_extension=<colcon_core.verb.build.BuildVerb object at 0x700371746f80>, main=<bound method BuildVerb.main of <colcon_core.verb.build.BuildVerb object at 0x700371746f80>>)
[0.150s] Level 1:colcon.colcon_core.package_discovery:discover_packages(colcon_meta) check parameters
[0.151s] Level 1:colcon.colcon_core.package_discovery:discover_packages(recursive) check parameters
[0.151s] Level 1:colcon.colcon_core.package_discovery:discover_packages(ignore) check parameters
[0.151s] Level 1:colcon.colcon_core.package_discovery:discover_packages(path) check parameters
[0.151s] Level 1:colcon.colcon_core.package_discovery:discover_packages(colcon_meta) discover
[0.151s] Level 1:colcon.colcon_core.package_discovery:discover_packages(recursive) discover
[0.151s] INFO:colcon.colcon_core.package_discovery:Crawling recursively for packages in '/home/tal/TB3_PC_WS'
[0.151s] Level 1:colcon.colcon_core.package_identification:_identify(.) by extensions ['ignore', 'ignore_ament_install']
[0.151s] Level 1:colcon.colcon_core.package_identification:_identify(.) by extension 'ignore'
[0.151s] Level 1:colcon.colcon_core.package_identification:_identify(.) by extension 'ignore_ament_install'
[0.151s] Level 1:colcon.colcon_core.package_identification:_identify(.) by extensions ['colcon_pkg']
[0.151s] Level 1:colcon.colcon_core.package_identification:_identify(.) by extension 'colcon_pkg'
[0.151s] Level 1:colcon.colcon_core.package_identification:_identify(.) by extensions ['colcon_meta']
[0.151s] Level 1:colcon.colcon_core.package_identification:_identify(.) by extension 'colcon_meta'
[0.151s] Level 1:colcon.colcon_core.package_identification:_identify(.) by extensions ['ros']
[0.151s] Level 1:colcon.colcon_core.package_identification:_identify(.) by extension 'ros'
[0.158s] Level 1:colcon.colcon_core.package_identification:_identify(.) by extensions ['cmake', 'python']
[0.158s] Level 1:colcon.colcon_core.package_identification:_identify(.) by extension 'cmake'
[0.158s] Level 1:colcon.colcon_core.package_identification:_identify(.) by extension 'python'
[0.158s] Level 1:colcon.colcon_core.package_identification:_identify(.) by extensions ['python_setup_py']
[0.158s] Level 1:colcon.colcon_core.package_identification:_identify(.) by extension 'python_setup_py'
[0.158s] Level 1:colcon.colcon_core.package_identification:_identify(build) by extensions ['ignore', 'ignore_ament_install']
[0.158s] Level 1:colcon.colcon_core.package_identification:_identify(build) by extension 'ignore'
[0.158s] Level 1:colcon.colcon_core.package_identification:_identify(build) ignored
[0.158s] Level 1:colcon.colcon_core.package_identification:_identify(install) by extensions ['ignore', 'ignore_ament_install']
[0.158s] Level 1:colcon.colcon_core.package_identification:_identify(install) by extension 'ignore'
[0.158s] Level 1:colcon.colcon_core.package_identification:_identify(install) ignored
[0.158s] Level 1:colcon.colcon_core.package_identification:_identify(install_scripts) by extensions ['ignore', 'ignore_ament_install']
[0.158s] Level 1:colcon.colcon_core.package_identification:_identify(install_scripts) by extension 'ignore'
[0.158s] Level 1:colcon.colcon_core.package_identification:_identify(install_scripts) by extension 'ignore_ament_install'
[0.158s] Level 1:colcon.colcon_core.package_identification:_identify(install_scripts) by extensions ['colcon_pkg']
[0.158s] Level 1:colcon.colcon_core.package_identification:_identify(install_scripts) by extension 'colcon_pkg'
[0.158s] Level 1:colcon.colcon_core.package_identification:_identify(install_scripts) by extensions ['colcon_meta']
[0.158s] Level 1:colcon.colcon_core.package_identification:_identify(install_scripts) by extension 'colcon_meta'
[0.158s] Level 1:colcon.colcon_core.package_identification:_identify(install_scripts) by extensions ['ros']
[0.158s] Level 1:colcon.colcon_core.package_identification:_identify(install_scripts) by extension 'ros'
[0.158s] Level 1:colcon.colcon_core.package_identification:_identify(install_scripts) by extensions ['cmake', 'python']
[0.158s] Level 1:colcon.colcon_core.package_identification:_identify(install_scripts) by extension 'cmake'
[0.158s] Level 1:colcon.colcon_core.package_identification:_identify(install_scripts) by extension 'python'
[0.158s] Level 1:colcon.colcon_core.package_identification:_identify(install_scripts) by extensions ['python_setup_py']
[0.158s] Level 1:colcon.colcon_core.package_identification:_identify(install_scripts) by extension 'python_setup_py'
[0.159s] Level 1:colcon.colcon_core.package_identification:_identify(log) by extensions ['ignore', 'ignore_ament_install']
[0.159s] Level 1:colcon.colcon_core.package_identification:_identify(log) by extension 'ignore'
[0.159s] Level 1:colcon.colcon_core.package_identification:_identify(log) ignored
[0.159s] Level 1:colcon.colcon_core.package_identification:_identify(src) by extensions ['ignore', 'ignore_ament_install']
[0.159s] Level 1:colcon.colcon_core.package_identification:_identify(src) by extension 'ignore'
[0.159s] Level 1:colcon.colcon_core.package_identification:_identify(src) by extension 'ignore_ament_install'
[0.159s] Level 1:colcon.colcon_core.package_identification:_identify(src) by extensions ['colcon_pkg']
[0.159s] Level 1:colcon.colcon_core.package_identification:_identify(src) by extension 'colcon_pkg'
[0.159s] Level 1:colcon.colcon_core.package_identification:_identify(src) by extensions ['colcon_meta']
[0.159s] Level 1:colcon.colcon_core.package_identification:_identify(src) by extension 'colcon_meta'
[0.159s] Level 1:colcon.colcon_core.package_identification:_identify(src) by extensions ['ros']
[0.159s] Level 1:colcon.colcon_core.package_identification:_identify(src) by extension 'ros'
[0.159s] Level 1:colcon.colcon_core.package_identification:_identify(src) by extensions ['cmake', 'python']
[0.159s] Level 1:colcon.colcon_core.package_identification:_identify(src) by extension 'cmake'
[0.159s] Level 1:colcon.colcon_core.package_identification:_identify(src) by extension 'python'
[0.159s] Level 1:colcon.colcon_core.package_identification:_identify(src) by extensions ['python_setup_py']
[0.159s] Level 1:colcon.colcon_core.package_identification:_identify(src) by extension 'python_setup_py'
[0.159s] Level 1:colcon.colcon_core.package_identification:_identify(src/ros1_bridge-master) by extensions ['ignore', 'ignore_ament_install']
[0.159s] Level 1:colcon.colcon_core.package_identification:_identify(src/ros1_bridge-master) by extension 'ignore'
[0.159s] Level 1:colcon.colcon_core.package_identification:_identify(src/ros1_bridge-master) by extension 'ignore_ament_install'
[0.159s] Level 1:colcon.colcon_core.package_identification:_identify(src/ros1_bridge-master) by extensions ['colcon_pkg']
[0.159s] Level 1:colcon.colcon_core.package_identification:_identify(src/ros1_bridge-master) by extension 'colcon_pkg'
[0.159s] Level 1:colcon.colcon_core.package_identification:_identify(src/ros1_bridge-master) by extensions ['colcon_meta']
[0.159s] Level 1:colcon.colcon_core.package_identification:_identify(src/ros1_bridge-master) by extension 'colcon_meta'
[0.159s] Level 1:colcon.colcon_core.package_identification:_identify(src/ros1_bridge-master) by extensions ['ros']
[0.159s] Level 1:colcon.colcon_core.package_identification:_identify(src/ros1_bridge-master) by extension 'ros'
[0.161s] DEBUG:colcon.colcon_core.package_identification:Package 'src/ros1_bridge-master' with type 'ros.ament_cmake' and name 'ros1_bridge'
[0.161s] Level 1:colcon.colcon_core.package_identification:_identify(src/tb_run_script) by extensions ['ignore', 'ignore_ament_install']
[0.161s] Level 1:colcon.colcon_core.package_identification:_identify(src/tb_run_script) by extension 'ignore'
[0.161s] Level 1:colcon.colcon_core.package_identification:_identify(src/tb_run_script) by extension 'ignore_ament_install'
[0.161s] Level 1:colcon.colcon_core.package_identification:_identify(src/tb_run_script) by extensions ['colcon_pkg']
[0.161s] Level 1:colcon.colcon_core.package_identification:_identify(src/tb_run_script) by extension 'colcon_pkg'
[0.161s] Level 1:colcon.colcon_core.package_identification:_identify(src/tb_run_script) by extensions ['colcon_meta']
[0.161s] Level 1:colcon.colcon_core.package_identification:_identify(src/tb_run_script) by extension 'colcon_meta'
[0.161s] Level 1:colcon.colcon_core.package_identification:_identify(src/tb_run_script) by extensions ['ros']
[0.161s] Level 1:colcon.colcon_core.package_identification:_identify(src/tb_run_script) by extension 'ros'
[0.162s] DEBUG:colcon.colcon_core.package_identification:Package 'src/tb_run_script' with type 'ros.ament_python' and name 'tb_run_script'
[0.162s] Level 1:colcon.colcon_core.package_identification:_identify(src/turtlebot3_simulations-humble-devel) by extensions ['ignore', 'ignore_ament_install']
[0.162s] Level 1:colcon.colcon_core.package_identification:_identify(src/turtlebot3_simulations-humble-devel) by extension 'ignore'
[0.162s] Level 1:colcon.colcon_core.package_identification:_identify(src/turtlebot3_simulations-humble-devel) by extension 'ignore_ament_install'
[0.162s] Level 1:colcon.colcon_core.package_identification:_identify(src/turtlebot3_simulations-humble-devel) by extensions ['colcon_pkg']
[0.162s] Level 1:colcon.colcon_core.package_identification:_identify(src/turtlebot3_simulations-humble-devel) by extension 'colcon_pkg'
[0.162s] Level 1:colcon.colcon_core.package_identification:_identify(src/turtlebot3_simulations-humble-devel) by extensions ['colcon_meta']
[0.162s] Level 1:colcon.colcon_core.package_identification:_identify(src/turtlebot3_simulations-humble-devel) by extension 'colcon_meta'
[0.162s] Level 1:colcon.colcon_core.package_identification:_identify(src/turtlebot3_simulations-humble-devel) by extensions ['ros']
[0.162s] Level 1:colcon.colcon_core.package_identification:_identify(src/turtlebot3_simulations-humble-devel) by extension 'ros'
[0.162s] Level 1:colcon.colcon_core.package_identification:_identify(src/turtlebot3_simulations-humble-devel) by extensions ['cmake', 'python']
[0.162s] Level 1:colcon.colcon_core.package_identification:_identify(src/turtlebot3_simulations-humble-devel) by extension 'cmake'
[0.162s] Level 1:colcon.colcon_core.package_identification:_identify(src/turtlebot3_simulations-humble-devel) by extension 'python'
[0.162s] Level 1:colcon.colcon_core.package_identification:_identify(src/turtlebot3_simulations-humble-devel) by extensions ['python_setup_py']
[0.162s] Level 1:colcon.colcon_core.package_identification:_identify(src/turtlebot3_simulations-humble-devel) by extension 'python_setup_py'
[0.162s] Level 1:colcon.colcon_core.package_identification:_identify(src/turtlebot3_simulations-humble-devel/turtlebot3_fake_node) by extensions ['ignore', 'ignore_ament_install']
[0.162s] Level 1:colcon.colcon_core.package_identification:_identify(src/turtlebot3_simulations-humble-devel/turtlebot3_fake_node) by extension 'ignore'
[0.162s] Level 1:colcon.colcon_core.package_identification:_identify(src/turtlebot3_simulations-humble-devel/turtlebot3_fake_node) by extension 'ignore_ament_install'
[0.162s] Level 1:colcon.colcon_core.package_identification:_identify(src/turtlebot3_simulations-humble-devel/turtlebot3_fake_node) by extensions ['colcon_pkg']
[0.162s] Level 1:colcon.colcon_core.package_identification:_identify(src/turtlebot3_simulations-humble-devel/turtlebot3_fake_node) by extension 'colcon_pkg'
[0.162s] Level 1:colcon.colcon_core.package_identification:_identify(src/turtlebot3_simulations-humble-devel/turtlebot3_fake_node) by extensions ['colcon_meta']
[0.162s] Level 1:colcon.colcon_core.package_identification:_identify(src/turtlebot3_simulations-humble-devel/turtlebot3_fake_node) by extension 'colcon_meta'
[0.162s] Level 1:colcon.colcon_core.package_identification:_identify(src/turtlebot3_simulations-humble-devel/turtlebot3_fake_node) by extensions ['ros']
[0.162s] Level 1:colcon.colcon_core.package_identification:_identify(src/turtlebot3_simulations-humble-devel/turtlebot3_fake_node) by extension 'ros'
[0.163s] DEBUG:colcon.colcon_core.package_identification:Package 'src/turtlebot3_simulations-humble-devel/turtlebot3_fake_node' with type 'ros.ament_cmake' and name 'turtlebot3_fake_node'
[0.163s] Level 1:colcon.colcon_core.package_identification:_identify(src/turtlebot3_simulations-humble-devel/turtlebot3_gazebo) by extensions ['ignore', 'ignore_ament_install']
[0.163s] Level 1:colcon.colcon_core.package_identification:_identify(src/turtlebot3_simulations-humble-devel/turtlebot3_gazebo) by extension 'ignore'
[0.163s] Level 1:colcon.colcon_core.package_identification:_identify(src/turtlebot3_simulations-humble-devel/turtlebot3_gazebo) by extension 'ignore_ament_install'
[0.163s] Level 1:colcon.colcon_core.package_identification:_identify(src/turtlebot3_simulations-humble-devel/turtlebot3_gazebo) by extensions ['colcon_pkg']
[0.163s] Level 1:colcon.colcon_core.package_identification:_identify(src/turtlebot3_simulations-humble-devel/turtlebot3_gazebo) by extension 'colcon_pkg'
[0.163s] Level 1:colcon.colcon_core.package_identification:_identify(src/turtlebot3_simulations-humble-devel/turtlebot3_gazebo) by extensions ['colcon_meta']
[0.163s] Level 1:colcon.colcon_core.package_identification:_identify(src/turtlebot3_simulations-humble-devel/turtlebot3_gazebo) by extension 'colcon_meta'
[0.163s] Level 1:colcon.colcon_core.package_identification:_identify(src/turtlebot3_simulations-humble-devel/turtlebot3_gazebo) by extensions ['ros']
[0.163s] Level 1:colcon.colcon_core.package_identification:_identify(src/turtlebot3_simulations-humble-devel/turtlebot3_gazebo) by extension 'ros'
[0.164s] DEBUG:colcon.colcon_core.package_identification:Package 'src/turtlebot3_simulations-humble-devel/turtlebot3_gazebo' with type 'ros.ament_cmake' and name 'turtlebot3_gazebo'
[0.164s] Level 1:colcon.colcon_core.package_identification:_identify(src/turtlebot3_simulations-humble-devel/turtlebot3_simulations) by extensions ['ignore', 'ignore_ament_install']
[0.164s] Level 1:colcon.colcon_core.package_identification:_identify(src/turtlebot3_simulations-humble-devel/turtlebot3_simulations) by extension 'ignore'
[0.164s] Level 1:colcon.colcon_core.package_identification:_identify(src/turtlebot3_simulations-humble-devel/turtlebot3_simulations) by extension 'ignore_ament_install'
[0.164s] Level 1:colcon.colcon_core.package_identification:_identify(src/turtlebot3_simulations-humble-devel/turtlebot3_simulations) by extensions ['colcon_pkg']
[0.164s] Level 1:colcon.colcon_core.package_identification:_identify(src/turtlebot3_simulations-humble-devel/turtlebot3_simulations) by extension 'colcon_pkg'
[0.164s] Level 1:colcon.colcon_core.package_identification:_identify(src/turtlebot3_simulations-humble-devel/turtlebot3_simulations) by extensions ['colcon_meta']
[0.164s] Level 1:colcon.colcon_core.package_identification:_identify(src/turtlebot3_simulations-humble-devel/turtlebot3_simulations) by extension 'colcon_meta'
[0.164s] Level 1:colcon.colcon_core.package_identification:_identify(src/turtlebot3_simulations-humble-devel/turtlebot3_simulations) by extensions ['ros']
[0.164s] Level 1:colcon.colcon_core.package_identification:_identify(src/turtlebot3_simulations-humble-devel/turtlebot3_simulations) by extension 'ros'
[0.164s] DEBUG:colcon.colcon_core.package_identification:Package 'src/turtlebot3_simulations-humble-devel/turtlebot3_simulations' with type 'ros.ament_cmake' and name 'turtlebot3_simulations'
[0.164s] Level 1:colcon.colcon_core.package_discovery:discover_packages(recursive) using defaults
[0.164s] Level 1:colcon.colcon_core.package_discovery:discover_packages(ignore) discover
[0.164s] Level 1:colcon.colcon_core.package_discovery:discover_packages(ignore) using defaults
[0.164s] Level 1:colcon.colcon_core.package_discovery:discover_packages(path) discover
[0.164s] Level 1:colcon.colcon_core.package_discovery:discover_packages(path) using defaults
[0.181s] INFO:colcon.colcon_core.package_selection:Skipping not selected package 'tb_run_script' in 'src/tb_run_script'
[0.181s] INFO:colcon.colcon_core.package_selection:Skipping not selected package 'turtlebot3_fake_node' in 'src/turtlebot3_simulations-humble-devel/turtlebot3_fake_node'
[0.181s] INFO:colcon.colcon_core.package_selection:Skipping not selected package 'turtlebot3_gazebo' in 'src/turtlebot3_simulations-humble-devel/turtlebot3_gazebo'
[0.181s] INFO:colcon.colcon_core.package_selection:Skipping not selected package 'turtlebot3_simulations' in 'src/turtlebot3_simulations-humble-devel/turtlebot3_simulations'
[0.182s] Level 5:colcon.colcon_core.verb:set package 'ros1_bridge' build argument 'cmake_args' from command line to 'None'
[0.182s] Level 5:colcon.colcon_core.verb:set package 'ros1_bridge' build argument 'cmake_target' from command line to 'None'
[0.182s] Level 5:colcon.colcon_core.verb:set package 'ros1_bridge' build argument 'cmake_target_skip_unavailable' from command line to 'False'
[0.182s] Level 5:colcon.colcon_core.verb:set package 'ros1_bridge' build argument 'cmake_clean_cache' from command line to 'False'
[0.182s] Level 5:colcon.colcon_core.verb:set package 'ros1_bridge' build argument 'cmake_clean_first' from command line to 'False'
[0.182s] Level 5:colcon.colcon_core.verb:set package 'ros1_bridge' build argument 'cmake_force_configure' from command line to 'True'
[0.182s] Level 5:colcon.colcon_core.verb:set package 'ros1_bridge' build argument 'ament_cmake_args' from command line to 'None'
[0.182s] Level 5:colcon.colcon_core.verb:set package 'ros1_bridge' build argument 'catkin_cmake_args' from command line to 'None'
[0.182s] Level 5:colcon.colcon_core.verb:set package 'ros1_bridge' build argument 'catkin_skip_building_tests' from command line to 'False'
[0.182s] DEBUG:colcon.colcon_core.verb:Building package 'ros1_bridge' with the following arguments: {'ament_cmake_args': None, 'build_base': '/home/tal/TB3_PC_WS/build/ros1_bridge', 'catkin_cmake_args': None, 'catkin_skip_building_tests': False, 'cmake_args': None, 'cmake_clean_cache': False, 'cmake_clean_first': False, 'cmake_force_configure': True, 'cmake_target': None, 'cmake_target_skip_unavailable': False, 'install_base': '/home/tal/TB3_PC_WS/install/ros1_bridge', 'merge_install': False, 'path': '/home/tal/TB3_PC_WS/src/ros1_bridge-master', 'symlink_install': True, 'test_result_base': None}
[0.182s] INFO:colcon.colcon_core.executor:Executing jobs using 'parallel' executor
[0.182s] DEBUG:colcon.colcon_parallel_executor.executor.parallel:run_until_complete
[0.183s] INFO:colcon.colcon_ros.task.ament_cmake.build:Building ROS package in '/home/tal/TB3_PC_WS/src/ros1_bridge-master' with build type 'ament_cmake'
[0.183s] INFO:colcon.colcon_cmake.task.cmake.build:Building CMake package in '/home/tal/TB3_PC_WS/src/ros1_bridge-master'
[0.184s] INFO:colcon.colcon_core.plugin_system:Skipping extension 'colcon_core.shell.bat': Not used on non-Windows systems
[0.184s] INFO:colcon.colcon_core.shell:Skip shell extension 'powershell' for command environment: Not usable outside of PowerShell
[0.184s] DEBUG:colcon.colcon_core.shell:Skip shell extension 'dsv' for command environment
[0.189s] DEBUG:colcon.colcon_core.event_handler.log_command:Invoking command in '/home/tal/TB3_PC_WS/build/ros1_bridge': CMAKE_PREFIX_PATH=${CMAKE_PREFIX_PATH}:/home/tal/TB3_PC_WS/install/tb_run_script:/opt/ros/humble /usr/bin/cmake /home/tal/TB3_PC_WS/src/ros1_bridge-master -DAMENT_CMAKE_SYMLINK_INSTALL=1 -DCMAKE_INSTALL_PREFIX=/home/tal/TB3_PC_WS/install/ros1_bridge
[0.856s] DEBUG:colcon.colcon_core.event_handler.log_command:Invoked command in '/home/tal/TB3_PC_WS/build/ros1_bridge' returned '0': CMAKE_PREFIX_PATH=${CMAKE_PREFIX_PATH}:/home/tal/TB3_PC_WS/install/tb_run_script:/opt/ros/humble /usr/bin/cmake /home/tal/TB3_PC_WS/src/ros1_bridge-master -DAMENT_CMAKE_SYMLINK_INSTALL=1 -DCMAKE_INSTALL_PREFIX=/home/tal/TB3_PC_WS/install/ros1_bridge
[0.856s] DEBUG:colcon.colcon_core.event_handler.log_command:Invoking command in '/home/tal/TB3_PC_WS/build/ros1_bridge': CMAKE_PREFIX_PATH=${CMAKE_PREFIX_PATH}:/home/tal/TB3_PC_WS/install/tb_run_script:/opt/ros/humble /usr/bin/cmake --build /home/tal/TB3_PC_WS/build/ros1_bridge -- -j16 -l16
[0.880s] DEBUG:colcon.colcon_core.event_handler.log_command:Invoked command in '/home/tal/TB3_PC_WS/build/ros1_bridge' returned '0': CMAKE_PREFIX_PATH=${CMAKE_PREFIX_PATH}:/home/tal/TB3_PC_WS/install/tb_run_script:/opt/ros/humble /usr/bin/cmake --build /home/tal/TB3_PC_WS/build/ros1_bridge -- -j16 -l16
[0.935s] DEBUG:colcon.colcon_core.event_handler.log_command:Invoking command in '/home/tal/TB3_PC_WS/build/ros1_bridge': CMAKE_PREFIX_PATH=${CMAKE_PREFIX_PATH}:/home/tal/TB3_PC_WS/install/tb_run_script:/opt/ros/humble /usr/bin/cmake --install /home/tal/TB3_PC_WS/build/ros1_bridge
[1.120s] Level 1:colcon.colcon_core.environment:create_environment_scripts_only(ros1_bridge)
[1.122s] DEBUG:colcon.colcon_core.event_handler.log_command:Invoked command in '/home/tal/TB3_PC_WS/build/ros1_bridge' returned '0': CMAKE_PREFIX_PATH=${CMAKE_PREFIX_PATH}:/home/tal/TB3_PC_WS/install/tb_run_script:/opt/ros/humble /usr/bin/cmake --install /home/tal/TB3_PC_WS/build/ros1_bridge
[1.128s] Level 1:colcon.colcon_core.environment:checking '/home/tal/TB3_PC_WS/install/ros1_bridge' for CMake module files
[1.128s] Level 1:colcon.colcon_core.environment:checking '/home/tal/TB3_PC_WS/install/ros1_bridge' for CMake config files
[1.129s] Level 1:colcon.colcon_core.shell:create_environment_hook('ros1_bridge', 'cmake_prefix_path')
[1.129s] INFO:colcon.colcon_core.shell:Creating environment hook '/home/tal/TB3_PC_WS/install/ros1_bridge/share/ros1_bridge/hook/cmake_prefix_path.ps1'
[1.130s] INFO:colcon.colcon_core.shell:Creating environment descriptor '/home/tal/TB3_PC_WS/install/ros1_bridge/share/ros1_bridge/hook/cmake_prefix_path.dsv'
[1.131s] INFO:colcon.colcon_core.shell:Creating environment hook '/home/tal/TB3_PC_WS/install/ros1_bridge/share/ros1_bridge/hook/cmake_prefix_path.sh'
[1.132s] Level 1:colcon.colcon_core.environment:checking '/home/tal/TB3_PC_WS/install/ros1_bridge/bin'
[1.132s] Level 1:colcon.colcon_core.environment:checking '/home/tal/TB3_PC_WS/install/ros1_bridge/lib/pkgconfig/ros1_bridge.pc'
[1.133s] Level 1:colcon.colcon_core.environment:checking '/home/tal/TB3_PC_WS/install/ros1_bridge/lib/python3.10/site-packages'
[1.134s] Level 1:colcon.colcon_core.environment:checking '/home/tal/TB3_PC_WS/install/ros1_bridge/bin'
[1.134s] INFO:colcon.colcon_core.shell:Creating package script '/home/tal/TB3_PC_WS/install/ros1_bridge/share/ros1_bridge/package.ps1'
[1.135s] INFO:colcon.colcon_core.shell:Creating package descriptor '/home/tal/TB3_PC_WS/install/ros1_bridge/share/ros1_bridge/package.dsv'
[1.135s] INFO:colcon.colcon_core.shell:Creating package script '/home/tal/TB3_PC_WS/install/ros1_bridge/share/ros1_bridge/package.sh'
[1.136s] INFO:colcon.colcon_core.shell:Creating package script '/home/tal/TB3_PC_WS/install/ros1_bridge/share/ros1_bridge/package.bash'
[1.136s] INFO:colcon.colcon_core.shell:Creating package script '/home/tal/TB3_PC_WS/install/ros1_bridge/share/ros1_bridge/package.zsh'
[1.137s] Level 1:colcon.colcon_core.environment:create_file_with_runtime_dependencies(/home/tal/TB3_PC_WS/install/ros1_bridge/share/colcon-core/packages/ros1_bridge)
[1.154s] Level 1:colcon.colcon_core.environment:create_environment_scripts_only(ros1_bridge)
[1.155s] Level 1:colcon.colcon_core.environment:checking '/home/tal/TB3_PC_WS/install/ros1_bridge' for CMake module files
[1.155s] Level 1:colcon.colcon_core.environment:checking '/home/tal/TB3_PC_WS/install/ros1_bridge' for CMake config files
[1.155s] Level 1:colcon.colcon_core.shell:create_environment_hook('ros1_bridge', 'cmake_prefix_path')
[1.156s] INFO:colcon.colcon_core.shell:Creating environment hook '/home/tal/TB3_PC_WS/install/ros1_bridge/share/ros1_bridge/hook/cmake_prefix_path.ps1'
[1.156s] INFO:colcon.colcon_core.shell:Creating environment descriptor '/home/tal/TB3_PC_WS/install/ros1_bridge/share/ros1_bridge/hook/cmake_prefix_path.dsv'
[1.157s] INFO:colcon.colcon_core.shell:Creating environment hook '/home/tal/TB3_PC_WS/install/ros1_bridge/share/ros1_bridge/hook/cmake_prefix_path.sh'
[1.157s] Level 1:colcon.colcon_core.environment:checking '/home/tal/TB3_PC_WS/install/ros1_bridge/bin'
[1.157s] Level 1:colcon.colcon_core.environment:checking '/home/tal/TB3_PC_WS/install/ros1_bridge/lib/pkgconfig/ros1_bridge.pc'
[1.157s] Level 1:colcon.colcon_core.environment:checking '/home/tal/TB3_PC_WS/install/ros1_bridge/lib/python3.10/site-packages'
[1.158s] Level 1:colcon.colcon_core.environment:checking '/home/tal/TB3_PC_WS/install/ros1_bridge/bin'
[1.158s] INFO:colcon.colcon_core.shell:Creating package script '/home/tal/TB3_PC_WS/install/ros1_bridge/share/ros1_bridge/package.ps1'
[1.158s] INFO:colcon.colcon_core.shell:Creating package descriptor '/home/tal/TB3_PC_WS/install/ros1_bridge/share/ros1_bridge/package.dsv'
[1.159s] INFO:colcon.colcon_core.shell:Creating package script '/home/tal/TB3_PC_WS/install/ros1_bridge/share/ros1_bridge/package.sh'
[1.159s] INFO:colcon.colcon_core.shell:Creating package script '/home/tal/TB3_PC_WS/install/ros1_bridge/share/ros1_bridge/package.bash'
[1.159s] INFO:colcon.colcon_core.shell:Creating package script '/home/tal/TB3_PC_WS/install/ros1_bridge/share/ros1_bridge/package.zsh'
[1.160s] Level 1:colcon.colcon_core.environment:create_file_with_runtime_dependencies(/home/tal/TB3_PC_WS/install/ros1_bridge/share/colcon-core/packages/ros1_bridge)
[1.160s] DEBUG:colcon.colcon_parallel_executor.executor.parallel:closing loop
[1.160s] DEBUG:colcon.colcon_parallel_executor.executor.parallel:loop closed
[1.160s] DEBUG:colcon.colcon_parallel_executor.executor.parallel:run_until_complete finished with '0'
[1.160s] DEBUG:colcon.colcon_core.event_reactor:joining thread
[1.163s] INFO:colcon.colcon_core.plugin_system:Skipping extension 'colcon_notification.desktop_notification.terminal_notifier': Not used on non-Darwin systems
[1.163s] INFO:colcon.colcon_core.plugin_system:Skipping extension 'colcon_notification.desktop_notification.win32': Not used on non-Windows systems
[1.163s] INFO:colcon.colcon_notification.desktop_notification:Sending desktop notification using 'notify2'
[1.170s] DEBUG:colcon.colcon_core.event_reactor:joined thread
[1.170s] INFO:colcon.colcon_core.shell:Creating prefix script '/home/tal/TB3_PC_WS/install/local_setup.ps1'
[1.171s] INFO:colcon.colcon_core.shell:Creating prefix util module '/home/tal/TB3_PC_WS/install/_local_setup_util_ps1.py'
[1.172s] INFO:colcon.colcon_core.shell:Creating prefix chain script '/home/tal/TB3_PC_WS/install/setup.ps1'
[1.172s] INFO:colcon.colcon_core.shell:Creating prefix script '/home/tal/TB3_PC_WS/install/local_setup.sh'
[1.173s] INFO:colcon.colcon_core.shell:Creating prefix util module '/home/tal/TB3_PC_WS/install/_local_setup_util_sh.py'
[1.173s] INFO:colcon.colcon_core.shell:Creating prefix chain script '/home/tal/TB3_PC_WS/install/setup.sh'
[1.174s] INFO:colcon.colcon_core.shell:Creating prefix script '/home/tal/TB3_PC_WS/install/local_setup.bash'
[1.174s] INFO:colcon.colcon_core.shell:Creating prefix chain script '/home/tal/TB3_PC_WS/install/setup.bash'
[1.175s] INFO:colcon.colcon_core.shell:Creating prefix script '/home/tal/TB3_PC_WS/install/local_setup.zsh'
[1.175s] INFO:colcon.colcon_core.shell:Creating prefix chain script '/home/tal/TB3_PC_WS/install/setup.zsh'
