running egg_info
writing ../../build/tb_run_script/tb_run_script.egg-info/PKG-INFO
writing dependency_links to ../../build/tb_run_script/tb_run_script.egg-info/dependency_links.txt
writing entry points to ../../build/tb_run_script/tb_run_script.egg-info/entry_points.txt
writing requirements to ../../build/tb_run_script/tb_run_script.egg-info/requires.txt
writing top-level names to ../../build/tb_run_script/tb_run_script.egg-info/top_level.txt
reading manifest file '../../build/tb_run_script/tb_run_script.egg-info/SOURCES.txt'
writing manifest file '../../build/tb_run_script/tb_run_script.egg-info/SOURCES.txt'
running build
running build_py
running install
running install_lib
running install_data
creating /home/tal/TB3_PC_WS/install/tb_run_script/share/ament_index
creating /home/tal/TB3_PC_WS/install/tb_run_script/share/ament_index/resource_index
creating /home/tal/TB3_PC_WS/install/tb_run_script/share/ament_index/resource_index/packages
copying resource/tb_run_script -> /home/tal/TB3_PC_WS/install/tb_run_script/share/ament_index/resource_index/packages
copying package.xml -> /home/tal/TB3_PC_WS/install/tb_run_script/share/tb_run_script
running install_egg_info
removing '/home/tal/TB3_PC_WS/install/tb_run_script/lib/python3.10/site-packages/tb_run_script-0.0.0-py3.10.egg-info' (and everything under it)
Copying ../../build/tb_run_script/tb_run_script.egg-info to /home/tal/TB3_PC_WS/install/tb_run_script/lib/python3.10/site-packages/tb_run_script-0.0.0-py3.10.egg-info
running install_scripts
Installing run_script script to /home/tal/TB3_PC_WS/install/tb_run_script/lib/tb_run_script
writing list of installed files to '/home/tal/TB3_PC_WS/build/tb_run_script/install.log'
