[0.833s] Invoking command in '/home/tal/TB3_PC_WS/src/tb_run_script': PYTHONPATH=/home/tal/TB3_PC_WS/build/tb_run_script/prefix_override:/home/tal/TB3_PC_WS/install/tb_run_script/lib/python3.10/site-packages:${PYTHONPATH} /usr/bin/python3 -W ignore:setup.py install is deprecated setup.py egg_info --egg-base ../../build/tb_run_script build --build-base /home/tal/TB3_PC_WS/build/tb_run_script/build install --record /home/tal/TB3_PC_WS/build/tb_run_script/install.log --single-version-externally-managed install_data
[1.152s] running egg_info
[1.152s] writing ../../build/tb_run_script/tb_run_script.egg-info/PKG-INFO
[1.152s] writing dependency_links to ../../build/tb_run_script/tb_run_script.egg-info/dependency_links.txt
[1.152s] writing entry points to ../../build/tb_run_script/tb_run_script.egg-info/entry_points.txt
[1.153s] writing requirements to ../../build/tb_run_script/tb_run_script.egg-info/requires.txt
[1.153s] writing top-level names to ../../build/tb_run_script/tb_run_script.egg-info/top_level.txt
[1.215s] reading manifest file '../../build/tb_run_script/tb_run_script.egg-info/SOURCES.txt'
[1.215s] writing manifest file '../../build/tb_run_script/tb_run_script.egg-info/SOURCES.txt'
[1.215s] running build
[1.215s] running build_py
[1.216s] running install
[1.216s] running install_lib
[1.217s] running install_data
[1.217s] creating /home/tal/TB3_PC_WS/install/tb_run_script/share/ament_index
[1.217s] creating /home/tal/TB3_PC_WS/install/tb_run_script/share/ament_index/resource_index
[1.217s] creating /home/tal/TB3_PC_WS/install/tb_run_script/share/ament_index/resource_index/packages
[1.217s] copying resource/tb_run_script -> /home/tal/TB3_PC_WS/install/tb_run_script/share/ament_index/resource_index/packages
[1.218s] copying package.xml -> /home/tal/TB3_PC_WS/install/tb_run_script/share/tb_run_script
[1.218s] running install_egg_info
[1.219s] removing '/home/tal/TB3_PC_WS/install/tb_run_script/lib/python3.10/site-packages/tb_run_script-0.0.0-py3.10.egg-info' (and everything under it)
[1.219s] Copying ../../build/tb_run_script/tb_run_script.egg-info to /home/tal/TB3_PC_WS/install/tb_run_script/lib/python3.10/site-packages/tb_run_script-0.0.0-py3.10.egg-info
[1.220s] running install_scripts
[1.232s] Installing run_script script to /home/tal/TB3_PC_WS/install/tb_run_script/lib/tb_run_script
[1.232s] writing list of installed files to '/home/tal/TB3_PC_WS/build/tb_run_script/install.log'
[1.247s] Invoked command in '/home/tal/TB3_PC_WS/src/tb_run_script' returned '0': PYTHONPATH=/home/tal/TB3_PC_WS/build/tb_run_script/prefix_override:/home/tal/TB3_PC_WS/install/tb_run_script/lib/python3.10/site-packages:${PYTHONPATH} /usr/bin/python3 -W ignore:setup.py install is deprecated setup.py egg_info --egg-base ../../build/tb_run_script build --build-base /home/tal/TB3_PC_WS/build/tb_run_script/build install --record /home/tal/TB3_PC_WS/build/tb_run_script/install.log --single-version-externally-managed install_data
