[0.050s] Invoking command in '/home/tal/TB3_PC_WS/build/compressed_image_transport': CMAKE_PREFIX_PATH=${CMAKE_PREFIX_PATH}:/home/tal/tut2_ws/install/my_robot_controller:/home/tal/tut_ws/install/my_robot_controller:/home/tal/tutorial_ws/install/launch_testing_examples:/home/tal/tutorial_ws/install/examples_rclpy_pointcloud_publisher:/home/tal/tutorial_ws/install/examples_rclpy_minimal_subscriber:/home/tal/tutorial_ws/install/examples_rclpy_minimal_service:/home/tal/tutorial_ws/install/examples_rclpy_minimal_publisher:/home/tal/tutorial_ws/install/examples_rclpy_minimal_client:/home/tal/tutorial_ws/install/examples_rclpy_minimal_action_server:/home/tal/tutorial_ws/install/examples_rclpy_minimal_action_client:/home/tal/tutorial_ws/install/examples_rclpy_guard_conditions:/home/tal/tutorial_ws/install/examples_rclpy_executors:/opt/ros/humble /usr/bin/cmake /home/tal/TB3_PC_WS/src/image_transport_plugins/compressed_image_transport -DCMAKE_INSTALL_PREFIX=/home/tal/TB3_PC_WS/install/compressed_image_transport
[0.226s] -- The C compiler identification is GNU 11.4.0
[0.370s] -- The CXX compiler identification is GNU 11.4.0
[0.374s] -- Detecting C compiler ABI info
[0.487s] -- Detecting C compiler ABI info - done
[0.493s] -- Check for working C compiler: /usr/bin/cc - skipped
[0.493s] -- Detecting C compile features
[0.493s] -- Detecting C compile features - done
[0.496s] -- Detecting CXX compiler ABI info
[0.574s] -- Detecting CXX compiler ABI info - done
[0.579s] -- Check for working CXX compiler: /usr/bin/c++ - skipped
[0.579s] -- Detecting CXX compile features
[0.579s] -- Detecting CXX compile features - done
[0.581s] -- Found ament_cmake: 1.3.9 (/opt/ros/humble/share/ament_cmake/cmake)
[0.805s] -- Found Python3: /usr/bin/python3 (found version "3.10.12") found components: Interpreter 
[0.924s] -- Found image_transport: 3.1.9 (/opt/ros/humble/share/image_transport/cmake)
[1.015s] -- Found rosidl_generator_c: 3.1.5 (/opt/ros/humble/share/rosidl_generator_c/cmake)
[1.021s] -- Found rosidl_adapter: 3.1.5 (/opt/ros/humble/share/rosidl_adapter/cmake)
[1.084s] -- Found rosidl_generator_cpp: 3.1.5 (/opt/ros/humble/share/rosidl_generator_cpp/cmake)
[1.094s] -- Using all available rosidl_typesupport_c: rosidl_typesupport_fastrtps_c;rosidl_typesupport_introspection_c
[1.109s] -- Using all available rosidl_typesupport_cpp: rosidl_typesupport_fastrtps_cpp;rosidl_typesupport_introspection_cpp
[1.233s] -- Found rmw_implementation_cmake: 6.1.2 (/opt/ros/humble/share/rmw_implementation_cmake/cmake)
[1.233s] -- Found rmw_fastrtps_cpp: 6.2.6 (/opt/ros/humble/share/rmw_fastrtps_cpp/cmake)
[1.352s] -- Found OpenSSL: /usr/lib/x86_64-linux-gnu/libcrypto.so (found version "3.0.2")  
[1.414s] -- Found FastRTPS: /opt/ros/humble/include  
[1.516s] -- Using RMW implementation 'rmw_fastrtps_cpp' as default
[1.522s] -- Looking for pthread.h
[1.649s] -- Looking for pthread.h - found
[1.649s] -- Performing Test CMAKE_HAVE_LIBC_PTHREAD
[1.822s] -- Performing Test CMAKE_HAVE_LIBC_PTHREAD - Success
[1.822s] -- Found Threads: TRUE  
[2.307s] -- Found cv_bridge: 3.2.1 (/opt/ros/humble/share/cv_bridge/cmake)
[2.307s] -- Found OpenCV: /usr (found version "4.5.4") 
[2.441s] -- Configuring done
[2.450s] -- Generating done
[2.451s] -- Build files have been written to: /home/tal/TB3_PC_WS/build/compressed_image_transport
[2.460s] Invoked command in '/home/tal/TB3_PC_WS/build/compressed_image_transport' returned '0': CMAKE_PREFIX_PATH=${CMAKE_PREFIX_PATH}:/home/tal/tut2_ws/install/my_robot_controller:/home/tal/tut_ws/install/my_robot_controller:/home/tal/tutorial_ws/install/launch_testing_examples:/home/tal/tutorial_ws/install/examples_rclpy_pointcloud_publisher:/home/tal/tutorial_ws/install/examples_rclpy_minimal_subscriber:/home/tal/tutorial_ws/install/examples_rclpy_minimal_service:/home/tal/tutorial_ws/install/examples_rclpy_minimal_publisher:/home/tal/tutorial_ws/install/examples_rclpy_minimal_client:/home/tal/tutorial_ws/install/examples_rclpy_minimal_action_server:/home/tal/tutorial_ws/install/examples_rclpy_minimal_action_client:/home/tal/tutorial_ws/install/examples_rclpy_guard_conditions:/home/tal/tutorial_ws/install/examples_rclpy_executors:/opt/ros/humble /usr/bin/cmake /home/tal/TB3_PC_WS/src/image_transport_plugins/compressed_image_transport -DCMAKE_INSTALL_PREFIX=/home/tal/TB3_PC_WS/install/compressed_image_transport
[2.461s] Invoking command in '/home/tal/TB3_PC_WS/build/compressed_image_transport': CMAKE_PREFIX_PATH=${CMAKE_PREFIX_PATH}:/home/tal/tut2_ws/install/my_robot_controller:/home/tal/tut_ws/install/my_robot_controller:/home/tal/tutorial_ws/install/launch_testing_examples:/home/tal/tutorial_ws/install/examples_rclpy_pointcloud_publisher:/home/tal/tutorial_ws/install/examples_rclpy_minimal_subscriber:/home/tal/tutorial_ws/install/examples_rclpy_minimal_service:/home/tal/tutorial_ws/install/examples_rclpy_minimal_publisher:/home/tal/tutorial_ws/install/examples_rclpy_minimal_client:/home/tal/tutorial_ws/install/examples_rclpy_minimal_action_server:/home/tal/tutorial_ws/install/examples_rclpy_minimal_action_client:/home/tal/tutorial_ws/install/examples_rclpy_guard_conditions:/home/tal/tutorial_ws/install/examples_rclpy_executors:/opt/ros/humble /usr/bin/cmake --build /home/tal/TB3_PC_WS/build/compressed_image_transport -- -j6 -l6
[2.832s] [ 25%] [32mBuilding CXX object CMakeFiles/compressed_image_transport.dir/src/compressed_publisher.cpp.o[0m
[2.832s] [ 50%] [32mBuilding CXX object CMakeFiles/compressed_image_transport.dir/src/manifest.cpp.o[0m
[2.853s] [ 75%] [32mBuilding CXX object CMakeFiles/compressed_image_transport.dir/src/compressed_subscriber.cpp.o[0m
[30.566s] [100%] [32m[1mLinking CXX shared library libcompressed_image_transport.so[0m
[33.166s] [100%] Built target compressed_image_transport
[33.427s] Invoked command in '/home/tal/TB3_PC_WS/build/compressed_image_transport' returned '0': CMAKE_PREFIX_PATH=${CMAKE_PREFIX_PATH}:/home/tal/tut2_ws/install/my_robot_controller:/home/tal/tut_ws/install/my_robot_controller:/home/tal/tutorial_ws/install/launch_testing_examples:/home/tal/tutorial_ws/install/examples_rclpy_pointcloud_publisher:/home/tal/tutorial_ws/install/examples_rclpy_minimal_subscriber:/home/tal/tutorial_ws/install/examples_rclpy_minimal_service:/home/tal/tutorial_ws/install/examples_rclpy_minimal_publisher:/home/tal/tutorial_ws/install/examples_rclpy_minimal_client:/home/tal/tutorial_ws/install/examples_rclpy_minimal_action_server:/home/tal/tutorial_ws/install/examples_rclpy_minimal_action_client:/home/tal/tutorial_ws/install/examples_rclpy_guard_conditions:/home/tal/tutorial_ws/install/examples_rclpy_executors:/opt/ros/humble /usr/bin/cmake --build /home/tal/TB3_PC_WS/build/compressed_image_transport -- -j6 -l6
[34.057s] Invoking command in '/home/tal/TB3_PC_WS/build/compressed_image_transport': CMAKE_PREFIX_PATH=${CMAKE_PREFIX_PATH}:/home/tal/tut2_ws/install/my_robot_controller:/home/tal/tut_ws/install/my_robot_controller:/home/tal/tutorial_ws/install/launch_testing_examples:/home/tal/tutorial_ws/install/examples_rclpy_pointcloud_publisher:/home/tal/tutorial_ws/install/examples_rclpy_minimal_subscriber:/home/tal/tutorial_ws/install/examples_rclpy_minimal_service:/home/tal/tutorial_ws/install/examples_rclpy_minimal_publisher:/home/tal/tutorial_ws/install/examples_rclpy_minimal_client:/home/tal/tutorial_ws/install/examples_rclpy_minimal_action_server:/home/tal/tutorial_ws/install/examples_rclpy_minimal_action_client:/home/tal/tutorial_ws/install/examples_rclpy_guard_conditions:/home/tal/tutorial_ws/install/examples_rclpy_executors:/opt/ros/humble /usr/bin/cmake --install /home/tal/TB3_PC_WS/build/compressed_image_transport
[34.103s] -- Install configuration: ""
[34.103s] -- Installing: /home/tal/TB3_PC_WS/install/compressed_image_transport/lib/libcompressed_image_transport.so
[34.103s] -- Set runtime path of "/home/tal/TB3_PC_WS/install/compressed_image_transport/lib/libcompressed_image_transport.so" to ""
[34.103s] -- Installing: /home/tal/TB3_PC_WS/install/compressed_image_transport/include
[34.103s] -- Installing: /home/tal/TB3_PC_WS/install/compressed_image_transport/include/compressed_image_transport
[34.103s] -- Installing: /home/tal/TB3_PC_WS/install/compressed_image_transport/include/compressed_image_transport/compressed_publisher.h
[34.103s] -- Installing: /home/tal/TB3_PC_WS/install/compressed_image_transport/include/compressed_image_transport/compression_common.h
[34.103s] -- Installing: /home/tal/TB3_PC_WS/install/compressed_image_transport/include/compressed_image_transport/compressed_subscriber.h
[34.104s] -- Installing: /home/tal/TB3_PC_WS/install/compressed_image_transport/share/compressed_image_transport/compressed_plugins.xml
[34.104s] -- Installing: /home/tal/TB3_PC_WS/install/compressed_image_transport/share/ament_index/resource_index/package_run_dependencies/compressed_image_transport
[34.104s] -- Installing: /home/tal/TB3_PC_WS/install/compressed_image_transport/share/ament_index/resource_index/parent_prefix_path/compressed_image_transport
[34.104s] -- Installing: /home/tal/TB3_PC_WS/install/compressed_image_transport/share/compressed_image_transport/environment/ament_prefix_path.sh
[34.104s] -- Installing: /home/tal/TB3_PC_WS/install/compressed_image_transport/share/compressed_image_transport/environment/ament_prefix_path.dsv
[34.104s] -- Installing: /home/tal/TB3_PC_WS/install/compressed_image_transport/share/compressed_image_transport/environment/path.sh
[34.104s] -- Installing: /home/tal/TB3_PC_WS/install/compressed_image_transport/share/compressed_image_transport/environment/path.dsv
[34.104s] -- Installing: /home/tal/TB3_PC_WS/install/compressed_image_transport/share/compressed_image_transport/local_setup.bash
[34.104s] -- Installing: /home/tal/TB3_PC_WS/install/compressed_image_transport/share/compressed_image_transport/local_setup.sh
[34.104s] -- Installing: /home/tal/TB3_PC_WS/install/compressed_image_transport/share/compressed_image_transport/local_setup.zsh
[34.104s] -- Installing: /home/tal/TB3_PC_WS/install/compressed_image_transport/share/compressed_image_transport/local_setup.dsv
[34.104s] -- Installing: /home/tal/TB3_PC_WS/install/compressed_image_transport/share/compressed_image_transport/package.dsv
[34.104s] -- Installing: /home/tal/TB3_PC_WS/install/compressed_image_transport/share/ament_index/resource_index/packages/compressed_image_transport
[34.104s] -- Installing: /home/tal/TB3_PC_WS/install/compressed_image_transport/share/ament_index/resource_index/image_transport__pluginlib__plugin/compressed_image_transport
[34.104s] -- Installing: /home/tal/TB3_PC_WS/install/compressed_image_transport/share/compressed_image_transport/cmake/compressed_image_transportConfig.cmake
[34.104s] -- Installing: /home/tal/TB3_PC_WS/install/compressed_image_transport/share/compressed_image_transport/cmake/compressed_image_transportConfig-version.cmake
[34.104s] -- Installing: /home/tal/TB3_PC_WS/install/compressed_image_transport/share/compressed_image_transport/package.xml
[34.260s] Invoked command in '/home/tal/TB3_PC_WS/build/compressed_image_transport' returned '0': CMAKE_PREFIX_PATH=${CMAKE_PREFIX_PATH}:/home/tal/tut2_ws/install/my_robot_controller:/home/tal/tut_ws/install/my_robot_controller:/home/tal/tutorial_ws/install/launch_testing_examples:/home/tal/tutorial_ws/install/examples_rclpy_pointcloud_publisher:/home/tal/tutorial_ws/install/examples_rclpy_minimal_subscriber:/home/tal/tutorial_ws/install/examples_rclpy_minimal_service:/home/tal/tutorial_ws/install/examples_rclpy_minimal_publisher:/home/tal/tutorial_ws/install/examples_rclpy_minimal_client:/home/tal/tutorial_ws/install/examples_rclpy_minimal_action_server:/home/tal/tutorial_ws/install/examples_rclpy_minimal_action_client:/home/tal/tutorial_ws/install/examples_rclpy_guard_conditions:/home/tal/tutorial_ws/install/examples_rclpy_executors:/opt/ros/humble /usr/bin/cmake --install /home/tal/TB3_PC_WS/build/compressed_image_transport
