[0.145s] Invoking command in '/home/tal/TB3_PC_WS/build/turtlebot3_fake_node': CMAKE_PREFIX_PATH=/home/tal/TB3_PC_WS/install/turtlebot3_msgs:/home/tal/TB3_PC_WS/install/turtlebot3_teleop:/home/tal/TB3_PC_WS/install/turtlebot3_example:/opt/ros/galactic:/home/tal/TB3_PC_WS/install/tb_run_script:/opt/ros/noetic:/home/tal/TB3_PC_WS/install/turtlebot3:/home/tal/TB3_PC_WS/install/turtlebot3_bringup:/home/tal/TB3_PC_WS/install/turtlebot3_node:/home/tal/TB3_PC_WS/install/turtlebot3_navigation2:/home/tal/TB3_PC_WS/install/turtlebot3_description:/home/tal/TB3_PC_WS/install/turtlebot3_cartographer:/home/tal/TB3_PC_WS/install/turtlebot3_simulations:/home/tal/TB3_PC_WS/install/turtlebot3_gazebo:/home/tal/TB3_PC_WS/install/turtlebot3_fake_node:/home/tal/TB3_PC_WS/install/ros1_bridge LD_LIBRARY_PATH=/home/tal/TB3_PC_WS/install/turtlebot3_msgs/lib:/opt/ros/noetic/lib:/usr/lib/x86_64-linux-gnu/gazebo-11/plugins:/opt/ros/galactic/opt/yaml_cpp_vendor/lib:/opt/ros/galactic/lib/x86_64-linux-gnu:/opt/ros/galactic/lib PYTHONPATH=/home/tal/TB3_PC_WS/install/turtlebot3_msgs/lib/python3.8/site-packages:/opt/ros/noetic/lib/python3/dist-packages:/home/tal/TB3_PC_WS/install/turtlebot3_teleop/lib/python3.8/site-packages:/home/tal/TB3_PC_WS/install/turtlebot3_example/lib/python3.8/site-packages:/home/tal/TB3_PC_WS/install/tb_run_script/lib/python3.8/site-packages:/opt/ros/galactic/lib/python3.8/site-packages:/home/tal/TB3_PC_WS/install/tb_run_script/lib/python3.10/site-packages /usr/bin/cmake --build /home/tal/TB3_PC_WS/build/turtlebot3_fake_node -- -j16 -l16
[0.180s] [100%] Built target turtlebot3_fake_node
[0.189s] Invoked command in '/home/tal/TB3_PC_WS/build/turtlebot3_fake_node' returned '0': CMAKE_PREFIX_PATH=/home/tal/TB3_PC_WS/install/turtlebot3_msgs:/home/tal/TB3_PC_WS/install/turtlebot3_teleop:/home/tal/TB3_PC_WS/install/turtlebot3_example:/opt/ros/galactic:/home/tal/TB3_PC_WS/install/tb_run_script:/opt/ros/noetic:/home/tal/TB3_PC_WS/install/turtlebot3:/home/tal/TB3_PC_WS/install/turtlebot3_bringup:/home/tal/TB3_PC_WS/install/turtlebot3_node:/home/tal/TB3_PC_WS/install/turtlebot3_navigation2:/home/tal/TB3_PC_WS/install/turtlebot3_description:/home/tal/TB3_PC_WS/install/turtlebot3_cartographer:/home/tal/TB3_PC_WS/install/turtlebot3_simulations:/home/tal/TB3_PC_WS/install/turtlebot3_gazebo:/home/tal/TB3_PC_WS/install/turtlebot3_fake_node:/home/tal/TB3_PC_WS/install/ros1_bridge LD_LIBRARY_PATH=/home/tal/TB3_PC_WS/install/turtlebot3_msgs/lib:/opt/ros/noetic/lib:/usr/lib/x86_64-linux-gnu/gazebo-11/plugins:/opt/ros/galactic/opt/yaml_cpp_vendor/lib:/opt/ros/galactic/lib/x86_64-linux-gnu:/opt/ros/galactic/lib PYTHONPATH=/home/tal/TB3_PC_WS/install/turtlebot3_msgs/lib/python3.8/site-packages:/opt/ros/noetic/lib/python3/dist-packages:/home/tal/TB3_PC_WS/install/turtlebot3_teleop/lib/python3.8/site-packages:/home/tal/TB3_PC_WS/install/turtlebot3_example/lib/python3.8/site-packages:/home/tal/TB3_PC_WS/install/tb_run_script/lib/python3.8/site-packages:/opt/ros/galactic/lib/python3.8/site-packages:/home/tal/TB3_PC_WS/install/tb_run_script/lib/python3.10/site-packages /usr/bin/cmake --build /home/tal/TB3_PC_WS/build/turtlebot3_fake_node -- -j16 -l16
[0.203s] Invoking command in '/home/tal/TB3_PC_WS/build/turtlebot3_fake_node': CMAKE_PREFIX_PATH=/home/tal/TB3_PC_WS/install/turtlebot3_msgs:/home/tal/TB3_PC_WS/install/turtlebot3_teleop:/home/tal/TB3_PC_WS/install/turtlebot3_example:/opt/ros/galactic:/home/tal/TB3_PC_WS/install/tb_run_script:/opt/ros/noetic:/home/tal/TB3_PC_WS/install/turtlebot3:/home/tal/TB3_PC_WS/install/turtlebot3_bringup:/home/tal/TB3_PC_WS/install/turtlebot3_node:/home/tal/TB3_PC_WS/install/turtlebot3_navigation2:/home/tal/TB3_PC_WS/install/turtlebot3_description:/home/tal/TB3_PC_WS/install/turtlebot3_cartographer:/home/tal/TB3_PC_WS/install/turtlebot3_simulations:/home/tal/TB3_PC_WS/install/turtlebot3_gazebo:/home/tal/TB3_PC_WS/install/turtlebot3_fake_node:/home/tal/TB3_PC_WS/install/ros1_bridge LD_LIBRARY_PATH=/home/tal/TB3_PC_WS/install/turtlebot3_msgs/lib:/opt/ros/noetic/lib:/usr/lib/x86_64-linux-gnu/gazebo-11/plugins:/opt/ros/galactic/opt/yaml_cpp_vendor/lib:/opt/ros/galactic/lib/x86_64-linux-gnu:/opt/ros/galactic/lib PYTHONPATH=/home/tal/TB3_PC_WS/install/turtlebot3_msgs/lib/python3.8/site-packages:/opt/ros/noetic/lib/python3/dist-packages:/home/tal/TB3_PC_WS/install/turtlebot3_teleop/lib/python3.8/site-packages:/home/tal/TB3_PC_WS/install/turtlebot3_example/lib/python3.8/site-packages:/home/tal/TB3_PC_WS/install/tb_run_script/lib/python3.8/site-packages:/opt/ros/galactic/lib/python3.8/site-packages:/home/tal/TB3_PC_WS/install/tb_run_script/lib/python3.10/site-packages /usr/bin/cmake --install /home/tal/TB3_PC_WS/build/turtlebot3_fake_node
[0.208s] -- Install configuration: ""
[0.208s] -- Up-to-date: /home/tal/TB3_PC_WS/install/turtlebot3_fake_node/lib/turtlebot3_fake_node/turtlebot3_fake_node
[0.208s] -- Up-to-date: /home/tal/TB3_PC_WS/install/turtlebot3_fake_node/share/turtlebot3_fake_node/launch
[0.208s] -- Up-to-date: /home/tal/TB3_PC_WS/install/turtlebot3_fake_node/share/turtlebot3_fake_node/launch/turtlebot3_fake_node.launch.py
[0.208s] -- Up-to-date: /home/tal/TB3_PC_WS/install/turtlebot3_fake_node/share/turtlebot3_fake_node/launch/rviz2.launch.py
[0.209s] -- Up-to-date: /home/tal/TB3_PC_WS/install/turtlebot3_fake_node/share/turtlebot3_fake_node/param
[0.209s] -- Up-to-date: /home/tal/TB3_PC_WS/install/turtlebot3_fake_node/share/turtlebot3_fake_node/param/burger.yaml
[0.209s] -- Up-to-date: /home/tal/TB3_PC_WS/install/turtlebot3_fake_node/share/turtlebot3_fake_node/param/waffle_pi.yaml
[0.209s] -- Up-to-date: /home/tal/TB3_PC_WS/install/turtlebot3_fake_node/share/turtlebot3_fake_node/param/waffle.yaml
[0.209s] -- Up-to-date: /home/tal/TB3_PC_WS/install/turtlebot3_fake_node/include/
[0.209s] -- Up-to-date: /home/tal/TB3_PC_WS/install/turtlebot3_fake_node/include//turtlebot3_fake_node
[0.209s] -- Up-to-date: /home/tal/TB3_PC_WS/install/turtlebot3_fake_node/include//turtlebot3_fake_node/turtlebot3_fake_node.hpp
[0.209s] -- Up-to-date: /home/tal/TB3_PC_WS/install/turtlebot3_fake_node/share/ament_index/resource_index/package_run_dependencies/turtlebot3_fake_node
[0.209s] -- Up-to-date: /home/tal/TB3_PC_WS/install/turtlebot3_fake_node/share/ament_index/resource_index/parent_prefix_path/turtlebot3_fake_node
[0.209s] -- Up-to-date: /home/tal/TB3_PC_WS/install/turtlebot3_fake_node/share/turtlebot3_fake_node/environment/ament_prefix_path.sh
[0.209s] -- Up-to-date: /home/tal/TB3_PC_WS/install/turtlebot3_fake_node/share/turtlebot3_fake_node/environment/ament_prefix_path.dsv
[0.209s] -- Up-to-date: /home/tal/TB3_PC_WS/install/turtlebot3_fake_node/share/turtlebot3_fake_node/environment/path.sh
[0.209s] -- Up-to-date: /home/tal/TB3_PC_WS/install/turtlebot3_fake_node/share/turtlebot3_fake_node/environment/path.dsv
[0.210s] -- Up-to-date: /home/tal/TB3_PC_WS/install/turtlebot3_fake_node/share/turtlebot3_fake_node/local_setup.bash
[0.210s] -- Up-to-date: /home/tal/TB3_PC_WS/install/turtlebot3_fake_node/share/turtlebot3_fake_node/local_setup.sh
[0.210s] -- Up-to-date: /home/tal/TB3_PC_WS/install/turtlebot3_fake_node/share/turtlebot3_fake_node/local_setup.zsh
[0.210s] -- Up-to-date: /home/tal/TB3_PC_WS/install/turtlebot3_fake_node/share/turtlebot3_fake_node/local_setup.dsv
[0.210s] -- Installing: /home/tal/TB3_PC_WS/install/turtlebot3_fake_node/share/turtlebot3_fake_node/package.dsv
[0.210s] -- Up-to-date: /home/tal/TB3_PC_WS/install/turtlebot3_fake_node/share/ament_index/resource_index/packages/turtlebot3_fake_node
[0.210s] -- Up-to-date: /home/tal/TB3_PC_WS/install/turtlebot3_fake_node/share/turtlebot3_fake_node/cmake/ament_cmake_export_include_directories-extras.cmake
[0.210s] -- Up-to-date: /home/tal/TB3_PC_WS/install/turtlebot3_fake_node/share/turtlebot3_fake_node/cmake/ament_cmake_export_dependencies-extras.cmake
[0.210s] -- Up-to-date: /home/tal/TB3_PC_WS/install/turtlebot3_fake_node/share/turtlebot3_fake_node/cmake/turtlebot3_fake_nodeConfig.cmake
[0.210s] -- Up-to-date: /home/tal/TB3_PC_WS/install/turtlebot3_fake_node/share/turtlebot3_fake_node/cmake/turtlebot3_fake_nodeConfig-version.cmake
[0.210s] -- Up-to-date: /home/tal/TB3_PC_WS/install/turtlebot3_fake_node/share/turtlebot3_fake_node/package.xml
[0.211s] Invoked command in '/home/tal/TB3_PC_WS/build/turtlebot3_fake_node' returned '0': CMAKE_PREFIX_PATH=/home/tal/TB3_PC_WS/install/turtlebot3_msgs:/home/tal/TB3_PC_WS/install/turtlebot3_teleop:/home/tal/TB3_PC_WS/install/turtlebot3_example:/opt/ros/galactic:/home/tal/TB3_PC_WS/install/tb_run_script:/opt/ros/noetic:/home/tal/TB3_PC_WS/install/turtlebot3:/home/tal/TB3_PC_WS/install/turtlebot3_bringup:/home/tal/TB3_PC_WS/install/turtlebot3_node:/home/tal/TB3_PC_WS/install/turtlebot3_navigation2:/home/tal/TB3_PC_WS/install/turtlebot3_description:/home/tal/TB3_PC_WS/install/turtlebot3_cartographer:/home/tal/TB3_PC_WS/install/turtlebot3_simulations:/home/tal/TB3_PC_WS/install/turtlebot3_gazebo:/home/tal/TB3_PC_WS/install/turtlebot3_fake_node:/home/tal/TB3_PC_WS/install/ros1_bridge LD_LIBRARY_PATH=/home/tal/TB3_PC_WS/install/turtlebot3_msgs/lib:/opt/ros/noetic/lib:/usr/lib/x86_64-linux-gnu/gazebo-11/plugins:/opt/ros/galactic/opt/yaml_cpp_vendor/lib:/opt/ros/galactic/lib/x86_64-linux-gnu:/opt/ros/galactic/lib PYTHONPATH=/home/tal/TB3_PC_WS/install/turtlebot3_msgs/lib/python3.8/site-packages:/opt/ros/noetic/lib/python3/dist-packages:/home/tal/TB3_PC_WS/install/turtlebot3_teleop/lib/python3.8/site-packages:/home/tal/TB3_PC_WS/install/turtlebot3_example/lib/python3.8/site-packages:/home/tal/TB3_PC_WS/install/tb_run_script/lib/python3.8/site-packages:/opt/ros/galactic/lib/python3.8/site-packages:/home/tal/TB3_PC_WS/install/tb_run_script/lib/python3.10/site-packages /usr/bin/cmake --install /home/tal/TB3_PC_WS/build/turtlebot3_fake_node
