[0.011s] Invoking command in '/home/tal/TB3_PC_WS/ros2_galactic/build/turtlebot3_gazebo': CMAKE_PREFIX_PATH=/opt/ros/galactic:${CMAKE_PREFIX_PATH} /usr/bin/cmake --build /home/tal/TB3_PC_WS/ros2_galactic/build/turtlebot3_gazebo -- -j16 -l16
[0.038s] [35m[1mScanning dependencies of target obstacles[0m
[0.038s] [35m[1mScanning dependencies of target obstacle1[0m
[0.038s] [35m[1mScanning dependencies of target turtlebot3_drive[0m
[0.038s] [35m[1mScanning dependencies of target obstacle2[0m
[0.103s] [ 12%] [32mBuilding CXX object CMakeFiles/turtlebot3_drive.dir/src/turtlebot3_drive.cpp.o[0m
[0.169s] [ 37%] [32mBuilding CXX object CMakeFiles/obstacles.dir/models/turtlebot3_dqn_world/obstacle_plugin/obstacles.cc.o[0m
[0.169s] [ 37%] [32mBuilding CXX object CMakeFiles/obstacle1.dir/models/turtlebot3_dqn_world/obstacle_plugin/obstacle1.cc.o[0m
[0.169s] [ 50%] [32mBuilding CXX object CMakeFiles/obstacle2.dir/models/turtlebot3_dqn_world/obstacle_plugin/obstacle2.cc.o[0m
[6.349s] [ 62%] [32m[1mLinking CXX shared library libobstacle1.so[0m
[6.391s] [ 75%] [32m[1mLinking CXX shared library libobstacle2.so[0m
[6.445s] [ 87%] [32m[1mLinking CXX executable turtlebot3_drive[0m
[6.494s] [100%] [32m[1mLinking CXX shared library libobstacles.so[0m
[6.603s] [100%] Built target obstacle2
[6.604s] [100%] Built target obstacle1
[6.687s] [100%] Built target obstacles
[6.745s] [100%] Built target turtlebot3_drive
[6.753s] Invoked command in '/home/tal/TB3_PC_WS/ros2_galactic/build/turtlebot3_gazebo' returned '0': CMAKE_PREFIX_PATH=/opt/ros/galactic:${CMAKE_PREFIX_PATH} /usr/bin/cmake --build /home/tal/TB3_PC_WS/ros2_galactic/build/turtlebot3_gazebo -- -j16 -l16
[6.769s] Invoking command in '/home/tal/TB3_PC_WS/ros2_galactic/build/turtlebot3_gazebo': CMAKE_PREFIX_PATH=/opt/ros/galactic:${CMAKE_PREFIX_PATH} /usr/bin/cmake --install /home/tal/TB3_PC_WS/ros2_galactic/build/turtlebot3_gazebo
[6.774s] -- Install configuration: ""
[6.775s] -- Installing: /home/tal/TB3_PC_WS/ros2_galactic/install/turtlebot3_gazebo/lib/turtlebot3_gazebo/turtlebot3_drive
[6.776s] -- Set runtime path of "/home/tal/TB3_PC_WS/ros2_galactic/install/turtlebot3_gazebo/lib/turtlebot3_gazebo/turtlebot3_drive" to ""
[6.777s] -- Installing: /home/tal/TB3_PC_WS/ros2_galactic/install/turtlebot3_gazebo/share/turtlebot3_gazebo//launch
[6.777s] -- Installing: /home/tal/TB3_PC_WS/ros2_galactic/install/turtlebot3_gazebo/share/turtlebot3_gazebo//launch/spawn_turtlebot3.launch.py
[6.777s] -- Installing: /home/tal/TB3_PC_WS/ros2_galactic/install/turtlebot3_gazebo/share/turtlebot3_gazebo//launch/turtlebot3_dqn_stage2.launch.py
[6.777s] -- Installing: /home/tal/TB3_PC_WS/ros2_galactic/install/turtlebot3_gazebo/share/turtlebot3_gazebo//launch/turtlebot3_dqn_stage1.launch.py
[6.777s] -- Installing: /home/tal/TB3_PC_WS/ros2_galactic/install/turtlebot3_gazebo/share/turtlebot3_gazebo//launch/turtlebot3_dqn_stage3.launch.py
[6.777s] -- Installing: /home/tal/TB3_PC_WS/ros2_galactic/install/turtlebot3_gazebo/share/turtlebot3_gazebo//launch/empty_world.launch.py
[6.777s] -- Installing: /home/tal/TB3_PC_WS/ros2_galactic/install/turtlebot3_gazebo/share/turtlebot3_gazebo//launch/robot_state_publisher.launch.py
[6.777s] -- Installing: /home/tal/TB3_PC_WS/ros2_galactic/install/turtlebot3_gazebo/share/turtlebot3_gazebo//launch/turtlebot3_world.launch.py
[6.777s] -- Installing: /home/tal/TB3_PC_WS/ros2_galactic/install/turtlebot3_gazebo/share/turtlebot3_gazebo//launch/turtlebot3_house.launch.py
[6.777s] -- Installing: /home/tal/TB3_PC_WS/ros2_galactic/install/turtlebot3_gazebo/share/turtlebot3_gazebo//launch/turtlebot3_dqn_stage4.launch.py
[6.777s] -- Installing: /home/tal/TB3_PC_WS/ros2_galactic/install/turtlebot3_gazebo/share/turtlebot3_gazebo//models
[6.777s] -- Installing: /home/tal/TB3_PC_WS/ros2_galactic/install/turtlebot3_gazebo/share/turtlebot3_gazebo//models/turtlebot3_dqn_world
[6.777s] -- Installing: /home/tal/TB3_PC_WS/ros2_galactic/install/turtlebot3_gazebo/share/turtlebot3_gazebo//models/turtlebot3_dqn_world/obstacles
[6.777s] -- Installing: /home/tal/TB3_PC_WS/ros2_galactic/install/turtlebot3_gazebo/share/turtlebot3_gazebo//models/turtlebot3_dqn_world/obstacles/model.config
[6.777s] -- Installing: /home/tal/TB3_PC_WS/ros2_galactic/install/turtlebot3_gazebo/share/turtlebot3_gazebo//models/turtlebot3_dqn_world/obstacles/model.sdf
[6.777s] -- Installing: /home/tal/TB3_PC_WS/ros2_galactic/install/turtlebot3_gazebo/share/turtlebot3_gazebo//models/turtlebot3_dqn_world/obstacle1
[6.777s] -- Installing: /home/tal/TB3_PC_WS/ros2_galactic/install/turtlebot3_gazebo/share/turtlebot3_gazebo//models/turtlebot3_dqn_world/obstacle1/model.config
[6.777s] -- Installing: /home/tal/TB3_PC_WS/ros2_galactic/install/turtlebot3_gazebo/share/turtlebot3_gazebo//models/turtlebot3_dqn_world/obstacle1/model.sdf
[6.777s] -- Installing: /home/tal/TB3_PC_WS/ros2_galactic/install/turtlebot3_gazebo/share/turtlebot3_gazebo//models/turtlebot3_dqn_world/obstacle2
[6.778s] -- Installing: /home/tal/TB3_PC_WS/ros2_galactic/install/turtlebot3_gazebo/share/turtlebot3_gazebo//models/turtlebot3_dqn_world/obstacle2/model.config
[6.778s] -- Installing: /home/tal/TB3_PC_WS/ros2_galactic/install/turtlebot3_gazebo/share/turtlebot3_gazebo//models/turtlebot3_dqn_world/obstacle2/model.sdf
[6.778s] -- Installing: /home/tal/TB3_PC_WS/ros2_galactic/install/turtlebot3_gazebo/share/turtlebot3_gazebo//models/turtlebot3_dqn_world/model.config
[6.778s] -- Installing: /home/tal/TB3_PC_WS/ros2_galactic/install/turtlebot3_gazebo/share/turtlebot3_gazebo//models/turtlebot3_dqn_world/obstacle_plugin
[6.778s] -- Installing: /home/tal/TB3_PC_WS/ros2_galactic/install/turtlebot3_gazebo/share/turtlebot3_gazebo//models/turtlebot3_dqn_world/obstacle_plugin/obstacles.cc
[6.778s] -- Installing: /home/tal/TB3_PC_WS/ros2_galactic/install/turtlebot3_gazebo/share/turtlebot3_gazebo//models/turtlebot3_dqn_world/obstacle_plugin/obstacle2.cc
[6.778s] -- Installing: /home/tal/TB3_PC_WS/ros2_galactic/install/turtlebot3_gazebo/share/turtlebot3_gazebo//models/turtlebot3_dqn_world/obstacle_plugin/CMakeLists.txt
[6.778s] -- Installing: /home/tal/TB3_PC_WS/ros2_galactic/install/turtlebot3_gazebo/share/turtlebot3_gazebo//models/turtlebot3_dqn_world/obstacle_plugin/obstacle1.cc
[6.778s] -- Installing: /home/tal/TB3_PC_WS/ros2_galactic/install/turtlebot3_gazebo/share/turtlebot3_gazebo//models/turtlebot3_dqn_world/model.sdf
[6.778s] -- Installing: /home/tal/TB3_PC_WS/ros2_galactic/install/turtlebot3_gazebo/share/turtlebot3_gazebo//models/turtlebot3_dqn_world/goal_box
[6.778s] -- Installing: /home/tal/TB3_PC_WS/ros2_galactic/install/turtlebot3_gazebo/share/turtlebot3_gazebo//models/turtlebot3_dqn_world/goal_box/model.config
[6.778s] -- Installing: /home/tal/TB3_PC_WS/ros2_galactic/install/turtlebot3_gazebo/share/turtlebot3_gazebo//models/turtlebot3_dqn_world/goal_box/model.sdf
[6.778s] -- Installing: /home/tal/TB3_PC_WS/ros2_galactic/install/turtlebot3_gazebo/share/turtlebot3_gazebo//models/turtlebot3_dqn_world/inner_walls
[6.778s] -- Installing: /home/tal/TB3_PC_WS/ros2_galactic/install/turtlebot3_gazebo/share/turtlebot3_gazebo//models/turtlebot3_dqn_world/inner_walls/model.config
[6.778s] -- Installing: /home/tal/TB3_PC_WS/ros2_galactic/install/turtlebot3_gazebo/share/turtlebot3_gazebo//models/turtlebot3_dqn_world/inner_walls/model.sdf
[6.778s] -- Installing: /home/tal/TB3_PC_WS/ros2_galactic/install/turtlebot3_gazebo/share/turtlebot3_gazebo//models/turtlebot3_burger
[6.778s] -- Installing: /home/tal/TB3_PC_WS/ros2_galactic/install/turtlebot3_gazebo/share/turtlebot3_gazebo//models/turtlebot3_burger/model-1_4.sdf
[6.778s] -- Installing: /home/tal/TB3_PC_WS/ros2_galactic/install/turtlebot3_gazebo/share/turtlebot3_gazebo//models/turtlebot3_burger/model.config
[6.778s] -- Installing: /home/tal/TB3_PC_WS/ros2_galactic/install/turtlebot3_gazebo/share/turtlebot3_gazebo//models/turtlebot3_burger/model.sdf
[6.778s] -- Installing: /home/tal/TB3_PC_WS/ros2_galactic/install/turtlebot3_gazebo/share/turtlebot3_gazebo//models/turtlebot3_house
[6.778s] -- Installing: /home/tal/TB3_PC_WS/ros2_galactic/install/turtlebot3_gazebo/share/turtlebot3_gazebo//models/turtlebot3_house/model.config
[6.778s] -- Installing: /home/tal/TB3_PC_WS/ros2_galactic/install/turtlebot3_gazebo/share/turtlebot3_gazebo//models/turtlebot3_house/model.sdf
[6.778s] -- Installing: /home/tal/TB3_PC_WS/ros2_galactic/install/turtlebot3_gazebo/share/turtlebot3_gazebo//models/turtlebot3_common
[6.778s] -- Installing: /home/tal/TB3_PC_WS/ros2_galactic/install/turtlebot3_gazebo/share/turtlebot3_gazebo//models/turtlebot3_common/model.config
[6.778s] -- Installing: /home/tal/TB3_PC_WS/ros2_galactic/install/turtlebot3_gazebo/share/turtlebot3_gazebo//models/turtlebot3_common/meshes
[6.779s] -- Installing: /home/tal/TB3_PC_WS/ros2_galactic/install/turtlebot3_gazebo/share/turtlebot3_gazebo//models/turtlebot3_common/meshes/burger_base.dae
[6.779s] -- Installing: /home/tal/TB3_PC_WS/ros2_galactic/install/turtlebot3_gazebo/share/turtlebot3_gazebo//models/turtlebot3_common/meshes/lds.dae
[6.779s] -- Installing: /home/tal/TB3_PC_WS/ros2_galactic/install/turtlebot3_gazebo/share/turtlebot3_gazebo//models/turtlebot3_common/meshes/r200.dae
[6.779s] -- Installing: /home/tal/TB3_PC_WS/ros2_galactic/install/turtlebot3_gazebo/share/turtlebot3_gazebo//models/turtlebot3_common/meshes/tire.dae
[6.779s] -- Installing: /home/tal/TB3_PC_WS/ros2_galactic/install/turtlebot3_gazebo/share/turtlebot3_gazebo//models/turtlebot3_common/meshes/waffle_pi_base.dae
[6.779s] -- Installing: /home/tal/TB3_PC_WS/ros2_galactic/install/turtlebot3_gazebo/share/turtlebot3_gazebo//models/turtlebot3_common/meshes/waffle_base.dae
[6.779s] -- Installing: /home/tal/TB3_PC_WS/ros2_galactic/install/turtlebot3_gazebo/share/turtlebot3_gazebo//models/turtlebot3_waffle
[6.779s] -- Installing: /home/tal/TB3_PC_WS/ros2_galactic/install/turtlebot3_gazebo/share/turtlebot3_gazebo//models/turtlebot3_waffle/model-1_4.sdf
[6.779s] -- Installing: /home/tal/TB3_PC_WS/ros2_galactic/install/turtlebot3_gazebo/share/turtlebot3_gazebo//models/turtlebot3_waffle/model.config
[6.779s] -- Installing: /home/tal/TB3_PC_WS/ros2_galactic/install/turtlebot3_gazebo/share/turtlebot3_gazebo//models/turtlebot3_waffle/model.sdf
[6.779s] -- Installing: /home/tal/TB3_PC_WS/ros2_galactic/install/turtlebot3_gazebo/share/turtlebot3_gazebo//models/turtlebot3_waffle_pi
[6.779s] -- Installing: /home/tal/TB3_PC_WS/ros2_galactic/install/turtlebot3_gazebo/share/turtlebot3_gazebo//models/turtlebot3_waffle_pi/model.config
[6.779s] -- Installing: /home/tal/TB3_PC_WS/ros2_galactic/install/turtlebot3_gazebo/share/turtlebot3_gazebo//models/turtlebot3_waffle_pi/model-1_4_.sdf
[6.779s] -- Installing: /home/tal/TB3_PC_WS/ros2_galactic/install/turtlebot3_gazebo/share/turtlebot3_gazebo//models/turtlebot3_waffle_pi/model.sdf
[6.779s] -- Installing: /home/tal/TB3_PC_WS/ros2_galactic/install/turtlebot3_gazebo/share/turtlebot3_gazebo//models/turtlebot3_world
[6.779s] -- Installing: /home/tal/TB3_PC_WS/ros2_galactic/install/turtlebot3_gazebo/share/turtlebot3_gazebo//models/turtlebot3_world/model-1_4.sdf
[6.779s] -- Installing: /home/tal/TB3_PC_WS/ros2_galactic/install/turtlebot3_gazebo/share/turtlebot3_gazebo//models/turtlebot3_world/model.config
[6.779s] -- Installing: /home/tal/TB3_PC_WS/ros2_galactic/install/turtlebot3_gazebo/share/turtlebot3_gazebo//models/turtlebot3_world/model.sdf
[6.779s] -- Installing: /home/tal/TB3_PC_WS/ros2_galactic/install/turtlebot3_gazebo/share/turtlebot3_gazebo//models/turtlebot3_world/meshes
[6.779s] -- Installing: /home/tal/TB3_PC_WS/ros2_galactic/install/turtlebot3_gazebo/share/turtlebot3_gazebo//models/turtlebot3_world/meshes/wall.dae
[6.779s] -- Installing: /home/tal/TB3_PC_WS/ros2_galactic/install/turtlebot3_gazebo/share/turtlebot3_gazebo//models/turtlebot3_world/meshes/hexagon.dae
[6.779s] -- Installing: /home/tal/TB3_PC_WS/ros2_galactic/install/turtlebot3_gazebo/share/turtlebot3_gazebo//rviz
[6.779s] -- Installing: /home/tal/TB3_PC_WS/ros2_galactic/install/turtlebot3_gazebo/share/turtlebot3_gazebo//rviz/tb3_gazebo.rviz
[6.779s] -- Installing: /home/tal/TB3_PC_WS/ros2_galactic/install/turtlebot3_gazebo/share/turtlebot3_gazebo//urdf
[6.780s] -- Installing: /home/tal/TB3_PC_WS/ros2_galactic/install/turtlebot3_gazebo/share/turtlebot3_gazebo//urdf/common_properties.urdf
[6.780s] -- Installing: /home/tal/TB3_PC_WS/ros2_galactic/install/turtlebot3_gazebo/share/turtlebot3_gazebo//urdf/turtlebot3_waffle.urdf
[6.780s] -- Installing: /home/tal/TB3_PC_WS/ros2_galactic/install/turtlebot3_gazebo/share/turtlebot3_gazebo//urdf/turtlebot3_waffle_pi.urdf
[6.780s] -- Installing: /home/tal/TB3_PC_WS/ros2_galactic/install/turtlebot3_gazebo/share/turtlebot3_gazebo//urdf/turtlebot3_burger.urdf
[6.780s] -- Installing: /home/tal/TB3_PC_WS/ros2_galactic/install/turtlebot3_gazebo/share/turtlebot3_gazebo//worlds
[6.780s] -- Installing: /home/tal/TB3_PC_WS/ros2_galactic/install/turtlebot3_gazebo/share/turtlebot3_gazebo//worlds/turtlebot3_dqn_stage2.world
[6.780s] -- Installing: /home/tal/TB3_PC_WS/ros2_galactic/install/turtlebot3_gazebo/share/turtlebot3_gazebo//worlds/turtlebot3_world.world
[6.780s] -- Installing: /home/tal/TB3_PC_WS/ros2_galactic/install/turtlebot3_gazebo/share/turtlebot3_gazebo//worlds/turtlebot3_dqn_stage3.world
[6.780s] -- Installing: /home/tal/TB3_PC_WS/ros2_galactic/install/turtlebot3_gazebo/share/turtlebot3_gazebo//worlds/turtlebot3_dqn_stage4.world
[6.780s] -- Installing: /home/tal/TB3_PC_WS/ros2_galactic/install/turtlebot3_gazebo/share/turtlebot3_gazebo//worlds/turtlebot3_house.world
[6.780s] -- Installing: /home/tal/TB3_PC_WS/ros2_galactic/install/turtlebot3_gazebo/share/turtlebot3_gazebo//worlds/empty_world.world
[6.780s] -- Installing: /home/tal/TB3_PC_WS/ros2_galactic/install/turtlebot3_gazebo/share/turtlebot3_gazebo//worlds/turtlebot3_dqn_stage1.world
[6.780s] -- Installing: /home/tal/TB3_PC_WS/ros2_galactic/install/turtlebot3_gazebo/include/
[6.780s] -- Installing: /home/tal/TB3_PC_WS/ros2_galactic/install/turtlebot3_gazebo/include//turtlebot3_gazebo
[6.780s] -- Installing: /home/tal/TB3_PC_WS/ros2_galactic/install/turtlebot3_gazebo/include//turtlebot3_gazebo/turtlebot3_drive.hpp
[6.780s] -- Installing: /home/tal/TB3_PC_WS/ros2_galactic/install/turtlebot3_gazebo/share/ament_index/resource_index/package_run_dependencies/turtlebot3_gazebo
[6.780s] -- Installing: /home/tal/TB3_PC_WS/ros2_galactic/install/turtlebot3_gazebo/share/ament_index/resource_index/parent_prefix_path/turtlebot3_gazebo
[6.780s] -- Installing: /home/tal/TB3_PC_WS/ros2_galactic/install/turtlebot3_gazebo/share/turtlebot3_gazebo/environment/ament_prefix_path.sh
[6.780s] -- Installing: /home/tal/TB3_PC_WS/ros2_galactic/install/turtlebot3_gazebo/share/turtlebot3_gazebo/environment/ament_prefix_path.dsv
[6.780s] -- Installing: /home/tal/TB3_PC_WS/ros2_galactic/install/turtlebot3_gazebo/share/turtlebot3_gazebo/environment/path.sh
[6.780s] -- Installing: /home/tal/TB3_PC_WS/ros2_galactic/install/turtlebot3_gazebo/share/turtlebot3_gazebo/environment/path.dsv
[6.780s] -- Installing: /home/tal/TB3_PC_WS/ros2_galactic/install/turtlebot3_gazebo/share/turtlebot3_gazebo/local_setup.bash
[6.780s] -- Installing: /home/tal/TB3_PC_WS/ros2_galactic/install/turtlebot3_gazebo/share/turtlebot3_gazebo/local_setup.sh
[6.780s] -- Installing: /home/tal/TB3_PC_WS/ros2_galactic/install/turtlebot3_gazebo/share/turtlebot3_gazebo/local_setup.zsh
[6.780s] -- Installing: /home/tal/TB3_PC_WS/ros2_galactic/install/turtlebot3_gazebo/share/turtlebot3_gazebo/local_setup.dsv
[6.781s] -- Installing: /home/tal/TB3_PC_WS/ros2_galactic/install/turtlebot3_gazebo/share/turtlebot3_gazebo/package.dsv
[6.781s] -- Installing: /home/tal/TB3_PC_WS/ros2_galactic/install/turtlebot3_gazebo/share/ament_index/resource_index/packages/turtlebot3_gazebo
[6.781s] -- Installing: /home/tal/TB3_PC_WS/ros2_galactic/install/turtlebot3_gazebo/share/turtlebot3_gazebo/cmake/ament_cmake_export_include_directories-extras.cmake
[6.781s] -- Installing: /home/tal/TB3_PC_WS/ros2_galactic/install/turtlebot3_gazebo/share/turtlebot3_gazebo/cmake/ament_cmake_export_dependencies-extras.cmake
[6.781s] -- Installing: /home/tal/TB3_PC_WS/ros2_galactic/install/turtlebot3_gazebo/share/turtlebot3_gazebo/cmake/turtlebot3_gazeboConfig.cmake
[6.781s] -- Installing: /home/tal/TB3_PC_WS/ros2_galactic/install/turtlebot3_gazebo/share/turtlebot3_gazebo/cmake/turtlebot3_gazeboConfig-version.cmake
[6.781s] -- Installing: /home/tal/TB3_PC_WS/ros2_galactic/install/turtlebot3_gazebo/share/turtlebot3_gazebo/package.xml
[6.782s] Invoked command in '/home/tal/TB3_PC_WS/ros2_galactic/build/turtlebot3_gazebo' returned '0': CMAKE_PREFIX_PATH=/opt/ros/galactic:${CMAKE_PREFIX_PATH} /usr/bin/cmake --install /home/tal/TB3_PC_WS/ros2_galactic/build/turtlebot3_gazebo
