[35m[1mConsolidate compiler generated dependencies of target image_transport_tutorials__rosidl_generator_c[0m
[35m[1mConsolidate compiler generated dependencies of target my_subscriber[0m
[35m[1mConsolidate compiler generated dependencies of target my_publisher[0m
[  2%] Built target image_transport_tutorials__cpp
[  9%] Built target image_transport_tutorials__rosidl_generator_c
[35m[1mConsolidate compiler generated dependencies of target publisher_from_video[0m
[ 17%] Built target my_publisher
[ 19%] Built target my_subscriber
[ 19%] Built target ament_cmake_python_copy_image_transport_tutorials
[35m[1mConsolidate compiler generated dependencies of target image_transport_tutorials__rosidl_typesupport_cpp[0m
[ 24%] Built target publisher_from_video
[35m[1mConsolidate compiler generated dependencies of target image_transport_tutorials__rosidl_typesupport_fastrtps_c[0m
[35m[1mConsolidate compiler generated dependencies of target image_transport_tutorials__rosidl_typesupport_introspection_c[0m
[ 31%] Built target image_transport_tutorials__rosidl_typesupport_cpp
[ 39%] Built target image_transport_tutorials__rosidl_typesupport_fastrtps_c
[35m[1mConsolidate compiler generated dependencies of target image_transport_tutorials__rosidl_typesupport_c[0m
[35m[1mConsolidate compiler generated dependencies of target image_transport_tutorials__rosidl_typesupport_fastrtps_cpp[0m
[ 46%] Built target image_transport_tutorials__rosidl_typesupport_c
[35m[1mConsolidate compiler generated dependencies of target resized_plugins[0m
[ 53%] Built target image_transport_tutorials__rosidl_typesupport_introspection_c
[35m[1mConsolidate compiler generated dependencies of target image_transport_tutorials__rosidl_typesupport_introspection_cpp[0m
[ 60%] Built target image_transport_tutorials__rosidl_typesupport_fastrtps_cpp
[ 68%] Built target image_transport_tutorials__rosidl_typesupport_introspection_cpp
[ 78%] Built target resized_plugins
[ 78%] Built target image_transport_tutorials
[ 80%] Built target image_transport_tutorials__py
[35m[1mConsolidate compiler generated dependencies of target image_transport_tutorials__rosidl_generator_py[0m
[ 85%] Built target image_transport_tutorials__rosidl_generator_py
[35m[1mConsolidate compiler generated dependencies of target image_transport_tutorials__rosidl_typesupport_introspection_c__pyext[0m
[35m[1mConsolidate compiler generated dependencies of target image_transport_tutorials__rosidl_typesupport_fastrtps_c__pyext[0m
[35m[1mConsolidate compiler generated dependencies of target image_transport_tutorials__rosidl_typesupport_c__pyext[0m
[ 90%] Built target image_transport_tutorials__rosidl_typesupport_c__pyext
[ 95%] Built target image_transport_tutorials__rosidl_typesupport_introspection_c__pyext
[100%] Built target image_transport_tutorials__rosidl_typesupport_fastrtps_c__pyext
running egg_info
writing image_transport_tutorials.egg-info/PKG-INFO
writing dependency_links to image_transport_tutorials.egg-info/dependency_links.txt
writing top-level names to image_transport_tutorials.egg-info/top_level.txt
reading manifest file 'image_transport_tutorials.egg-info/SOURCES.txt'
writing manifest file 'image_transport_tutorials.egg-info/SOURCES.txt'
[100%] Built target ament_cmake_python_build_image_transport_tutorials_egg
-- Install configuration: ""
-- Installing: /home/tal/TB3_PC_WS/install/image_transport_tutorials/share/ament_index/resource_index/rosidl_interfaces/image_transport_tutorials
-- Up-to-date: /home/tal/TB3_PC_WS/install/image_transport_tutorials/include/image_transport_tutorials/image_transport_tutorials
-- Up-to-date: /home/tal/TB3_PC_WS/install/image_transport_tutorials/include/image_transport_tutorials/image_transport_tutorials/msg
-- Installing: /home/tal/TB3_PC_WS/install/image_transport_tutorials/include/image_transport_tutorials/image_transport_tutorials/msg/resized_image.h
-- Installing: /home/tal/TB3_PC_WS/install/image_transport_tutorials/include/image_transport_tutorials/image_transport_tutorials/msg/rosidl_generator_c__visibility_control.h
-- Up-to-date: /home/tal/TB3_PC_WS/install/image_transport_tutorials/include/image_transport_tutorials/image_transport_tutorials/msg/detail
-- Installing: /home/tal/TB3_PC_WS/install/image_transport_tutorials/include/image_transport_tutorials/image_transport_tutorials/msg/detail/resized_image__functions.h
-- Installing: /home/tal/TB3_PC_WS/install/image_transport_tutorials/include/image_transport_tutorials/image_transport_tutorials/msg/detail/resized_image__struct.h
-- Installing: /home/tal/TB3_PC_WS/install/image_transport_tutorials/include/image_transport_tutorials/image_transport_tutorials/msg/detail/resized_image__functions.c
-- Installing: /home/tal/TB3_PC_WS/install/image_transport_tutorials/include/image_transport_tutorials/image_transport_tutorials/msg/detail/resized_image__type_support.h
-- Installing: /home/tal/TB3_PC_WS/install/image_transport_tutorials/share/image_transport_tutorials/environment/library_path.sh
-- Installing: /home/tal/TB3_PC_WS/install/image_transport_tutorials/share/image_transport_tutorials/environment/library_path.dsv
-- Up-to-date: /home/tal/TB3_PC_WS/install/image_transport_tutorials/lib/libimage_transport_tutorials__rosidl_generator_c.so
-- Up-to-date: /home/tal/TB3_PC_WS/install/image_transport_tutorials/include/image_transport_tutorials/image_transport_tutorials
-- Up-to-date: /home/tal/TB3_PC_WS/install/image_transport_tutorials/include/image_transport_tutorials/image_transport_tutorials/msg
-- Up-to-date: /home/tal/TB3_PC_WS/install/image_transport_tutorials/include/image_transport_tutorials/image_transport_tutorials/msg/detail
-- Installing: /home/tal/TB3_PC_WS/install/image_transport_tutorials/include/image_transport_tutorials/image_transport_tutorials/msg/detail/resized_image__rosidl_typesupport_fastrtps_c.h
-- Installing: /home/tal/TB3_PC_WS/install/image_transport_tutorials/include/image_transport_tutorials/image_transport_tutorials/msg/rosidl_typesupport_fastrtps_c__visibility_control.h
-- Up-to-date: /home/tal/TB3_PC_WS/install/image_transport_tutorials/lib/libimage_transport_tutorials__rosidl_typesupport_fastrtps_c.so
-- Up-to-date: /home/tal/TB3_PC_WS/install/image_transport_tutorials/include/image_transport_tutorials/image_transport_tutorials
-- Up-to-date: /home/tal/TB3_PC_WS/install/image_transport_tutorials/include/image_transport_tutorials/image_transport_tutorials/msg
-- Up-to-date: /home/tal/TB3_PC_WS/install/image_transport_tutorials/include/image_transport_tutorials/image_transport_tutorials/msg/detail
-- Installing: /home/tal/TB3_PC_WS/install/image_transport_tutorials/include/image_transport_tutorials/image_transport_tutorials/msg/detail/resized_image__struct.hpp
-- Installing: /home/tal/TB3_PC_WS/install/image_transport_tutorials/include/image_transport_tutorials/image_transport_tutorials/msg/detail/resized_image__traits.hpp
-- Installing: /home/tal/TB3_PC_WS/install/image_transport_tutorials/include/image_transport_tutorials/image_transport_tutorials/msg/detail/resized_image__builder.hpp
-- Installing: /home/tal/TB3_PC_WS/install/image_transport_tutorials/include/image_transport_tutorials/image_transport_tutorials/msg/resized_image.hpp
-- Up-to-date: /home/tal/TB3_PC_WS/install/image_transport_tutorials/include/image_transport_tutorials/image_transport_tutorials
-- Up-to-date: /home/tal/TB3_PC_WS/install/image_transport_tutorials/include/image_transport_tutorials/image_transport_tutorials/msg
-- Installing: /home/tal/TB3_PC_WS/install/image_transport_tutorials/include/image_transport_tutorials/image_transport_tutorials/msg/rosidl_typesupport_fastrtps_cpp__visibility_control.h
-- Up-to-date: /home/tal/TB3_PC_WS/install/image_transport_tutorials/include/image_transport_tutorials/image_transport_tutorials/msg/detail
-- Installing: /home/tal/TB3_PC_WS/install/image_transport_tutorials/include/image_transport_tutorials/image_transport_tutorials/msg/detail/resized_image__rosidl_typesupport_fastrtps_cpp.hpp
-- Up-to-date: /home/tal/TB3_PC_WS/install/image_transport_tutorials/include/image_transport_tutorials/image_transport_tutorials/msg/detail/dds_fastrtps
-- Up-to-date: /home/tal/TB3_PC_WS/install/image_transport_tutorials/lib/libimage_transport_tutorials__rosidl_typesupport_fastrtps_cpp.so
-- Up-to-date: /home/tal/TB3_PC_WS/install/image_transport_tutorials/include/image_transport_tutorials/image_transport_tutorials
-- Up-to-date: /home/tal/TB3_PC_WS/install/image_transport_tutorials/include/image_transport_tutorials/image_transport_tutorials/msg
-- Up-to-date: /home/tal/TB3_PC_WS/install/image_transport_tutorials/include/image_transport_tutorials/image_transport_tutorials/msg/detail
-- Installing: /home/tal/TB3_PC_WS/install/image_transport_tutorials/include/image_transport_tutorials/image_transport_tutorials/msg/detail/resized_image__type_support.c
-- Installing: /home/tal/TB3_PC_WS/install/image_transport_tutorials/include/image_transport_tutorials/image_transport_tutorials/msg/detail/resized_image__rosidl_typesupport_introspection_c.h
-- Installing: /home/tal/TB3_PC_WS/install/image_transport_tutorials/include/image_transport_tutorials/image_transport_tutorials/msg/rosidl_typesupport_introspection_c__visibility_control.h
-- Up-to-date: /home/tal/TB3_PC_WS/install/image_transport_tutorials/lib/libimage_transport_tutorials__rosidl_typesupport_introspection_c.so
-- Up-to-date: /home/tal/TB3_PC_WS/install/image_transport_tutorials/lib/libimage_transport_tutorials__rosidl_typesupport_c.so
-- Up-to-date: /home/tal/TB3_PC_WS/install/image_transport_tutorials/include/image_transport_tutorials/image_transport_tutorials
-- Up-to-date: /home/tal/TB3_PC_WS/install/image_transport_tutorials/include/image_transport_tutorials/image_transport_tutorials/msg
-- Up-to-date: /home/tal/TB3_PC_WS/install/image_transport_tutorials/include/image_transport_tutorials/image_transport_tutorials/msg/detail
-- Installing: /home/tal/TB3_PC_WS/install/image_transport_tutorials/include/image_transport_tutorials/image_transport_tutorials/msg/detail/resized_image__rosidl_typesupport_introspection_cpp.hpp
-- Installing: /home/tal/TB3_PC_WS/install/image_transport_tutorials/include/image_transport_tutorials/image_transport_tutorials/msg/detail/resized_image__type_support.cpp
-- Up-to-date: /home/tal/TB3_PC_WS/install/image_transport_tutorials/lib/libimage_transport_tutorials__rosidl_typesupport_introspection_cpp.so
-- Up-to-date: /home/tal/TB3_PC_WS/install/image_transport_tutorials/lib/libimage_transport_tutorials__rosidl_typesupport_cpp.so
-- Installing: /home/tal/TB3_PC_WS/install/image_transport_tutorials/share/image_transport_tutorials/environment/pythonpath.sh
-- Installing: /home/tal/TB3_PC_WS/install/image_transport_tutorials/share/image_transport_tutorials/environment/pythonpath.dsv
-- Up-to-date: /home/tal/TB3_PC_WS/install/image_transport_tutorials/local/lib/python3.10/dist-packages/image_transport_tutorials-0.0.0-py3.10.egg-info
-- Installing: /home/tal/TB3_PC_WS/install/image_transport_tutorials/local/lib/python3.10/dist-packages/image_transport_tutorials-0.0.0-py3.10.egg-info/PKG-INFO
-- Installing: /home/tal/TB3_PC_WS/install/image_transport_tutorials/local/lib/python3.10/dist-packages/image_transport_tutorials-0.0.0-py3.10.egg-info/top_level.txt
-- Installing: /home/tal/TB3_PC_WS/install/image_transport_tutorials/local/lib/python3.10/dist-packages/image_transport_tutorials-0.0.0-py3.10.egg-info/SOURCES.txt
-- Installing: /home/tal/TB3_PC_WS/install/image_transport_tutorials/local/lib/python3.10/dist-packages/image_transport_tutorials-0.0.0-py3.10.egg-info/dependency_links.txt
-- Up-to-date: /home/tal/TB3_PC_WS/install/image_transport_tutorials/local/lib/python3.10/dist-packages/image_transport_tutorials
-- Up-to-date: /home/tal/TB3_PC_WS/install/image_transport_tutorials/local/lib/python3.10/dist-packages/image_transport_tutorials/libimage_transport_tutorials__rosidl_generator_py.so
-- Up-to-date: /home/tal/TB3_PC_WS/install/image_transport_tutorials/local/lib/python3.10/dist-packages/image_transport_tutorials/msg
-- Up-to-date: /home/tal/TB3_PC_WS/install/image_transport_tutorials/local/lib/python3.10/dist-packages/image_transport_tutorials/msg/_resized_image.py
-- Up-to-date: /home/tal/TB3_PC_WS/install/image_transport_tutorials/local/lib/python3.10/dist-packages/image_transport_tutorials/msg/_resized_image_s.c
-- Up-to-date: /home/tal/TB3_PC_WS/install/image_transport_tutorials/local/lib/python3.10/dist-packages/image_transport_tutorials/msg/__init__.py
-- Up-to-date: /home/tal/TB3_PC_WS/install/image_transport_tutorials/local/lib/python3.10/dist-packages/image_transport_tutorials/image_transport_tutorials_s__rosidl_typesupport_introspection_c.cpython-310-x86_64-linux-gnu.so
-- Up-to-date: /home/tal/TB3_PC_WS/install/image_transport_tutorials/local/lib/python3.10/dist-packages/image_transport_tutorials/_image_transport_tutorials_s.ep.rosidl_typesupport_introspection_c.c
-- Up-to-date: /home/tal/TB3_PC_WS/install/image_transport_tutorials/local/lib/python3.10/dist-packages/image_transport_tutorials/__init__.py
-- Up-to-date: /home/tal/TB3_PC_WS/install/image_transport_tutorials/local/lib/python3.10/dist-packages/image_transport_tutorials/_image_transport_tutorials_s.ep.rosidl_typesupport_fastrtps_c.c
-- Up-to-date: /home/tal/TB3_PC_WS/install/image_transport_tutorials/local/lib/python3.10/dist-packages/image_transport_tutorials/_image_transport_tutorials_s.ep.rosidl_typesupport_c.c
-- Up-to-date: /home/tal/TB3_PC_WS/install/image_transport_tutorials/local/lib/python3.10/dist-packages/image_transport_tutorials/image_transport_tutorials_s__rosidl_typesupport_c.cpython-310-x86_64-linux-gnu.so
-- Up-to-date: /home/tal/TB3_PC_WS/install/image_transport_tutorials/local/lib/python3.10/dist-packages/image_transport_tutorials/image_transport_tutorials_s__rosidl_typesupport_fastrtps_c.cpython-310-x86_64-linux-gnu.so
Listing '/home/tal/TB3_PC_WS/install/image_transport_tutorials/local/lib/python3.10/dist-packages/image_transport_tutorials'...
Listing '/home/tal/TB3_PC_WS/install/image_transport_tutorials/local/lib/python3.10/dist-packages/image_transport_tutorials/msg'...
-- Up-to-date: /home/tal/TB3_PC_WS/install/image_transport_tutorials/local/lib/python3.10/dist-packages/image_transport_tutorials/image_transport_tutorials_s__rosidl_typesupport_fastrtps_c.cpython-310-x86_64-linux-gnu.so
-- Up-to-date: /home/tal/TB3_PC_WS/install/image_transport_tutorials/local/lib/python3.10/dist-packages/image_transport_tutorials/image_transport_tutorials_s__rosidl_typesupport_introspection_c.cpython-310-x86_64-linux-gnu.so
-- Up-to-date: /home/tal/TB3_PC_WS/install/image_transport_tutorials/local/lib/python3.10/dist-packages/image_transport_tutorials/image_transport_tutorials_s__rosidl_typesupport_c.cpython-310-x86_64-linux-gnu.so
-- Up-to-date: /home/tal/TB3_PC_WS/install/image_transport_tutorials/lib/libimage_transport_tutorials__rosidl_generator_py.so
-- Installing: /home/tal/TB3_PC_WS/install/image_transport_tutorials/share/image_transport_tutorials/msg/ResizedImage.idl
-- Installing: /home/tal/TB3_PC_WS/install/image_transport_tutorials/share/image_transport_tutorials/msg/ResizedImage.msg
-- Installing: /home/tal/TB3_PC_WS/install/image_transport_tutorials/share/image_transport_tutorials/resized_plugins.xml
-- Up-to-date: /home/tal/TB3_PC_WS/install/image_transport_tutorials/lib/image_transport_tutorials/my_publisher
-- Up-to-date: /home/tal/TB3_PC_WS/install/image_transport_tutorials/lib/image_transport_tutorials/my_subscriber
-- Up-to-date: /home/tal/TB3_PC_WS/install/image_transport_tutorials/lib/libresized_plugins.so
-- Up-to-date: /home/tal/TB3_PC_WS/install/image_transport_tutorials/lib/image_transport_tutorials/publisher_from_video
-- Up-to-date: /home/tal/TB3_PC_WS/install/image_transport_tutorials/include/image_transport_tutorials
-- Up-to-date: /home/tal/TB3_PC_WS/install/image_transport_tutorials/include/image_transport_tutorials/image_transport_tutorials
-- Installing: /home/tal/TB3_PC_WS/install/image_transport_tutorials/include/image_transport_tutorials/image_transport_tutorials/resized_subscriber.hpp
-- Installing: /home/tal/TB3_PC_WS/install/image_transport_tutorials/include/image_transport_tutorials/image_transport_tutorials/resized_publisher.hpp
-- Installing: /home/tal/TB3_PC_WS/install/image_transport_tutorials/share/ament_index/resource_index/package_run_dependencies/image_transport_tutorials
-- Installing: /home/tal/TB3_PC_WS/install/image_transport_tutorials/share/ament_index/resource_index/parent_prefix_path/image_transport_tutorials
-- Installing: /home/tal/TB3_PC_WS/install/image_transport_tutorials/share/image_transport_tutorials/environment/ament_prefix_path.sh
-- Installing: /home/tal/TB3_PC_WS/install/image_transport_tutorials/share/image_transport_tutorials/environment/ament_prefix_path.dsv
-- Installing: /home/tal/TB3_PC_WS/install/image_transport_tutorials/share/image_transport_tutorials/environment/path.sh
-- Installing: /home/tal/TB3_PC_WS/install/image_transport_tutorials/share/image_transport_tutorials/environment/path.dsv
-- Installing: /home/tal/TB3_PC_WS/install/image_transport_tutorials/share/image_transport_tutorials/local_setup.bash
-- Installing: /home/tal/TB3_PC_WS/install/image_transport_tutorials/share/image_transport_tutorials/local_setup.sh
-- Installing: /home/tal/TB3_PC_WS/install/image_transport_tutorials/share/image_transport_tutorials/local_setup.zsh
-- Installing: /home/tal/TB3_PC_WS/install/image_transport_tutorials/share/image_transport_tutorials/local_setup.dsv
-- Installing: /home/tal/TB3_PC_WS/install/image_transport_tutorials/share/image_transport_tutorials/package.dsv
-- Installing: /home/tal/TB3_PC_WS/install/image_transport_tutorials/share/ament_index/resource_index/packages/image_transport_tutorials
-- Installing: /home/tal/TB3_PC_WS/install/image_transport_tutorials/share/ament_index/resource_index/image_transport_tutorials__pluginlib__plugin/image_transport_tutorials
-- Installing: /home/tal/TB3_PC_WS/install/image_transport_tutorials/share/image_transport_tutorials/cmake/export_image_transport_tutorials__rosidl_generator_cExport.cmake
-- Installing: /home/tal/TB3_PC_WS/install/image_transport_tutorials/share/image_transport_tutorials/cmake/export_image_transport_tutorials__rosidl_generator_cExport-noconfig.cmake
-- Installing: /home/tal/TB3_PC_WS/install/image_transport_tutorials/share/image_transport_tutorials/cmake/export_image_transport_tutorials__rosidl_typesupport_fastrtps_cExport.cmake
-- Installing: /home/tal/TB3_PC_WS/install/image_transport_tutorials/share/image_transport_tutorials/cmake/export_image_transport_tutorials__rosidl_typesupport_fastrtps_cExport-noconfig.cmake
-- Installing: /home/tal/TB3_PC_WS/install/image_transport_tutorials/share/image_transport_tutorials/cmake/export_image_transport_tutorials__rosidl_generator_cppExport.cmake
-- Installing: /home/tal/TB3_PC_WS/install/image_transport_tutorials/share/image_transport_tutorials/cmake/export_image_transport_tutorials__rosidl_typesupport_fastrtps_cppExport.cmake
-- Installing: /home/tal/TB3_PC_WS/install/image_transport_tutorials/share/image_transport_tutorials/cmake/export_image_transport_tutorials__rosidl_typesupport_fastrtps_cppExport-noconfig.cmake
-- Installing: /home/tal/TB3_PC_WS/install/image_transport_tutorials/share/image_transport_tutorials/cmake/image_transport_tutorials__rosidl_typesupport_introspection_cExport.cmake
-- Installing: /home/tal/TB3_PC_WS/install/image_transport_tutorials/share/image_transport_tutorials/cmake/image_transport_tutorials__rosidl_typesupport_introspection_cExport-noconfig.cmake
-- Installing: /home/tal/TB3_PC_WS/install/image_transport_tutorials/share/image_transport_tutorials/cmake/image_transport_tutorials__rosidl_typesupport_cExport.cmake
-- Installing: /home/tal/TB3_PC_WS/install/image_transport_tutorials/share/image_transport_tutorials/cmake/image_transport_tutorials__rosidl_typesupport_cExport-noconfig.cmake
-- Installing: /home/tal/TB3_PC_WS/install/image_transport_tutorials/share/image_transport_tutorials/cmake/image_transport_tutorials__rosidl_typesupport_introspection_cppExport.cmake
-- Installing: /home/tal/TB3_PC_WS/install/image_transport_tutorials/share/image_transport_tutorials/cmake/image_transport_tutorials__rosidl_typesupport_introspection_cppExport-noconfig.cmake
-- Installing: /home/tal/TB3_PC_WS/install/image_transport_tutorials/share/image_transport_tutorials/cmake/image_transport_tutorials__rosidl_typesupport_cppExport.cmake
-- Installing: /home/tal/TB3_PC_WS/install/image_transport_tutorials/share/image_transport_tutorials/cmake/image_transport_tutorials__rosidl_typesupport_cppExport-noconfig.cmake
-- Installing: /home/tal/TB3_PC_WS/install/image_transport_tutorials/share/image_transport_tutorials/cmake/export_image_transport_tutorials__rosidl_generator_pyExport.cmake
-- Installing: /home/tal/TB3_PC_WS/install/image_transport_tutorials/share/image_transport_tutorials/cmake/export_image_transport_tutorials__rosidl_generator_pyExport-noconfig.cmake
-- Installing: /home/tal/TB3_PC_WS/install/image_transport_tutorials/share/image_transport_tutorials/cmake/rosidl_cmake-extras.cmake
-- Installing: /home/tal/TB3_PC_WS/install/image_transport_tutorials/share/image_transport_tutorials/cmake/ament_cmake_export_dependencies-extras.cmake
-- Installing: /home/tal/TB3_PC_WS/install/image_transport_tutorials/share/image_transport_tutorials/cmake/ament_cmake_export_include_directories-extras.cmake
-- Installing: /home/tal/TB3_PC_WS/install/image_transport_tutorials/share/image_transport_tutorials/cmake/ament_cmake_export_libraries-extras.cmake
-- Installing: /home/tal/TB3_PC_WS/install/image_transport_tutorials/share/image_transport_tutorials/cmake/ament_cmake_export_targets-extras.cmake
-- Installing: /home/tal/TB3_PC_WS/install/image_transport_tutorials/share/image_transport_tutorials/cmake/rosidl_cmake_export_typesupport_targets-extras.cmake
-- Installing: /home/tal/TB3_PC_WS/install/image_transport_tutorials/share/image_transport_tutorials/cmake/rosidl_cmake_export_typesupport_libraries-extras.cmake
-- Installing: /home/tal/TB3_PC_WS/install/image_transport_tutorials/share/image_transport_tutorials/cmake/image_transport_tutorialsConfig.cmake
-- Installing: /home/tal/TB3_PC_WS/install/image_transport_tutorials/share/image_transport_tutorials/cmake/image_transport_tutorialsConfig-version.cmake
-- Installing: /home/tal/TB3_PC_WS/install/image_transport_tutorials/share/image_transport_tutorials/package.xml
