[0.144s] Invoking command in '/home/tal/TB3_PC_WS/build/image_transport_tutorials': CMAKE_PREFIX_PATH=${CMAKE_PREFIX_PATH}:/home/tal/turtlebot3_ws/install/tb_run_script:/home/tal/tut2_ws/install/my_robot_controller:/home/tal/tut_ws/install/my_robot_controller:/home/tal/tutorial_ws/install/launch_testing_examples:/home/tal/tutorial_ws/install/examples_rclpy_pointcloud_publisher:/home/tal/tutorial_ws/install/examples_rclpy_minimal_subscriber:/home/tal/tutorial_ws/install/examples_rclpy_minimal_service:/home/tal/tutorial_ws/install/examples_rclpy_minimal_publisher:/home/tal/tutorial_ws/install/examples_rclpy_minimal_client:/home/tal/tutorial_ws/install/examples_rclpy_minimal_action_server:/home/tal/tutorial_ws/install/examples_rclpy_minimal_action_client:/home/tal/tutorial_ws/install/examples_rclpy_guard_conditions:/home/tal/tutorial_ws/install/examples_rclpy_executors:/opt/ros/humble /usr/bin/cmake --build /home/tal/TB3_PC_WS/build/image_transport_tutorials -- -j6 -l6
[0.248s] [35m[1mConsolidate compiler generated dependencies of target image_transport_tutorials__rosidl_generator_c[0m
[0.251s] [35m[1mConsolidate compiler generated dependencies of target my_subscriber[0m
[0.261s] [35m[1mConsolidate compiler generated dependencies of target my_publisher[0m
[0.262s] [  2%] Built target image_transport_tutorials__cpp
[0.325s] [  9%] Built target image_transport_tutorials__rosidl_generator_c
[0.325s] [35m[1mConsolidate compiler generated dependencies of target publisher_from_video[0m
[0.325s] [ 17%] Built target my_publisher
[0.325s] [ 19%] Built target my_subscriber
[0.325s] [ 19%] Built target ament_cmake_python_copy_image_transport_tutorials
[0.334s] [35m[1mConsolidate compiler generated dependencies of target image_transport_tutorials__rosidl_typesupport_cpp[0m
[0.334s] [ 24%] Built target publisher_from_video
[0.334s] [35m[1mConsolidate compiler generated dependencies of target image_transport_tutorials__rosidl_typesupport_fastrtps_c[0m
[0.344s] [35m[1mConsolidate compiler generated dependencies of target image_transport_tutorials__rosidl_typesupport_introspection_c[0m
[0.346s] [ 31%] Built target image_transport_tutorials__rosidl_typesupport_cpp
[0.360s] [ 39%] Built target image_transport_tutorials__rosidl_typesupport_fastrtps_c
[0.362s] [35m[1mConsolidate compiler generated dependencies of target image_transport_tutorials__rosidl_typesupport_c[0m
[0.362s] [35m[1mConsolidate compiler generated dependencies of target image_transport_tutorials__rosidl_typesupport_fastrtps_cpp[0m
[0.370s] [ 46%] Built target image_transport_tutorials__rosidl_typesupport_c
[0.372s] [35m[1mConsolidate compiler generated dependencies of target resized_plugins[0m
[0.428s] [ 53%] Built target image_transport_tutorials__rosidl_typesupport_introspection_c
[0.428s] [35m[1mConsolidate compiler generated dependencies of target image_transport_tutorials__rosidl_typesupport_introspection_cpp[0m
[0.428s] [ 60%] Built target image_transport_tutorials__rosidl_typesupport_fastrtps_cpp
[0.478s] [ 68%] Built target image_transport_tutorials__rosidl_typesupport_introspection_cpp
[0.530s] [ 78%] Built target resized_plugins
[0.530s] [ 78%] Built target image_transport_tutorials
[0.531s] [ 80%] Built target image_transport_tutorials__py
[0.534s] [35m[1mConsolidate compiler generated dependencies of target image_transport_tutorials__rosidl_generator_py[0m
[0.548s] [ 85%] Built target image_transport_tutorials__rosidl_generator_py
[0.556s] [35m[1mConsolidate compiler generated dependencies of target image_transport_tutorials__rosidl_typesupport_introspection_c__pyext[0m
[0.556s] [35m[1mConsolidate compiler generated dependencies of target image_transport_tutorials__rosidl_typesupport_fastrtps_c__pyext[0m
[0.556s] [35m[1mConsolidate compiler generated dependencies of target image_transport_tutorials__rosidl_typesupport_c__pyext[0m
[0.569s] [ 90%] Built target image_transport_tutorials__rosidl_typesupport_c__pyext
[0.570s] [ 95%] Built target image_transport_tutorials__rosidl_typesupport_introspection_c__pyext
[0.571s] [100%] Built target image_transport_tutorials__rosidl_typesupport_fastrtps_c__pyext
[0.756s] running egg_info
[0.756s] writing image_transport_tutorials.egg-info/PKG-INFO
[0.758s] writing dependency_links to image_transport_tutorials.egg-info/dependency_links.txt
[0.758s] writing top-level names to image_transport_tutorials.egg-info/top_level.txt
[0.764s] reading manifest file 'image_transport_tutorials.egg-info/SOURCES.txt'
[0.765s] writing manifest file 'image_transport_tutorials.egg-info/SOURCES.txt'
[0.781s] [100%] Built target ament_cmake_python_build_image_transport_tutorials_egg
[0.805s] Invoked command in '/home/tal/TB3_PC_WS/build/image_transport_tutorials' returned '0': CMAKE_PREFIX_PATH=${CMAKE_PREFIX_PATH}:/home/tal/turtlebot3_ws/install/tb_run_script:/home/tal/tut2_ws/install/my_robot_controller:/home/tal/tut_ws/install/my_robot_controller:/home/tal/tutorial_ws/install/launch_testing_examples:/home/tal/tutorial_ws/install/examples_rclpy_pointcloud_publisher:/home/tal/tutorial_ws/install/examples_rclpy_minimal_subscriber:/home/tal/tutorial_ws/install/examples_rclpy_minimal_service:/home/tal/tutorial_ws/install/examples_rclpy_minimal_publisher:/home/tal/tutorial_ws/install/examples_rclpy_minimal_client:/home/tal/tutorial_ws/install/examples_rclpy_minimal_action_server:/home/tal/tutorial_ws/install/examples_rclpy_minimal_action_client:/home/tal/tutorial_ws/install/examples_rclpy_guard_conditions:/home/tal/tutorial_ws/install/examples_rclpy_executors:/opt/ros/humble /usr/bin/cmake --build /home/tal/TB3_PC_WS/build/image_transport_tutorials -- -j6 -l6
[0.899s] Invoking command in '/home/tal/TB3_PC_WS/build/image_transport_tutorials': CMAKE_PREFIX_PATH=${CMAKE_PREFIX_PATH}:/home/tal/turtlebot3_ws/install/tb_run_script:/home/tal/tut2_ws/install/my_robot_controller:/home/tal/tut_ws/install/my_robot_controller:/home/tal/tutorial_ws/install/launch_testing_examples:/home/tal/tutorial_ws/install/examples_rclpy_pointcloud_publisher:/home/tal/tutorial_ws/install/examples_rclpy_minimal_subscriber:/home/tal/tutorial_ws/install/examples_rclpy_minimal_service:/home/tal/tutorial_ws/install/examples_rclpy_minimal_publisher:/home/tal/tutorial_ws/install/examples_rclpy_minimal_client:/home/tal/tutorial_ws/install/examples_rclpy_minimal_action_server:/home/tal/tutorial_ws/install/examples_rclpy_minimal_action_client:/home/tal/tutorial_ws/install/examples_rclpy_guard_conditions:/home/tal/tutorial_ws/install/examples_rclpy_executors:/opt/ros/humble /usr/bin/cmake --install /home/tal/TB3_PC_WS/build/image_transport_tutorials
[0.964s] -- Install configuration: ""
[0.964s] -- Installing: /home/tal/TB3_PC_WS/install/image_transport_tutorials/share/ament_index/resource_index/rosidl_interfaces/image_transport_tutorials
[0.964s] -- Up-to-date: /home/tal/TB3_PC_WS/install/image_transport_tutorials/include/image_transport_tutorials/image_transport_tutorials
[0.964s] -- Up-to-date: /home/tal/TB3_PC_WS/install/image_transport_tutorials/include/image_transport_tutorials/image_transport_tutorials/msg
[0.964s] -- Installing: /home/tal/TB3_PC_WS/install/image_transport_tutorials/include/image_transport_tutorials/image_transport_tutorials/msg/resized_image.h
[0.964s] -- Installing: /home/tal/TB3_PC_WS/install/image_transport_tutorials/include/image_transport_tutorials/image_transport_tutorials/msg/rosidl_generator_c__visibility_control.h
[0.965s] -- Up-to-date: /home/tal/TB3_PC_WS/install/image_transport_tutorials/include/image_transport_tutorials/image_transport_tutorials/msg/detail
[0.965s] -- Installing: /home/tal/TB3_PC_WS/install/image_transport_tutorials/include/image_transport_tutorials/image_transport_tutorials/msg/detail/resized_image__functions.h
[0.965s] -- Installing: /home/tal/TB3_PC_WS/install/image_transport_tutorials/include/image_transport_tutorials/image_transport_tutorials/msg/detail/resized_image__struct.h
[0.965s] -- Installing: /home/tal/TB3_PC_WS/install/image_transport_tutorials/include/image_transport_tutorials/image_transport_tutorials/msg/detail/resized_image__functions.c
[0.965s] -- Installing: /home/tal/TB3_PC_WS/install/image_transport_tutorials/include/image_transport_tutorials/image_transport_tutorials/msg/detail/resized_image__type_support.h
[0.965s] -- Installing: /home/tal/TB3_PC_WS/install/image_transport_tutorials/share/image_transport_tutorials/environment/library_path.sh
[0.965s] -- Installing: /home/tal/TB3_PC_WS/install/image_transport_tutorials/share/image_transport_tutorials/environment/library_path.dsv
[0.965s] -- Up-to-date: /home/tal/TB3_PC_WS/install/image_transport_tutorials/lib/libimage_transport_tutorials__rosidl_generator_c.so
[0.965s] -- Up-to-date: /home/tal/TB3_PC_WS/install/image_transport_tutorials/include/image_transport_tutorials/image_transport_tutorials
[0.965s] -- Up-to-date: /home/tal/TB3_PC_WS/install/image_transport_tutorials/include/image_transport_tutorials/image_transport_tutorials/msg
[0.965s] -- Up-to-date: /home/tal/TB3_PC_WS/install/image_transport_tutorials/include/image_transport_tutorials/image_transport_tutorials/msg/detail
[0.965s] -- Installing: /home/tal/TB3_PC_WS/install/image_transport_tutorials/include/image_transport_tutorials/image_transport_tutorials/msg/detail/resized_image__rosidl_typesupport_fastrtps_c.h
[0.965s] -- Installing: /home/tal/TB3_PC_WS/install/image_transport_tutorials/include/image_transport_tutorials/image_transport_tutorials/msg/rosidl_typesupport_fastrtps_c__visibility_control.h
[0.965s] -- Up-to-date: /home/tal/TB3_PC_WS/install/image_transport_tutorials/lib/libimage_transport_tutorials__rosidl_typesupport_fastrtps_c.so
[0.965s] -- Up-to-date: /home/tal/TB3_PC_WS/install/image_transport_tutorials/include/image_transport_tutorials/image_transport_tutorials
[0.965s] -- Up-to-date: /home/tal/TB3_PC_WS/install/image_transport_tutorials/include/image_transport_tutorials/image_transport_tutorials/msg
[0.965s] -- Up-to-date: /home/tal/TB3_PC_WS/install/image_transport_tutorials/include/image_transport_tutorials/image_transport_tutorials/msg/detail
[0.965s] -- Installing: /home/tal/TB3_PC_WS/install/image_transport_tutorials/include/image_transport_tutorials/image_transport_tutorials/msg/detail/resized_image__struct.hpp
[0.965s] -- Installing: /home/tal/TB3_PC_WS/install/image_transport_tutorials/include/image_transport_tutorials/image_transport_tutorials/msg/detail/resized_image__traits.hpp
[0.965s] -- Installing: /home/tal/TB3_PC_WS/install/image_transport_tutorials/include/image_transport_tutorials/image_transport_tutorials/msg/detail/resized_image__builder.hpp
[0.965s] -- Installing: /home/tal/TB3_PC_WS/install/image_transport_tutorials/include/image_transport_tutorials/image_transport_tutorials/msg/resized_image.hpp
[0.965s] -- Up-to-date: /home/tal/TB3_PC_WS/install/image_transport_tutorials/include/image_transport_tutorials/image_transport_tutorials
[0.965s] -- Up-to-date: /home/tal/TB3_PC_WS/install/image_transport_tutorials/include/image_transport_tutorials/image_transport_tutorials/msg
[0.965s] -- Installing: /home/tal/TB3_PC_WS/install/image_transport_tutorials/include/image_transport_tutorials/image_transport_tutorials/msg/rosidl_typesupport_fastrtps_cpp__visibility_control.h
[0.965s] -- Up-to-date: /home/tal/TB3_PC_WS/install/image_transport_tutorials/include/image_transport_tutorials/image_transport_tutorials/msg/detail
[0.965s] -- Installing: /home/tal/TB3_PC_WS/install/image_transport_tutorials/include/image_transport_tutorials/image_transport_tutorials/msg/detail/resized_image__rosidl_typesupport_fastrtps_cpp.hpp
[0.965s] -- Up-to-date: /home/tal/TB3_PC_WS/install/image_transport_tutorials/include/image_transport_tutorials/image_transport_tutorials/msg/detail/dds_fastrtps
[0.966s] -- Up-to-date: /home/tal/TB3_PC_WS/install/image_transport_tutorials/lib/libimage_transport_tutorials__rosidl_typesupport_fastrtps_cpp.so
[0.966s] -- Up-to-date: /home/tal/TB3_PC_WS/install/image_transport_tutorials/include/image_transport_tutorials/image_transport_tutorials
[0.966s] -- Up-to-date: /home/tal/TB3_PC_WS/install/image_transport_tutorials/include/image_transport_tutorials/image_transport_tutorials/msg
[0.966s] -- Up-to-date: /home/tal/TB3_PC_WS/install/image_transport_tutorials/include/image_transport_tutorials/image_transport_tutorials/msg/detail
[0.966s] -- Installing: /home/tal/TB3_PC_WS/install/image_transport_tutorials/include/image_transport_tutorials/image_transport_tutorials/msg/detail/resized_image__type_support.c
[0.966s] -- Installing: /home/tal/TB3_PC_WS/install/image_transport_tutorials/include/image_transport_tutorials/image_transport_tutorials/msg/detail/resized_image__rosidl_typesupport_introspection_c.h
[0.966s] -- Installing: /home/tal/TB3_PC_WS/install/image_transport_tutorials/include/image_transport_tutorials/image_transport_tutorials/msg/rosidl_typesupport_introspection_c__visibility_control.h
[0.966s] -- Up-to-date: /home/tal/TB3_PC_WS/install/image_transport_tutorials/lib/libimage_transport_tutorials__rosidl_typesupport_introspection_c.so
[0.966s] -- Up-to-date: /home/tal/TB3_PC_WS/install/image_transport_tutorials/lib/libimage_transport_tutorials__rosidl_typesupport_c.so
[0.966s] -- Up-to-date: /home/tal/TB3_PC_WS/install/image_transport_tutorials/include/image_transport_tutorials/image_transport_tutorials
[0.966s] -- Up-to-date: /home/tal/TB3_PC_WS/install/image_transport_tutorials/include/image_transport_tutorials/image_transport_tutorials/msg
[0.966s] -- Up-to-date: /home/tal/TB3_PC_WS/install/image_transport_tutorials/include/image_transport_tutorials/image_transport_tutorials/msg/detail
[0.966s] -- Installing: /home/tal/TB3_PC_WS/install/image_transport_tutorials/include/image_transport_tutorials/image_transport_tutorials/msg/detail/resized_image__rosidl_typesupport_introspection_cpp.hpp
[0.966s] -- Installing: /home/tal/TB3_PC_WS/install/image_transport_tutorials/include/image_transport_tutorials/image_transport_tutorials/msg/detail/resized_image__type_support.cpp
[0.966s] -- Up-to-date: /home/tal/TB3_PC_WS/install/image_transport_tutorials/lib/libimage_transport_tutorials__rosidl_typesupport_introspection_cpp.so
[0.966s] -- Up-to-date: /home/tal/TB3_PC_WS/install/image_transport_tutorials/lib/libimage_transport_tutorials__rosidl_typesupport_cpp.so
[0.966s] -- Installing: /home/tal/TB3_PC_WS/install/image_transport_tutorials/share/image_transport_tutorials/environment/pythonpath.sh
[0.966s] -- Installing: /home/tal/TB3_PC_WS/install/image_transport_tutorials/share/image_transport_tutorials/environment/pythonpath.dsv
[0.966s] -- Up-to-date: /home/tal/TB3_PC_WS/install/image_transport_tutorials/local/lib/python3.10/dist-packages/image_transport_tutorials-0.0.0-py3.10.egg-info
[0.966s] -- Installing: /home/tal/TB3_PC_WS/install/image_transport_tutorials/local/lib/python3.10/dist-packages/image_transport_tutorials-0.0.0-py3.10.egg-info/PKG-INFO
[0.966s] -- Installing: /home/tal/TB3_PC_WS/install/image_transport_tutorials/local/lib/python3.10/dist-packages/image_transport_tutorials-0.0.0-py3.10.egg-info/top_level.txt
[0.966s] -- Installing: /home/tal/TB3_PC_WS/install/image_transport_tutorials/local/lib/python3.10/dist-packages/image_transport_tutorials-0.0.0-py3.10.egg-info/SOURCES.txt
[0.966s] -- Installing: /home/tal/TB3_PC_WS/install/image_transport_tutorials/local/lib/python3.10/dist-packages/image_transport_tutorials-0.0.0-py3.10.egg-info/dependency_links.txt
[0.966s] -- Up-to-date: /home/tal/TB3_PC_WS/install/image_transport_tutorials/local/lib/python3.10/dist-packages/image_transport_tutorials
[0.966s] -- Up-to-date: /home/tal/TB3_PC_WS/install/image_transport_tutorials/local/lib/python3.10/dist-packages/image_transport_tutorials/libimage_transport_tutorials__rosidl_generator_py.so
[0.967s] -- Up-to-date: /home/tal/TB3_PC_WS/install/image_transport_tutorials/local/lib/python3.10/dist-packages/image_transport_tutorials/msg
[0.967s] -- Up-to-date: /home/tal/TB3_PC_WS/install/image_transport_tutorials/local/lib/python3.10/dist-packages/image_transport_tutorials/msg/_resized_image.py
[0.967s] -- Up-to-date: /home/tal/TB3_PC_WS/install/image_transport_tutorials/local/lib/python3.10/dist-packages/image_transport_tutorials/msg/_resized_image_s.c
[0.967s] -- Up-to-date: /home/tal/TB3_PC_WS/install/image_transport_tutorials/local/lib/python3.10/dist-packages/image_transport_tutorials/msg/__init__.py
[0.967s] -- Up-to-date: /home/tal/TB3_PC_WS/install/image_transport_tutorials/local/lib/python3.10/dist-packages/image_transport_tutorials/image_transport_tutorials_s__rosidl_typesupport_introspection_c.cpython-310-x86_64-linux-gnu.so
[0.967s] -- Up-to-date: /home/tal/TB3_PC_WS/install/image_transport_tutorials/local/lib/python3.10/dist-packages/image_transport_tutorials/_image_transport_tutorials_s.ep.rosidl_typesupport_introspection_c.c
[0.967s] -- Up-to-date: /home/tal/TB3_PC_WS/install/image_transport_tutorials/local/lib/python3.10/dist-packages/image_transport_tutorials/__init__.py
[0.967s] -- Up-to-date: /home/tal/TB3_PC_WS/install/image_transport_tutorials/local/lib/python3.10/dist-packages/image_transport_tutorials/_image_transport_tutorials_s.ep.rosidl_typesupport_fastrtps_c.c
[0.967s] -- Up-to-date: /home/tal/TB3_PC_WS/install/image_transport_tutorials/local/lib/python3.10/dist-packages/image_transport_tutorials/_image_transport_tutorials_s.ep.rosidl_typesupport_c.c
[0.967s] -- Up-to-date: /home/tal/TB3_PC_WS/install/image_transport_tutorials/local/lib/python3.10/dist-packages/image_transport_tutorials/image_transport_tutorials_s__rosidl_typesupport_c.cpython-310-x86_64-linux-gnu.so
[0.967s] -- Up-to-date: /home/tal/TB3_PC_WS/install/image_transport_tutorials/local/lib/python3.10/dist-packages/image_transport_tutorials/image_transport_tutorials_s__rosidl_typesupport_fastrtps_c.cpython-310-x86_64-linux-gnu.so
[0.967s] Listing '/home/tal/TB3_PC_WS/install/image_transport_tutorials/local/lib/python3.10/dist-packages/image_transport_tutorials'...
[0.967s] Listing '/home/tal/TB3_PC_WS/install/image_transport_tutorials/local/lib/python3.10/dist-packages/image_transport_tutorials/msg'...
[0.967s] -- Up-to-date: /home/tal/TB3_PC_WS/install/image_transport_tutorials/local/lib/python3.10/dist-packages/image_transport_tutorials/image_transport_tutorials_s__rosidl_typesupport_fastrtps_c.cpython-310-x86_64-linux-gnu.so
[0.967s] -- Up-to-date: /home/tal/TB3_PC_WS/install/image_transport_tutorials/local/lib/python3.10/dist-packages/image_transport_tutorials/image_transport_tutorials_s__rosidl_typesupport_introspection_c.cpython-310-x86_64-linux-gnu.so
[0.968s] -- Up-to-date: /home/tal/TB3_PC_WS/install/image_transport_tutorials/local/lib/python3.10/dist-packages/image_transport_tutorials/image_transport_tutorials_s__rosidl_typesupport_c.cpython-310-x86_64-linux-gnu.so
[0.968s] -- Up-to-date: /home/tal/TB3_PC_WS/install/image_transport_tutorials/lib/libimage_transport_tutorials__rosidl_generator_py.so
[0.968s] -- Installing: /home/tal/TB3_PC_WS/install/image_transport_tutorials/share/image_transport_tutorials/msg/ResizedImage.idl
[0.968s] -- Installing: /home/tal/TB3_PC_WS/install/image_transport_tutorials/share/image_transport_tutorials/msg/ResizedImage.msg
[0.968s] -- Installing: /home/tal/TB3_PC_WS/install/image_transport_tutorials/share/image_transport_tutorials/resized_plugins.xml
[0.968s] -- Up-to-date: /home/tal/TB3_PC_WS/install/image_transport_tutorials/lib/image_transport_tutorials/my_publisher
[0.968s] -- Up-to-date: /home/tal/TB3_PC_WS/install/image_transport_tutorials/lib/image_transport_tutorials/my_subscriber
[0.968s] -- Up-to-date: /home/tal/TB3_PC_WS/install/image_transport_tutorials/lib/libresized_plugins.so
[0.968s] -- Up-to-date: /home/tal/TB3_PC_WS/install/image_transport_tutorials/lib/image_transport_tutorials/publisher_from_video
[0.968s] -- Up-to-date: /home/tal/TB3_PC_WS/install/image_transport_tutorials/include/image_transport_tutorials
[0.968s] -- Up-to-date: /home/tal/TB3_PC_WS/install/image_transport_tutorials/include/image_transport_tutorials/image_transport_tutorials
[0.968s] -- Installing: /home/tal/TB3_PC_WS/install/image_transport_tutorials/include/image_transport_tutorials/image_transport_tutorials/resized_subscriber.hpp
[0.968s] -- Installing: /home/tal/TB3_PC_WS/install/image_transport_tutorials/include/image_transport_tutorials/image_transport_tutorials/resized_publisher.hpp
[0.968s] -- Installing: /home/tal/TB3_PC_WS/install/image_transport_tutorials/share/ament_index/resource_index/package_run_dependencies/image_transport_tutorials
[0.968s] -- Installing: /home/tal/TB3_PC_WS/install/image_transport_tutorials/share/ament_index/resource_index/parent_prefix_path/image_transport_tutorials
[0.968s] -- Installing: /home/tal/TB3_PC_WS/install/image_transport_tutorials/share/image_transport_tutorials/environment/ament_prefix_path.sh
[0.968s] -- Installing: /home/tal/TB3_PC_WS/install/image_transport_tutorials/share/image_transport_tutorials/environment/ament_prefix_path.dsv
[0.968s] -- Installing: /home/tal/TB3_PC_WS/install/image_transport_tutorials/share/image_transport_tutorials/environment/path.sh
[0.968s] -- Installing: /home/tal/TB3_PC_WS/install/image_transport_tutorials/share/image_transport_tutorials/environment/path.dsv
[0.968s] -- Installing: /home/tal/TB3_PC_WS/install/image_transport_tutorials/share/image_transport_tutorials/local_setup.bash
[0.969s] -- Installing: /home/tal/TB3_PC_WS/install/image_transport_tutorials/share/image_transport_tutorials/local_setup.sh
[0.969s] -- Installing: /home/tal/TB3_PC_WS/install/image_transport_tutorials/share/image_transport_tutorials/local_setup.zsh
[0.969s] -- Installing: /home/tal/TB3_PC_WS/install/image_transport_tutorials/share/image_transport_tutorials/local_setup.dsv
[0.976s] -- Installing: /home/tal/TB3_PC_WS/install/image_transport_tutorials/share/image_transport_tutorials/package.dsv
[0.976s] -- Installing: /home/tal/TB3_PC_WS/install/image_transport_tutorials/share/ament_index/resource_index/packages/image_transport_tutorials
[0.976s] -- Installing: /home/tal/TB3_PC_WS/install/image_transport_tutorials/share/ament_index/resource_index/image_transport_tutorials__pluginlib__plugin/image_transport_tutorials
[0.976s] -- Installing: /home/tal/TB3_PC_WS/install/image_transport_tutorials/share/image_transport_tutorials/cmake/export_image_transport_tutorials__rosidl_generator_cExport.cmake
[0.976s] -- Installing: /home/tal/TB3_PC_WS/install/image_transport_tutorials/share/image_transport_tutorials/cmake/export_image_transport_tutorials__rosidl_generator_cExport-noconfig.cmake
[0.976s] -- Installing: /home/tal/TB3_PC_WS/install/image_transport_tutorials/share/image_transport_tutorials/cmake/export_image_transport_tutorials__rosidl_typesupport_fastrtps_cExport.cmake
[0.976s] -- Installing: /home/tal/TB3_PC_WS/install/image_transport_tutorials/share/image_transport_tutorials/cmake/export_image_transport_tutorials__rosidl_typesupport_fastrtps_cExport-noconfig.cmake
[0.976s] -- Installing: /home/tal/TB3_PC_WS/install/image_transport_tutorials/share/image_transport_tutorials/cmake/export_image_transport_tutorials__rosidl_generator_cppExport.cmake
[0.977s] -- Installing: /home/tal/TB3_PC_WS/install/image_transport_tutorials/share/image_transport_tutorials/cmake/export_image_transport_tutorials__rosidl_typesupport_fastrtps_cppExport.cmake
[0.977s] -- Installing: /home/tal/TB3_PC_WS/install/image_transport_tutorials/share/image_transport_tutorials/cmake/export_image_transport_tutorials__rosidl_typesupport_fastrtps_cppExport-noconfig.cmake
[0.977s] -- Installing: /home/tal/TB3_PC_WS/install/image_transport_tutorials/share/image_transport_tutorials/cmake/image_transport_tutorials__rosidl_typesupport_introspection_cExport.cmake
[0.977s] -- Installing: /home/tal/TB3_PC_WS/install/image_transport_tutorials/share/image_transport_tutorials/cmake/image_transport_tutorials__rosidl_typesupport_introspection_cExport-noconfig.cmake
[0.977s] -- Installing: /home/tal/TB3_PC_WS/install/image_transport_tutorials/share/image_transport_tutorials/cmake/image_transport_tutorials__rosidl_typesupport_cExport.cmake
[0.977s] -- Installing: /home/tal/TB3_PC_WS/install/image_transport_tutorials/share/image_transport_tutorials/cmake/image_transport_tutorials__rosidl_typesupport_cExport-noconfig.cmake
[0.977s] -- Installing: /home/tal/TB3_PC_WS/install/image_transport_tutorials/share/image_transport_tutorials/cmake/image_transport_tutorials__rosidl_typesupport_introspection_cppExport.cmake
[0.977s] -- Installing: /home/tal/TB3_PC_WS/install/image_transport_tutorials/share/image_transport_tutorials/cmake/image_transport_tutorials__rosidl_typesupport_introspection_cppExport-noconfig.cmake
[0.977s] -- Installing: /home/tal/TB3_PC_WS/install/image_transport_tutorials/share/image_transport_tutorials/cmake/image_transport_tutorials__rosidl_typesupport_cppExport.cmake
[0.978s] -- Installing: /home/tal/TB3_PC_WS/install/image_transport_tutorials/share/image_transport_tutorials/cmake/image_transport_tutorials__rosidl_typesupport_cppExport-noconfig.cmake
[0.978s] -- Installing: /home/tal/TB3_PC_WS/install/image_transport_tutorials/share/image_transport_tutorials/cmake/export_image_transport_tutorials__rosidl_generator_pyExport.cmake
[0.982s] -- Installing: /home/tal/TB3_PC_WS/install/image_transport_tutorials/share/image_transport_tutorials/cmake/export_image_transport_tutorials__rosidl_generator_pyExport-noconfig.cmake
[0.983s] -- Installing: /home/tal/TB3_PC_WS/install/image_transport_tutorials/share/image_transport_tutorials/cmake/rosidl_cmake-extras.cmake
[0.983s] -- Installing: /home/tal/TB3_PC_WS/install/image_transport_tutorials/share/image_transport_tutorials/cmake/ament_cmake_export_dependencies-extras.cmake
[0.983s] -- Installing: /home/tal/TB3_PC_WS/install/image_transport_tutorials/share/image_transport_tutorials/cmake/ament_cmake_export_include_directories-extras.cmake
[0.983s] -- Installing: /home/tal/TB3_PC_WS/install/image_transport_tutorials/share/image_transport_tutorials/cmake/ament_cmake_export_libraries-extras.cmake
[0.983s] -- Installing: /home/tal/TB3_PC_WS/install/image_transport_tutorials/share/image_transport_tutorials/cmake/ament_cmake_export_targets-extras.cmake
[0.983s] -- Installing: /home/tal/TB3_PC_WS/install/image_transport_tutorials/share/image_transport_tutorials/cmake/rosidl_cmake_export_typesupport_targets-extras.cmake
[0.983s] -- Installing: /home/tal/TB3_PC_WS/install/image_transport_tutorials/share/image_transport_tutorials/cmake/rosidl_cmake_export_typesupport_libraries-extras.cmake
[0.983s] -- Installing: /home/tal/TB3_PC_WS/install/image_transport_tutorials/share/image_transport_tutorials/cmake/image_transport_tutorialsConfig.cmake
[0.983s] -- Installing: /home/tal/TB3_PC_WS/install/image_transport_tutorials/share/image_transport_tutorials/cmake/image_transport_tutorialsConfig-version.cmake
[0.983s] -- Installing: /home/tal/TB3_PC_WS/install/image_transport_tutorials/share/image_transport_tutorials/package.xml
[0.984s] Invoked command in '/home/tal/TB3_PC_WS/build/image_transport_tutorials' returned '0': CMAKE_PREFIX_PATH=${CMAKE_PREFIX_PATH}:/home/tal/turtlebot3_ws/install/tb_run_script:/home/tal/tut2_ws/install/my_robot_controller:/home/tal/tut_ws/install/my_robot_controller:/home/tal/tutorial_ws/install/launch_testing_examples:/home/tal/tutorial_ws/install/examples_rclpy_pointcloud_publisher:/home/tal/tutorial_ws/install/examples_rclpy_minimal_subscriber:/home/tal/tutorial_ws/install/examples_rclpy_minimal_service:/home/tal/tutorial_ws/install/examples_rclpy_minimal_publisher:/home/tal/tutorial_ws/install/examples_rclpy_minimal_client:/home/tal/tutorial_ws/install/examples_rclpy_minimal_action_server:/home/tal/tutorial_ws/install/examples_rclpy_minimal_action_client:/home/tal/tutorial_ws/install/examples_rclpy_guard_conditions:/home/tal/tutorial_ws/install/examples_rclpy_executors:/opt/ros/humble /usr/bin/cmake --install /home/tal/TB3_PC_WS/build/image_transport_tutorials
