[0.172s] Invoking command in '/home/tal/TB3_PC_WS/build/turtlebot3_fake_node': CMAKE_PREFIX_PATH=/home/tal/TB3_PC_WS/install/turtlebot3_msgs:/home/tal/TB3_PC_WS/install/turtlebot3_teleop:/home/tal/TB3_PC_WS/install/turtlebot3_example:/opt/ros/galactic:/home/tal/TB3_PC_WS/install/tb_run_script:/opt/ros/noetic:/home/tal/TB3_PC_WS/install/turtlebot3:/home/tal/TB3_PC_WS/install/turtlebot3_bringup:/home/tal/TB3_PC_WS/install/turtlebot3_node:/home/tal/TB3_PC_WS/install/turtlebot3_navigation2:/home/tal/TB3_PC_WS/install/turtlebot3_description:/home/tal/TB3_PC_WS/install/turtlebot3_cartographer:/home/tal/TB3_PC_WS/install/turtlebot3_simulations:/home/tal/TB3_PC_WS/install/turtlebot3_gazebo:/home/tal/TB3_PC_WS/install/turtlebot3_fake_node:/home/tal/TB3_PC_WS/install/ros1_bridge LD_LIBRARY_PATH=/home/tal/TB3_PC_WS/install/turtlebot3_msgs/lib:/opt/ros/noetic/lib:/usr/lib/x86_64-linux-gnu/gazebo-11/plugins:/opt/ros/galactic/opt/yaml_cpp_vendor/lib:/opt/ros/galactic/lib/x86_64-linux-gnu:/opt/ros/galactic/lib PYTHONPATH=/home/tal/TB3_PC_WS/install/turtlebot3_msgs/lib/python3.8/site-packages:/opt/ros/noetic/lib/python3/dist-packages:/home/tal/TB3_PC_WS/install/turtlebot3_teleop/lib/python3.8/site-packages:/home/tal/TB3_PC_WS/install/turtlebot3_example/lib/python3.8/site-packages:/home/tal/TB3_PC_WS/install/tb_run_script/lib/python3.8/site-packages:/opt/ros/galactic/lib/python3.8/site-packages:/home/tal/TB3_PC_WS/install/tb_run_script/lib/python3.10/site-packages /usr/bin/cmake /home/tal/TB3_PC_WS/src/turtlebot3_fake_node -DCMAKE_INSTALL_PREFIX=/home/tal/TB3_PC_WS/install/turtlebot3_fake_node
[0.210s] -- The C compiler identification is GNU 9.4.0
[0.245s] -- The CXX compiler identification is GNU 9.4.0
[0.250s] -- Check for working C compiler: /usr/bin/cc
[0.295s] -- Check for working C compiler: /usr/bin/cc -- works
[0.295s] -- Detecting C compiler ABI info
[0.339s] -- Detecting C compiler ABI info - done
[0.351s] -- Detecting C compile features
[0.352s] -- Detecting C compile features - done
[0.354s] -- Check for working CXX compiler: /usr/bin/c++
[0.408s] -- Check for working CXX compiler: /usr/bin/c++ -- works
[0.408s] -- Detecting CXX compiler ABI info
[0.463s] -- Detecting CXX compiler ABI info - done
[0.470s] -- Detecting CXX compile features
[0.471s] -- Detecting CXX compile features - done
[0.472s] -- Found ament_cmake: 1.1.6 (/opt/ros/galactic/share/ament_cmake/cmake)
[0.485s] -- Found PythonInterp: /usr/bin/python3 (found suitable version "3.8.10", minimum required is "3") 
[0.485s] -- Using PYTHON_EXECUTABLE: /usr/bin/python3
[0.537s] -- Found geometry_msgs: 2.2.4 (/opt/ros/galactic/share/geometry_msgs/cmake)
[0.558s] -- Using single rosidl_typesupport_c: rosidl_typesupport_introspection_c
[0.563s] -- Found rosidl_adapter: 2.2.3 (/opt/ros/galactic/share/rosidl_adapter/cmake)
[0.577s] -- Using single rosidl_typesupport_cpp: rosidl_typesupport_introspection_cpp
[0.634s] -- Found nav_msgs: 2.2.4 (/opt/ros/galactic/share/nav_msgs/cmake)
[0.685s] -- Found rclcpp: 9.2.2 (/opt/ros/galactic/share/rclcpp/cmake)
[0.721s] -- Found rmw_implementation_cmake: 3.3.1 (/opt/ros/galactic/share/rmw_implementation_cmake/cmake)
[0.723s] -- Found rmw_cyclonedds_cpp: 0.22.6 (/opt/ros/galactic/share/rmw_cyclonedds_cpp/cmake)
[0.736s] -- Using RMW implementation 'rmw_cyclonedds_cpp' as default
[0.737s] -- Looking for pthread.h
[0.790s] -- Looking for pthread.h - found
[0.790s] -- Performing Test CMAKE_HAVE_LIBC_PTHREAD
[0.840s] -- Performing Test CMAKE_HAVE_LIBC_PTHREAD - Failed
[0.840s] -- Looking for pthread_create in pthreads
[0.880s] -- Looking for pthread_create in pthreads - not found
[0.880s] -- Looking for pthread_create in pthread
[0.923s] -- Looking for pthread_create in pthread - found
[0.924s] -- Found Threads: TRUE  
[1.012s] -- Found sensor_msgs: 2.2.4 (/opt/ros/galactic/share/sensor_msgs/cmake)
[1.057s] -- Found tf2: 0.17.5 (/opt/ros/galactic/share/tf2/cmake)
[1.065s] -- Found tf2_msgs: 0.17.5 (/opt/ros/galactic/share/tf2_msgs/cmake)
[1.184s] -- Found turtlebot3_msgs: 2.2.3 (/home/tal/TB3_PC_WS/install/turtlebot3_msgs/share/turtlebot3_msgs/cmake)
[1.294s] -- Configuring done
[1.303s] -- Generating done
[1.304s] -- Build files have been written to: /home/tal/TB3_PC_WS/build/turtlebot3_fake_node
[1.309s] Invoked command in '/home/tal/TB3_PC_WS/build/turtlebot3_fake_node' returned '0': CMAKE_PREFIX_PATH=/home/tal/TB3_PC_WS/install/turtlebot3_msgs:/home/tal/TB3_PC_WS/install/turtlebot3_teleop:/home/tal/TB3_PC_WS/install/turtlebot3_example:/opt/ros/galactic:/home/tal/TB3_PC_WS/install/tb_run_script:/opt/ros/noetic:/home/tal/TB3_PC_WS/install/turtlebot3:/home/tal/TB3_PC_WS/install/turtlebot3_bringup:/home/tal/TB3_PC_WS/install/turtlebot3_node:/home/tal/TB3_PC_WS/install/turtlebot3_navigation2:/home/tal/TB3_PC_WS/install/turtlebot3_description:/home/tal/TB3_PC_WS/install/turtlebot3_cartographer:/home/tal/TB3_PC_WS/install/turtlebot3_simulations:/home/tal/TB3_PC_WS/install/turtlebot3_gazebo:/home/tal/TB3_PC_WS/install/turtlebot3_fake_node:/home/tal/TB3_PC_WS/install/ros1_bridge LD_LIBRARY_PATH=/home/tal/TB3_PC_WS/install/turtlebot3_msgs/lib:/opt/ros/noetic/lib:/usr/lib/x86_64-linux-gnu/gazebo-11/plugins:/opt/ros/galactic/opt/yaml_cpp_vendor/lib:/opt/ros/galactic/lib/x86_64-linux-gnu:/opt/ros/galactic/lib PYTHONPATH=/home/tal/TB3_PC_WS/install/turtlebot3_msgs/lib/python3.8/site-packages:/opt/ros/noetic/lib/python3/dist-packages:/home/tal/TB3_PC_WS/install/turtlebot3_teleop/lib/python3.8/site-packages:/home/tal/TB3_PC_WS/install/turtlebot3_example/lib/python3.8/site-packages:/home/tal/TB3_PC_WS/install/tb_run_script/lib/python3.8/site-packages:/opt/ros/galactic/lib/python3.8/site-packages:/home/tal/TB3_PC_WS/install/tb_run_script/lib/python3.10/site-packages /usr/bin/cmake /home/tal/TB3_PC_WS/src/turtlebot3_fake_node -DCMAKE_INSTALL_PREFIX=/home/tal/TB3_PC_WS/install/turtlebot3_fake_node
[1.310s] Invoking command in '/home/tal/TB3_PC_WS/build/turtlebot3_fake_node': CMAKE_PREFIX_PATH=/home/tal/TB3_PC_WS/install/turtlebot3_msgs:/home/tal/TB3_PC_WS/install/turtlebot3_teleop:/home/tal/TB3_PC_WS/install/turtlebot3_example:/opt/ros/galactic:/home/tal/TB3_PC_WS/install/tb_run_script:/opt/ros/noetic:/home/tal/TB3_PC_WS/install/turtlebot3:/home/tal/TB3_PC_WS/install/turtlebot3_bringup:/home/tal/TB3_PC_WS/install/turtlebot3_node:/home/tal/TB3_PC_WS/install/turtlebot3_navigation2:/home/tal/TB3_PC_WS/install/turtlebot3_description:/home/tal/TB3_PC_WS/install/turtlebot3_cartographer:/home/tal/TB3_PC_WS/install/turtlebot3_simulations:/home/tal/TB3_PC_WS/install/turtlebot3_gazebo:/home/tal/TB3_PC_WS/install/turtlebot3_fake_node:/home/tal/TB3_PC_WS/install/ros1_bridge LD_LIBRARY_PATH=/home/tal/TB3_PC_WS/install/turtlebot3_msgs/lib:/opt/ros/noetic/lib:/usr/lib/x86_64-linux-gnu/gazebo-11/plugins:/opt/ros/galactic/opt/yaml_cpp_vendor/lib:/opt/ros/galactic/lib/x86_64-linux-gnu:/opt/ros/galactic/lib PYTHONPATH=/home/tal/TB3_PC_WS/install/turtlebot3_msgs/lib/python3.8/site-packages:/opt/ros/noetic/lib/python3/dist-packages:/home/tal/TB3_PC_WS/install/turtlebot3_teleop/lib/python3.8/site-packages:/home/tal/TB3_PC_WS/install/turtlebot3_example/lib/python3.8/site-packages:/home/tal/TB3_PC_WS/install/tb_run_script/lib/python3.8/site-packages:/opt/ros/galactic/lib/python3.8/site-packages:/home/tal/TB3_PC_WS/install/tb_run_script/lib/python3.10/site-packages /usr/bin/cmake --build /home/tal/TB3_PC_WS/build/turtlebot3_fake_node -- -j16 -l16
[1.338s] [35m[1mScanning dependencies of target turtlebot3_fake_node[0m
[1.372s] [ 50%] [32mBuilding CXX object CMakeFiles/turtlebot3_fake_node.dir/src/turtlebot3_fake_node.cpp.o[0m
[8.376s] [100%] [32m[1mLinking CXX executable turtlebot3_fake_node[0m
[8.602s] [100%] Built target turtlebot3_fake_node
[8.609s] Invoked command in '/home/tal/TB3_PC_WS/build/turtlebot3_fake_node' returned '0': CMAKE_PREFIX_PATH=/home/tal/TB3_PC_WS/install/turtlebot3_msgs:/home/tal/TB3_PC_WS/install/turtlebot3_teleop:/home/tal/TB3_PC_WS/install/turtlebot3_example:/opt/ros/galactic:/home/tal/TB3_PC_WS/install/tb_run_script:/opt/ros/noetic:/home/tal/TB3_PC_WS/install/turtlebot3:/home/tal/TB3_PC_WS/install/turtlebot3_bringup:/home/tal/TB3_PC_WS/install/turtlebot3_node:/home/tal/TB3_PC_WS/install/turtlebot3_navigation2:/home/tal/TB3_PC_WS/install/turtlebot3_description:/home/tal/TB3_PC_WS/install/turtlebot3_cartographer:/home/tal/TB3_PC_WS/install/turtlebot3_simulations:/home/tal/TB3_PC_WS/install/turtlebot3_gazebo:/home/tal/TB3_PC_WS/install/turtlebot3_fake_node:/home/tal/TB3_PC_WS/install/ros1_bridge LD_LIBRARY_PATH=/home/tal/TB3_PC_WS/install/turtlebot3_msgs/lib:/opt/ros/noetic/lib:/usr/lib/x86_64-linux-gnu/gazebo-11/plugins:/opt/ros/galactic/opt/yaml_cpp_vendor/lib:/opt/ros/galactic/lib/x86_64-linux-gnu:/opt/ros/galactic/lib PYTHONPATH=/home/tal/TB3_PC_WS/install/turtlebot3_msgs/lib/python3.8/site-packages:/opt/ros/noetic/lib/python3/dist-packages:/home/tal/TB3_PC_WS/install/turtlebot3_teleop/lib/python3.8/site-packages:/home/tal/TB3_PC_WS/install/turtlebot3_example/lib/python3.8/site-packages:/home/tal/TB3_PC_WS/install/tb_run_script/lib/python3.8/site-packages:/opt/ros/galactic/lib/python3.8/site-packages:/home/tal/TB3_PC_WS/install/tb_run_script/lib/python3.10/site-packages /usr/bin/cmake --build /home/tal/TB3_PC_WS/build/turtlebot3_fake_node -- -j16 -l16
[8.626s] Invoking command in '/home/tal/TB3_PC_WS/build/turtlebot3_fake_node': CMAKE_PREFIX_PATH=/home/tal/TB3_PC_WS/install/turtlebot3_msgs:/home/tal/TB3_PC_WS/install/turtlebot3_teleop:/home/tal/TB3_PC_WS/install/turtlebot3_example:/opt/ros/galactic:/home/tal/TB3_PC_WS/install/tb_run_script:/opt/ros/noetic:/home/tal/TB3_PC_WS/install/turtlebot3:/home/tal/TB3_PC_WS/install/turtlebot3_bringup:/home/tal/TB3_PC_WS/install/turtlebot3_node:/home/tal/TB3_PC_WS/install/turtlebot3_navigation2:/home/tal/TB3_PC_WS/install/turtlebot3_description:/home/tal/TB3_PC_WS/install/turtlebot3_cartographer:/home/tal/TB3_PC_WS/install/turtlebot3_simulations:/home/tal/TB3_PC_WS/install/turtlebot3_gazebo:/home/tal/TB3_PC_WS/install/turtlebot3_fake_node:/home/tal/TB3_PC_WS/install/ros1_bridge LD_LIBRARY_PATH=/home/tal/TB3_PC_WS/install/turtlebot3_msgs/lib:/opt/ros/noetic/lib:/usr/lib/x86_64-linux-gnu/gazebo-11/plugins:/opt/ros/galactic/opt/yaml_cpp_vendor/lib:/opt/ros/galactic/lib/x86_64-linux-gnu:/opt/ros/galactic/lib PYTHONPATH=/home/tal/TB3_PC_WS/install/turtlebot3_msgs/lib/python3.8/site-packages:/opt/ros/noetic/lib/python3/dist-packages:/home/tal/TB3_PC_WS/install/turtlebot3_teleop/lib/python3.8/site-packages:/home/tal/TB3_PC_WS/install/turtlebot3_example/lib/python3.8/site-packages:/home/tal/TB3_PC_WS/install/tb_run_script/lib/python3.8/site-packages:/opt/ros/galactic/lib/python3.8/site-packages:/home/tal/TB3_PC_WS/install/tb_run_script/lib/python3.10/site-packages /usr/bin/cmake --install /home/tal/TB3_PC_WS/build/turtlebot3_fake_node
[8.633s] -- Install configuration: ""
[8.633s] -- Installing: /home/tal/TB3_PC_WS/install/turtlebot3_fake_node/lib/turtlebot3_fake_node/turtlebot3_fake_node
[8.635s] -- Set runtime path of "/home/tal/TB3_PC_WS/install/turtlebot3_fake_node/lib/turtlebot3_fake_node/turtlebot3_fake_node" to ""
[8.635s] -- Installing: /home/tal/TB3_PC_WS/install/turtlebot3_fake_node/share/turtlebot3_fake_node/launch
[8.635s] -- Installing: /home/tal/TB3_PC_WS/install/turtlebot3_fake_node/share/turtlebot3_fake_node/launch/turtlebot3_fake_node.launch.py
[8.635s] -- Installing: /home/tal/TB3_PC_WS/install/turtlebot3_fake_node/share/turtlebot3_fake_node/launch/rviz2.launch.py
[8.635s] -- Installing: /home/tal/TB3_PC_WS/install/turtlebot3_fake_node/share/turtlebot3_fake_node/param
[8.635s] -- Installing: /home/tal/TB3_PC_WS/install/turtlebot3_fake_node/share/turtlebot3_fake_node/param/burger.yaml
[8.635s] -- Installing: /home/tal/TB3_PC_WS/install/turtlebot3_fake_node/share/turtlebot3_fake_node/param/waffle_pi.yaml
[8.635s] -- Installing: /home/tal/TB3_PC_WS/install/turtlebot3_fake_node/share/turtlebot3_fake_node/param/waffle.yaml
[8.635s] -- Installing: /home/tal/TB3_PC_WS/install/turtlebot3_fake_node/include/
[8.635s] -- Installing: /home/tal/TB3_PC_WS/install/turtlebot3_fake_node/include//turtlebot3_fake_node
[8.635s] -- Installing: /home/tal/TB3_PC_WS/install/turtlebot3_fake_node/include//turtlebot3_fake_node/turtlebot3_fake_node.hpp
[8.635s] -- Installing: /home/tal/TB3_PC_WS/install/turtlebot3_fake_node/share/ament_index/resource_index/package_run_dependencies/turtlebot3_fake_node
[8.635s] -- Installing: /home/tal/TB3_PC_WS/install/turtlebot3_fake_node/share/ament_index/resource_index/parent_prefix_path/turtlebot3_fake_node
[8.635s] -- Installing: /home/tal/TB3_PC_WS/install/turtlebot3_fake_node/share/turtlebot3_fake_node/environment/ament_prefix_path.sh
[8.635s] -- Installing: /home/tal/TB3_PC_WS/install/turtlebot3_fake_node/share/turtlebot3_fake_node/environment/ament_prefix_path.dsv
[8.635s] -- Installing: /home/tal/TB3_PC_WS/install/turtlebot3_fake_node/share/turtlebot3_fake_node/environment/path.sh
[8.636s] -- Installing: /home/tal/TB3_PC_WS/install/turtlebot3_fake_node/share/turtlebot3_fake_node/environment/path.dsv
[8.636s] -- Installing: /home/tal/TB3_PC_WS/install/turtlebot3_fake_node/share/turtlebot3_fake_node/local_setup.bash
[8.636s] -- Installing: /home/tal/TB3_PC_WS/install/turtlebot3_fake_node/share/turtlebot3_fake_node/local_setup.sh
[8.636s] -- Installing: /home/tal/TB3_PC_WS/install/turtlebot3_fake_node/share/turtlebot3_fake_node/local_setup.zsh
[8.636s] -- Installing: /home/tal/TB3_PC_WS/install/turtlebot3_fake_node/share/turtlebot3_fake_node/local_setup.dsv
[8.636s] -- Installing: /home/tal/TB3_PC_WS/install/turtlebot3_fake_node/share/turtlebot3_fake_node/package.dsv
[8.636s] -- Installing: /home/tal/TB3_PC_WS/install/turtlebot3_fake_node/share/ament_index/resource_index/packages/turtlebot3_fake_node
[8.636s] -- Installing: /home/tal/TB3_PC_WS/install/turtlebot3_fake_node/share/turtlebot3_fake_node/cmake/ament_cmake_export_include_directories-extras.cmake
[8.636s] -- Installing: /home/tal/TB3_PC_WS/install/turtlebot3_fake_node/share/turtlebot3_fake_node/cmake/ament_cmake_export_dependencies-extras.cmake
[8.636s] -- Installing: /home/tal/TB3_PC_WS/install/turtlebot3_fake_node/share/turtlebot3_fake_node/cmake/turtlebot3_fake_nodeConfig.cmake
[8.636s] -- Installing: /home/tal/TB3_PC_WS/install/turtlebot3_fake_node/share/turtlebot3_fake_node/cmake/turtlebot3_fake_nodeConfig-version.cmake
[8.636s] -- Installing: /home/tal/TB3_PC_WS/install/turtlebot3_fake_node/share/turtlebot3_fake_node/package.xml
[8.638s] Invoked command in '/home/tal/TB3_PC_WS/build/turtlebot3_fake_node' returned '0': CMAKE_PREFIX_PATH=/home/tal/TB3_PC_WS/install/turtlebot3_msgs:/home/tal/TB3_PC_WS/install/turtlebot3_teleop:/home/tal/TB3_PC_WS/install/turtlebot3_example:/opt/ros/galactic:/home/tal/TB3_PC_WS/install/tb_run_script:/opt/ros/noetic:/home/tal/TB3_PC_WS/install/turtlebot3:/home/tal/TB3_PC_WS/install/turtlebot3_bringup:/home/tal/TB3_PC_WS/install/turtlebot3_node:/home/tal/TB3_PC_WS/install/turtlebot3_navigation2:/home/tal/TB3_PC_WS/install/turtlebot3_description:/home/tal/TB3_PC_WS/install/turtlebot3_cartographer:/home/tal/TB3_PC_WS/install/turtlebot3_simulations:/home/tal/TB3_PC_WS/install/turtlebot3_gazebo:/home/tal/TB3_PC_WS/install/turtlebot3_fake_node:/home/tal/TB3_PC_WS/install/ros1_bridge LD_LIBRARY_PATH=/home/tal/TB3_PC_WS/install/turtlebot3_msgs/lib:/opt/ros/noetic/lib:/usr/lib/x86_64-linux-gnu/gazebo-11/plugins:/opt/ros/galactic/opt/yaml_cpp_vendor/lib:/opt/ros/galactic/lib/x86_64-linux-gnu:/opt/ros/galactic/lib PYTHONPATH=/home/tal/TB3_PC_WS/install/turtlebot3_msgs/lib/python3.8/site-packages:/opt/ros/noetic/lib/python3/dist-packages:/home/tal/TB3_PC_WS/install/turtlebot3_teleop/lib/python3.8/site-packages:/home/tal/TB3_PC_WS/install/turtlebot3_example/lib/python3.8/site-packages:/home/tal/TB3_PC_WS/install/tb_run_script/lib/python3.8/site-packages:/opt/ros/galactic/lib/python3.8/site-packages:/home/tal/TB3_PC_WS/install/tb_run_script/lib/python3.10/site-packages /usr/bin/cmake --install /home/tal/TB3_PC_WS/build/turtlebot3_fake_node
