[0.007s] Invoking command in '/home/tal/TB3_PC_WS/ros2_galactic/build/turtlebot3_simulations': AMENT_PREFIX_PATH=/home/tal/TB3_PC_WS/ros2_galactic/install/turtlebot3_fake_node:/home/tal/TB3_PC_WS/ros2_galactic/install/turtlebot3_msgs:/home/tal/TB3_PC_WS/ros2_galactic/install/turtlebot3_gazebo:${AMENT_PREFIX_PATH} CMAKE_PREFIX_PATH=/home/tal/TB3_PC_WS/ros2_galactic/install/turtlebot3_fake_node:/home/tal/TB3_PC_WS/ros2_galactic/install/turtlebot3_msgs:/home/tal/TB3_PC_WS/ros2_galactic/install/turtlebot3_gazebo:/opt/ros/galactic:${CMAKE_PREFIX_PATH} LD_LIBRARY_PATH=/home/tal/TB3_PC_WS/ros2_galactic/install/turtlebot3_msgs/lib:${LD_LIBRARY_PATH} PYTHONPATH=/home/tal/TB3_PC_WS/ros2_galactic/install/turtlebot3_msgs/lib/python3.8/site-packages:${PYTHONPATH} /usr/bin/cmake --build /home/tal/TB3_PC_WS/ros2_galactic/build/turtlebot3_simulations -- -j16 -l16
[0.031s] Invoked command in '/home/tal/TB3_PC_WS/ros2_galactic/build/turtlebot3_simulations' returned '0': AMENT_PREFIX_PATH=/home/tal/TB3_PC_WS/ros2_galactic/install/turtlebot3_fake_node:/home/tal/TB3_PC_WS/ros2_galactic/install/turtlebot3_msgs:/home/tal/TB3_PC_WS/ros2_galactic/install/turtlebot3_gazebo:${AMENT_PREFIX_PATH} CMAKE_PREFIX_PATH=/home/tal/TB3_PC_WS/ros2_galactic/install/turtlebot3_fake_node:/home/tal/TB3_PC_WS/ros2_galactic/install/turtlebot3_msgs:/home/tal/TB3_PC_WS/ros2_galactic/install/turtlebot3_gazebo:/opt/ros/galactic:${CMAKE_PREFIX_PATH} LD_LIBRARY_PATH=/home/tal/TB3_PC_WS/ros2_galactic/install/turtlebot3_msgs/lib:${LD_LIBRARY_PATH} PYTHONPATH=/home/tal/TB3_PC_WS/ros2_galactic/install/turtlebot3_msgs/lib/python3.8/site-packages:${PYTHONPATH} /usr/bin/cmake --build /home/tal/TB3_PC_WS/ros2_galactic/build/turtlebot3_simulations -- -j16 -l16
[0.045s] Invoking command in '/home/tal/TB3_PC_WS/ros2_galactic/build/turtlebot3_simulations': AMENT_PREFIX_PATH=/home/tal/TB3_PC_WS/ros2_galactic/install/turtlebot3_fake_node:/home/tal/TB3_PC_WS/ros2_galactic/install/turtlebot3_msgs:/home/tal/TB3_PC_WS/ros2_galactic/install/turtlebot3_gazebo:${AMENT_PREFIX_PATH} CMAKE_PREFIX_PATH=/home/tal/TB3_PC_WS/ros2_galactic/install/turtlebot3_fake_node:/home/tal/TB3_PC_WS/ros2_galactic/install/turtlebot3_msgs:/home/tal/TB3_PC_WS/ros2_galactic/install/turtlebot3_gazebo:/opt/ros/galactic:${CMAKE_PREFIX_PATH} LD_LIBRARY_PATH=/home/tal/TB3_PC_WS/ros2_galactic/install/turtlebot3_msgs/lib:${LD_LIBRARY_PATH} PYTHONPATH=/home/tal/TB3_PC_WS/ros2_galactic/install/turtlebot3_msgs/lib/python3.8/site-packages:${PYTHONPATH} /usr/bin/cmake --install /home/tal/TB3_PC_WS/ros2_galactic/build/turtlebot3_simulations
[0.051s] -- Install configuration: ""
[0.051s] -- Up-to-date: /home/tal/TB3_PC_WS/ros2_galactic/install/turtlebot3_simulations/share/ament_index/resource_index/package_run_dependencies/turtlebot3_simulations
[0.051s] -- Up-to-date: /home/tal/TB3_PC_WS/ros2_galactic/install/turtlebot3_simulations/share/ament_index/resource_index/parent_prefix_path/turtlebot3_simulations
[0.051s] -- Up-to-date: /home/tal/TB3_PC_WS/ros2_galactic/install/turtlebot3_simulations/share/turtlebot3_simulations/environment/ament_prefix_path.sh
[0.051s] -- Up-to-date: /home/tal/TB3_PC_WS/ros2_galactic/install/turtlebot3_simulations/share/turtlebot3_simulations/environment/ament_prefix_path.dsv
[0.051s] -- Up-to-date: /home/tal/TB3_PC_WS/ros2_galactic/install/turtlebot3_simulations/share/turtlebot3_simulations/environment/path.sh
[0.051s] -- Up-to-date: /home/tal/TB3_PC_WS/ros2_galactic/install/turtlebot3_simulations/share/turtlebot3_simulations/environment/path.dsv
[0.051s] -- Up-to-date: /home/tal/TB3_PC_WS/ros2_galactic/install/turtlebot3_simulations/share/turtlebot3_simulations/local_setup.bash
[0.052s] -- Up-to-date: /home/tal/TB3_PC_WS/ros2_galactic/install/turtlebot3_simulations/share/turtlebot3_simulations/local_setup.sh
[0.052s] -- Up-to-date: /home/tal/TB3_PC_WS/ros2_galactic/install/turtlebot3_simulations/share/turtlebot3_simulations/local_setup.zsh
[0.052s] -- Up-to-date: /home/tal/TB3_PC_WS/ros2_galactic/install/turtlebot3_simulations/share/turtlebot3_simulations/local_setup.dsv
[0.052s] -- Up-to-date: /home/tal/TB3_PC_WS/ros2_galactic/install/turtlebot3_simulations/share/turtlebot3_simulations/package.dsv
[0.052s] -- Up-to-date: /home/tal/TB3_PC_WS/ros2_galactic/install/turtlebot3_simulations/share/ament_index/resource_index/packages/turtlebot3_simulations
[0.052s] -- Up-to-date: /home/tal/TB3_PC_WS/ros2_galactic/install/turtlebot3_simulations/share/turtlebot3_simulations/cmake/turtlebot3_simulationsConfig.cmake
[0.052s] -- Up-to-date: /home/tal/TB3_PC_WS/ros2_galactic/install/turtlebot3_simulations/share/turtlebot3_simulations/cmake/turtlebot3_simulationsConfig-version.cmake
[0.052s] -- Up-to-date: /home/tal/TB3_PC_WS/ros2_galactic/install/turtlebot3_simulations/share/turtlebot3_simulations/package.xml
[0.053s] Invoked command in '/home/tal/TB3_PC_WS/ros2_galactic/build/turtlebot3_simulations' returned '0': AMENT_PREFIX_PATH=/home/tal/TB3_PC_WS/ros2_galactic/install/turtlebot3_fake_node:/home/tal/TB3_PC_WS/ros2_galactic/install/turtlebot3_msgs:/home/tal/TB3_PC_WS/ros2_galactic/install/turtlebot3_gazebo:${AMENT_PREFIX_PATH} CMAKE_PREFIX_PATH=/home/tal/TB3_PC_WS/ros2_galactic/install/turtlebot3_fake_node:/home/tal/TB3_PC_WS/ros2_galactic/install/turtlebot3_msgs:/home/tal/TB3_PC_WS/ros2_galactic/install/turtlebot3_gazebo:/opt/ros/galactic:${CMAKE_PREFIX_PATH} LD_LIBRARY_PATH=/home/tal/TB3_PC_WS/ros2_galactic/install/turtlebot3_msgs/lib:${LD_LIBRARY_PATH} PYTHONPATH=/home/tal/TB3_PC_WS/ros2_galactic/install/turtlebot3_msgs/lib/python3.8/site-packages:${PYTHONPATH} /usr/bin/cmake --install /home/tal/TB3_PC_WS/ros2_galactic/build/turtlebot3_simulations
