[35m[1mConsolidate compiler generated dependencies of target compressed_image_transport[0m
[100%] Built target compressed_image_transport
-- Install configuration: ""
-- Up-to-date: /home/tal/TB3_PC_WS/install/compressed_image_transport/lib/libcompressed_image_transport.so
-- Installing: /home/tal/TB3_PC_WS/install/compressed_image_transport/include
-- Installing: /home/tal/TB3_PC_WS/install/compressed_image_transport/include/compressed_image_transport
-- Installing: /home/tal/TB3_PC_WS/install/compressed_image_transport/include/compressed_image_transport/compressed_publisher.h
-- Installing: /home/tal/TB3_PC_WS/install/compressed_image_transport/include/compressed_image_transport/compression_common.h
-- Installing: /home/tal/TB3_PC_WS/install/compressed_image_transport/include/compressed_image_transport/compressed_subscriber.h
-- Installing: /home/tal/TB3_PC_WS/install/compressed_image_transport/share/compressed_image_transport/compressed_plugins.xml
-- Installing: /home/tal/TB3_PC_WS/install/compressed_image_transport/share/ament_index/resource_index/package_run_dependencies/compressed_image_transport
-- Installing: /home/tal/TB3_PC_WS/install/compressed_image_transport/share/ament_index/resource_index/parent_prefix_path/compressed_image_transport
-- Installing: /home/tal/TB3_PC_WS/install/compressed_image_transport/share/compressed_image_transport/environment/ament_prefix_path.sh
-- Installing: /home/tal/TB3_PC_WS/install/compressed_image_transport/share/compressed_image_transport/environment/ament_prefix_path.dsv
-- Installing: /home/tal/TB3_PC_WS/install/compressed_image_transport/share/compressed_image_transport/environment/path.sh
-- Installing: /home/tal/TB3_PC_WS/install/compressed_image_transport/share/compressed_image_transport/environment/path.dsv
-- Installing: /home/tal/TB3_PC_WS/install/compressed_image_transport/share/compressed_image_transport/local_setup.bash
-- Installing: /home/tal/TB3_PC_WS/install/compressed_image_transport/share/compressed_image_transport/local_setup.sh
-- Installing: /home/tal/TB3_PC_WS/install/compressed_image_transport/share/compressed_image_transport/local_setup.zsh
-- Installing: /home/tal/TB3_PC_WS/install/compressed_image_transport/share/compressed_image_transport/local_setup.dsv
-- Installing: /home/tal/TB3_PC_WS/install/compressed_image_transport/share/compressed_image_transport/package.dsv
-- Installing: /home/tal/TB3_PC_WS/install/compressed_image_transport/share/ament_index/resource_index/packages/compressed_image_transport
-- Installing: /home/tal/TB3_PC_WS/install/compressed_image_transport/share/ament_index/resource_index/image_transport__pluginlib__plugin/compressed_image_transport
-- Installing: /home/tal/TB3_PC_WS/install/compressed_image_transport/share/compressed_image_transport/cmake/compressed_image_transportConfig.cmake
-- Installing: /home/tal/TB3_PC_WS/install/compressed_image_transport/share/compressed_image_transport/cmake/compressed_image_transportConfig-version.cmake
-- Installing: /home/tal/TB3_PC_WS/install/compressed_image_transport/share/compressed_image_transport/package.xml
