[0.024s] Invoking command in '/home/tal/TB3_PC_WS/build/compressed_image_transport': CMAKE_PREFIX_PATH=${CMAKE_PREFIX_PATH}:/home/tal/turtlebot3_ws/install/tb_run_script:/home/tal/tut2_ws/install/my_robot_controller:/home/tal/tut_ws/install/my_robot_controller:/home/tal/tutorial_ws/install/launch_testing_examples:/home/tal/tutorial_ws/install/examples_rclpy_pointcloud_publisher:/home/tal/tutorial_ws/install/examples_rclpy_minimal_subscriber:/home/tal/tutorial_ws/install/examples_rclpy_minimal_service:/home/tal/tutorial_ws/install/examples_rclpy_minimal_publisher:/home/tal/tutorial_ws/install/examples_rclpy_minimal_client:/home/tal/tutorial_ws/install/examples_rclpy_minimal_action_server:/home/tal/tutorial_ws/install/examples_rclpy_minimal_action_client:/home/tal/tutorial_ws/install/examples_rclpy_guard_conditions:/home/tal/tutorial_ws/install/examples_rclpy_executors:/opt/ros/humble /usr/bin/cmake --build /home/tal/TB3_PC_WS/build/compressed_image_transport -- -j6 -l6
[0.141s] [35m[1mConsolidate compiler generated dependencies of target compressed_image_transport[0m
[0.141s] [100%] Built target compressed_image_transport
[0.181s] Invoked command in '/home/tal/TB3_PC_WS/build/compressed_image_transport' returned '0': CMAKE_PREFIX_PATH=${CMAKE_PREFIX_PATH}:/home/tal/turtlebot3_ws/install/tb_run_script:/home/tal/tut2_ws/install/my_robot_controller:/home/tal/tut_ws/install/my_robot_controller:/home/tal/tutorial_ws/install/launch_testing_examples:/home/tal/tutorial_ws/install/examples_rclpy_pointcloud_publisher:/home/tal/tutorial_ws/install/examples_rclpy_minimal_subscriber:/home/tal/tutorial_ws/install/examples_rclpy_minimal_service:/home/tal/tutorial_ws/install/examples_rclpy_minimal_publisher:/home/tal/tutorial_ws/install/examples_rclpy_minimal_client:/home/tal/tutorial_ws/install/examples_rclpy_minimal_action_server:/home/tal/tutorial_ws/install/examples_rclpy_minimal_action_client:/home/tal/tutorial_ws/install/examples_rclpy_guard_conditions:/home/tal/tutorial_ws/install/examples_rclpy_executors:/opt/ros/humble /usr/bin/cmake --build /home/tal/TB3_PC_WS/build/compressed_image_transport -- -j6 -l6
[0.508s] Invoking command in '/home/tal/TB3_PC_WS/build/compressed_image_transport': CMAKE_PREFIX_PATH=${CMAKE_PREFIX_PATH}:/home/tal/turtlebot3_ws/install/tb_run_script:/home/tal/tut2_ws/install/my_robot_controller:/home/tal/tut_ws/install/my_robot_controller:/home/tal/tutorial_ws/install/launch_testing_examples:/home/tal/tutorial_ws/install/examples_rclpy_pointcloud_publisher:/home/tal/tutorial_ws/install/examples_rclpy_minimal_subscriber:/home/tal/tutorial_ws/install/examples_rclpy_minimal_service:/home/tal/tutorial_ws/install/examples_rclpy_minimal_publisher:/home/tal/tutorial_ws/install/examples_rclpy_minimal_client:/home/tal/tutorial_ws/install/examples_rclpy_minimal_action_server:/home/tal/tutorial_ws/install/examples_rclpy_minimal_action_client:/home/tal/tutorial_ws/install/examples_rclpy_guard_conditions:/home/tal/tutorial_ws/install/examples_rclpy_executors:/opt/ros/humble /usr/bin/cmake --install /home/tal/TB3_PC_WS/build/compressed_image_transport
[0.547s] -- Install configuration: ""
[0.547s] -- Up-to-date: /home/tal/TB3_PC_WS/install/compressed_image_transport/lib/libcompressed_image_transport.so
[0.547s] -- Installing: /home/tal/TB3_PC_WS/install/compressed_image_transport/include
[0.547s] -- Installing: /home/tal/TB3_PC_WS/install/compressed_image_transport/include/compressed_image_transport
[0.547s] -- Installing: /home/tal/TB3_PC_WS/install/compressed_image_transport/include/compressed_image_transport/compressed_publisher.h
[0.547s] -- Installing: /home/tal/TB3_PC_WS/install/compressed_image_transport/include/compressed_image_transport/compression_common.h
[0.547s] -- Installing: /home/tal/TB3_PC_WS/install/compressed_image_transport/include/compressed_image_transport/compressed_subscriber.h
[0.547s] -- Installing: /home/tal/TB3_PC_WS/install/compressed_image_transport/share/compressed_image_transport/compressed_plugins.xml
[0.547s] -- Installing: /home/tal/TB3_PC_WS/install/compressed_image_transport/share/ament_index/resource_index/package_run_dependencies/compressed_image_transport
[0.547s] -- Installing: /home/tal/TB3_PC_WS/install/compressed_image_transport/share/ament_index/resource_index/parent_prefix_path/compressed_image_transport
[0.547s] -- Installing: /home/tal/TB3_PC_WS/install/compressed_image_transport/share/compressed_image_transport/environment/ament_prefix_path.sh
[0.547s] -- Installing: /home/tal/TB3_PC_WS/install/compressed_image_transport/share/compressed_image_transport/environment/ament_prefix_path.dsv
[0.547s] -- Installing: /home/tal/TB3_PC_WS/install/compressed_image_transport/share/compressed_image_transport/environment/path.sh
[0.547s] -- Installing: /home/tal/TB3_PC_WS/install/compressed_image_transport/share/compressed_image_transport/environment/path.dsv
[0.548s] -- Installing: /home/tal/TB3_PC_WS/install/compressed_image_transport/share/compressed_image_transport/local_setup.bash
[0.548s] -- Installing: /home/tal/TB3_PC_WS/install/compressed_image_transport/share/compressed_image_transport/local_setup.sh
[0.548s] -- Installing: /home/tal/TB3_PC_WS/install/compressed_image_transport/share/compressed_image_transport/local_setup.zsh
[0.548s] -- Installing: /home/tal/TB3_PC_WS/install/compressed_image_transport/share/compressed_image_transport/local_setup.dsv
[0.548s] -- Installing: /home/tal/TB3_PC_WS/install/compressed_image_transport/share/compressed_image_transport/package.dsv
[0.548s] -- Installing: /home/tal/TB3_PC_WS/install/compressed_image_transport/share/ament_index/resource_index/packages/compressed_image_transport
[0.548s] -- Installing: /home/tal/TB3_PC_WS/install/compressed_image_transport/share/ament_index/resource_index/image_transport__pluginlib__plugin/compressed_image_transport
[0.548s] -- Installing: /home/tal/TB3_PC_WS/install/compressed_image_transport/share/compressed_image_transport/cmake/compressed_image_transportConfig.cmake
[0.548s] -- Installing: /home/tal/TB3_PC_WS/install/compressed_image_transport/share/compressed_image_transport/cmake/compressed_image_transportConfig-version.cmake
[0.548s] -- Installing: /home/tal/TB3_PC_WS/install/compressed_image_transport/share/compressed_image_transport/package.xml
[0.823s] Invoked command in '/home/tal/TB3_PC_WS/build/compressed_image_transport' returned '0': CMAKE_PREFIX_PATH=${CMAKE_PREFIX_PATH}:/home/tal/turtlebot3_ws/install/tb_run_script:/home/tal/tut2_ws/install/my_robot_controller:/home/tal/tut_ws/install/my_robot_controller:/home/tal/tutorial_ws/install/launch_testing_examples:/home/tal/tutorial_ws/install/examples_rclpy_pointcloud_publisher:/home/tal/tutorial_ws/install/examples_rclpy_minimal_subscriber:/home/tal/tutorial_ws/install/examples_rclpy_minimal_service:/home/tal/tutorial_ws/install/examples_rclpy_minimal_publisher:/home/tal/tutorial_ws/install/examples_rclpy_minimal_client:/home/tal/tutorial_ws/install/examples_rclpy_minimal_action_server:/home/tal/tutorial_ws/install/examples_rclpy_minimal_action_client:/home/tal/tutorial_ws/install/examples_rclpy_guard_conditions:/home/tal/tutorial_ws/install/examples_rclpy_executors:/opt/ros/humble /usr/bin/cmake --install /home/tal/TB3_PC_WS/build/compressed_image_transport
