-- Found ament_cmake: 1.1.6 (/opt/ros/galactic/share/ament_cmake/cmake)
-- Using PYTHON_EXECUTABLE: /usr/bin/python3
-- Found geometry_msgs: 2.2.4 (/opt/ros/galactic/share/geometry_msgs/cmake)
-- Using single rosidl_typesupport_c: rosidl_typesupport_introspection_c
-- Found rosidl_adapter: 2.2.3 (/opt/ros/galactic/share/rosidl_adapter/cmake)
-- Using single rosidl_typesupport_cpp: rosidl_typesupport_introspection_cpp
-- Found nav_msgs: 2.2.4 (/opt/ros/galactic/share/nav_msgs/cmake)
-- Found rclcpp: 9.2.2 (/opt/ros/galactic/share/rclcpp/cmake)
-- Found rmw_implementation_cmake: 3.3.1 (/opt/ros/galactic/share/rmw_implementation_cmake/cmake)
-- Found rmw_cyclonedds_cpp: 0.22.6 (/opt/ros/galactic/share/rmw_cyclonedds_cpp/cmake)
-- Using RMW implementation 'rmw_cyclonedds_cpp' as default
-- Found sensor_msgs: 2.2.4 (/opt/ros/galactic/share/sensor_msgs/cmake)
-- Found tf2: 0.17.5 (/opt/ros/galactic/share/tf2/cmake)
-- Found tf2_msgs: 0.17.5 (/opt/ros/galactic/share/tf2_msgs/cmake)
-- Found turtlebot3_msgs: 2.2.3 (/home/tal/TB3_PC_WS/ros2_galactic/install/turtlebot3_msgs/share/turtlebot3_msgs/cmake)
-- Configuring done
-- Generating done
-- Build files have been written to: /home/tal/TB3_PC_WS/ros2_galactic/build/turtlebot3_fake_node
[35m[1mScanning dependencies of target turtlebot3_fake_node[0m
[ 50%] [32mBuilding CXX object CMakeFiles/turtlebot3_fake_node.dir/src/turtlebot3_fake_node.cpp.o[0m
[100%] [32m[1mLinking CXX executable turtlebot3_fake_node[0m
[100%] Built target turtlebot3_fake_node
-- Install configuration: ""
-- Installing: /home/tal/TB3_PC_WS/ros2_galactic/install/turtlebot3_fake_node/lib/turtlebot3_fake_node/turtlebot3_fake_node
-- Set runtime path of "/home/tal/TB3_PC_WS/ros2_galactic/install/turtlebot3_fake_node/lib/turtlebot3_fake_node/turtlebot3_fake_node" to ""
-- Installing: /home/tal/TB3_PC_WS/ros2_galactic/install/turtlebot3_fake_node/share/turtlebot3_fake_node/launch
-- Installing: /home/tal/TB3_PC_WS/ros2_galactic/install/turtlebot3_fake_node/share/turtlebot3_fake_node/launch/turtlebot3_fake_node.launch.py
-- Installing: /home/tal/TB3_PC_WS/ros2_galactic/install/turtlebot3_fake_node/share/turtlebot3_fake_node/launch/rviz2.launch.py
-- Installing: /home/tal/TB3_PC_WS/ros2_galactic/install/turtlebot3_fake_node/share/turtlebot3_fake_node/param
-- Installing: /home/tal/TB3_PC_WS/ros2_galactic/install/turtlebot3_fake_node/share/turtlebot3_fake_node/param/burger.yaml
-- Installing: /home/tal/TB3_PC_WS/ros2_galactic/install/turtlebot3_fake_node/share/turtlebot3_fake_node/param/waffle_pi.yaml
-- Installing: /home/tal/TB3_PC_WS/ros2_galactic/install/turtlebot3_fake_node/share/turtlebot3_fake_node/param/waffle.yaml
-- Installing: /home/tal/TB3_PC_WS/ros2_galactic/install/turtlebot3_fake_node/include/
-- Installing: /home/tal/TB3_PC_WS/ros2_galactic/install/turtlebot3_fake_node/include//turtlebot3_fake_node
-- Installing: /home/tal/TB3_PC_WS/ros2_galactic/install/turtlebot3_fake_node/include//turtlebot3_fake_node/turtlebot3_fake_node.hpp
-- Installing: /home/tal/TB3_PC_WS/ros2_galactic/install/turtlebot3_fake_node/share/ament_index/resource_index/package_run_dependencies/turtlebot3_fake_node
-- Installing: /home/tal/TB3_PC_WS/ros2_galactic/install/turtlebot3_fake_node/share/ament_index/resource_index/parent_prefix_path/turtlebot3_fake_node
-- Installing: /home/tal/TB3_PC_WS/ros2_galactic/install/turtlebot3_fake_node/share/turtlebot3_fake_node/environment/ament_prefix_path.sh
-- Installing: /home/tal/TB3_PC_WS/ros2_galactic/install/turtlebot3_fake_node/share/turtlebot3_fake_node/environment/ament_prefix_path.dsv
-- Installing: /home/tal/TB3_PC_WS/ros2_galactic/install/turtlebot3_fake_node/share/turtlebot3_fake_node/environment/path.sh
-- Installing: /home/tal/TB3_PC_WS/ros2_galactic/install/turtlebot3_fake_node/share/turtlebot3_fake_node/environment/path.dsv
-- Installing: /home/tal/TB3_PC_WS/ros2_galactic/install/turtlebot3_fake_node/share/turtlebot3_fake_node/local_setup.bash
-- Installing: /home/tal/TB3_PC_WS/ros2_galactic/install/turtlebot3_fake_node/share/turtlebot3_fake_node/local_setup.sh
-- Installing: /home/tal/TB3_PC_WS/ros2_galactic/install/turtlebot3_fake_node/share/turtlebot3_fake_node/local_setup.zsh
-- Installing: /home/tal/TB3_PC_WS/ros2_galactic/install/turtlebot3_fake_node/share/turtlebot3_fake_node/local_setup.dsv
-- Installing: /home/tal/TB3_PC_WS/ros2_galactic/install/turtlebot3_fake_node/share/turtlebot3_fake_node/package.dsv
-- Installing: /home/tal/TB3_PC_WS/ros2_galactic/install/turtlebot3_fake_node/share/ament_index/resource_index/packages/turtlebot3_fake_node
-- Installing: /home/tal/TB3_PC_WS/ros2_galactic/install/turtlebot3_fake_node/share/turtlebot3_fake_node/cmake/ament_cmake_export_include_directories-extras.cmake
-- Installing: /home/tal/TB3_PC_WS/ros2_galactic/install/turtlebot3_fake_node/share/turtlebot3_fake_node/cmake/ament_cmake_export_dependencies-extras.cmake
-- Installing: /home/tal/TB3_PC_WS/ros2_galactic/install/turtlebot3_fake_node/share/turtlebot3_fake_node/cmake/turtlebot3_fake_nodeConfig.cmake
-- Installing: /home/tal/TB3_PC_WS/ros2_galactic/install/turtlebot3_fake_node/share/turtlebot3_fake_node/cmake/turtlebot3_fake_nodeConfig-version.cmake
-- Installing: /home/tal/TB3_PC_WS/ros2_galactic/install/turtlebot3_fake_node/share/turtlebot3_fake_node/package.xml
