[0.022s] Invoking command in '/home/tal/TB3_PC_WS/build/turtlebot3_gazebo': CMAKE_PREFIX_PATH=/home/tal/TB3_PC_WS/install/turtlebot3_teleop:/home/tal/TB3_PC_WS/install/turtlebot3_example:/opt/ros/galactic:/home/tal/TB3_PC_WS/install/tb_run_script:${CMAKE_PREFIX_PATH} /usr/bin/cmake /home/tal/TB3_PC_WS/src/turtlebot3_gazebo -DCMAKE_INSTALL_PREFIX=/home/tal/TB3_PC_WS/install/turtlebot3_gazebo
[0.364s] -- The C compiler identification is GNU 9.4.0
[0.364s] -- The CXX compiler identification is GNU 9.4.0
[0.364s] -- Check for working C compiler: /usr/bin/cc
[0.364s] -- Check for working C compiler: /usr/bin/cc -- works
[0.364s] -- Detecting C compiler ABI info
[0.364s] -- Detecting C compiler ABI info - done
[0.364s] -- Detecting C compile features
[0.364s] -- Detecting C compile features - done
[0.364s] -- Check for working CXX compiler: /usr/bin/c++
[0.364s] -- Check for working CXX compiler: /usr/bin/c++ -- works
[0.364s] -- Detecting CXX compiler ABI info
[0.364s] -- Detecting CXX compiler ABI info - done
[0.364s] -- Detecting CXX compile features
[0.364s] -- Detecting CXX compile features - done
[0.364s] -- Found ament_cmake: 1.1.6 (/opt/ros/galactic/share/ament_cmake/cmake)
[0.364s] -- Found PythonInterp: /usr/bin/python3 (found suitable version "3.8.10", minimum required is "3") 
[0.364s] -- Using PYTHON_EXECUTABLE: /usr/bin/python3
[0.388s] -- Found PkgConfig: /usr/bin/pkg-config (found version "0.29.1") 
[0.390s] -- Checking for module 'bullet>=2.82'
[0.400s] --   Found bullet, version 2.88
[0.474s] -- Found ccd: /usr/include (found suitable version "2.0", minimum required is "2.0") 
[0.513s] -- Found fcl: /usr/include (found suitable version "0.5.0", minimum required is "0.3.2") 
[0.562s] -- Found assimp: /usr/include (found version "5.0.0") 
[0.577s] -- Found DART: /usr/include (Required is at least version "6.6") found components: dart 
[0.773s] -- Found Boost: /usr/lib/x86_64-linux-gnu/cmake/Boost-1.71.0/BoostConfig.cmake (found suitable version "1.71.0", minimum required is "1.40.0") found components: thread system filesystem program_options regex iostreams date_time 
[0.786s] -- Found Protobuf: /usr/lib/x86_64-linux-gnu/libprotobuf.so;-lpthread (found version "3.6.1") 
[0.788s] -- Looking for ignition-math6 -- found version 6.15.1
[0.792s] -- Searching for dependencies of ignition-math6
[0.793s] -- Looking for OGRE...
[0.793s] -- OGRE_PREFIX_WATCH changed.
[0.797s] -- Checking for module 'OGRE'
[0.808s] --   Found OGRE, version 1.9.0
[0.830s] -- Found Ogre Ghadamon (1.9.0)
[0.834s] -- Found OGRE: optimized;/usr/lib/x86_64-linux-gnu/libOgreMain.so;debug;/usr/lib/x86_64-linux-gnu/libOgreMain.so
[0.840s] -- Looking for OGRE_Paging...
[0.843s] -- Found OGRE_Paging: optimized;/usr/lib/x86_64-linux-gnu/libOgrePaging.so;debug;/usr/lib/x86_64-linux-gnu/libOgrePaging.so
[0.843s] -- Looking for OGRE_Terrain...
[0.846s] -- Found OGRE_Terrain: optimized;/usr/lib/x86_64-linux-gnu/libOgreTerrain.so;debug;/usr/lib/x86_64-linux-gnu/libOgreTerrain.so
[0.846s] -- Looking for OGRE_Property...
[0.850s] -- Found OGRE_Property: optimized;/usr/lib/x86_64-linux-gnu/libOgreProperty.so;debug;/usr/lib/x86_64-linux-gnu/libOgreProperty.so
[0.850s] -- Looking for OGRE_RTShaderSystem...
[0.853s] -- Found OGRE_RTShaderSystem: optimized;/usr/lib/x86_64-linux-gnu/libOgreRTShaderSystem.so;debug;/usr/lib/x86_64-linux-gnu/libOgreRTShaderSystem.so
[0.853s] -- Looking for OGRE_Volume...
[0.856s] -- Found OGRE_Volume: optimized;/usr/lib/x86_64-linux-gnu/libOgreVolume.so;debug;/usr/lib/x86_64-linux-gnu/libOgreVolume.so
[0.856s] -- Looking for OGRE_Overlay...
[0.860s] -- Found OGRE_Overlay: optimized;/usr/lib/x86_64-linux-gnu/libOgreOverlay.so;debug;/usr/lib/x86_64-linux-gnu/libOgreOverlay.so
[0.936s] -- Looking for ignition-math6 -- found version 6.15.1
[0.937s] -- Looking for ignition-transport8 -- found version 8.3.0
[0.937s] -- Searching for dependencies of ignition-transport8
[0.946s] -- Found Protobuf: /usr/lib/x86_64-linux-gnu/libprotobuf.so;-lpthread (found suitable version "3.6.1", minimum required is "3") 
[0.951s] -- Config-file not installed for ZeroMQ -- checking for pkg-config
[0.954s] -- Checking for module 'libzmq >= 4'
[0.962s] --   Found libzmq , version 4.3.2
[0.981s] -- Found ZeroMQ: TRUE (Required is at least version "4") 
[0.984s] -- Checking for module 'uuid'
[0.992s] --   Found uuid, version 2.34.0
[1.010s] -- Found UUID: TRUE  
[1.011s] -- Looking for ignition-msgs5 -- found version 5.10.0
[1.011s] -- Searching for dependencies of ignition-msgs5
[1.021s] -- Looking for ignition-math6 -- found version 6.15.1
[1.024s] -- Checking for module 'tinyxml2'
[1.032s] --   Found tinyxml2, version 6.2.0
[1.052s] -- Looking for ignition-msgs5 -- found version 5.10.0
[1.053s] -- Looking for ignition-common3 -- found version 3.14.2
[1.053s] -- Searching for dependencies of ignition-common3
[1.053s] -- Looking for dlfcn.h - found
[1.054s] -- Looking for libdl - found
[1.054s] -- Found DL: TRUE  
[1.059s] -- Searching for <ignition-common3> component [graphics]
[1.060s] -- Looking for ignition-common3-graphics -- found version 3.14.2
[1.060s] -- Searching for dependencies of ignition-common3-graphics
[1.061s] -- Looking for ignition-math6 -- found version 6.15.1
[1.062s] -- Looking for ignition-fuel_tools4 -- found version 4.6.0
[1.062s] -- Searching for dependencies of ignition-fuel_tools4
[1.100s] -- Found CURL: /usr/lib/x86_64-linux-gnu/libcurl.so (found version "7.68.0")  
[1.106s] -- Checking for module 'jsoncpp'
[1.118s] --   Found jsoncpp, version 1.7.4
[1.137s] -- Found JSONCPP: TRUE  
[1.141s] -- Checking for module 'libzip'
[1.148s] --   Found libzip, version 1.5.1
[1.167s] -- Found ZIP: TRUE  
[1.167s] -- Looking for ignition-common3 -- found version 3.14.2
[1.168s] -- Looking for ignition-math6 -- found version 6.15.1
[1.168s] -- Looking for ignition-msgs5 -- found version 5.10.0
[1.169s] -- Found gazebo_ros_pkgs: 3.5.2 (/opt/ros/galactic/share/gazebo_ros_pkgs/cmake)
[1.170s] -- Found geometry_msgs: 2.2.4 (/opt/ros/galactic/share/geometry_msgs/cmake)
[1.183s] -- Using single rosidl_typesupport_c: rosidl_typesupport_introspection_c
[1.186s] -- Found rosidl_adapter: 2.2.3 (/opt/ros/galactic/share/rosidl_adapter/cmake)
[1.197s] -- Using single rosidl_typesupport_cpp: rosidl_typesupport_introspection_cpp
[1.246s] -- Found nav_msgs: 2.2.4 (/opt/ros/galactic/share/nav_msgs/cmake)
[1.289s] -- Found rclcpp: 9.2.2 (/opt/ros/galactic/share/rclcpp/cmake)
[1.322s] -- Found rmw_implementation_cmake: 3.3.1 (/opt/ros/galactic/share/rmw_implementation_cmake/cmake)
[1.323s] -- Found rmw_cyclonedds_cpp: 0.22.6 (/opt/ros/galactic/share/rmw_cyclonedds_cpp/cmake)
[1.335s] -- Using RMW implementation 'rmw_cyclonedds_cpp' as default
[1.336s] -- Found Threads: TRUE  
[1.430s] -- Found sensor_msgs: 2.2.4 (/opt/ros/galactic/share/sensor_msgs/cmake)
[1.474s] -- Found tf2: 0.17.5 (/opt/ros/galactic/share/tf2/cmake)
[1.519s] -- Configuring done
[1.540s] -- Generating done
[1.541s] -- Build files have been written to: /home/tal/TB3_PC_WS/build/turtlebot3_gazebo
[1.547s] Invoked command in '/home/tal/TB3_PC_WS/build/turtlebot3_gazebo' returned '0': CMAKE_PREFIX_PATH=/home/tal/TB3_PC_WS/install/turtlebot3_teleop:/home/tal/TB3_PC_WS/install/turtlebot3_example:/opt/ros/galactic:/home/tal/TB3_PC_WS/install/tb_run_script:${CMAKE_PREFIX_PATH} /usr/bin/cmake /home/tal/TB3_PC_WS/src/turtlebot3_gazebo -DCMAKE_INSTALL_PREFIX=/home/tal/TB3_PC_WS/install/turtlebot3_gazebo
[1.549s] Invoking command in '/home/tal/TB3_PC_WS/build/turtlebot3_gazebo': CMAKE_PREFIX_PATH=/home/tal/TB3_PC_WS/install/turtlebot3_teleop:/home/tal/TB3_PC_WS/install/turtlebot3_example:/opt/ros/galactic:/home/tal/TB3_PC_WS/install/tb_run_script:${CMAKE_PREFIX_PATH} /usr/bin/cmake --build /home/tal/TB3_PC_WS/build/turtlebot3_gazebo -- -j16 -l16
[1.573s] [35m[1mScanning dependencies of target turtlebot3_drive[0m
[1.573s] [35m[1mScanning dependencies of target obstacles[0m
[1.573s] [35m[1mScanning dependencies of target obstacle1[0m
[1.574s] [35m[1mScanning dependencies of target obstacle2[0m
[1.608s] [ 12%] [32mBuilding CXX object CMakeFiles/turtlebot3_drive.dir/src/turtlebot3_drive.cpp.o[0m
[1.633s] [ 25%] [32mBuilding CXX object CMakeFiles/obstacles.dir/models/turtlebot3_dqn_world/obstacle_plugin/obstacles.cc.o[0m
[1.634s] [ 50%] [32mBuilding CXX object CMakeFiles/obstacle2.dir/models/turtlebot3_dqn_world/obstacle_plugin/obstacle2.cc.o[0m
[1.634s] [ 50%] [32mBuilding CXX object CMakeFiles/obstacle1.dir/models/turtlebot3_dqn_world/obstacle_plugin/obstacle1.cc.o[0m
[9.188s] [ 62%] [32m[1mLinking CXX shared library libobstacle1.so[0m
[9.427s] [ 62%] Built target obstacle1
[9.508s] [ 75%] [32m[1mLinking CXX executable turtlebot3_drive[0m
[9.517s] [ 87%] [32m[1mLinking CXX shared library libobstacle2.so[0m
[9.548s] [100%] [32m[1mLinking CXX shared library libobstacles.so[0m
[9.795s] [100%] Built target obstacle2
[9.834s] [100%] Built target obstacles
[9.927s] [100%] Built target turtlebot3_drive
[9.935s] Invoked command in '/home/tal/TB3_PC_WS/build/turtlebot3_gazebo' returned '0': CMAKE_PREFIX_PATH=/home/tal/TB3_PC_WS/install/turtlebot3_teleop:/home/tal/TB3_PC_WS/install/turtlebot3_example:/opt/ros/galactic:/home/tal/TB3_PC_WS/install/tb_run_script:${CMAKE_PREFIX_PATH} /usr/bin/cmake --build /home/tal/TB3_PC_WS/build/turtlebot3_gazebo -- -j16 -l16
[9.957s] Invoking command in '/home/tal/TB3_PC_WS/build/turtlebot3_gazebo': CMAKE_PREFIX_PATH=/home/tal/TB3_PC_WS/install/turtlebot3_teleop:/home/tal/TB3_PC_WS/install/turtlebot3_example:/opt/ros/galactic:/home/tal/TB3_PC_WS/install/tb_run_script:${CMAKE_PREFIX_PATH} /usr/bin/cmake --install /home/tal/TB3_PC_WS/build/turtlebot3_gazebo
[9.963s] -- Install configuration: ""
[9.963s] -- Installing: /home/tal/TB3_PC_WS/install/turtlebot3_gazebo/lib/turtlebot3_gazebo/turtlebot3_drive
[9.966s] -- Set runtime path of "/home/tal/TB3_PC_WS/install/turtlebot3_gazebo/lib/turtlebot3_gazebo/turtlebot3_drive" to ""
[9.966s] -- Installing: /home/tal/TB3_PC_WS/install/turtlebot3_gazebo/share/turtlebot3_gazebo//launch
[9.966s] -- Installing: /home/tal/TB3_PC_WS/install/turtlebot3_gazebo/share/turtlebot3_gazebo//launch/spawn_turtlebot3.launch.py
[9.966s] -- Installing: /home/tal/TB3_PC_WS/install/turtlebot3_gazebo/share/turtlebot3_gazebo//launch/turtlebot3_dqn_stage2.launch.py
[9.966s] -- Installing: /home/tal/TB3_PC_WS/install/turtlebot3_gazebo/share/turtlebot3_gazebo//launch/turtlebot3_dqn_stage1.launch.py
[9.966s] -- Installing: /home/tal/TB3_PC_WS/install/turtlebot3_gazebo/share/turtlebot3_gazebo//launch/turtlebot3_dqn_stage3.launch.py
[9.966s] -- Installing: /home/tal/TB3_PC_WS/install/turtlebot3_gazebo/share/turtlebot3_gazebo//launch/empty_world.launch.py
[9.966s] -- Installing: /home/tal/TB3_PC_WS/install/turtlebot3_gazebo/share/turtlebot3_gazebo//launch/robot_state_publisher.launch.py
[9.966s] -- Installing: /home/tal/TB3_PC_WS/install/turtlebot3_gazebo/share/turtlebot3_gazebo//launch/turtlebot3_world.launch.py
[9.967s] -- Installing: /home/tal/TB3_PC_WS/install/turtlebot3_gazebo/share/turtlebot3_gazebo//launch/turtlebot3_house.launch.py
[9.967s] -- Installing: /home/tal/TB3_PC_WS/install/turtlebot3_gazebo/share/turtlebot3_gazebo//launch/turtlebot3_dqn_stage4.launch.py
[9.967s] -- Installing: /home/tal/TB3_PC_WS/install/turtlebot3_gazebo/share/turtlebot3_gazebo//models
[9.967s] -- Installing: /home/tal/TB3_PC_WS/install/turtlebot3_gazebo/share/turtlebot3_gazebo//models/turtlebot3_dqn_world
[9.967s] -- Installing: /home/tal/TB3_PC_WS/install/turtlebot3_gazebo/share/turtlebot3_gazebo//models/turtlebot3_dqn_world/obstacles
[9.967s] -- Installing: /home/tal/TB3_PC_WS/install/turtlebot3_gazebo/share/turtlebot3_gazebo//models/turtlebot3_dqn_world/obstacles/model.config
[9.967s] -- Installing: /home/tal/TB3_PC_WS/install/turtlebot3_gazebo/share/turtlebot3_gazebo//models/turtlebot3_dqn_world/obstacles/model.sdf
[9.967s] -- Installing: /home/tal/TB3_PC_WS/install/turtlebot3_gazebo/share/turtlebot3_gazebo//models/turtlebot3_dqn_world/obstacle1
[9.967s] -- Installing: /home/tal/TB3_PC_WS/install/turtlebot3_gazebo/share/turtlebot3_gazebo//models/turtlebot3_dqn_world/obstacle1/model.config
[9.967s] -- Installing: /home/tal/TB3_PC_WS/install/turtlebot3_gazebo/share/turtlebot3_gazebo//models/turtlebot3_dqn_world/obstacle1/model.sdf
[9.967s] -- Installing: /home/tal/TB3_PC_WS/install/turtlebot3_gazebo/share/turtlebot3_gazebo//models/turtlebot3_dqn_world/obstacle2
[9.968s] -- Installing: /home/tal/TB3_PC_WS/install/turtlebot3_gazebo/share/turtlebot3_gazebo//models/turtlebot3_dqn_world/obstacle2/model.config
[9.968s] -- Installing: /home/tal/TB3_PC_WS/install/turtlebot3_gazebo/share/turtlebot3_gazebo//models/turtlebot3_dqn_world/obstacle2/model.sdf
[9.968s] -- Installing: /home/tal/TB3_PC_WS/install/turtlebot3_gazebo/share/turtlebot3_gazebo//models/turtlebot3_dqn_world/model.config
[9.968s] -- Installing: /home/tal/TB3_PC_WS/install/turtlebot3_gazebo/share/turtlebot3_gazebo//models/turtlebot3_dqn_world/obstacle_plugin
[9.968s] -- Installing: /home/tal/TB3_PC_WS/install/turtlebot3_gazebo/share/turtlebot3_gazebo//models/turtlebot3_dqn_world/obstacle_plugin/obstacles.cc
[9.968s] -- Installing: /home/tal/TB3_PC_WS/install/turtlebot3_gazebo/share/turtlebot3_gazebo//models/turtlebot3_dqn_world/obstacle_plugin/obstacle2.cc
[9.968s] -- Installing: /home/tal/TB3_PC_WS/install/turtlebot3_gazebo/share/turtlebot3_gazebo//models/turtlebot3_dqn_world/obstacle_plugin/CMakeLists.txt
[9.968s] -- Installing: /home/tal/TB3_PC_WS/install/turtlebot3_gazebo/share/turtlebot3_gazebo//models/turtlebot3_dqn_world/obstacle_plugin/obstacle1.cc
[9.968s] -- Installing: /home/tal/TB3_PC_WS/install/turtlebot3_gazebo/share/turtlebot3_gazebo//models/turtlebot3_dqn_world/model.sdf
[9.968s] -- Installing: /home/tal/TB3_PC_WS/install/turtlebot3_gazebo/share/turtlebot3_gazebo//models/turtlebot3_dqn_world/goal_box
[9.968s] -- Installing: /home/tal/TB3_PC_WS/install/turtlebot3_gazebo/share/turtlebot3_gazebo//models/turtlebot3_dqn_world/goal_box/model.config
[9.968s] -- Installing: /home/tal/TB3_PC_WS/install/turtlebot3_gazebo/share/turtlebot3_gazebo//models/turtlebot3_dqn_world/goal_box/model.sdf
[9.969s] -- Installing: /home/tal/TB3_PC_WS/install/turtlebot3_gazebo/share/turtlebot3_gazebo//models/turtlebot3_dqn_world/inner_walls
[9.969s] -- Installing: /home/tal/TB3_PC_WS/install/turtlebot3_gazebo/share/turtlebot3_gazebo//models/turtlebot3_dqn_world/inner_walls/model.config
[9.969s] -- Installing: /home/tal/TB3_PC_WS/install/turtlebot3_gazebo/share/turtlebot3_gazebo//models/turtlebot3_dqn_world/inner_walls/model.sdf
[9.969s] -- Installing: /home/tal/TB3_PC_WS/install/turtlebot3_gazebo/share/turtlebot3_gazebo//models/turtlebot3_burger
[9.969s] -- Installing: /home/tal/TB3_PC_WS/install/turtlebot3_gazebo/share/turtlebot3_gazebo//models/turtlebot3_burger/model-1_4.sdf
[9.969s] -- Installing: /home/tal/TB3_PC_WS/install/turtlebot3_gazebo/share/turtlebot3_gazebo//models/turtlebot3_burger/model.config
[9.969s] -- Installing: /home/tal/TB3_PC_WS/install/turtlebot3_gazebo/share/turtlebot3_gazebo//models/turtlebot3_burger/model.sdf
[9.969s] -- Installing: /home/tal/TB3_PC_WS/install/turtlebot3_gazebo/share/turtlebot3_gazebo//models/turtlebot3_house
[9.969s] -- Installing: /home/tal/TB3_PC_WS/install/turtlebot3_gazebo/share/turtlebot3_gazebo//models/turtlebot3_house/model.config
[9.969s] -- Installing: /home/tal/TB3_PC_WS/install/turtlebot3_gazebo/share/turtlebot3_gazebo//models/turtlebot3_house/model.sdf
[9.969s] -- Installing: /home/tal/TB3_PC_WS/install/turtlebot3_gazebo/share/turtlebot3_gazebo//models/turtlebot3_common
[9.970s] -- Installing: /home/tal/TB3_PC_WS/install/turtlebot3_gazebo/share/turtlebot3_gazebo//models/turtlebot3_common/model.config
[9.970s] -- Installing: /home/tal/TB3_PC_WS/install/turtlebot3_gazebo/share/turtlebot3_gazebo//models/turtlebot3_common/meshes
[9.970s] -- Installing: /home/tal/TB3_PC_WS/install/turtlebot3_gazebo/share/turtlebot3_gazebo//models/turtlebot3_common/meshes/burger_base.dae
[9.970s] -- Installing: /home/tal/TB3_PC_WS/install/turtlebot3_gazebo/share/turtlebot3_gazebo//models/turtlebot3_common/meshes/lds.dae
[9.970s] -- Installing: /home/tal/TB3_PC_WS/install/turtlebot3_gazebo/share/turtlebot3_gazebo//models/turtlebot3_common/meshes/r200.dae
[9.970s] -- Installing: /home/tal/TB3_PC_WS/install/turtlebot3_gazebo/share/turtlebot3_gazebo//models/turtlebot3_common/meshes/tire.dae
[9.970s] -- Installing: /home/tal/TB3_PC_WS/install/turtlebot3_gazebo/share/turtlebot3_gazebo//models/turtlebot3_common/meshes/waffle_pi_base.dae
[9.970s] -- Installing: /home/tal/TB3_PC_WS/install/turtlebot3_gazebo/share/turtlebot3_gazebo//models/turtlebot3_common/meshes/waffle_base.dae
[9.970s] -- Installing: /home/tal/TB3_PC_WS/install/turtlebot3_gazebo/share/turtlebot3_gazebo//models/turtlebot3_waffle
[9.970s] -- Installing: /home/tal/TB3_PC_WS/install/turtlebot3_gazebo/share/turtlebot3_gazebo//models/turtlebot3_waffle/model-1_4.sdf
[9.970s] -- Installing: /home/tal/TB3_PC_WS/install/turtlebot3_gazebo/share/turtlebot3_gazebo//models/turtlebot3_waffle/model.config
[9.970s] -- Installing: /home/tal/TB3_PC_WS/install/turtlebot3_gazebo/share/turtlebot3_gazebo//models/turtlebot3_waffle/model.sdf
[9.971s] -- Installing: /home/tal/TB3_PC_WS/install/turtlebot3_gazebo/share/turtlebot3_gazebo//models/turtlebot3_waffle_pi
[9.971s] -- Installing: /home/tal/TB3_PC_WS/install/turtlebot3_gazebo/share/turtlebot3_gazebo//models/turtlebot3_waffle_pi/model.config
[9.971s] -- Installing: /home/tal/TB3_PC_WS/install/turtlebot3_gazebo/share/turtlebot3_gazebo//models/turtlebot3_waffle_pi/model-1_4_.sdf
[9.971s] -- Installing: /home/tal/TB3_PC_WS/install/turtlebot3_gazebo/share/turtlebot3_gazebo//models/turtlebot3_waffle_pi/model.sdf
[9.971s] -- Installing: /home/tal/TB3_PC_WS/install/turtlebot3_gazebo/share/turtlebot3_gazebo//models/turtlebot3_world
[9.971s] -- Installing: /home/tal/TB3_PC_WS/install/turtlebot3_gazebo/share/turtlebot3_gazebo//models/turtlebot3_world/model-1_4.sdf
[9.971s] -- Installing: /home/tal/TB3_PC_WS/install/turtlebot3_gazebo/share/turtlebot3_gazebo//models/turtlebot3_world/model.config
[9.971s] -- Installing: /home/tal/TB3_PC_WS/install/turtlebot3_gazebo/share/turtlebot3_gazebo//models/turtlebot3_world/model.sdf
[9.971s] -- Installing: /home/tal/TB3_PC_WS/install/turtlebot3_gazebo/share/turtlebot3_gazebo//models/turtlebot3_world/meshes
[9.971s] -- Installing: /home/tal/TB3_PC_WS/install/turtlebot3_gazebo/share/turtlebot3_gazebo//models/turtlebot3_world/meshes/wall.dae
[9.971s] -- Installing: /home/tal/TB3_PC_WS/install/turtlebot3_gazebo/share/turtlebot3_gazebo//models/turtlebot3_world/meshes/hexagon.dae
[9.971s] -- Installing: /home/tal/TB3_PC_WS/install/turtlebot3_gazebo/share/turtlebot3_gazebo//rviz
[9.971s] -- Installing: /home/tal/TB3_PC_WS/install/turtlebot3_gazebo/share/turtlebot3_gazebo//rviz/tb3_gazebo.rviz
[9.972s] -- Installing: /home/tal/TB3_PC_WS/install/turtlebot3_gazebo/share/turtlebot3_gazebo//urdf
[9.972s] -- Installing: /home/tal/TB3_PC_WS/install/turtlebot3_gazebo/share/turtlebot3_gazebo//urdf/common_properties.urdf
[9.972s] -- Installing: /home/tal/TB3_PC_WS/install/turtlebot3_gazebo/share/turtlebot3_gazebo//urdf/turtlebot3_waffle.urdf
[9.972s] -- Installing: /home/tal/TB3_PC_WS/install/turtlebot3_gazebo/share/turtlebot3_gazebo//urdf/turtlebot3_waffle_pi.urdf
[9.972s] -- Installing: /home/tal/TB3_PC_WS/install/turtlebot3_gazebo/share/turtlebot3_gazebo//urdf/turtlebot3_burger.urdf
[9.972s] -- Installing: /home/tal/TB3_PC_WS/install/turtlebot3_gazebo/share/turtlebot3_gazebo//worlds
[9.972s] -- Installing: /home/tal/TB3_PC_WS/install/turtlebot3_gazebo/share/turtlebot3_gazebo//worlds/turtlebot3_dqn_stage2.world
[9.972s] -- Installing: /home/tal/TB3_PC_WS/install/turtlebot3_gazebo/share/turtlebot3_gazebo//worlds/turtlebot3_world.world
[9.977s] -- Installing: /home/tal/TB3_PC_WS/install/turtlebot3_gazebo/share/turtlebot3_gazebo//worlds/turtlebot3_dqn_stage3.world
[9.977s] -- Installing: /home/tal/TB3_PC_WS/install/turtlebot3_gazebo/share/turtlebot3_gazebo//worlds/turtlebot3_dqn_stage4.world
[9.978s] -- Installing: /home/tal/TB3_PC_WS/install/turtlebot3_gazebo/share/turtlebot3_gazebo//worlds/turtlebot3_house.world
[9.978s] -- Installing: /home/tal/TB3_PC_WS/install/turtlebot3_gazebo/share/turtlebot3_gazebo//worlds/empty_world.world
[9.978s] -- Installing: /home/tal/TB3_PC_WS/install/turtlebot3_gazebo/share/turtlebot3_gazebo//worlds/turtlebot3_dqn_stage1.world
[9.978s] -- Installing: /home/tal/TB3_PC_WS/install/turtlebot3_gazebo/include/
[9.978s] -- Installing: /home/tal/TB3_PC_WS/install/turtlebot3_gazebo/include//turtlebot3_gazebo
[9.979s] -- Installing: /home/tal/TB3_PC_WS/install/turtlebot3_gazebo/include//turtlebot3_gazebo/turtlebot3_drive.hpp
[9.979s] -- Installing: /home/tal/TB3_PC_WS/install/turtlebot3_gazebo/share/ament_index/resource_index/package_run_dependencies/turtlebot3_gazebo
[9.979s] -- Installing: /home/tal/TB3_PC_WS/install/turtlebot3_gazebo/share/ament_index/resource_index/parent_prefix_path/turtlebot3_gazebo
[9.979s] -- Installing: /home/tal/TB3_PC_WS/install/turtlebot3_gazebo/share/turtlebot3_gazebo/environment/ament_prefix_path.sh
[9.979s] -- Installing: /home/tal/TB3_PC_WS/install/turtlebot3_gazebo/share/turtlebot3_gazebo/environment/ament_prefix_path.dsv
[9.979s] -- Installing: /home/tal/TB3_PC_WS/install/turtlebot3_gazebo/share/turtlebot3_gazebo/environment/path.sh
[9.981s] -- Installing: /home/tal/TB3_PC_WS/install/turtlebot3_gazebo/share/turtlebot3_gazebo/environment/path.dsv
[9.981s] -- Installing: /home/tal/TB3_PC_WS/install/turtlebot3_gazebo/share/turtlebot3_gazebo/local_setup.bash
[9.981s] -- Installing: /home/tal/TB3_PC_WS/install/turtlebot3_gazebo/share/turtlebot3_gazebo/local_setup.sh
[9.982s] -- Installing: /home/tal/TB3_PC_WS/install/turtlebot3_gazebo/share/turtlebot3_gazebo/local_setup.zsh
[9.982s] -- Installing: /home/tal/TB3_PC_WS/install/turtlebot3_gazebo/share/turtlebot3_gazebo/local_setup.dsv
[9.982s] -- Installing: /home/tal/TB3_PC_WS/install/turtlebot3_gazebo/share/turtlebot3_gazebo/package.dsv
[9.982s] -- Installing: /home/tal/TB3_PC_WS/install/turtlebot3_gazebo/share/ament_index/resource_index/packages/turtlebot3_gazebo
[9.982s] -- Installing: /home/tal/TB3_PC_WS/install/turtlebot3_gazebo/share/turtlebot3_gazebo/cmake/ament_cmake_export_include_directories-extras.cmake
[9.982s] -- Installing: /home/tal/TB3_PC_WS/install/turtlebot3_gazebo/share/turtlebot3_gazebo/cmake/ament_cmake_export_dependencies-extras.cmake
[9.982s] -- Installing: /home/tal/TB3_PC_WS/install/turtlebot3_gazebo/share/turtlebot3_gazebo/cmake/turtlebot3_gazeboConfig.cmake
[9.982s] -- Installing: /home/tal/TB3_PC_WS/install/turtlebot3_gazebo/share/turtlebot3_gazebo/cmake/turtlebot3_gazeboConfig-version.cmake
[9.983s] -- Installing: /home/tal/TB3_PC_WS/install/turtlebot3_gazebo/share/turtlebot3_gazebo/package.xml
[9.983s] Invoked command in '/home/tal/TB3_PC_WS/build/turtlebot3_gazebo' returned '0': CMAKE_PREFIX_PATH=/home/tal/TB3_PC_WS/install/turtlebot3_teleop:/home/tal/TB3_PC_WS/install/turtlebot3_example:/opt/ros/galactic:/home/tal/TB3_PC_WS/install/tb_run_script:${CMAKE_PREFIX_PATH} /usr/bin/cmake --install /home/tal/TB3_PC_WS/build/turtlebot3_gazebo
