[0.013s] Invoking command in '/home/tal/TB3_PC_WS/ros2_galactic/build/turtlebot3': AMENT_PREFIX_PATH=/home/tal/TB3_PC_WS/ros2_galactic/install/turtlebot3_bringup:/home/tal/TB3_PC_WS/ros2_galactic/install/turtlebot3_node:/home/tal/TB3_PC_WS/ros2_galactic/install/turtlebot3_example:/home/tal/TB3_PC_WS/ros2_galactic/install/turtlebot3_teleop:/home/tal/TB3_PC_WS/ros2_galactic/install/turtlebot3_navigation2:/home/tal/TB3_PC_WS/ros2_galactic/install/turtlebot3_msgs:/home/tal/TB3_PC_WS/ros2_galactic/install/turtlebot3_description:/home/tal/TB3_PC_WS/ros2_galactic/install/turtlebot3_cartographer:${AMENT_PREFIX_PATH} CMAKE_PREFIX_PATH=/home/tal/TB3_PC_WS/ros2_galactic/install/turtlebot3_bringup:/home/tal/TB3_PC_WS/ros2_galactic/install/turtlebot3_node:/home/tal/TB3_PC_WS/ros2_galactic/install/turtlebot3_navigation2:/home/tal/TB3_PC_WS/ros2_galactic/install/turtlebot3_msgs:/home/tal/TB3_PC_WS/ros2_galactic/install/turtlebot3_description:/home/tal/TB3_PC_WS/ros2_galactic/install/turtlebot3_cartographer:/opt/ros/galactic:${CMAKE_PREFIX_PATH} LD_LIBRARY_PATH=/home/tal/TB3_PC_WS/ros2_galactic/install/turtlebot3_msgs/lib:${LD_LIBRARY_PATH} PYTHONPATH=/home/tal/TB3_PC_WS/ros2_galactic/install/turtlebot3_example/lib/python3.8/site-packages:/home/tal/TB3_PC_WS/ros2_galactic/install/turtlebot3_teleop/lib/python3.8/site-packages:/home/tal/TB3_PC_WS/ros2_galactic/install/turtlebot3_msgs/lib/python3.8/site-packages:${PYTHONPATH} /usr/bin/cmake /home/tal/TB3_PC_WS/ros2_galactic/src/turtlebot3-main/turtlebot3 -DCMAKE_INSTALL_PREFIX=/home/tal/TB3_PC_WS/ros2_galactic/install/turtlebot3
[0.066s] -- The C compiler identification is GNU 9.4.0
[0.110s] -- The CXX compiler identification is GNU 9.4.0
[0.112s] -- Check for working C compiler: /usr/bin/cc
[0.164s] -- Check for working C compiler: /usr/bin/cc -- works
[0.164s] -- Detecting C compiler ABI info
[0.260s] -- Detecting C compiler ABI info - done
[0.266s] -- Detecting C compile features
[0.267s] -- Detecting C compile features - done
[0.268s] -- Check for working CXX compiler: /usr/bin/c++
[0.332s] -- Check for working CXX compiler: /usr/bin/c++ -- works
[0.333s] -- Detecting CXX compiler ABI info
[0.429s] -- Detecting CXX compiler ABI info - done
[0.440s] -- Detecting CXX compile features
[0.441s] -- Detecting CXX compile features - done
[0.442s] -- Found ament_cmake: 1.1.6 (/opt/ros/galactic/share/ament_cmake/cmake)
[0.453s] -- Found PythonInterp: /usr/bin/python3 (found suitable version "3.8.10", minimum required is "3") 
[0.453s] -- Using PYTHON_EXECUTABLE: /usr/bin/python3
[0.538s] -- Configuring done
[0.539s] -- Generating done
[0.539s] -- Build files have been written to: /home/tal/TB3_PC_WS/ros2_galactic/build/turtlebot3
[0.542s] Invoked command in '/home/tal/TB3_PC_WS/ros2_galactic/build/turtlebot3' returned '0': AMENT_PREFIX_PATH=/home/tal/TB3_PC_WS/ros2_galactic/install/turtlebot3_bringup:/home/tal/TB3_PC_WS/ros2_galactic/install/turtlebot3_node:/home/tal/TB3_PC_WS/ros2_galactic/install/turtlebot3_example:/home/tal/TB3_PC_WS/ros2_galactic/install/turtlebot3_teleop:/home/tal/TB3_PC_WS/ros2_galactic/install/turtlebot3_navigation2:/home/tal/TB3_PC_WS/ros2_galactic/install/turtlebot3_msgs:/home/tal/TB3_PC_WS/ros2_galactic/install/turtlebot3_description:/home/tal/TB3_PC_WS/ros2_galactic/install/turtlebot3_cartographer:${AMENT_PREFIX_PATH} CMAKE_PREFIX_PATH=/home/tal/TB3_PC_WS/ros2_galactic/install/turtlebot3_bringup:/home/tal/TB3_PC_WS/ros2_galactic/install/turtlebot3_node:/home/tal/TB3_PC_WS/ros2_galactic/install/turtlebot3_navigation2:/home/tal/TB3_PC_WS/ros2_galactic/install/turtlebot3_msgs:/home/tal/TB3_PC_WS/ros2_galactic/install/turtlebot3_description:/home/tal/TB3_PC_WS/ros2_galactic/install/turtlebot3_cartographer:/opt/ros/galactic:${CMAKE_PREFIX_PATH} LD_LIBRARY_PATH=/home/tal/TB3_PC_WS/ros2_galactic/install/turtlebot3_msgs/lib:${LD_LIBRARY_PATH} PYTHONPATH=/home/tal/TB3_PC_WS/ros2_galactic/install/turtlebot3_example/lib/python3.8/site-packages:/home/tal/TB3_PC_WS/ros2_galactic/install/turtlebot3_teleop/lib/python3.8/site-packages:/home/tal/TB3_PC_WS/ros2_galactic/install/turtlebot3_msgs/lib/python3.8/site-packages:${PYTHONPATH} /usr/bin/cmake /home/tal/TB3_PC_WS/ros2_galactic/src/turtlebot3-main/turtlebot3 -DCMAKE_INSTALL_PREFIX=/home/tal/TB3_PC_WS/ros2_galactic/install/turtlebot3
[0.543s] Invoking command in '/home/tal/TB3_PC_WS/ros2_galactic/build/turtlebot3': AMENT_PREFIX_PATH=/home/tal/TB3_PC_WS/ros2_galactic/install/turtlebot3_bringup:/home/tal/TB3_PC_WS/ros2_galactic/install/turtlebot3_node:/home/tal/TB3_PC_WS/ros2_galactic/install/turtlebot3_example:/home/tal/TB3_PC_WS/ros2_galactic/install/turtlebot3_teleop:/home/tal/TB3_PC_WS/ros2_galactic/install/turtlebot3_navigation2:/home/tal/TB3_PC_WS/ros2_galactic/install/turtlebot3_msgs:/home/tal/TB3_PC_WS/ros2_galactic/install/turtlebot3_description:/home/tal/TB3_PC_WS/ros2_galactic/install/turtlebot3_cartographer:${AMENT_PREFIX_PATH} CMAKE_PREFIX_PATH=/home/tal/TB3_PC_WS/ros2_galactic/install/turtlebot3_bringup:/home/tal/TB3_PC_WS/ros2_galactic/install/turtlebot3_node:/home/tal/TB3_PC_WS/ros2_galactic/install/turtlebot3_navigation2:/home/tal/TB3_PC_WS/ros2_galactic/install/turtlebot3_msgs:/home/tal/TB3_PC_WS/ros2_galactic/install/turtlebot3_description:/home/tal/TB3_PC_WS/ros2_galactic/install/turtlebot3_cartographer:/opt/ros/galactic:${CMAKE_PREFIX_PATH} LD_LIBRARY_PATH=/home/tal/TB3_PC_WS/ros2_galactic/install/turtlebot3_msgs/lib:${LD_LIBRARY_PATH} PYTHONPATH=/home/tal/TB3_PC_WS/ros2_galactic/install/turtlebot3_example/lib/python3.8/site-packages:/home/tal/TB3_PC_WS/ros2_galactic/install/turtlebot3_teleop/lib/python3.8/site-packages:/home/tal/TB3_PC_WS/ros2_galactic/install/turtlebot3_msgs/lib/python3.8/site-packages:${PYTHONPATH} /usr/bin/cmake --build /home/tal/TB3_PC_WS/ros2_galactic/build/turtlebot3 -- -j16 -l16
[0.578s] Invoked command in '/home/tal/TB3_PC_WS/ros2_galactic/build/turtlebot3' returned '0': AMENT_PREFIX_PATH=/home/tal/TB3_PC_WS/ros2_galactic/install/turtlebot3_bringup:/home/tal/TB3_PC_WS/ros2_galactic/install/turtlebot3_node:/home/tal/TB3_PC_WS/ros2_galactic/install/turtlebot3_example:/home/tal/TB3_PC_WS/ros2_galactic/install/turtlebot3_teleop:/home/tal/TB3_PC_WS/ros2_galactic/install/turtlebot3_navigation2:/home/tal/TB3_PC_WS/ros2_galactic/install/turtlebot3_msgs:/home/tal/TB3_PC_WS/ros2_galactic/install/turtlebot3_description:/home/tal/TB3_PC_WS/ros2_galactic/install/turtlebot3_cartographer:${AMENT_PREFIX_PATH} CMAKE_PREFIX_PATH=/home/tal/TB3_PC_WS/ros2_galactic/install/turtlebot3_bringup:/home/tal/TB3_PC_WS/ros2_galactic/install/turtlebot3_node:/home/tal/TB3_PC_WS/ros2_galactic/install/turtlebot3_navigation2:/home/tal/TB3_PC_WS/ros2_galactic/install/turtlebot3_msgs:/home/tal/TB3_PC_WS/ros2_galactic/install/turtlebot3_description:/home/tal/TB3_PC_WS/ros2_galactic/install/turtlebot3_cartographer:/opt/ros/galactic:${CMAKE_PREFIX_PATH} LD_LIBRARY_PATH=/home/tal/TB3_PC_WS/ros2_galactic/install/turtlebot3_msgs/lib:${LD_LIBRARY_PATH} PYTHONPATH=/home/tal/TB3_PC_WS/ros2_galactic/install/turtlebot3_example/lib/python3.8/site-packages:/home/tal/TB3_PC_WS/ros2_galactic/install/turtlebot3_teleop/lib/python3.8/site-packages:/home/tal/TB3_PC_WS/ros2_galactic/install/turtlebot3_msgs/lib/python3.8/site-packages:${PYTHONPATH} /usr/bin/cmake --build /home/tal/TB3_PC_WS/ros2_galactic/build/turtlebot3 -- -j16 -l16
[0.602s] Invoking command in '/home/tal/TB3_PC_WS/ros2_galactic/build/turtlebot3': AMENT_PREFIX_PATH=/home/tal/TB3_PC_WS/ros2_galactic/install/turtlebot3_bringup:/home/tal/TB3_PC_WS/ros2_galactic/install/turtlebot3_node:/home/tal/TB3_PC_WS/ros2_galactic/install/turtlebot3_example:/home/tal/TB3_PC_WS/ros2_galactic/install/turtlebot3_teleop:/home/tal/TB3_PC_WS/ros2_galactic/install/turtlebot3_navigation2:/home/tal/TB3_PC_WS/ros2_galactic/install/turtlebot3_msgs:/home/tal/TB3_PC_WS/ros2_galactic/install/turtlebot3_description:/home/tal/TB3_PC_WS/ros2_galactic/install/turtlebot3_cartographer:${AMENT_PREFIX_PATH} CMAKE_PREFIX_PATH=/home/tal/TB3_PC_WS/ros2_galactic/install/turtlebot3_bringup:/home/tal/TB3_PC_WS/ros2_galactic/install/turtlebot3_node:/home/tal/TB3_PC_WS/ros2_galactic/install/turtlebot3_navigation2:/home/tal/TB3_PC_WS/ros2_galactic/install/turtlebot3_msgs:/home/tal/TB3_PC_WS/ros2_galactic/install/turtlebot3_description:/home/tal/TB3_PC_WS/ros2_galactic/install/turtlebot3_cartographer:/opt/ros/galactic:${CMAKE_PREFIX_PATH} LD_LIBRARY_PATH=/home/tal/TB3_PC_WS/ros2_galactic/install/turtlebot3_msgs/lib:${LD_LIBRARY_PATH} PYTHONPATH=/home/tal/TB3_PC_WS/ros2_galactic/install/turtlebot3_example/lib/python3.8/site-packages:/home/tal/TB3_PC_WS/ros2_galactic/install/turtlebot3_teleop/lib/python3.8/site-packages:/home/tal/TB3_PC_WS/ros2_galactic/install/turtlebot3_msgs/lib/python3.8/site-packages:${PYTHONPATH} /usr/bin/cmake --install /home/tal/TB3_PC_WS/ros2_galactic/build/turtlebot3
[0.612s] -- Install configuration: ""
[0.613s] -- Installing: /home/tal/TB3_PC_WS/ros2_galactic/install/turtlebot3/share/ament_index/resource_index/package_run_dependencies/turtlebot3
[0.613s] -- Installing: /home/tal/TB3_PC_WS/ros2_galactic/install/turtlebot3/share/ament_index/resource_index/parent_prefix_path/turtlebot3
[0.613s] -- Installing: /home/tal/TB3_PC_WS/ros2_galactic/install/turtlebot3/share/turtlebot3/environment/ament_prefix_path.sh
[0.613s] -- Installing: /home/tal/TB3_PC_WS/ros2_galactic/install/turtlebot3/share/turtlebot3/environment/ament_prefix_path.dsv
[0.613s] -- Installing: /home/tal/TB3_PC_WS/ros2_galactic/install/turtlebot3/share/turtlebot3/environment/path.sh
[0.613s] -- Installing: /home/tal/TB3_PC_WS/ros2_galactic/install/turtlebot3/share/turtlebot3/environment/path.dsv
[0.613s] -- Installing: /home/tal/TB3_PC_WS/ros2_galactic/install/turtlebot3/share/turtlebot3/local_setup.bash
[0.613s] -- Installing: /home/tal/TB3_PC_WS/ros2_galactic/install/turtlebot3/share/turtlebot3/local_setup.sh
[0.613s] -- Installing: /home/tal/TB3_PC_WS/ros2_galactic/install/turtlebot3/share/turtlebot3/local_setup.zsh
[0.613s] -- Installing: /home/tal/TB3_PC_WS/ros2_galactic/install/turtlebot3/share/turtlebot3/local_setup.dsv
[0.613s] -- Installing: /home/tal/TB3_PC_WS/ros2_galactic/install/turtlebot3/share/turtlebot3/package.dsv
[0.613s] -- Installing: /home/tal/TB3_PC_WS/ros2_galactic/install/turtlebot3/share/ament_index/resource_index/packages/turtlebot3
[0.614s] -- Installing: /home/tal/TB3_PC_WS/ros2_galactic/install/turtlebot3/share/turtlebot3/cmake/turtlebot3Config.cmake
[0.614s] -- Installing: /home/tal/TB3_PC_WS/ros2_galactic/install/turtlebot3/share/turtlebot3/cmake/turtlebot3Config-version.cmake
[0.614s] -- Installing: /home/tal/TB3_PC_WS/ros2_galactic/install/turtlebot3/share/turtlebot3/package.xml
[0.615s] Invoked command in '/home/tal/TB3_PC_WS/ros2_galactic/build/turtlebot3' returned '0': AMENT_PREFIX_PATH=/home/tal/TB3_PC_WS/ros2_galactic/install/turtlebot3_bringup:/home/tal/TB3_PC_WS/ros2_galactic/install/turtlebot3_node:/home/tal/TB3_PC_WS/ros2_galactic/install/turtlebot3_example:/home/tal/TB3_PC_WS/ros2_galactic/install/turtlebot3_teleop:/home/tal/TB3_PC_WS/ros2_galactic/install/turtlebot3_navigation2:/home/tal/TB3_PC_WS/ros2_galactic/install/turtlebot3_msgs:/home/tal/TB3_PC_WS/ros2_galactic/install/turtlebot3_description:/home/tal/TB3_PC_WS/ros2_galactic/install/turtlebot3_cartographer:${AMENT_PREFIX_PATH} CMAKE_PREFIX_PATH=/home/tal/TB3_PC_WS/ros2_galactic/install/turtlebot3_bringup:/home/tal/TB3_PC_WS/ros2_galactic/install/turtlebot3_node:/home/tal/TB3_PC_WS/ros2_galactic/install/turtlebot3_navigation2:/home/tal/TB3_PC_WS/ros2_galactic/install/turtlebot3_msgs:/home/tal/TB3_PC_WS/ros2_galactic/install/turtlebot3_description:/home/tal/TB3_PC_WS/ros2_galactic/install/turtlebot3_cartographer:/opt/ros/galactic:${CMAKE_PREFIX_PATH} LD_LIBRARY_PATH=/home/tal/TB3_PC_WS/ros2_galactic/install/turtlebot3_msgs/lib:${LD_LIBRARY_PATH} PYTHONPATH=/home/tal/TB3_PC_WS/ros2_galactic/install/turtlebot3_example/lib/python3.8/site-packages:/home/tal/TB3_PC_WS/ros2_galactic/install/turtlebot3_teleop/lib/python3.8/site-packages:/home/tal/TB3_PC_WS/ros2_galactic/install/turtlebot3_msgs/lib/python3.8/site-packages:${PYTHONPATH} /usr/bin/cmake --install /home/tal/TB3_PC_WS/ros2_galactic/build/turtlebot3
